[0.381s] Invoking command in '/home/orin_nano/demo/build/vesc': AMENT_PREFIX_PATH=/home/orin_nano/demo/install/vesc_driver:/home/orin_nano/demo/install/serial_driver:/home/orin_nano/demo/install/vesc_ackermann:/home/orin_nano/demo/install/io_context:${AMENT_PREFIX_PATH} CMAKE_PREFIX_PATH=/home/orin_nano/demo/install/vesc_driver:/home/orin_nano/demo/install/serial_driver:/home/orin_nano/demo/install/vesc_ackermann:/home/orin_nano/demo/install/io_context:/home/orin_nano/demo/install/vesc_msgs:/home/orin_nano/demo/install/vesc:/home/orin_nano/demo/install/joy:/home/orin_nano/demo/install/asio_cmake_module:/opt/ros/foxy LD_LIBRARY_PATH=/home/orin_nano/demo/install/vesc_driver/lib:/home/orin_nano/demo/install/serial_driver/lib:/home/orin_nano/demo/install/vesc_ackermann/lib:/home/orin_nano/demo/install/io_context/lib:/home/orin_nano/demo/install/vesc_msgs/lib:/home/orin_nano/demo/install/joy/lib:/opt/ros/foxy/opt/yaml_cpp_vendor/lib:/opt/ros/foxy/opt/rviz_ogre_vendor/lib:/opt/ros/foxy/lib/aarch64-linux-gnu:/opt/ros/foxy/lib:/usr/local/cuda-11.4/lib64 /usr/bin/cmake --build /home/orin_nano/demo/build/vesc -- -j6 -l6
[0.481s] Invoked command in '/home/orin_nano/demo/build/vesc' returned '0': AMENT_PREFIX_PATH=/home/orin_nano/demo/install/vesc_driver:/home/orin_nano/demo/install/serial_driver:/home/orin_nano/demo/install/vesc_ackermann:/home/orin_nano/demo/install/io_context:${AMENT_PREFIX_PATH} CMAKE_PREFIX_PATH=/home/orin_nano/demo/install/vesc_driver:/home/orin_nano/demo/install/serial_driver:/home/orin_nano/demo/install/vesc_ackermann:/home/orin_nano/demo/install/io_context:/home/orin_nano/demo/install/vesc_msgs:/home/orin_nano/demo/install/vesc:/home/orin_nano/demo/install/joy:/home/orin_nano/demo/install/asio_cmake_module:/opt/ros/foxy LD_LIBRARY_PATH=/home/orin_nano/demo/install/vesc_driver/lib:/home/orin_nano/demo/install/serial_driver/lib:/home/orin_nano/demo/install/vesc_ackermann/lib:/home/orin_nano/demo/install/io_context/lib:/home/orin_nano/demo/install/vesc_msgs/lib:/home/orin_nano/demo/install/joy/lib:/opt/ros/foxy/opt/yaml_cpp_vendor/lib:/opt/ros/foxy/opt/rviz_ogre_vendor/lib:/opt/ros/foxy/lib/aarch64-linux-gnu:/opt/ros/foxy/lib:/usr/local/cuda-11.4/lib64 /usr/bin/cmake --build /home/orin_nano/demo/build/vesc -- -j6 -l6
[0.532s] Invoking command in '/home/orin_nano/demo/build/vesc': AMENT_PREFIX_PATH=/home/orin_nano/demo/install/vesc_driver:/home/orin_nano/demo/install/serial_driver:/home/orin_nano/demo/install/vesc_ackermann:/home/orin_nano/demo/install/io_context:${AMENT_PREFIX_PATH} CMAKE_PREFIX_PATH=/home/orin_nano/demo/install/vesc_driver:/home/orin_nano/demo/install/serial_driver:/home/orin_nano/demo/install/vesc_ackermann:/home/orin_nano/demo/install/io_context:/home/orin_nano/demo/install/vesc_msgs:/home/orin_nano/demo/install/vesc:/home/orin_nano/demo/install/joy:/home/orin_nano/demo/install/asio_cmake_module:/opt/ros/foxy LD_LIBRARY_PATH=/home/orin_nano/demo/install/vesc_driver/lib:/home/orin_nano/demo/install/serial_driver/lib:/home/orin_nano/demo/install/vesc_ackermann/lib:/home/orin_nano/demo/install/io_context/lib:/home/orin_nano/demo/install/vesc_msgs/lib:/home/orin_nano/demo/install/joy/lib:/opt/ros/foxy/opt/yaml_cpp_vendor/lib:/opt/ros/foxy/opt/rviz_ogre_vendor/lib:/opt/ros/foxy/lib/aarch64-linux-gnu:/opt/ros/foxy/lib:/usr/local/cuda-11.4/lib64 /usr/bin/cmake --install /home/orin_nano/demo/build/vesc
[0.556s] -- Install configuration: ""
[0.557s] -- Up-to-date: /home/orin_nano/demo/install/vesc/share/ament_index/resource_index/package_run_dependencies/vesc
[0.557s] -- Up-to-date: /home/orin_nano/demo/install/vesc/share/ament_index/resource_index/parent_prefix_path/vesc
[0.557s] -- Up-to-date: /home/orin_nano/demo/install/vesc/share/vesc/environment/ament_prefix_path.sh
[0.557s] -- Up-to-date: /home/orin_nano/demo/install/vesc/share/vesc/environment/ament_prefix_path.dsv
[0.557s] -- Up-to-date: /home/orin_nano/demo/install/vesc/share/vesc/environment/path.sh
[0.557s] -- Up-to-date: /home/orin_nano/demo/install/vesc/share/vesc/environment/path.dsv
[0.558s] -- Up-to-date: /home/orin_nano/demo/install/vesc/share/vesc/local_setup.bash
[0.558s] -- Up-to-date: /home/orin_nano/demo/install/vesc/share/vesc/local_setup.sh
[0.558s] -- Up-to-date: /home/orin_nano/demo/install/vesc/share/vesc/local_setup.zsh
[0.558s] -- Up-to-date: /home/orin_nano/demo/install/vesc/share/vesc/local_setup.dsv
[0.558s] -- Installing: /home/orin_nano/demo/install/vesc/share/vesc/package.dsv
[0.558s] -- Up-to-date: /home/orin_nano/demo/install/vesc/share/ament_index/resource_index/packages/vesc
[0.559s] -- Up-to-date: /home/orin_nano/demo/install/vesc/share/vesc/cmake/vescConfig.cmake
[0.559s] -- Up-to-date: /home/orin_nano/demo/install/vesc/share/vesc/cmake/vescConfig-version.cmake
[0.559s] -- Up-to-date: /home/orin_nano/demo/install/vesc/share/vesc/package.xml
[0.564s] Invoked command in '/home/orin_nano/demo/build/vesc' returned '0': AMENT_PREFIX_PATH=/home/orin_nano/demo/install/vesc_driver:/home/orin_nano/demo/install/serial_driver:/home/orin_nano/demo/install/vesc_ackermann:/home/orin_nano/demo/install/io_context:${AMENT_PREFIX_PATH} CMAKE_PREFIX_PATH=/home/orin_nano/demo/install/vesc_driver:/home/orin_nano/demo/install/serial_driver:/home/orin_nano/demo/install/vesc_ackermann:/home/orin_nano/demo/install/io_context:/home/orin_nano/demo/install/vesc_msgs:/home/orin_nano/demo/install/vesc:/home/orin_nano/demo/install/joy:/home/orin_nano/demo/install/asio_cmake_module:/opt/ros/foxy LD_LIBRARY_PATH=/home/orin_nano/demo/install/vesc_driver/lib:/home/orin_nano/demo/install/serial_driver/lib:/home/orin_nano/demo/install/vesc_ackermann/lib:/home/orin_nano/demo/install/io_context/lib:/home/orin_nano/demo/install/vesc_msgs/lib:/home/orin_nano/demo/install/joy/lib:/opt/ros/foxy/opt/yaml_cpp_vendor/lib:/opt/ros/foxy/opt/rviz_ogre_vendor/lib:/opt/ros/foxy/lib/aarch64-linux-gnu:/opt/ros/foxy/lib:/usr/local/cuda-11.4/lib64 /usr/bin/cmake --install /home/orin_nano/demo/build/vesc
