[0.481s] Invoking command in '/home/orin_nano/demo/build/vesc_msgs': CMAKE_PREFIX_PATH=/opt/ros/foxy /usr/bin/cmake --build /home/orin_nano/demo/build/vesc_msgs -- -j6 -l6
[0.592s] [  1%] Built target vesc_msgs__cpp
[0.599s] [ 12%] Built target vesc_msgs__rosidl_generator_c
[0.653s] [ 23%] Built target vesc_msgs__rosidl_typesupport_cpp
[0.657s] [ 34%] Built target vesc_msgs__rosidl_typesupport_c
[0.659s] [ 45%] Built target vesc_msgs__rosidl_typesupport_introspection_cpp
[0.672s] [ 56%] Built target vesc_msgs__rosidl_typesupport_fastrtps_cpp
[0.677s] [ 67%] Built target vesc_msgs__rosidl_typesupport_introspection_c
[0.729s] [ 78%] Built target vesc_msgs__rosidl_typesupport_fastrtps_c
[0.770s] [ 78%] Built target vesc_msgs
[0.814s] [ 80%] Built target vesc_msgs__py
[0.869s] [ 89%] Built target vesc_msgs__python
[0.924s] [100%] Built target vesc_msgs__rosidl_typesupport_fastrtps_c__pyext
[0.926s] [100%] Built target vesc_msgs__rosidl_typesupport_introspection_c__pyext
[0.927s] [100%] Built target vesc_msgs__rosidl_typesupport_c__pyext
[0.959s] Invoked command in '/home/orin_nano/demo/build/vesc_msgs' returned '0': CMAKE_PREFIX_PATH=/opt/ros/foxy /usr/bin/cmake --build /home/orin_nano/demo/build/vesc_msgs -- -j6 -l6
[1.611s] Invoking command in '/home/orin_nano/demo/build/vesc_msgs': CMAKE_PREFIX_PATH=/opt/ros/foxy /usr/bin/cmake --install /home/orin_nano/demo/build/vesc_msgs
[1.849s] -- Install configuration: ""
[1.849s] -- Up-to-date: /home/orin_nano/demo/install/vesc_msgs/share/ament_index/resource_index/rosidl_interfaces/vesc_msgs
[1.850s] -- Up-to-date: /home/orin_nano/demo/install/vesc_msgs/include/vesc_msgs
[1.850s] -- Up-to-date: /home/orin_nano/demo/install/vesc_msgs/include/vesc_msgs/msg
[1.850s] -- Up-to-date: /home/orin_nano/demo/install/vesc_msgs/include/vesc_msgs/msg/vesc_imu.h
[1.850s] -- Up-to-date: /home/orin_nano/demo/install/vesc_msgs/include/vesc_msgs/msg/detail
[1.851s] -- Up-to-date: /home/orin_nano/demo/install/vesc_msgs/include/vesc_msgs/msg/detail/vesc_imu__functions.h
[1.851s] -- Up-to-date: /home/orin_nano/demo/install/vesc_msgs/include/vesc_msgs/msg/detail/vesc_state_stamped__functions.c
[1.851s] -- Up-to-date: /home/orin_nano/demo/install/vesc_msgs/include/vesc_msgs/msg/detail/vesc_imu_stamped__functions.c
[1.851s] -- Up-to-date: /home/orin_nano/demo/install/vesc_msgs/include/vesc_msgs/msg/detail/vesc_state__functions.c
[1.851s] -- Up-to-date: /home/orin_nano/demo/install/vesc_msgs/include/vesc_msgs/msg/detail/vesc_imu_stamped__type_support.h
[1.852s] -- Up-to-date: /home/orin_nano/demo/install/vesc_msgs/include/vesc_msgs/msg/detail/vesc_state__functions.h
[1.852s] -- Up-to-date: /home/orin_nano/demo/install/vesc_msgs/include/vesc_msgs/msg/detail/vesc_state__struct.h
[1.852s] -- Up-to-date: /home/orin_nano/demo/install/vesc_msgs/include/vesc_msgs/msg/detail/vesc_state__type_support.h
[1.852s] -- Up-to-date: /home/orin_nano/demo/install/vesc_msgs/include/vesc_msgs/msg/detail/vesc_imu_stamped__struct.h
[1.852s] -- Up-to-date: /home/orin_nano/demo/install/vesc_msgs/include/vesc_msgs/msg/detail/vesc_state_stamped__struct.h
[1.853s] -- Up-to-date: /home/orin_nano/demo/install/vesc_msgs/include/vesc_msgs/msg/detail/vesc_imu__type_support.h
[1.853s] -- Up-to-date: /home/orin_nano/demo/install/vesc_msgs/include/vesc_msgs/msg/detail/vesc_state_stamped__type_support.h
[1.853s] -- Up-to-date: /home/orin_nano/demo/install/vesc_msgs/include/vesc_msgs/msg/detail/vesc_imu_stamped__functions.h
[1.853s] -- Up-to-date: /home/orin_nano/demo/install/vesc_msgs/include/vesc_msgs/msg/detail/vesc_imu__struct.h
[1.853s] -- Up-to-date: /home/orin_nano/demo/install/vesc_msgs/include/vesc_msgs/msg/detail/vesc_state_stamped__functions.h
[1.854s] -- Up-to-date: /home/orin_nano/demo/install/vesc_msgs/include/vesc_msgs/msg/detail/vesc_imu__functions.c
[1.854s] -- Up-to-date: /home/orin_nano/demo/install/vesc_msgs/include/vesc_msgs/msg/vesc_imu_stamped.h
[1.854s] -- Up-to-date: /home/orin_nano/demo/install/vesc_msgs/include/vesc_msgs/msg/rosidl_generator_c__visibility_control.h
[1.854s] -- Up-to-date: /home/orin_nano/demo/install/vesc_msgs/include/vesc_msgs/msg/vesc_state_stamped.h
[1.854s] -- Up-to-date: /home/orin_nano/demo/install/vesc_msgs/include/vesc_msgs/msg/vesc_state.h
[1.855s] -- Up-to-date: /home/orin_nano/demo/install/vesc_msgs/share/vesc_msgs/environment/library_path.sh
[1.855s] -- Up-to-date: /home/orin_nano/demo/install/vesc_msgs/share/vesc_msgs/environment/library_path.dsv
[1.855s] -- Up-to-date: /home/orin_nano/demo/install/vesc_msgs/lib/libvesc_msgs__rosidl_generator_c.so
[1.855s] -- Up-to-date: /home/orin_nano/demo/install/vesc_msgs/include/vesc_msgs
[1.855s] -- Up-to-date: /home/orin_nano/demo/install/vesc_msgs/include/vesc_msgs/msg
[1.856s] -- Up-to-date: /home/orin_nano/demo/install/vesc_msgs/include/vesc_msgs/msg/detail
[1.856s] -- Up-to-date: /home/orin_nano/demo/install/vesc_msgs/include/vesc_msgs/msg/detail/vesc_imu_stamped__rosidl_typesupport_fastrtps_c.h
[1.856s] -- Up-to-date: /home/orin_nano/demo/install/vesc_msgs/include/vesc_msgs/msg/detail/vesc_imu__rosidl_typesupport_fastrtps_c.h
[1.856s] -- Up-to-date: /home/orin_nano/demo/install/vesc_msgs/include/vesc_msgs/msg/detail/vesc_state_stamped__rosidl_typesupport_fastrtps_c.h
[1.857s] -- Up-to-date: /home/orin_nano/demo/install/vesc_msgs/include/vesc_msgs/msg/detail/vesc_state__rosidl_typesupport_fastrtps_c.h
[1.857s] -- Up-to-date: /home/orin_nano/demo/install/vesc_msgs/include/vesc_msgs/msg/rosidl_typesupport_fastrtps_c__visibility_control.h
[1.857s] -- Up-to-date: /home/orin_nano/demo/install/vesc_msgs/lib/libvesc_msgs__rosidl_typesupport_fastrtps_c.so
[1.857s] -- Up-to-date: /home/orin_nano/demo/install/vesc_msgs/include/vesc_msgs
[1.857s] -- Up-to-date: /home/orin_nano/demo/install/vesc_msgs/include/vesc_msgs/msg
[1.858s] -- Up-to-date: /home/orin_nano/demo/install/vesc_msgs/include/vesc_msgs/msg/detail
[1.858s] -- Up-to-date: /home/orin_nano/demo/install/vesc_msgs/include/vesc_msgs/msg/detail/dds_fastrtps
[1.858s] -- Up-to-date: /home/orin_nano/demo/install/vesc_msgs/include/vesc_msgs/msg/detail/vesc_imu__rosidl_typesupport_fastrtps_cpp.hpp
[1.858s] -- Up-to-date: /home/orin_nano/demo/install/vesc_msgs/include/vesc_msgs/msg/detail/vesc_imu_stamped__rosidl_typesupport_fastrtps_cpp.hpp
[1.858s] -- Up-to-date: /home/orin_nano/demo/install/vesc_msgs/include/vesc_msgs/msg/detail/vesc_state_stamped__rosidl_typesupport_fastrtps_cpp.hpp
[1.861s] -- Up-to-date: /home/orin_nano/demo/install/vesc_msgs/include/vesc_msgs/msg/detail/vesc_state__rosidl_typesupport_fastrtps_cpp.hpp
[1.861s] -- Up-to-date: /home/orin_nano/demo/install/vesc_msgs/include/vesc_msgs/msg/rosidl_typesupport_fastrtps_cpp__visibility_control.h
[1.861s] -- Up-to-date: /home/orin_nano/demo/install/vesc_msgs/lib/libvesc_msgs__rosidl_typesupport_fastrtps_cpp.so
[1.862s] -- Up-to-date: /home/orin_nano/demo/install/vesc_msgs/include/vesc_msgs
[1.862s] -- Up-to-date: /home/orin_nano/demo/install/vesc_msgs/include/vesc_msgs/msg
[1.862s] -- Up-to-date: /home/orin_nano/demo/install/vesc_msgs/include/vesc_msgs/msg/detail
[1.862s] -- Up-to-date: /home/orin_nano/demo/install/vesc_msgs/include/vesc_msgs/msg/detail/vesc_imu_stamped__rosidl_typesupport_introspection_c.h
[1.862s] -- Up-to-date: /home/orin_nano/demo/install/vesc_msgs/include/vesc_msgs/msg/detail/vesc_state_stamped__rosidl_typesupport_introspection_c.h
[1.863s] -- Up-to-date: /home/orin_nano/demo/install/vesc_msgs/include/vesc_msgs/msg/detail/vesc_state__rosidl_typesupport_introspection_c.h
[1.863s] -- Up-to-date: /home/orin_nano/demo/install/vesc_msgs/include/vesc_msgs/msg/detail/vesc_imu__type_support.c
[1.864s] -- Up-to-date: /home/orin_nano/demo/install/vesc_msgs/include/vesc_msgs/msg/detail/vesc_imu__rosidl_typesupport_introspection_c.h
[1.865s] -- Up-to-date: /home/orin_nano/demo/install/vesc_msgs/include/vesc_msgs/msg/detail/vesc_state_stamped__type_support.c
[1.865s] -- Up-to-date: /home/orin_nano/demo/install/vesc_msgs/include/vesc_msgs/msg/detail/vesc_imu_stamped__type_support.c
[1.866s] -- Up-to-date: /home/orin_nano/demo/install/vesc_msgs/include/vesc_msgs/msg/detail/vesc_state__type_support.c
[1.866s] -- Up-to-date: /home/orin_nano/demo/install/vesc_msgs/include/vesc_msgs/msg/rosidl_typesupport_introspection_c__visibility_control.h
[1.867s] -- Up-to-date: /home/orin_nano/demo/install/vesc_msgs/lib/libvesc_msgs__rosidl_typesupport_introspection_c.so
[1.868s] -- Up-to-date: /home/orin_nano/demo/install/vesc_msgs/lib/libvesc_msgs__rosidl_typesupport_c.so
[1.869s] -- Up-to-date: /home/orin_nano/demo/install/vesc_msgs/include/vesc_msgs
[1.869s] -- Up-to-date: /home/orin_nano/demo/install/vesc_msgs/include/vesc_msgs/msg
[1.870s] -- Up-to-date: /home/orin_nano/demo/install/vesc_msgs/include/vesc_msgs/msg/detail
[1.871s] -- Up-to-date: /home/orin_nano/demo/install/vesc_msgs/include/vesc_msgs/msg/detail/vesc_imu_stamped__traits.hpp
[1.872s] -- Up-to-date: /home/orin_nano/demo/install/vesc_msgs/include/vesc_msgs/msg/detail/vesc_state__traits.hpp
[1.872s] -- Up-to-date: /home/orin_nano/demo/install/vesc_msgs/include/vesc_msgs/msg/detail/vesc_state__builder.hpp
[1.873s] -- Up-to-date: /home/orin_nano/demo/install/vesc_msgs/include/vesc_msgs/msg/detail/vesc_imu_stamped__builder.hpp
[1.874s] -- Up-to-date: /home/orin_nano/demo/install/vesc_msgs/include/vesc_msgs/msg/detail/vesc_imu_stamped__struct.hpp
[1.874s] -- Up-to-date: /home/orin_nano/demo/install/vesc_msgs/include/vesc_msgs/msg/detail/vesc_state__struct.hpp
[1.875s] -- Up-to-date: /home/orin_nano/demo/install/vesc_msgs/include/vesc_msgs/msg/detail/vesc_imu__type_support.hpp
[1.875s] -- Up-to-date: /home/orin_nano/demo/install/vesc_msgs/include/vesc_msgs/msg/detail/vesc_imu__builder.hpp
[1.876s] -- Up-to-date: /home/orin_nano/demo/install/vesc_msgs/include/vesc_msgs/msg/detail/vesc_state_stamped__builder.hpp
[1.876s] -- Up-to-date: /home/orin_nano/demo/install/vesc_msgs/include/vesc_msgs/msg/detail/vesc_state_stamped__type_support.hpp
[1.877s] -- Up-to-date: /home/orin_nano/demo/install/vesc_msgs/include/vesc_msgs/msg/detail/vesc_state_stamped__struct.hpp
[1.878s] -- Up-to-date: /home/orin_nano/demo/install/vesc_msgs/include/vesc_msgs/msg/detail/vesc_state_stamped__traits.hpp
[1.879s] -- Up-to-date: /home/orin_nano/demo/install/vesc_msgs/include/vesc_msgs/msg/detail/vesc_state__type_support.hpp
[1.880s] -- Up-to-date: /home/orin_nano/demo/install/vesc_msgs/include/vesc_msgs/msg/detail/vesc_imu__traits.hpp
[1.880s] -- Up-to-date: /home/orin_nano/demo/install/vesc_msgs/include/vesc_msgs/msg/detail/vesc_imu_stamped__type_support.hpp
[1.881s] -- Up-to-date: /home/orin_nano/demo/install/vesc_msgs/include/vesc_msgs/msg/detail/vesc_imu__struct.hpp
[1.881s] -- Up-to-date: /home/orin_nano/demo/install/vesc_msgs/include/vesc_msgs/msg/vesc_state.hpp
[1.883s] -- Up-to-date: /home/orin_nano/demo/install/vesc_msgs/include/vesc_msgs/msg/rosidl_generator_cpp__visibility_control.hpp
[1.884s] -- Up-to-date: /home/orin_nano/demo/install/vesc_msgs/include/vesc_msgs/msg/vesc_state_stamped.hpp
[1.885s] -- Up-to-date: /home/orin_nano/demo/install/vesc_msgs/include/vesc_msgs/msg/vesc_imu.hpp
[1.885s] -- Up-to-date: /home/orin_nano/demo/install/vesc_msgs/include/vesc_msgs/msg/vesc_imu_stamped.hpp
[1.886s] -- Up-to-date: /home/orin_nano/demo/install/vesc_msgs/include/vesc_msgs
[1.886s] -- Up-to-date: /home/orin_nano/demo/install/vesc_msgs/include/vesc_msgs/msg
[1.887s] -- Up-to-date: /home/orin_nano/demo/install/vesc_msgs/include/vesc_msgs/msg/detail
[1.888s] -- Up-to-date: /home/orin_nano/demo/install/vesc_msgs/include/vesc_msgs/msg/detail/vesc_imu__type_support.cpp
[1.888s] -- Up-to-date: /home/orin_nano/demo/install/vesc_msgs/include/vesc_msgs/msg/detail/vesc_state_stamped__type_support.cpp
[1.889s] -- Up-to-date: /home/orin_nano/demo/install/vesc_msgs/include/vesc_msgs/msg/detail/vesc_imu_stamped__rosidl_typesupport_introspection_cpp.hpp
[1.889s] -- Up-to-date: /home/orin_nano/demo/install/vesc_msgs/include/vesc_msgs/msg/detail/vesc_state__type_support.cpp
[1.890s] -- Up-to-date: /home/orin_nano/demo/install/vesc_msgs/include/vesc_msgs/msg/detail/vesc_state__rosidl_typesupport_introspection_cpp.hpp
[1.890s] -- Up-to-date: /home/orin_nano/demo/install/vesc_msgs/include/vesc_msgs/msg/detail/vesc_imu__rosidl_typesupport_introspection_cpp.hpp
[1.891s] -- Up-to-date: /home/orin_nano/demo/install/vesc_msgs/include/vesc_msgs/msg/detail/vesc_imu_stamped__type_support.cpp
[1.891s] -- Up-to-date: /home/orin_nano/demo/install/vesc_msgs/include/vesc_msgs/msg/detail/vesc_state_stamped__rosidl_typesupport_introspection_cpp.hpp
[1.892s] -- Up-to-date: /home/orin_nano/demo/install/vesc_msgs/lib/libvesc_msgs__rosidl_typesupport_introspection_cpp.so
[1.893s] -- Up-to-date: /home/orin_nano/demo/install/vesc_msgs/lib/libvesc_msgs__rosidl_typesupport_cpp.so
[1.894s] -- Up-to-date: /home/orin_nano/demo/install/vesc_msgs/share/vesc_msgs/environment/pythonpath.sh
[1.894s] -- Up-to-date: /home/orin_nano/demo/install/vesc_msgs/share/vesc_msgs/environment/pythonpath.dsv
[1.895s] -- Up-to-date: /home/orin_nano/demo/install/vesc_msgs/lib/python3.8/site-packages/vesc_msgs/__init__.py
[1.896s] -- Up-to-date: /home/orin_nano/demo/install/vesc_msgs/lib/python3.8/site-packages/vesc_msgs/msg
[1.896s] -- Up-to-date: /home/orin_nano/demo/install/vesc_msgs/lib/python3.8/site-packages/vesc_msgs/msg/_vesc_imu_stamped.py
[1.897s] -- Up-to-date: /home/orin_nano/demo/install/vesc_msgs/lib/python3.8/site-packages/vesc_msgs/msg/_vesc_imu.py
[1.898s] -- Up-to-date: /home/orin_nano/demo/install/vesc_msgs/lib/python3.8/site-packages/vesc_msgs/msg/_vesc_imu_stamped_s.c
[1.898s] -- Up-to-date: /home/orin_nano/demo/install/vesc_msgs/lib/python3.8/site-packages/vesc_msgs/msg/__init__.py
[1.898s] -- Up-to-date: /home/orin_nano/demo/install/vesc_msgs/lib/python3.8/site-packages/vesc_msgs/msg/_vesc_imu_s.c
[1.898s] -- Up-to-date: /home/orin_nano/demo/install/vesc_msgs/lib/python3.8/site-packages/vesc_msgs/msg/_vesc_state_stamped.py
[1.898s] -- Up-to-date: /home/orin_nano/demo/install/vesc_msgs/lib/python3.8/site-packages/vesc_msgs/msg/_vesc_state.py
[1.899s] -- Up-to-date: /home/orin_nano/demo/install/vesc_msgs/lib/python3.8/site-packages/vesc_msgs/msg/_vesc_state_stamped_s.c
[1.899s] -- Up-to-date: /home/orin_nano/demo/install/vesc_msgs/lib/python3.8/site-packages/vesc_msgs/msg/_vesc_state_s.c
[1.899s] -- Up-to-date: /home/orin_nano/demo/install/vesc_msgs/lib/python3.8/site-packages/vesc_msgs/vesc_msgs_s__rosidl_typesupport_fastrtps_c.cpython-38-aarch64-linux-gnu.so
[1.900s] -- Up-to-date: /home/orin_nano/demo/install/vesc_msgs/lib/python3.8/site-packages/vesc_msgs/vesc_msgs_s__rosidl_typesupport_introspection_c.cpython-38-aarch64-linux-gnu.so
[1.900s] -- Up-to-date: /home/orin_nano/demo/install/vesc_msgs/lib/python3.8/site-packages/vesc_msgs/vesc_msgs_s__rosidl_typesupport_c.cpython-38-aarch64-linux-gnu.so
[1.900s] -- Up-to-date: /home/orin_nano/demo/install/vesc_msgs/lib/libvesc_msgs__python.so
[1.900s] -- Up-to-date: /home/orin_nano/demo/install/vesc_msgs/share/vesc_msgs/msg/VescState.idl
[1.900s] -- Up-to-date: /home/orin_nano/demo/install/vesc_msgs/share/vesc_msgs/msg/VescStateStamped.idl
[1.901s] -- Up-to-date: /home/orin_nano/demo/install/vesc_msgs/share/vesc_msgs/msg/VescImu.idl
[1.901s] -- Up-to-date: /home/orin_nano/demo/install/vesc_msgs/share/vesc_msgs/msg/VescImuStamped.idl
[1.901s] -- Up-to-date: /home/orin_nano/demo/install/vesc_msgs/share/vesc_msgs/msg/VescState.msg
[1.901s] -- Up-to-date: /home/orin_nano/demo/install/vesc_msgs/share/vesc_msgs/msg/VescStateStamped.msg
[1.901s] -- Up-to-date: /home/orin_nano/demo/install/vesc_msgs/share/vesc_msgs/msg/VescImu.msg
[1.902s] -- Up-to-date: /home/orin_nano/demo/install/vesc_msgs/share/vesc_msgs/msg/VescImuStamped.msg
[1.902s] -- Up-to-date: /home/orin_nano/demo/install/vesc_msgs/share/ament_index/resource_index/package_run_dependencies/vesc_msgs
[1.902s] -- Up-to-date: /home/orin_nano/demo/install/vesc_msgs/share/ament_index/resource_index/parent_prefix_path/vesc_msgs
[1.902s] -- Up-to-date: /home/orin_nano/demo/install/vesc_msgs/share/vesc_msgs/environment/ament_prefix_path.sh
[1.902s] -- Up-to-date: /home/orin_nano/demo/install/vesc_msgs/share/vesc_msgs/environment/ament_prefix_path.dsv
[1.903s] -- Up-to-date: /home/orin_nano/demo/install/vesc_msgs/share/vesc_msgs/environment/path.sh
[1.903s] -- Up-to-date: /home/orin_nano/demo/install/vesc_msgs/share/vesc_msgs/environment/path.dsv
[1.904s] -- Up-to-date: /home/orin_nano/demo/install/vesc_msgs/share/vesc_msgs/local_setup.bash
[1.904s] -- Up-to-date: /home/orin_nano/demo/install/vesc_msgs/share/vesc_msgs/local_setup.sh
[1.905s] -- Up-to-date: /home/orin_nano/demo/install/vesc_msgs/share/vesc_msgs/local_setup.zsh
[1.906s] -- Up-to-date: /home/orin_nano/demo/install/vesc_msgs/share/vesc_msgs/local_setup.dsv
[1.907s] -- Installing: /home/orin_nano/demo/install/vesc_msgs/share/vesc_msgs/package.dsv
[1.907s] -- Up-to-date: /home/orin_nano/demo/install/vesc_msgs/share/ament_index/resource_index/packages/vesc_msgs
[1.908s] -- Up-to-date: /home/orin_nano/demo/install/vesc_msgs/share/vesc_msgs/cmake/vesc_msgs__rosidl_generator_cExport.cmake
[1.908s] -- Up-to-date: /home/orin_nano/demo/install/vesc_msgs/share/vesc_msgs/cmake/vesc_msgs__rosidl_generator_cExport-noconfig.cmake
[1.910s] -- Up-to-date: /home/orin_nano/demo/install/vesc_msgs/share/vesc_msgs/cmake/vesc_msgs__rosidl_typesupport_introspection_cExport.cmake
[1.911s] -- Up-to-date: /home/orin_nano/demo/install/vesc_msgs/share/vesc_msgs/cmake/vesc_msgs__rosidl_typesupport_introspection_cExport-noconfig.cmake
[1.912s] -- Up-to-date: /home/orin_nano/demo/install/vesc_msgs/share/vesc_msgs/cmake/vesc_msgs__rosidl_typesupport_cExport.cmake
[1.914s] -- Up-to-date: /home/orin_nano/demo/install/vesc_msgs/share/vesc_msgs/cmake/vesc_msgs__rosidl_typesupport_cExport-noconfig.cmake
[1.915s] -- Up-to-date: /home/orin_nano/demo/install/vesc_msgs/share/vesc_msgs/cmake/vesc_msgs__rosidl_generator_cppExport.cmake
[1.916s] -- Up-to-date: /home/orin_nano/demo/install/vesc_msgs/share/vesc_msgs/cmake/vesc_msgs__rosidl_typesupport_introspection_cppExport.cmake
[1.917s] -- Up-to-date: /home/orin_nano/demo/install/vesc_msgs/share/vesc_msgs/cmake/vesc_msgs__rosidl_typesupport_introspection_cppExport-noconfig.cmake
[1.918s] -- Up-to-date: /home/orin_nano/demo/install/vesc_msgs/share/vesc_msgs/cmake/vesc_msgs__rosidl_typesupport_cppExport.cmake
[1.919s] -- Up-to-date: /home/orin_nano/demo/install/vesc_msgs/share/vesc_msgs/cmake/vesc_msgs__rosidl_typesupport_cppExport-noconfig.cmake
[1.920s] -- Up-to-date: /home/orin_nano/demo/install/vesc_msgs/share/vesc_msgs/cmake/rosidl_cmake-extras.cmake
[1.921s] -- Up-to-date: /home/orin_nano/demo/install/vesc_msgs/share/vesc_msgs/cmake/ament_cmake_export_dependencies-extras.cmake
[1.923s] -- Up-to-date: /home/orin_nano/demo/install/vesc_msgs/share/vesc_msgs/cmake/ament_cmake_export_libraries-extras.cmake
[1.923s] -- Up-to-date: /home/orin_nano/demo/install/vesc_msgs/share/vesc_msgs/cmake/ament_cmake_export_targets-extras.cmake
[1.924s] -- Up-to-date: /home/orin_nano/demo/install/vesc_msgs/share/vesc_msgs/cmake/ament_cmake_export_include_directories-extras.cmake
[1.924s] -- Up-to-date: /home/orin_nano/demo/install/vesc_msgs/share/vesc_msgs/cmake/rosidl_cmake_export_typesupport_libraries-extras.cmake
[1.925s] -- Up-to-date: /home/orin_nano/demo/install/vesc_msgs/share/vesc_msgs/cmake/rosidl_cmake_export_typesupport_targets-extras.cmake
[1.926s] -- Up-to-date: /home/orin_nano/demo/install/vesc_msgs/share/vesc_msgs/cmake/vesc_msgsConfig.cmake
[1.926s] -- Up-to-date: /home/orin_nano/demo/install/vesc_msgs/share/vesc_msgs/cmake/vesc_msgsConfig-version.cmake
[1.927s] -- Up-to-date: /home/orin_nano/demo/install/vesc_msgs/share/vesc_msgs/package.xml
[2.262s] Invoked command in '/home/orin_nano/demo/build/vesc_msgs' returned '0': CMAKE_PREFIX_PATH=/opt/ros/foxy /usr/bin/cmake --install /home/orin_nano/demo/build/vesc_msgs
