[0.264s] Invoking command in '/home/orin_nano/demo/build/udp_driver': AMENT_PREFIX_PATH=/home/orin_nano/demo/install/io_context:/home/orin_nano/demo/install/asio_cmake_module:${AMENT_PREFIX_PATH} CMAKE_PREFIX_PATH=/home/orin_nano/demo/install/io_context:/home/orin_nano/demo/install/asio_cmake_module:/opt/ros/foxy LD_LIBRARY_PATH=/home/orin_nano/demo/install/io_context/lib:/opt/ros/foxy/opt/yaml_cpp_vendor/lib:/opt/ros/foxy/opt/rviz_ogre_vendor/lib:/opt/ros/foxy/lib/aarch64-linux-gnu:/opt/ros/foxy/lib:/usr/local/cuda-11.4/lib64 /usr/bin/cmake --build /home/orin_nano/demo/build/udp_driver -- -j6 -l6
[0.410s] [  8%] Built target gtest
[0.428s] [ 16%] Built target gtest_main
[0.428s] [ 29%] Built target udp_driver
[0.429s] [ 37%] Built target udp_receiver_node_exe
[0.472s] [ 45%] Built target udp_sender_node_exe
[0.500s] [ 58%] Built target udp_driver_nodes
[0.573s] [ 75%] Built target test_udp_socket
[0.573s] [ 75%] Built target udp_bridge_node_exe
[0.577s] [ 83%] Built target test_udp_data
[0.586s] [ 91%] Built target test_udp_driver
[0.591s] [100%] Built target test_udp_driver_nodes
[0.925s] Invoked command in '/home/orin_nano/demo/build/udp_driver' returned '0': AMENT_PREFIX_PATH=/home/orin_nano/demo/install/io_context:/home/orin_nano/demo/install/asio_cmake_module:${AMENT_PREFIX_PATH} CMAKE_PREFIX_PATH=/home/orin_nano/demo/install/io_context:/home/orin_nano/demo/install/asio_cmake_module:/opt/ros/foxy LD_LIBRARY_PATH=/home/orin_nano/demo/install/io_context/lib:/opt/ros/foxy/opt/yaml_cpp_vendor/lib:/opt/ros/foxy/opt/rviz_ogre_vendor/lib:/opt/ros/foxy/lib/aarch64-linux-gnu:/opt/ros/foxy/lib:/usr/local/cuda-11.4/lib64 /usr/bin/cmake --build /home/orin_nano/demo/build/udp_driver -- -j6 -l6
[1.276s] Invoking command in '/home/orin_nano/demo/build/udp_driver': AMENT_PREFIX_PATH=/home/orin_nano/demo/install/io_context:/home/orin_nano/demo/install/asio_cmake_module:${AMENT_PREFIX_PATH} CMAKE_PREFIX_PATH=/home/orin_nano/demo/install/io_context:/home/orin_nano/demo/install/asio_cmake_module:/opt/ros/foxy LD_LIBRARY_PATH=/home/orin_nano/demo/install/io_context/lib:/opt/ros/foxy/opt/yaml_cpp_vendor/lib:/opt/ros/foxy/opt/rviz_ogre_vendor/lib:/opt/ros/foxy/lib/aarch64-linux-gnu:/opt/ros/foxy/lib:/usr/local/cuda-11.4/lib64 /usr/bin/cmake --install /home/orin_nano/demo/build/udp_driver
[1.666s] -- Install configuration: ""
[1.666s] -- Up-to-date: /home/orin_nano/demo/install/udp_driver/lib/udp_driver/udp_receiver_node_exe
[1.667s] -- Up-to-date: /home/orin_nano/demo/install/udp_driver/lib/udp_driver/udp_sender_node_exe
[1.667s] -- Up-to-date: /home/orin_nano/demo/install/udp_driver/include
[1.667s] -- Up-to-date: /home/orin_nano/demo/install/udp_driver/include/udp_driver
[1.668s] -- Up-to-date: /home/orin_nano/demo/install/udp_driver/include/udp_driver/udp_receiver_node.hpp
[1.668s] -- Up-to-date: /home/orin_nano/demo/install/udp_driver/include/udp_driver/udp_sender_node.hpp
[1.669s] -- Up-to-date: /home/orin_nano/demo/install/udp_driver/include/udp_driver/udp_socket.hpp
[1.669s] -- Up-to-date: /home/orin_nano/demo/install/udp_driver/include/udp_driver/visibility_control.hpp
[1.669s] -- Up-to-date: /home/orin_nano/demo/install/udp_driver/include/udp_driver/udp_driver.hpp
[1.670s] -- Up-to-date: /home/orin_nano/demo/install/udp_driver/share/udp_driver/environment/library_path.sh
[1.670s] -- Up-to-date: /home/orin_nano/demo/install/udp_driver/share/udp_driver/environment/library_path.dsv
[1.670s] -- Up-to-date: /home/orin_nano/demo/install/udp_driver/lib/libudp_driver.so
[1.671s] -- Up-to-date: /home/orin_nano/demo/install/udp_driver/lib/libudp_driver_nodes.so
[1.671s] -- Up-to-date: /home/orin_nano/demo/install/udp_driver/lib/udp_driver/udp_bridge_node_exe
[1.671s] -- Up-to-date: /home/orin_nano/demo/install/udp_driver/share/ament_index/resource_index/package_run_dependencies/udp_driver
[1.672s] -- Up-to-date: /home/orin_nano/demo/install/udp_driver/share/ament_index/resource_index/parent_prefix_path/udp_driver
[1.672s] -- Up-to-date: /home/orin_nano/demo/install/udp_driver/share/udp_driver/environment/ament_prefix_path.sh
[1.672s] -- Up-to-date: /home/orin_nano/demo/install/udp_driver/share/udp_driver/environment/ament_prefix_path.dsv
[1.672s] -- Up-to-date: /home/orin_nano/demo/install/udp_driver/share/udp_driver/environment/path.sh
[1.672s] -- Up-to-date: /home/orin_nano/demo/install/udp_driver/share/udp_driver/environment/path.dsv
[1.673s] -- Up-to-date: /home/orin_nano/demo/install/udp_driver/share/udp_driver/local_setup.bash
[1.673s] -- Up-to-date: /home/orin_nano/demo/install/udp_driver/share/udp_driver/local_setup.sh
[1.673s] -- Up-to-date: /home/orin_nano/demo/install/udp_driver/share/udp_driver/local_setup.zsh
[1.673s] -- Up-to-date: /home/orin_nano/demo/install/udp_driver/share/udp_driver/local_setup.dsv
[1.673s] -- Installing: /home/orin_nano/demo/install/udp_driver/share/udp_driver/package.dsv
[1.674s] -- Up-to-date: /home/orin_nano/demo/install/udp_driver/share/ament_index/resource_index/packages/udp_driver
[1.676s] -- Up-to-date: /home/orin_nano/demo/install/udp_driver/share/ament_index/resource_index/rclcpp_components/udp_driver
[1.676s] -- Up-to-date: /home/orin_nano/demo/install/udp_driver/share/udp_driver/cmake/ament_cmake_export_dependencies-extras.cmake
[1.677s] -- Up-to-date: /home/orin_nano/demo/install/udp_driver/share/udp_driver/cmake/ament_cmake_export_include_directories-extras.cmake
[1.677s] -- Up-to-date: /home/orin_nano/demo/install/udp_driver/share/udp_driver/cmake/ament_cmake_export_libraries-extras.cmake
[1.678s] -- Up-to-date: /home/orin_nano/demo/install/udp_driver/share/udp_driver/cmake/udp_driverConfig.cmake
[1.679s] -- Up-to-date: /home/orin_nano/demo/install/udp_driver/share/udp_driver/cmake/udp_driverConfig-version.cmake
[1.680s] -- Up-to-date: /home/orin_nano/demo/install/udp_driver/share/udp_driver/package.xml
[2.286s] Invoked command in '/home/orin_nano/demo/build/udp_driver' returned '0': AMENT_PREFIX_PATH=/home/orin_nano/demo/install/io_context:/home/orin_nano/demo/install/asio_cmake_module:${AMENT_PREFIX_PATH} CMAKE_PREFIX_PATH=/home/orin_nano/demo/install/io_context:/home/orin_nano/demo/install/asio_cmake_module:/opt/ros/foxy LD_LIBRARY_PATH=/home/orin_nano/demo/install/io_context/lib:/opt/ros/foxy/opt/yaml_cpp_vendor/lib:/opt/ros/foxy/opt/rviz_ogre_vendor/lib:/opt/ros/foxy/lib/aarch64-linux-gnu:/opt/ros/foxy/lib:/usr/local/cuda-11.4/lib64 /usr/bin/cmake --install /home/orin_nano/demo/build/udp_driver
