[6.153s] Invoking command in '/home/orin_nano/demo/build/asio_cmake_module': CMAKE_PREFIX_PATH=${CMAKE_PREFIX_PATH}:/opt/ros/foxy /usr/bin/cmake --build /home/orin_nano/demo/build/asio_cmake_module -- -j6 -l6
[6.261s] Invoked command in '/home/orin_nano/demo/build/asio_cmake_module' returned '0': CMAKE_PREFIX_PATH=${CMAKE_PREFIX_PATH}:/opt/ros/foxy /usr/bin/cmake --build /home/orin_nano/demo/build/asio_cmake_module -- -j6 -l6
[6.408s] Invoking command in '/home/orin_nano/demo/build/asio_cmake_module': CMAKE_PREFIX_PATH=${CMAKE_PREFIX_PATH}:/opt/ros/foxy /usr/bin/cmake --install /home/orin_nano/demo/build/asio_cmake_module
[6.433s] -- Install configuration: ""
[6.433s] -- Up-to-date: /home/orin_nano/demo/install/asio_cmake_module/share/ament_index/resource_index/package_run_dependencies/asio_cmake_module
[6.434s] -- Up-to-date: /home/orin_nano/demo/install/asio_cmake_module/share/ament_index/resource_index/parent_prefix_path/asio_cmake_module
[6.435s] -- Up-to-date: /home/orin_nano/demo/install/asio_cmake_module/share/asio_cmake_module/environment/ament_prefix_path.sh
[6.435s] -- Up-to-date: /home/orin_nano/demo/install/asio_cmake_module/share/asio_cmake_module/environment/ament_prefix_path.dsv
[6.435s] -- Up-to-date: /home/orin_nano/demo/install/asio_cmake_module/share/asio_cmake_module/environment/path.sh
[6.436s] -- Up-to-date: /home/orin_nano/demo/install/asio_cmake_module/share/asio_cmake_module/environment/path.dsv
[6.436s] -- Up-to-date: /home/orin_nano/demo/install/asio_cmake_module/share/asio_cmake_module/local_setup.bash
[6.436s] -- Up-to-date: /home/orin_nano/demo/install/asio_cmake_module/share/asio_cmake_module/local_setup.sh
[6.436s] -- Up-to-date: /home/orin_nano/demo/install/asio_cmake_module/share/asio_cmake_module/local_setup.zsh
[6.436s] -- Up-to-date: /home/orin_nano/demo/install/asio_cmake_module/share/asio_cmake_module/local_setup.dsv
[6.436s] -- Installing: /home/orin_nano/demo/install/asio_cmake_module/share/asio_cmake_module/package.dsv
[6.436s] -- Up-to-date: /home/orin_nano/demo/install/asio_cmake_module/share/ament_index/resource_index/packages/asio_cmake_module
[6.437s] -- Up-to-date: /home/orin_nano/demo/install/asio_cmake_module/share/asio_cmake_module/cmake/asio_cmake_module-extras.cmake
[6.438s] -- Up-to-date: /home/orin_nano/demo/install/asio_cmake_module/share/asio_cmake_module/cmake/asio_cmake_moduleConfig.cmake
[6.439s] -- Up-to-date: /home/orin_nano/demo/install/asio_cmake_module/share/asio_cmake_module/cmake/asio_cmake_moduleConfig-version.cmake
[6.439s] -- Up-to-date: /home/orin_nano/demo/install/asio_cmake_module/share/asio_cmake_module/package.xml
[6.440s] -- Up-to-date: /home/orin_nano/demo/install/asio_cmake_module/share/asio_cmake_module/cmake
[6.440s] -- Up-to-date: /home/orin_nano/demo/install/asio_cmake_module/share/asio_cmake_module/cmake/Modules
[6.441s] -- Up-to-date: /home/orin_nano/demo/install/asio_cmake_module/share/asio_cmake_module/cmake/Modules/FindASIO.cmake
[7.236s] Invoked command in '/home/orin_nano/demo/build/asio_cmake_module' returned '0': CMAKE_PREFIX_PATH=${CMAKE_PREFIX_PATH}:/opt/ros/foxy /usr/bin/cmake --install /home/orin_nano/demo/build/asio_cmake_module
