[0.603s] Invoking command in '/home/orin_nano/demo/build/combine_pkg': CMAKE_PREFIX_PATH=/opt/ros/foxy /usr/bin/cmake /home/orin_nano/demo/src/combine_pkg -DCMAKE_INSTALL_PREFIX=/home/orin_nano/demo/install/combine_pkg
[0.713s] -- The C compiler identification is GNU 9.4.0
[0.838s] -- The CXX compiler identification is GNU 9.4.0
[0.847s] -- Check for working C compiler: /usr/bin/cc
[0.985s] -- Check for working C compiler: /usr/bin/cc -- works
[0.987s] -- Detecting C compiler ABI info
[1.123s] -- Detecting C compiler ABI info - done
[1.142s] -- Detecting C compile features
[1.143s] -- Detecting C compile features - done
[1.147s] -- Check for working CXX compiler: /usr/bin/c++
[1.299s] -- Check for working CXX compiler: /usr/bin/c++ -- works
[1.301s] -- Detecting CXX compiler ABI info
[1.450s] -- Detecting CXX compiler ABI info - done
[1.470s] -- Detecting CXX compile features
[1.471s] -- Detecting CXX compile features - done
[1.474s] -- Found ament_cmake: 0.9.12 (/opt/ros/foxy/share/ament_cmake/cmake)
[1.521s] -- Found PythonInterp: /usr/bin/python3 (found suitable version "3.8.10", minimum required is "3") 
[1.522s] -- Using PYTHON_EXECUTABLE: /usr/bin/python3
[1.961s] -- Found ament_lint_auto: 0.9.8 (/opt/ros/foxy/share/ament_lint_auto/cmake)
[2.102s] -- Added test 'copyright' to check source files copyright and LICENSE
[2.105s] -- Added test 'flake8' to check Python code syntax and style conventions
[2.106s] -- Added test 'lint_cmake' to check CMake code style
[2.107s] -- Added test 'pep257' to check Python code against some of the style conventions in PEP 257
[2.109s] -- Added test 'xmllint' to check XML markup files
[2.113s] -- Configuring done
[2.117s] -- Generating done
[2.118s] -- Build files have been written to: /home/orin_nano/demo/build/combine_pkg
[2.358s] Invoked command in '/home/orin_nano/demo/build/combine_pkg' returned '0': CMAKE_PREFIX_PATH=/opt/ros/foxy /usr/bin/cmake /home/orin_nano/demo/src/combine_pkg -DCMAKE_INSTALL_PREFIX=/home/orin_nano/demo/install/combine_pkg
[2.364s] Invoking command in '/home/orin_nano/demo/build/combine_pkg': CMAKE_PREFIX_PATH=/opt/ros/foxy /usr/bin/cmake --build /home/orin_nano/demo/build/combine_pkg -- -j6 -l6
[2.910s] Invoked command in '/home/orin_nano/demo/build/combine_pkg' returned '0': CMAKE_PREFIX_PATH=/opt/ros/foxy /usr/bin/cmake --build /home/orin_nano/demo/build/combine_pkg -- -j6 -l6
[3.429s] Invoking command in '/home/orin_nano/demo/build/combine_pkg': CMAKE_PREFIX_PATH=/opt/ros/foxy /usr/bin/cmake --install /home/orin_nano/demo/build/combine_pkg
[3.447s] -- Install configuration: ""
[3.447s] -- Installing: /home/orin_nano/demo/install/combine_pkg/share/combine_pkg/launch
[3.448s] -- Installing: /home/orin_nano/demo/install/combine_pkg/share/combine_pkg/launch/multi_node.launch.py
[3.449s] -- Installing: /home/orin_nano/demo/install/combine_pkg/share/combine_pkg/launch/.ipynb_checkpoints
[3.449s] -- Installing: /home/orin_nano/demo/install/combine_pkg/share/combine_pkg/launch/.ipynb_checkpoints/multi_node.launch-checkpoint.py
[3.451s] -- Installing: /home/orin_nano/demo/install/combine_pkg/share/ament_index/resource_index/package_run_dependencies/combine_pkg
[3.451s] -- Installing: /home/orin_nano/demo/install/combine_pkg/share/ament_index/resource_index/parent_prefix_path/combine_pkg
[3.451s] -- Installing: /home/orin_nano/demo/install/combine_pkg/share/combine_pkg/environment/ament_prefix_path.sh
[3.452s] -- Installing: /home/orin_nano/demo/install/combine_pkg/share/combine_pkg/environment/ament_prefix_path.dsv
[3.453s] -- Installing: /home/orin_nano/demo/install/combine_pkg/share/combine_pkg/environment/path.sh
[3.453s] -- Installing: /home/orin_nano/demo/install/combine_pkg/share/combine_pkg/environment/path.dsv
[3.453s] -- Installing: /home/orin_nano/demo/install/combine_pkg/share/combine_pkg/local_setup.bash
[3.453s] -- Installing: /home/orin_nano/demo/install/combine_pkg/share/combine_pkg/local_setup.sh
[3.454s] -- Installing: /home/orin_nano/demo/install/combine_pkg/share/combine_pkg/local_setup.zsh
[3.454s] -- Installing: /home/orin_nano/demo/install/combine_pkg/share/combine_pkg/local_setup.dsv
[3.454s] -- Installing: /home/orin_nano/demo/install/combine_pkg/share/combine_pkg/package.dsv
[3.454s] -- Installing: /home/orin_nano/demo/install/combine_pkg/share/ament_index/resource_index/packages/combine_pkg
[3.454s] -- Installing: /home/orin_nano/demo/install/combine_pkg/share/combine_pkg/cmake/combine_pkgConfig.cmake
[3.455s] -- Installing: /home/orin_nano/demo/install/combine_pkg/share/combine_pkg/cmake/combine_pkgConfig-version.cmake
[3.455s] -- Installing: /home/orin_nano/demo/install/combine_pkg/share/combine_pkg/package.xml
[4.728s] Invoked command in '/home/orin_nano/demo/build/combine_pkg' returned '0': CMAKE_PREFIX_PATH=/opt/ros/foxy /usr/bin/cmake --install /home/orin_nano/demo/build/combine_pkg
