[0.610s] Invoking command in '/home/orin_nano/demo/build/combine_pkg': CMAKE_PREFIX_PATH=/opt/ros/foxy /usr/bin/cmake --build /home/orin_nano/demo/build/combine_pkg -- -j6 -l6
[0.662s] -- Found ament_cmake: 0.9.12 (/opt/ros/foxy/share/ament_cmake/cmake)
[0.711s] -- Using PYTHON_EXECUTABLE: /usr/bin/python3
[1.148s] -- Found ament_lint_auto: 0.9.8 (/opt/ros/foxy/share/ament_lint_auto/cmake)
[1.284s] -- Added test 'copyright' to check source files copyright and LICENSE
[1.286s] -- Added test 'flake8' to check Python code syntax and style conventions
[1.287s] -- Added test 'lint_cmake' to check CMake code style
[1.290s] -- Added test 'pep257' to check Python code against some of the style conventions in PEP 257
[1.291s] -- Added test 'xmllint' to check XML markup files
[1.293s] -- Configuring done
[1.298s] -- Generating done
[1.300s] -- Build files have been written to: /home/orin_nano/demo/build/combine_pkg
[1.899s] Invoked command in '/home/orin_nano/demo/build/combine_pkg' returned '0': CMAKE_PREFIX_PATH=/opt/ros/foxy /usr/bin/cmake --build /home/orin_nano/demo/build/combine_pkg -- -j6 -l6
[2.943s] Invoking command in '/home/orin_nano/demo/build/combine_pkg': CMAKE_PREFIX_PATH=/opt/ros/foxy /usr/bin/cmake --install /home/orin_nano/demo/build/combine_pkg
[2.963s] -- Install configuration: ""
[2.964s] -- Up-to-date: /home/orin_nano/demo/install/combine_pkg/share/combine_pkg/launch
[2.965s] -- Installing: /home/orin_nano/demo/install/combine_pkg/share/combine_pkg/launch/multi_node.launch.py
[2.966s] -- Up-to-date: /home/orin_nano/demo/install/combine_pkg/share/combine_pkg/launch/.ipynb_checkpoints
[2.967s] -- Installing: /home/orin_nano/demo/install/combine_pkg/share/combine_pkg/launch/.ipynb_checkpoints/multi_node.launch-checkpoint.py
[2.968s] -- Up-to-date: /home/orin_nano/demo/install/combine_pkg/share/ament_index/resource_index/package_run_dependencies/combine_pkg
[2.968s] -- Up-to-date: /home/orin_nano/demo/install/combine_pkg/share/ament_index/resource_index/parent_prefix_path/combine_pkg
[2.969s] -- Up-to-date: /home/orin_nano/demo/install/combine_pkg/share/combine_pkg/environment/ament_prefix_path.sh
[2.970s] -- Installing: /home/orin_nano/demo/install/combine_pkg/share/combine_pkg/environment/ament_prefix_path.dsv
[2.972s] -- Up-to-date: /home/orin_nano/demo/install/combine_pkg/share/combine_pkg/environment/path.sh
[2.972s] -- Installing: /home/orin_nano/demo/install/combine_pkg/share/combine_pkg/environment/path.dsv
[2.973s] -- Up-to-date: /home/orin_nano/demo/install/combine_pkg/share/combine_pkg/local_setup.bash
[2.974s] -- Up-to-date: /home/orin_nano/demo/install/combine_pkg/share/combine_pkg/local_setup.sh
[2.974s] -- Up-to-date: /home/orin_nano/demo/install/combine_pkg/share/combine_pkg/local_setup.zsh
[2.975s] -- Installing: /home/orin_nano/demo/install/combine_pkg/share/combine_pkg/local_setup.dsv
[2.976s] -- Installing: /home/orin_nano/demo/install/combine_pkg/share/combine_pkg/package.dsv
[2.977s] -- Up-to-date: /home/orin_nano/demo/install/combine_pkg/share/ament_index/resource_index/packages/combine_pkg
[2.977s] -- Up-to-date: /home/orin_nano/demo/install/combine_pkg/share/combine_pkg/cmake/combine_pkgConfig.cmake
[2.978s] -- Up-to-date: /home/orin_nano/demo/install/combine_pkg/share/combine_pkg/cmake/combine_pkgConfig-version.cmake
[2.978s] -- Installing: /home/orin_nano/demo/install/combine_pkg/share/combine_pkg/package.xml
[4.342s] Invoked command in '/home/orin_nano/demo/build/combine_pkg' returned '0': CMAKE_PREFIX_PATH=/opt/ros/foxy /usr/bin/cmake --install /home/orin_nano/demo/build/combine_pkg
