[5.336s] DEBUG:colcon:Command line arguments: ['/usr/bin/colcon', 'build']
[5.336s] DEBUG:colcon:Parsed command line arguments: Namespace(allow_overriding=[], ament_cmake_args=None, base_paths=['.'], build_base='build', catkin_cmake_args=None, catkin_skip_building_tests=False, cmake_args=None, cmake_clean_cache=False, cmake_clean_first=False, cmake_force_configure=False, cmake_target=None, cmake_target_skip_unavailable=False, continue_on_error=False, event_handlers=None, executor='parallel', ignore_user_meta=False, install_base='install', log_base=None, log_level=None, main=<bound method BuildVerb.main of <colcon_core.verb.build.BuildVerb object at 0xffff81e26760>>, merge_install=False, metas=['./colcon.meta'], packages_above=None, packages_above_and_dependencies=None, packages_above_depth=None, packages_end=None, packages_ignore=None, packages_ignore_regex=None, packages_select=None, packages_select_build_failed=False, packages_select_by_dep=None, packages_select_regex=None, packages_select_test_failures=False, packages_skip=None, packages_skip_build_finished=False, packages_skip_by_dep=None, packages_skip_regex=None, packages_skip_test_passed=False, packages_skip_up_to=None, packages_start=None, packages_up_to=None, packages_up_to_regex=None, parallel_workers=6, paths=None, symlink_install=False, test_result_base=None, verb_extension=<colcon_core.verb.build.BuildVerb object at 0xffff81e26760>, verb_name='build', verb_parser=<colcon_defaults.argument_parser.defaults.DefaultArgumentsDecorator object at 0xffff819f3d00>)
[5.561s] Level 1:colcon.colcon_core.package_discovery:discover_packages(colcon_meta) check parameters
[5.561s] Level 1:colcon.colcon_core.package_discovery:discover_packages(recursive) check parameters
[5.561s] Level 1:colcon.colcon_core.package_discovery:discover_packages(ignore) check parameters
[5.561s] Level 1:colcon.colcon_core.package_discovery:discover_packages(path) check parameters
[5.562s] Level 1:colcon.colcon_core.package_discovery:discover_packages(colcon_meta) discover
[5.562s] Level 1:colcon.colcon_core.package_discovery:discover_packages(recursive) discover
[5.562s] INFO:colcon.colcon_core.package_discovery:Crawling recursively for packages in '/home/orin_nano/demo'
[5.562s] Level 1:colcon.colcon_core.package_identification:_identify(.) by extensions ['ignore', 'ignore_ament_install']
[5.562s] Level 1:colcon.colcon_core.package_identification:_identify(.) by extension 'ignore'
[5.562s] Level 1:colcon.colcon_core.package_identification:_identify(.) by extension 'ignore_ament_install'
[5.563s] Level 1:colcon.colcon_core.package_identification:_identify(.) by extensions ['colcon_pkg']
[5.563s] Level 1:colcon.colcon_core.package_identification:_identify(.) by extension 'colcon_pkg'
[5.563s] Level 1:colcon.colcon_core.package_identification:_identify(.) by extensions ['colcon_meta']
[5.563s] Level 1:colcon.colcon_core.package_identification:_identify(.) by extension 'colcon_meta'
[5.563s] Level 1:colcon.colcon_core.package_identification:_identify(.) by extensions ['ros']
[5.563s] Level 1:colcon.colcon_core.package_identification:_identify(.) by extension 'ros'
[5.584s] Level 1:colcon.colcon_core.package_identification:_identify(.) by extensions ['cmake', 'python']
[5.585s] Level 1:colcon.colcon_core.package_identification:_identify(.) by extension 'cmake'
[5.585s] Level 1:colcon.colcon_core.package_identification:_identify(.) by extension 'python'
[5.585s] Level 1:colcon.colcon_core.package_identification:_identify(.) by extensions ['python_setup_py']
[5.585s] Level 1:colcon.colcon_core.package_identification:_identify(.) by extension 'python_setup_py'
[5.585s] Level 1:colcon.colcon_core.package_identification:_identify(build) by extensions ['ignore', 'ignore_ament_install']
[5.585s] Level 1:colcon.colcon_core.package_identification:_identify(build) by extension 'ignore'
[5.585s] Level 1:colcon.colcon_core.package_identification:_identify(build) ignored
[5.586s] Level 1:colcon.colcon_core.package_identification:_identify(install) by extensions ['ignore', 'ignore_ament_install']
[5.586s] Level 1:colcon.colcon_core.package_identification:_identify(install) by extension 'ignore'
[5.586s] Level 1:colcon.colcon_core.package_identification:_identify(install) ignored
[5.586s] Level 1:colcon.colcon_core.package_identification:_identify(log) by extensions ['ignore', 'ignore_ament_install']
[5.587s] Level 1:colcon.colcon_core.package_identification:_identify(log) by extension 'ignore'
[5.587s] Level 1:colcon.colcon_core.package_identification:_identify(log) ignored
[5.587s] Level 1:colcon.colcon_core.package_identification:_identify(src) by extensions ['ignore', 'ignore_ament_install']
[5.587s] Level 1:colcon.colcon_core.package_identification:_identify(src) by extension 'ignore'
[5.587s] Level 1:colcon.colcon_core.package_identification:_identify(src) by extension 'ignore_ament_install'
[5.587s] Level 1:colcon.colcon_core.package_identification:_identify(src) by extensions ['colcon_pkg']
[5.587s] Level 1:colcon.colcon_core.package_identification:_identify(src) by extension 'colcon_pkg'
[5.587s] Level 1:colcon.colcon_core.package_identification:_identify(src) by extensions ['colcon_meta']
[5.588s] Level 1:colcon.colcon_core.package_identification:_identify(src) by extension 'colcon_meta'
[5.588s] Level 1:colcon.colcon_core.package_identification:_identify(src) by extensions ['ros']
[5.588s] Level 1:colcon.colcon_core.package_identification:_identify(src) by extension 'ros'
[5.588s] Level 1:colcon.colcon_core.package_identification:_identify(src) by extensions ['cmake', 'python']
[5.588s] Level 1:colcon.colcon_core.package_identification:_identify(src) by extension 'cmake'
[5.588s] Level 1:colcon.colcon_core.package_identification:_identify(src) by extension 'python'
[5.588s] Level 1:colcon.colcon_core.package_identification:_identify(src) by extensions ['python_setup_py']
[5.588s] Level 1:colcon.colcon_core.package_identification:_identify(src) by extension 'python_setup_py'
[5.588s] Level 1:colcon.colcon_core.package_identification:_identify(src/build) by extensions ['ignore', 'ignore_ament_install']
[5.589s] Level 1:colcon.colcon_core.package_identification:_identify(src/build) by extension 'ignore'
[5.589s] Level 1:colcon.colcon_core.package_identification:_identify(src/build) ignored
[5.589s] Level 1:colcon.colcon_core.package_identification:_identify(src/combine_pkg) by extensions ['ignore', 'ignore_ament_install']
[5.589s] Level 1:colcon.colcon_core.package_identification:_identify(src/combine_pkg) by extension 'ignore'
[5.589s] Level 1:colcon.colcon_core.package_identification:_identify(src/combine_pkg) by extension 'ignore_ament_install'
[5.589s] Level 1:colcon.colcon_core.package_identification:_identify(src/combine_pkg) by extensions ['colcon_pkg']
[5.589s] Level 1:colcon.colcon_core.package_identification:_identify(src/combine_pkg) by extension 'colcon_pkg'
[5.589s] Level 1:colcon.colcon_core.package_identification:_identify(src/combine_pkg) by extensions ['colcon_meta']
[5.589s] Level 1:colcon.colcon_core.package_identification:_identify(src/combine_pkg) by extension 'colcon_meta'
[5.590s] Level 1:colcon.colcon_core.package_identification:_identify(src/combine_pkg) by extensions ['ros']
[5.590s] Level 1:colcon.colcon_core.package_identification:_identify(src/combine_pkg) by extension 'ros'
[5.594s] DEBUG:colcon.colcon_core.package_identification:Package 'src/combine_pkg' with type 'ros.ament_cmake' and name 'combine_pkg'
[5.594s] Level 1:colcon.colcon_core.package_identification:_identify(src/install) by extensions ['ignore', 'ignore_ament_install']
[5.595s] Level 1:colcon.colcon_core.package_identification:_identify(src/install) by extension 'ignore'
[5.595s] Level 1:colcon.colcon_core.package_identification:_identify(src/install) ignored
[5.595s] Level 1:colcon.colcon_core.package_identification:_identify(src/joy) by extensions ['ignore', 'ignore_ament_install']
[5.595s] Level 1:colcon.colcon_core.package_identification:_identify(src/joy) by extension 'ignore'
[5.596s] Level 1:colcon.colcon_core.package_identification:_identify(src/joy) by extension 'ignore_ament_install'
[5.596s] Level 1:colcon.colcon_core.package_identification:_identify(src/joy) by extensions ['colcon_pkg']
[5.596s] Level 1:colcon.colcon_core.package_identification:_identify(src/joy) by extension 'colcon_pkg'
[5.596s] Level 1:colcon.colcon_core.package_identification:_identify(src/joy) by extensions ['colcon_meta']
[5.596s] Level 1:colcon.colcon_core.package_identification:_identify(src/joy) by extension 'colcon_meta'
[5.596s] Level 1:colcon.colcon_core.package_identification:_identify(src/joy) by extensions ['ros']
[5.596s] Level 1:colcon.colcon_core.package_identification:_identify(src/joy) by extension 'ros'
[5.598s] DEBUG:colcon.colcon_core.package_identification:Package 'src/joy' with type 'ros.ament_cmake' and name 'joy'
[5.598s] Level 1:colcon.colcon_core.package_identification:_identify(src/log) by extensions ['ignore', 'ignore_ament_install']
[5.598s] Level 1:colcon.colcon_core.package_identification:_identify(src/log) by extension 'ignore'
[5.599s] Level 1:colcon.colcon_core.package_identification:_identify(src/log) ignored
[5.599s] Level 1:colcon.colcon_core.package_identification:_identify(src/vesc) by extensions ['ignore', 'ignore_ament_install']
[5.599s] Level 1:colcon.colcon_core.package_identification:_identify(src/vesc) by extension 'ignore'
[5.599s] Level 1:colcon.colcon_core.package_identification:_identify(src/vesc) by extension 'ignore_ament_install'
[5.599s] Level 1:colcon.colcon_core.package_identification:_identify(src/vesc) by extensions ['colcon_pkg']
[5.599s] Level 1:colcon.colcon_core.package_identification:_identify(src/vesc) by extension 'colcon_pkg'
[5.599s] Level 1:colcon.colcon_core.package_identification:_identify(src/vesc) by extensions ['colcon_meta']
[5.599s] Level 1:colcon.colcon_core.package_identification:_identify(src/vesc) by extension 'colcon_meta'
[5.600s] Level 1:colcon.colcon_core.package_identification:_identify(src/vesc) by extensions ['ros']
[5.600s] Level 1:colcon.colcon_core.package_identification:_identify(src/vesc) by extension 'ros'
[5.601s] DEBUG:colcon.colcon_core.package_identification:Package 'src/vesc' with type 'ros.ament_cmake' and name 'vesc'
[5.601s] Level 1:colcon.colcon_core.package_identification:_identify(src/vesc_ackermann) by extensions ['ignore', 'ignore_ament_install']
[5.601s] Level 1:colcon.colcon_core.package_identification:_identify(src/vesc_ackermann) by extension 'ignore'
[5.601s] Level 1:colcon.colcon_core.package_identification:_identify(src/vesc_ackermann) by extension 'ignore_ament_install'
[5.601s] Level 1:colcon.colcon_core.package_identification:_identify(src/vesc_ackermann) by extensions ['colcon_pkg']
[5.601s] Level 1:colcon.colcon_core.package_identification:_identify(src/vesc_ackermann) by extension 'colcon_pkg'
[5.601s] Level 1:colcon.colcon_core.package_identification:_identify(src/vesc_ackermann) by extensions ['colcon_meta']
[5.602s] Level 1:colcon.colcon_core.package_identification:_identify(src/vesc_ackermann) by extension 'colcon_meta'
[5.602s] Level 1:colcon.colcon_core.package_identification:_identify(src/vesc_ackermann) by extensions ['ros']
[5.602s] Level 1:colcon.colcon_core.package_identification:_identify(src/vesc_ackermann) by extension 'ros'
[5.604s] DEBUG:colcon.colcon_core.package_identification:Package 'src/vesc_ackermann' with type 'ros.ament_cmake' and name 'vesc_ackermann'
[5.604s] Level 1:colcon.colcon_core.package_identification:_identify(src/vesc_driver) by extensions ['ignore', 'ignore_ament_install']
[5.604s] Level 1:colcon.colcon_core.package_identification:_identify(src/vesc_driver) by extension 'ignore'
[5.604s] Level 1:colcon.colcon_core.package_identification:_identify(src/vesc_driver) by extension 'ignore_ament_install'
[5.604s] Level 1:colcon.colcon_core.package_identification:_identify(src/vesc_driver) by extensions ['colcon_pkg']
[5.604s] Level 1:colcon.colcon_core.package_identification:_identify(src/vesc_driver) by extension 'colcon_pkg'
[5.605s] Level 1:colcon.colcon_core.package_identification:_identify(src/vesc_driver) by extensions ['colcon_meta']
[5.605s] Level 1:colcon.colcon_core.package_identification:_identify(src/vesc_driver) by extension 'colcon_meta'
[5.605s] Level 1:colcon.colcon_core.package_identification:_identify(src/vesc_driver) by extensions ['ros']
[5.605s] Level 1:colcon.colcon_core.package_identification:_identify(src/vesc_driver) by extension 'ros'
[5.607s] DEBUG:colcon.colcon_core.package_identification:Package 'src/vesc_driver' with type 'ros.ament_cmake' and name 'vesc_driver'
[5.607s] Level 1:colcon.colcon_core.package_identification:_identify(src/vesc_foxy) by extensions ['ignore', 'ignore_ament_install']
[5.607s] Level 1:colcon.colcon_core.package_identification:_identify(src/vesc_foxy) by extension 'ignore'
[5.607s] Level 1:colcon.colcon_core.package_identification:_identify(src/vesc_foxy) by extension 'ignore_ament_install'
[5.608s] Level 1:colcon.colcon_core.package_identification:_identify(src/vesc_foxy) by extensions ['colcon_pkg']
[5.608s] Level 1:colcon.colcon_core.package_identification:_identify(src/vesc_foxy) by extension 'colcon_pkg'
[5.608s] Level 1:colcon.colcon_core.package_identification:_identify(src/vesc_foxy) by extensions ['colcon_meta']
[5.608s] Level 1:colcon.colcon_core.package_identification:_identify(src/vesc_foxy) by extension 'colcon_meta'
[5.608s] Level 1:colcon.colcon_core.package_identification:_identify(src/vesc_foxy) by extensions ['ros']
[5.608s] Level 1:colcon.colcon_core.package_identification:_identify(src/vesc_foxy) by extension 'ros'
[5.608s] Level 1:colcon.colcon_core.package_identification:_identify(src/vesc_foxy) by extensions ['cmake', 'python']
[5.608s] Level 1:colcon.colcon_core.package_identification:_identify(src/vesc_foxy) by extension 'cmake'
[5.608s] Level 1:colcon.colcon_core.package_identification:_identify(src/vesc_foxy) by extension 'python'
[5.608s] Level 1:colcon.colcon_core.package_identification:_identify(src/vesc_foxy) by extensions ['python_setup_py']
[5.609s] Level 1:colcon.colcon_core.package_identification:_identify(src/vesc_foxy) by extension 'python_setup_py'
[5.609s] Level 1:colcon.colcon_core.package_identification:_identify(src/vesc_foxy/vesc) by extensions ['ignore', 'ignore_ament_install']
[5.609s] Level 1:colcon.colcon_core.package_identification:_identify(src/vesc_foxy/vesc) by extension 'ignore'
[5.609s] Level 1:colcon.colcon_core.package_identification:_identify(src/vesc_foxy/vesc) by extension 'ignore_ament_install'
[5.609s] Level 1:colcon.colcon_core.package_identification:_identify(src/vesc_foxy/vesc) by extensions ['colcon_pkg']
[5.609s] Level 1:colcon.colcon_core.package_identification:_identify(src/vesc_foxy/vesc) by extension 'colcon_pkg'
[5.609s] Level 1:colcon.colcon_core.package_identification:_identify(src/vesc_foxy/vesc) by extensions ['colcon_meta']
[5.609s] Level 1:colcon.colcon_core.package_identification:_identify(src/vesc_foxy/vesc) by extension 'colcon_meta'
[5.609s] Level 1:colcon.colcon_core.package_identification:_identify(src/vesc_foxy/vesc) by extensions ['ros']
[5.610s] Level 1:colcon.colcon_core.package_identification:_identify(src/vesc_foxy/vesc) by extension 'ros'
[5.610s] DEBUG:colcon.colcon_core.package_identification:Package 'src/vesc_foxy/vesc' with type 'ros.ament_cmake' and name 'vesc'
[5.611s] Level 1:colcon.colcon_core.package_identification:_identify(src/vesc_foxy/vesc_ackermann) by extensions ['ignore', 'ignore_ament_install']
[5.611s] Level 1:colcon.colcon_core.package_identification:_identify(src/vesc_foxy/vesc_ackermann) by extension 'ignore'
[5.611s] Level 1:colcon.colcon_core.package_identification:_identify(src/vesc_foxy/vesc_ackermann) by extension 'ignore_ament_install'
[5.611s] Level 1:colcon.colcon_core.package_identification:_identify(src/vesc_foxy/vesc_ackermann) by extensions ['colcon_pkg']
[5.611s] Level 1:colcon.colcon_core.package_identification:_identify(src/vesc_foxy/vesc_ackermann) by extension 'colcon_pkg'
[5.611s] Level 1:colcon.colcon_core.package_identification:_identify(src/vesc_foxy/vesc_ackermann) by extensions ['colcon_meta']
[5.611s] Level 1:colcon.colcon_core.package_identification:_identify(src/vesc_foxy/vesc_ackermann) by extension 'colcon_meta'
[5.612s] Level 1:colcon.colcon_core.package_identification:_identify(src/vesc_foxy/vesc_ackermann) by extensions ['ros']
[5.612s] Level 1:colcon.colcon_core.package_identification:_identify(src/vesc_foxy/vesc_ackermann) by extension 'ros'
[5.614s] DEBUG:colcon.colcon_core.package_identification:Package 'src/vesc_foxy/vesc_ackermann' with type 'ros.ament_cmake' and name 'vesc_ackermann'
[5.614s] Level 1:colcon.colcon_core.package_identification:_identify(src/vesc_foxy/vesc_driver) by extensions ['ignore', 'ignore_ament_install']
[5.614s] Level 1:colcon.colcon_core.package_identification:_identify(src/vesc_foxy/vesc_driver) by extension 'ignore'
[5.614s] Level 1:colcon.colcon_core.package_identification:_identify(src/vesc_foxy/vesc_driver) by extension 'ignore_ament_install'
[5.614s] Level 1:colcon.colcon_core.package_identification:_identify(src/vesc_foxy/vesc_driver) by extensions ['colcon_pkg']
[5.614s] Level 1:colcon.colcon_core.package_identification:_identify(src/vesc_foxy/vesc_driver) by extension 'colcon_pkg'
[5.614s] Level 1:colcon.colcon_core.package_identification:_identify(src/vesc_foxy/vesc_driver) by extensions ['colcon_meta']
[5.615s] Level 1:colcon.colcon_core.package_identification:_identify(src/vesc_foxy/vesc_driver) by extension 'colcon_meta'
[5.615s] Level 1:colcon.colcon_core.package_identification:_identify(src/vesc_foxy/vesc_driver) by extensions ['ros']
[5.615s] Level 1:colcon.colcon_core.package_identification:_identify(src/vesc_foxy/vesc_driver) by extension 'ros'
[5.617s] DEBUG:colcon.colcon_core.package_identification:Package 'src/vesc_foxy/vesc_driver' with type 'ros.ament_cmake' and name 'vesc_driver'
[5.617s] Level 1:colcon.colcon_core.package_identification:_identify(src/vesc_foxy/vesc_msgs) by extensions ['ignore', 'ignore_ament_install']
[5.617s] Level 1:colcon.colcon_core.package_identification:_identify(src/vesc_foxy/vesc_msgs) by extension 'ignore'
[5.617s] Level 1:colcon.colcon_core.package_identification:_identify(src/vesc_foxy/vesc_msgs) by extension 'ignore_ament_install'
[5.617s] Level 1:colcon.colcon_core.package_identification:_identify(src/vesc_foxy/vesc_msgs) by extensions ['colcon_pkg']
[5.617s] Level 1:colcon.colcon_core.package_identification:_identify(src/vesc_foxy/vesc_msgs) by extension 'colcon_pkg'
[5.617s] Level 1:colcon.colcon_core.package_identification:_identify(src/vesc_foxy/vesc_msgs) by extensions ['colcon_meta']
[5.618s] Level 1:colcon.colcon_core.package_identification:_identify(src/vesc_foxy/vesc_msgs) by extension 'colcon_meta'
[5.618s] Level 1:colcon.colcon_core.package_identification:_identify(src/vesc_foxy/vesc_msgs) by extensions ['ros']
[5.618s] Level 1:colcon.colcon_core.package_identification:_identify(src/vesc_foxy/vesc_msgs) by extension 'ros'
[5.619s] DEBUG:colcon.colcon_core.package_identification:Package 'src/vesc_foxy/vesc_msgs' with type 'ros.ament_cmake' and name 'vesc_msgs'
[5.620s] Level 1:colcon.colcon_core.package_identification:_identify(src/vesc_msgs) by extensions ['ignore', 'ignore_ament_install']
[5.620s] Level 1:colcon.colcon_core.package_identification:_identify(src/vesc_msgs) by extension 'ignore'
[5.620s] Level 1:colcon.colcon_core.package_identification:_identify(src/vesc_msgs) by extension 'ignore_ament_install'
[5.620s] Level 1:colcon.colcon_core.package_identification:_identify(src/vesc_msgs) by extensions ['colcon_pkg']
[5.620s] Level 1:colcon.colcon_core.package_identification:_identify(src/vesc_msgs) by extension 'colcon_pkg'
[5.620s] Level 1:colcon.colcon_core.package_identification:_identify(src/vesc_msgs) by extensions ['colcon_meta']
[5.620s] Level 1:colcon.colcon_core.package_identification:_identify(src/vesc_msgs) by extension 'colcon_meta'
[5.620s] Level 1:colcon.colcon_core.package_identification:_identify(src/vesc_msgs) by extensions ['ros']
[5.620s] Level 1:colcon.colcon_core.package_identification:_identify(src/vesc_msgs) by extension 'ros'
[5.622s] DEBUG:colcon.colcon_core.package_identification:Package 'src/vesc_msgs' with type 'ros.ament_cmake' and name 'vesc_msgs'
[5.622s] Level 1:colcon.colcon_core.package_identification:_identify(transport_drivers) by extensions ['ignore', 'ignore_ament_install']
[5.622s] Level 1:colcon.colcon_core.package_identification:_identify(transport_drivers) by extension 'ignore'
[5.622s] Level 1:colcon.colcon_core.package_identification:_identify(transport_drivers) by extension 'ignore_ament_install'
[5.622s] Level 1:colcon.colcon_core.package_identification:_identify(transport_drivers) by extensions ['colcon_pkg']
[5.623s] Level 1:colcon.colcon_core.package_identification:_identify(transport_drivers) by extension 'colcon_pkg'
[5.623s] Level 1:colcon.colcon_core.package_identification:_identify(transport_drivers) by extensions ['colcon_meta']
[5.623s] Level 1:colcon.colcon_core.package_identification:_identify(transport_drivers) by extension 'colcon_meta'
[5.623s] Level 1:colcon.colcon_core.package_identification:_identify(transport_drivers) by extensions ['ros']
[5.623s] Level 1:colcon.colcon_core.package_identification:_identify(transport_drivers) by extension 'ros'
[5.623s] Level 1:colcon.colcon_core.package_identification:_identify(transport_drivers) by extensions ['cmake', 'python']
[5.623s] Level 1:colcon.colcon_core.package_identification:_identify(transport_drivers) by extension 'cmake'
[5.623s] Level 1:colcon.colcon_core.package_identification:_identify(transport_drivers) by extension 'python'
[5.623s] Level 1:colcon.colcon_core.package_identification:_identify(transport_drivers) by extensions ['python_setup_py']
[5.623s] Level 1:colcon.colcon_core.package_identification:_identify(transport_drivers) by extension 'python_setup_py'
[5.624s] Level 1:colcon.colcon_core.package_identification:_identify(transport_drivers/asio_cmake_module) by extensions ['ignore', 'ignore_ament_install']
[5.624s] Level 1:colcon.colcon_core.package_identification:_identify(transport_drivers/asio_cmake_module) by extension 'ignore'
[5.624s] Level 1:colcon.colcon_core.package_identification:_identify(transport_drivers/asio_cmake_module) by extension 'ignore_ament_install'
[5.624s] Level 1:colcon.colcon_core.package_identification:_identify(transport_drivers/asio_cmake_module) by extensions ['colcon_pkg']
[5.624s] Level 1:colcon.colcon_core.package_identification:_identify(transport_drivers/asio_cmake_module) by extension 'colcon_pkg'
[5.624s] Level 1:colcon.colcon_core.package_identification:_identify(transport_drivers/asio_cmake_module) by extensions ['colcon_meta']
[5.624s] Level 1:colcon.colcon_core.package_identification:_identify(transport_drivers/asio_cmake_module) by extension 'colcon_meta'
[5.624s] Level 1:colcon.colcon_core.package_identification:_identify(transport_drivers/asio_cmake_module) by extensions ['ros']
[5.624s] Level 1:colcon.colcon_core.package_identification:_identify(transport_drivers/asio_cmake_module) by extension 'ros'
[5.625s] DEBUG:colcon.colcon_core.package_identification:Package 'transport_drivers/asio_cmake_module' with type 'ros.ament_cmake' and name 'asio_cmake_module'
[5.625s] Level 1:colcon.colcon_core.package_identification:_identify(transport_drivers/io_context) by extensions ['ignore', 'ignore_ament_install']
[5.626s] Level 1:colcon.colcon_core.package_identification:_identify(transport_drivers/io_context) by extension 'ignore'
[5.626s] Level 1:colcon.colcon_core.package_identification:_identify(transport_drivers/io_context) by extension 'ignore_ament_install'
[5.626s] Level 1:colcon.colcon_core.package_identification:_identify(transport_drivers/io_context) by extensions ['colcon_pkg']
[5.626s] Level 1:colcon.colcon_core.package_identification:_identify(transport_drivers/io_context) by extension 'colcon_pkg'
[5.626s] Level 1:colcon.colcon_core.package_identification:_identify(transport_drivers/io_context) by extensions ['colcon_meta']
[5.626s] Level 1:colcon.colcon_core.package_identification:_identify(transport_drivers/io_context) by extension 'colcon_meta'
[5.626s] Level 1:colcon.colcon_core.package_identification:_identify(transport_drivers/io_context) by extensions ['ros']
[5.626s] Level 1:colcon.colcon_core.package_identification:_identify(transport_drivers/io_context) by extension 'ros'
[5.628s] DEBUG:colcon.colcon_core.package_identification:Package 'transport_drivers/io_context' with type 'ros.ament_cmake' and name 'io_context'
[5.628s] Level 1:colcon.colcon_core.package_identification:_identify(transport_drivers/serial_driver) by extensions ['ignore', 'ignore_ament_install']
[5.628s] Level 1:colcon.colcon_core.package_identification:_identify(transport_drivers/serial_driver) by extension 'ignore'
[5.628s] Level 1:colcon.colcon_core.package_identification:_identify(transport_drivers/serial_driver) by extension 'ignore_ament_install'
[5.629s] Level 1:colcon.colcon_core.package_identification:_identify(transport_drivers/serial_driver) by extensions ['colcon_pkg']
[5.629s] Level 1:colcon.colcon_core.package_identification:_identify(transport_drivers/serial_driver) by extension 'colcon_pkg'
[5.629s] Level 1:colcon.colcon_core.package_identification:_identify(transport_drivers/serial_driver) by extensions ['colcon_meta']
[5.629s] Level 1:colcon.colcon_core.package_identification:_identify(transport_drivers/serial_driver) by extension 'colcon_meta'
[5.629s] Level 1:colcon.colcon_core.package_identification:_identify(transport_drivers/serial_driver) by extensions ['ros']
[5.629s] Level 1:colcon.colcon_core.package_identification:_identify(transport_drivers/serial_driver) by extension 'ros'
[5.631s] DEBUG:colcon.colcon_core.package_identification:Package 'transport_drivers/serial_driver' with type 'ros.ament_cmake' and name 'serial_driver'
[5.631s] Level 1:colcon.colcon_core.package_identification:_identify(transport_drivers/udp_driver) by extensions ['ignore', 'ignore_ament_install']
[5.631s] Level 1:colcon.colcon_core.package_identification:_identify(transport_drivers/udp_driver) by extension 'ignore'
[5.631s] Level 1:colcon.colcon_core.package_identification:_identify(transport_drivers/udp_driver) by extension 'ignore_ament_install'
[5.632s] Level 1:colcon.colcon_core.package_identification:_identify(transport_drivers/udp_driver) by extensions ['colcon_pkg']
[5.632s] Level 1:colcon.colcon_core.package_identification:_identify(transport_drivers/udp_driver) by extension 'colcon_pkg'
[5.632s] Level 1:colcon.colcon_core.package_identification:_identify(transport_drivers/udp_driver) by extensions ['colcon_meta']
[5.632s] Level 1:colcon.colcon_core.package_identification:_identify(transport_drivers/udp_driver) by extension 'colcon_meta'
[5.632s] Level 1:colcon.colcon_core.package_identification:_identify(transport_drivers/udp_driver) by extensions ['ros']
[5.632s] Level 1:colcon.colcon_core.package_identification:_identify(transport_drivers/udp_driver) by extension 'ros'
[5.634s] DEBUG:colcon.colcon_core.package_identification:Package 'transport_drivers/udp_driver' with type 'ros.ament_cmake' and name 'udp_driver'
[5.634s] Level 1:colcon.colcon_core.package_discovery:discover_packages(recursive) using defaults
[5.634s] Level 1:colcon.colcon_core.package_discovery:discover_packages(ignore) discover
[5.634s] Level 1:colcon.colcon_core.package_discovery:discover_packages(ignore) using defaults
[5.634s] Level 1:colcon.colcon_core.package_discovery:discover_packages(path) discover
[5.634s] Level 1:colcon.colcon_core.package_discovery:discover_packages(path) using defaults
[6.128s] Level 1:colcon.colcon_core.package_discovery:discover_packages(prefix_path) check parameters
[6.128s] Level 1:colcon.colcon_core.package_discovery:discover_packages(prefix_path) discover
[6.311s] DEBUG:colcon.colcon_installed_package_information.package_discovery:Found 10 installed packages in /home/orin_nano/demo/install
[6.432s] DEBUG:colcon.colcon_installed_package_information.package_discovery:Found 260 installed packages in /opt/ros/foxy
[6.435s] Level 1:colcon.colcon_core.package_discovery:discover_packages(prefix_path) using defaults
[6.665s] WARNING:colcon.colcon_core.package_selection:Some selected packages are already built in one or more underlay workspaces:
	'joy' is in: /home/orin_nano/demo/install/joy, /opt/ros/foxy
If a package in a merged underlay workspace is overridden and it installs headers, then all packages in the overlay must sort their include directories by workspace order. Failure to do so may result in build failures or undefined behavior at run time.
If the overridden package is used by another package in any underlay, then the overriding package in the overlay must be API and ABI compatible or undefined behavior at run time may occur.

If you understand the risks and want to override a package anyways, add the following to the command line:
	--allow-overriding joy

This may be promoted to an error in a future release of colcon-override-check.
[6.666s] ERROR:colcon:colcon build: Duplicate package names not supported:
- vesc:
  - src/vesc
  - src/vesc_foxy/vesc
- vesc_ackermann:
  - src/vesc_ackermann
  - src/vesc_foxy/vesc_ackermann
- vesc_driver:
  - src/vesc_driver
  - src/vesc_foxy/vesc_driver
- vesc_msgs:
  - src/vesc_foxy/vesc_msgs
  - src/vesc_msgs
