[4.318s] DEBUG:colcon:Command line arguments: ['/usr/bin/colcon', 'build', '--allow-overriding', 'joy']
[4.319s] DEBUG:colcon:Parsed command line arguments: Namespace(allow_overriding=['joy'], ament_cmake_args=None, base_paths=['.'], build_base='build', catkin_cmake_args=None, catkin_skip_building_tests=False, cmake_args=None, cmake_clean_cache=False, cmake_clean_first=False, cmake_force_configure=False, cmake_target=None, cmake_target_skip_unavailable=False, continue_on_error=False, event_handlers=None, executor='parallel', ignore_user_meta=False, install_base='install', log_base=None, log_level=None, main=<bound method BuildVerb.main of <colcon_core.verb.build.BuildVerb object at 0xffffb48d61c0>>, merge_install=False, metas=['./colcon.meta'], packages_above=None, packages_above_and_dependencies=None, packages_above_depth=None, packages_end=None, packages_ignore=None, packages_ignore_regex=None, packages_select=None, packages_select_build_failed=False, packages_select_by_dep=None, packages_select_regex=None, packages_select_test_failures=False, packages_skip=None, packages_skip_build_finished=False, packages_skip_by_dep=None, packages_skip_regex=None, packages_skip_test_passed=False, packages_skip_up_to=None, packages_start=None, packages_up_to=None, packages_up_to_regex=None, parallel_workers=6, paths=None, symlink_install=False, test_result_base=None, verb_extension=<colcon_core.verb.build.BuildVerb object at 0xffffb48d61c0>, verb_name='build', verb_parser=<colcon_defaults.argument_parser.defaults.DefaultArgumentsDecorator object at 0xffffb44c12b0>)
[4.505s] Level 1:colcon.colcon_core.package_discovery:discover_packages(colcon_meta) check parameters
[4.506s] Level 1:colcon.colcon_core.package_discovery:discover_packages(recursive) check parameters
[4.506s] Level 1:colcon.colcon_core.package_discovery:discover_packages(ignore) check parameters
[4.506s] Level 1:colcon.colcon_core.package_discovery:discover_packages(path) check parameters
[4.506s] Level 1:colcon.colcon_core.package_discovery:discover_packages(colcon_meta) discover
[4.506s] Level 1:colcon.colcon_core.package_discovery:discover_packages(recursive) discover
[4.506s] INFO:colcon.colcon_core.package_discovery:Crawling recursively for packages in '/home/orin_nano/demo'
[4.506s] Level 1:colcon.colcon_core.package_identification:_identify(.) by extensions ['ignore', 'ignore_ament_install']
[4.506s] Level 1:colcon.colcon_core.package_identification:_identify(.) by extension 'ignore'
[4.507s] Level 1:colcon.colcon_core.package_identification:_identify(.) by extension 'ignore_ament_install'
[4.507s] Level 1:colcon.colcon_core.package_identification:_identify(.) by extensions ['colcon_pkg']
[4.507s] Level 1:colcon.colcon_core.package_identification:_identify(.) by extension 'colcon_pkg'
[4.507s] Level 1:colcon.colcon_core.package_identification:_identify(.) by extensions ['colcon_meta']
[4.507s] Level 1:colcon.colcon_core.package_identification:_identify(.) by extension 'colcon_meta'
[4.507s] Level 1:colcon.colcon_core.package_identification:_identify(.) by extensions ['ros']
[4.507s] Level 1:colcon.colcon_core.package_identification:_identify(.) by extension 'ros'
[4.529s] Level 1:colcon.colcon_core.package_identification:_identify(.) by extensions ['cmake', 'python']
[4.529s] Level 1:colcon.colcon_core.package_identification:_identify(.) by extension 'cmake'
[4.529s] Level 1:colcon.colcon_core.package_identification:_identify(.) by extension 'python'
[4.529s] Level 1:colcon.colcon_core.package_identification:_identify(.) by extensions ['python_setup_py']
[4.529s] Level 1:colcon.colcon_core.package_identification:_identify(.) by extension 'python_setup_py'
[4.530s] Level 1:colcon.colcon_core.package_identification:_identify(build) by extensions ['ignore', 'ignore_ament_install']
[4.530s] Level 1:colcon.colcon_core.package_identification:_identify(build) by extension 'ignore'
[4.530s] Level 1:colcon.colcon_core.package_identification:_identify(build) ignored
[4.530s] Level 1:colcon.colcon_core.package_identification:_identify(install) by extensions ['ignore', 'ignore_ament_install']
[4.530s] Level 1:colcon.colcon_core.package_identification:_identify(install) by extension 'ignore'
[4.531s] Level 1:colcon.colcon_core.package_identification:_identify(install) ignored
[4.531s] Level 1:colcon.colcon_core.package_identification:_identify(log) by extensions ['ignore', 'ignore_ament_install']
[4.531s] Level 1:colcon.colcon_core.package_identification:_identify(log) by extension 'ignore'
[4.531s] Level 1:colcon.colcon_core.package_identification:_identify(log) ignored
[4.531s] Level 1:colcon.colcon_core.package_identification:_identify(src) by extensions ['ignore', 'ignore_ament_install']
[4.531s] Level 1:colcon.colcon_core.package_identification:_identify(src) by extension 'ignore'
[4.532s] Level 1:colcon.colcon_core.package_identification:_identify(src) by extension 'ignore_ament_install'
[4.532s] Level 1:colcon.colcon_core.package_identification:_identify(src) by extensions ['colcon_pkg']
[4.532s] Level 1:colcon.colcon_core.package_identification:_identify(src) by extension 'colcon_pkg'
[4.532s] Level 1:colcon.colcon_core.package_identification:_identify(src) by extensions ['colcon_meta']
[4.532s] Level 1:colcon.colcon_core.package_identification:_identify(src) by extension 'colcon_meta'
[4.532s] Level 1:colcon.colcon_core.package_identification:_identify(src) by extensions ['ros']
[4.532s] Level 1:colcon.colcon_core.package_identification:_identify(src) by extension 'ros'
[4.532s] Level 1:colcon.colcon_core.package_identification:_identify(src) by extensions ['cmake', 'python']
[4.532s] Level 1:colcon.colcon_core.package_identification:_identify(src) by extension 'cmake'
[4.532s] Level 1:colcon.colcon_core.package_identification:_identify(src) by extension 'python'
[4.533s] Level 1:colcon.colcon_core.package_identification:_identify(src) by extensions ['python_setup_py']
[4.533s] Level 1:colcon.colcon_core.package_identification:_identify(src) by extension 'python_setup_py'
[4.533s] Level 1:colcon.colcon_core.package_identification:_identify(src/joy) by extensions ['ignore', 'ignore_ament_install']
[4.533s] Level 1:colcon.colcon_core.package_identification:_identify(src/joy) by extension 'ignore'
[4.533s] Level 1:colcon.colcon_core.package_identification:_identify(src/joy) by extension 'ignore_ament_install'
[4.533s] Level 1:colcon.colcon_core.package_identification:_identify(src/joy) by extensions ['colcon_pkg']
[4.533s] Level 1:colcon.colcon_core.package_identification:_identify(src/joy) by extension 'colcon_pkg'
[4.533s] Level 1:colcon.colcon_core.package_identification:_identify(src/joy) by extensions ['colcon_meta']
[4.533s] Level 1:colcon.colcon_core.package_identification:_identify(src/joy) by extension 'colcon_meta'
[4.533s] Level 1:colcon.colcon_core.package_identification:_identify(src/joy) by extensions ['ros']
[4.534s] Level 1:colcon.colcon_core.package_identification:_identify(src/joy) by extension 'ros'
[4.539s] DEBUG:colcon.colcon_core.package_identification:Package 'src/joy' with type 'ros.ament_cmake' and name 'joy'
[4.539s] Level 1:colcon.colcon_core.package_identification:_identify(src/vesc_foxy) by extensions ['ignore', 'ignore_ament_install']
[4.540s] Level 1:colcon.colcon_core.package_identification:_identify(src/vesc_foxy) by extension 'ignore'
[4.540s] Level 1:colcon.colcon_core.package_identification:_identify(src/vesc_foxy) by extension 'ignore_ament_install'
[4.540s] Level 1:colcon.colcon_core.package_identification:_identify(src/vesc_foxy) by extensions ['colcon_pkg']
[4.540s] Level 1:colcon.colcon_core.package_identification:_identify(src/vesc_foxy) by extension 'colcon_pkg'
[4.540s] Level 1:colcon.colcon_core.package_identification:_identify(src/vesc_foxy) by extensions ['colcon_meta']
[4.540s] Level 1:colcon.colcon_core.package_identification:_identify(src/vesc_foxy) by extension 'colcon_meta'
[4.540s] Level 1:colcon.colcon_core.package_identification:_identify(src/vesc_foxy) by extensions ['ros']
[4.540s] Level 1:colcon.colcon_core.package_identification:_identify(src/vesc_foxy) by extension 'ros'
[4.540s] Level 1:colcon.colcon_core.package_identification:_identify(src/vesc_foxy) by extensions ['cmake', 'python']
[4.541s] Level 1:colcon.colcon_core.package_identification:_identify(src/vesc_foxy) by extension 'cmake'
[4.541s] Level 1:colcon.colcon_core.package_identification:_identify(src/vesc_foxy) by extension 'python'
[4.541s] Level 1:colcon.colcon_core.package_identification:_identify(src/vesc_foxy) by extensions ['python_setup_py']
[4.541s] Level 1:colcon.colcon_core.package_identification:_identify(src/vesc_foxy) by extension 'python_setup_py'
[4.541s] Level 1:colcon.colcon_core.package_identification:_identify(src/vesc_foxy/vesc) by extensions ['ignore', 'ignore_ament_install']
[4.541s] Level 1:colcon.colcon_core.package_identification:_identify(src/vesc_foxy/vesc) by extension 'ignore'
[4.541s] Level 1:colcon.colcon_core.package_identification:_identify(src/vesc_foxy/vesc) by extension 'ignore_ament_install'
[4.541s] Level 1:colcon.colcon_core.package_identification:_identify(src/vesc_foxy/vesc) by extensions ['colcon_pkg']
[4.541s] Level 1:colcon.colcon_core.package_identification:_identify(src/vesc_foxy/vesc) by extension 'colcon_pkg'
[4.542s] Level 1:colcon.colcon_core.package_identification:_identify(src/vesc_foxy/vesc) by extensions ['colcon_meta']
[4.542s] Level 1:colcon.colcon_core.package_identification:_identify(src/vesc_foxy/vesc) by extension 'colcon_meta'
[4.542s] Level 1:colcon.colcon_core.package_identification:_identify(src/vesc_foxy/vesc) by extensions ['ros']
[4.542s] Level 1:colcon.colcon_core.package_identification:_identify(src/vesc_foxy/vesc) by extension 'ros'
[4.543s] DEBUG:colcon.colcon_core.package_identification:Package 'src/vesc_foxy/vesc' with type 'ros.ament_cmake' and name 'vesc'
[4.543s] Level 1:colcon.colcon_core.package_identification:_identify(src/vesc_foxy/vesc_ackermann) by extensions ['ignore', 'ignore_ament_install']
[4.543s] Level 1:colcon.colcon_core.package_identification:_identify(src/vesc_foxy/vesc_ackermann) by extension 'ignore'
[4.543s] Level 1:colcon.colcon_core.package_identification:_identify(src/vesc_foxy/vesc_ackermann) by extension 'ignore_ament_install'
[4.544s] Level 1:colcon.colcon_core.package_identification:_identify(src/vesc_foxy/vesc_ackermann) by extensions ['colcon_pkg']
[4.544s] Level 1:colcon.colcon_core.package_identification:_identify(src/vesc_foxy/vesc_ackermann) by extension 'colcon_pkg'
[4.544s] Level 1:colcon.colcon_core.package_identification:_identify(src/vesc_foxy/vesc_ackermann) by extensions ['colcon_meta']
[4.544s] Level 1:colcon.colcon_core.package_identification:_identify(src/vesc_foxy/vesc_ackermann) by extension 'colcon_meta'
[4.544s] Level 1:colcon.colcon_core.package_identification:_identify(src/vesc_foxy/vesc_ackermann) by extensions ['ros']
[4.544s] Level 1:colcon.colcon_core.package_identification:_identify(src/vesc_foxy/vesc_ackermann) by extension 'ros'
[4.546s] DEBUG:colcon.colcon_core.package_identification:Package 'src/vesc_foxy/vesc_ackermann' with type 'ros.ament_cmake' and name 'vesc_ackermann'
[4.546s] Level 1:colcon.colcon_core.package_identification:_identify(src/vesc_foxy/vesc_driver) by extensions ['ignore', 'ignore_ament_install']
[4.547s] Level 1:colcon.colcon_core.package_identification:_identify(src/vesc_foxy/vesc_driver) by extension 'ignore'
[4.547s] Level 1:colcon.colcon_core.package_identification:_identify(src/vesc_foxy/vesc_driver) by extension 'ignore_ament_install'
[4.547s] Level 1:colcon.colcon_core.package_identification:_identify(src/vesc_foxy/vesc_driver) by extensions ['colcon_pkg']
[4.547s] Level 1:colcon.colcon_core.package_identification:_identify(src/vesc_foxy/vesc_driver) by extension 'colcon_pkg'
[4.547s] Level 1:colcon.colcon_core.package_identification:_identify(src/vesc_foxy/vesc_driver) by extensions ['colcon_meta']
[4.547s] Level 1:colcon.colcon_core.package_identification:_identify(src/vesc_foxy/vesc_driver) by extension 'colcon_meta'
[4.547s] Level 1:colcon.colcon_core.package_identification:_identify(src/vesc_foxy/vesc_driver) by extensions ['ros']
[4.547s] Level 1:colcon.colcon_core.package_identification:_identify(src/vesc_foxy/vesc_driver) by extension 'ros'
[4.549s] DEBUG:colcon.colcon_core.package_identification:Package 'src/vesc_foxy/vesc_driver' with type 'ros.ament_cmake' and name 'vesc_driver'
[4.549s] Level 1:colcon.colcon_core.package_identification:_identify(src/vesc_foxy/vesc_msgs) by extensions ['ignore', 'ignore_ament_install']
[4.550s] Level 1:colcon.colcon_core.package_identification:_identify(src/vesc_foxy/vesc_msgs) by extension 'ignore'
[4.550s] Level 1:colcon.colcon_core.package_identification:_identify(src/vesc_foxy/vesc_msgs) by extension 'ignore_ament_install'
[4.550s] Level 1:colcon.colcon_core.package_identification:_identify(src/vesc_foxy/vesc_msgs) by extensions ['colcon_pkg']
[4.550s] Level 1:colcon.colcon_core.package_identification:_identify(src/vesc_foxy/vesc_msgs) by extension 'colcon_pkg'
[4.550s] Level 1:colcon.colcon_core.package_identification:_identify(src/vesc_foxy/vesc_msgs) by extensions ['colcon_meta']
[4.550s] Level 1:colcon.colcon_core.package_identification:_identify(src/vesc_foxy/vesc_msgs) by extension 'colcon_meta'
[4.550s] Level 1:colcon.colcon_core.package_identification:_identify(src/vesc_foxy/vesc_msgs) by extensions ['ros']
[4.550s] Level 1:colcon.colcon_core.package_identification:_identify(src/vesc_foxy/vesc_msgs) by extension 'ros'
[4.552s] DEBUG:colcon.colcon_core.package_identification:Package 'src/vesc_foxy/vesc_msgs' with type 'ros.ament_cmake' and name 'vesc_msgs'
[4.552s] Level 1:colcon.colcon_core.package_discovery:discover_packages(recursive) using defaults
[4.552s] Level 1:colcon.colcon_core.package_discovery:discover_packages(ignore) discover
[4.552s] Level 1:colcon.colcon_core.package_discovery:discover_packages(ignore) using defaults
[4.552s] Level 1:colcon.colcon_core.package_discovery:discover_packages(path) discover
[4.552s] Level 1:colcon.colcon_core.package_discovery:discover_packages(path) using defaults
[4.945s] Level 1:colcon.colcon_core.package_discovery:discover_packages(prefix_path) check parameters
[4.945s] Level 1:colcon.colcon_core.package_discovery:discover_packages(prefix_path) discover
[5.118s] DEBUG:colcon.colcon_installed_package_information.package_discovery:Found 257 installed packages in /opt/ros/foxy
[5.121s] Level 1:colcon.colcon_core.package_discovery:discover_packages(prefix_path) using defaults
[5.405s] Level 5:colcon.colcon_core.verb:set package 'joy' build argument 'cmake_args' from command line to 'None'
[5.405s] Level 5:colcon.colcon_core.verb:set package 'joy' build argument 'cmake_target' from command line to 'None'
[5.405s] Level 5:colcon.colcon_core.verb:set package 'joy' build argument 'cmake_target_skip_unavailable' from command line to 'False'
[5.405s] Level 5:colcon.colcon_core.verb:set package 'joy' build argument 'cmake_clean_cache' from command line to 'False'
[5.405s] Level 5:colcon.colcon_core.verb:set package 'joy' build argument 'cmake_clean_first' from command line to 'False'
[5.405s] Level 5:colcon.colcon_core.verb:set package 'joy' build argument 'cmake_force_configure' from command line to 'False'
[5.405s] Level 5:colcon.colcon_core.verb:set package 'joy' build argument 'ament_cmake_args' from command line to 'None'
[5.405s] Level 5:colcon.colcon_core.verb:set package 'joy' build argument 'catkin_cmake_args' from command line to 'None'
[5.405s] Level 5:colcon.colcon_core.verb:set package 'joy' build argument 'catkin_skip_building_tests' from command line to 'False'
[5.406s] DEBUG:colcon.colcon_core.verb:Building package 'joy' with the following arguments: {'ament_cmake_args': None, 'build_base': '/home/orin_nano/demo/build/joy', 'catkin_cmake_args': None, 'catkin_skip_building_tests': False, 'cmake_args': None, 'cmake_clean_cache': False, 'cmake_clean_first': False, 'cmake_force_configure': False, 'cmake_target': None, 'cmake_target_skip_unavailable': False, 'install_base': '/home/orin_nano/demo/install/joy', 'merge_install': False, 'path': '/home/orin_nano/demo/src/joy', 'symlink_install': False, 'test_result_base': None}
[5.477s] Level 5:colcon.colcon_core.verb:set package 'vesc_msgs' build argument 'cmake_args' from command line to 'None'
[5.477s] Level 5:colcon.colcon_core.verb:set package 'vesc_msgs' build argument 'cmake_target' from command line to 'None'
[5.477s] Level 5:colcon.colcon_core.verb:set package 'vesc_msgs' build argument 'cmake_target_skip_unavailable' from command line to 'False'
[5.477s] Level 5:colcon.colcon_core.verb:set package 'vesc_msgs' build argument 'cmake_clean_cache' from command line to 'False'
[5.477s] Level 5:colcon.colcon_core.verb:set package 'vesc_msgs' build argument 'cmake_clean_first' from command line to 'False'
[5.477s] Level 5:colcon.colcon_core.verb:set package 'vesc_msgs' build argument 'cmake_force_configure' from command line to 'False'
[5.477s] Level 5:colcon.colcon_core.verb:set package 'vesc_msgs' build argument 'ament_cmake_args' from command line to 'None'
[5.477s] Level 5:colcon.colcon_core.verb:set package 'vesc_msgs' build argument 'catkin_cmake_args' from command line to 'None'
[5.477s] Level 5:colcon.colcon_core.verb:set package 'vesc_msgs' build argument 'catkin_skip_building_tests' from command line to 'False'
[5.477s] DEBUG:colcon.colcon_core.verb:Building package 'vesc_msgs' with the following arguments: {'ament_cmake_args': None, 'build_base': '/home/orin_nano/demo/build/vesc_msgs', 'catkin_cmake_args': None, 'catkin_skip_building_tests': False, 'cmake_args': None, 'cmake_clean_cache': False, 'cmake_clean_first': False, 'cmake_force_configure': False, 'cmake_target': None, 'cmake_target_skip_unavailable': False, 'install_base': '/home/orin_nano/demo/install/vesc_msgs', 'merge_install': False, 'path': '/home/orin_nano/demo/src/vesc_foxy/vesc_msgs', 'symlink_install': False, 'test_result_base': None}
[5.548s] Level 5:colcon.colcon_core.verb:set package 'vesc_ackermann' build argument 'cmake_args' from command line to 'None'
[5.548s] Level 5:colcon.colcon_core.verb:set package 'vesc_ackermann' build argument 'cmake_target' from command line to 'None'
[5.548s] Level 5:colcon.colcon_core.verb:set package 'vesc_ackermann' build argument 'cmake_target_skip_unavailable' from command line to 'False'
[5.549s] Level 5:colcon.colcon_core.verb:set package 'vesc_ackermann' build argument 'cmake_clean_cache' from command line to 'False'
[5.549s] Level 5:colcon.colcon_core.verb:set package 'vesc_ackermann' build argument 'cmake_clean_first' from command line to 'False'
[5.549s] Level 5:colcon.colcon_core.verb:set package 'vesc_ackermann' build argument 'cmake_force_configure' from command line to 'False'
[5.549s] Level 5:colcon.colcon_core.verb:set package 'vesc_ackermann' build argument 'ament_cmake_args' from command line to 'None'
[5.549s] Level 5:colcon.colcon_core.verb:set package 'vesc_ackermann' build argument 'catkin_cmake_args' from command line to 'None'
[5.549s] Level 5:colcon.colcon_core.verb:set package 'vesc_ackermann' build argument 'catkin_skip_building_tests' from command line to 'False'
[5.549s] DEBUG:colcon.colcon_core.verb:Building package 'vesc_ackermann' with the following arguments: {'ament_cmake_args': None, 'build_base': '/home/orin_nano/demo/build/vesc_ackermann', 'catkin_cmake_args': None, 'catkin_skip_building_tests': False, 'cmake_args': None, 'cmake_clean_cache': False, 'cmake_clean_first': False, 'cmake_force_configure': False, 'cmake_target': None, 'cmake_target_skip_unavailable': False, 'install_base': '/home/orin_nano/demo/install/vesc_ackermann', 'merge_install': False, 'path': '/home/orin_nano/demo/src/vesc_foxy/vesc_ackermann', 'symlink_install': False, 'test_result_base': None}
[5.620s] Level 5:colcon.colcon_core.verb:set package 'vesc_driver' build argument 'cmake_args' from command line to 'None'
[5.620s] Level 5:colcon.colcon_core.verb:set package 'vesc_driver' build argument 'cmake_target' from command line to 'None'
[5.620s] Level 5:colcon.colcon_core.verb:set package 'vesc_driver' build argument 'cmake_target_skip_unavailable' from command line to 'False'
[5.620s] Level 5:colcon.colcon_core.verb:set package 'vesc_driver' build argument 'cmake_clean_cache' from command line to 'False'
[5.621s] Level 5:colcon.colcon_core.verb:set package 'vesc_driver' build argument 'cmake_clean_first' from command line to 'False'
[5.621s] Level 5:colcon.colcon_core.verb:set package 'vesc_driver' build argument 'cmake_force_configure' from command line to 'False'
[5.621s] Level 5:colcon.colcon_core.verb:set package 'vesc_driver' build argument 'ament_cmake_args' from command line to 'None'
[5.621s] Level 5:colcon.colcon_core.verb:set package 'vesc_driver' build argument 'catkin_cmake_args' from command line to 'None'
[5.621s] Level 5:colcon.colcon_core.verb:set package 'vesc_driver' build argument 'catkin_skip_building_tests' from command line to 'False'
[5.621s] DEBUG:colcon.colcon_core.verb:Building package 'vesc_driver' with the following arguments: {'ament_cmake_args': None, 'build_base': '/home/orin_nano/demo/build/vesc_driver', 'catkin_cmake_args': None, 'catkin_skip_building_tests': False, 'cmake_args': None, 'cmake_clean_cache': False, 'cmake_clean_first': False, 'cmake_force_configure': False, 'cmake_target': None, 'cmake_target_skip_unavailable': False, 'install_base': '/home/orin_nano/demo/install/vesc_driver', 'merge_install': False, 'path': '/home/orin_nano/demo/src/vesc_foxy/vesc_driver', 'symlink_install': False, 'test_result_base': None}
[5.692s] Level 5:colcon.colcon_core.verb:set package 'vesc' build argument 'cmake_args' from command line to 'None'
[5.692s] Level 5:colcon.colcon_core.verb:set package 'vesc' build argument 'cmake_target' from command line to 'None'
[5.692s] Level 5:colcon.colcon_core.verb:set package 'vesc' build argument 'cmake_target_skip_unavailable' from command line to 'False'
[5.692s] Level 5:colcon.colcon_core.verb:set package 'vesc' build argument 'cmake_clean_cache' from command line to 'False'
[5.693s] Level 5:colcon.colcon_core.verb:set package 'vesc' build argument 'cmake_clean_first' from command line to 'False'
[5.693s] Level 5:colcon.colcon_core.verb:set package 'vesc' build argument 'cmake_force_configure' from command line to 'False'
[5.693s] Level 5:colcon.colcon_core.verb:set package 'vesc' build argument 'ament_cmake_args' from command line to 'None'
[5.693s] Level 5:colcon.colcon_core.verb:set package 'vesc' build argument 'catkin_cmake_args' from command line to 'None'
[5.693s] Level 5:colcon.colcon_core.verb:set package 'vesc' build argument 'catkin_skip_building_tests' from command line to 'False'
[5.693s] DEBUG:colcon.colcon_core.verb:Building package 'vesc' with the following arguments: {'ament_cmake_args': None, 'build_base': '/home/orin_nano/demo/build/vesc', 'catkin_cmake_args': None, 'catkin_skip_building_tests': False, 'cmake_args': None, 'cmake_clean_cache': False, 'cmake_clean_first': False, 'cmake_force_configure': False, 'cmake_target': None, 'cmake_target_skip_unavailable': False, 'install_base': '/home/orin_nano/demo/install/vesc', 'merge_install': False, 'path': '/home/orin_nano/demo/src/vesc_foxy/vesc', 'symlink_install': False, 'test_result_base': None}
[5.763s] INFO:colcon.colcon_core.executor:Executing jobs using 'parallel' executor
[5.836s] DEBUG:colcon.colcon_parallel_executor.executor.parallel:run_until_complete
[5.836s] INFO:colcon.colcon_ros.task.ament_cmake.build:Building ROS package in '/home/orin_nano/demo/src/vesc_foxy/vesc_msgs' with build type 'ament_cmake'
[5.837s] INFO:colcon.colcon_cmake.task.cmake.build:Building CMake package in '/home/orin_nano/demo/src/vesc_foxy/vesc_msgs'
[5.917s] INFO:colcon.colcon_core.plugin_system:Skipping extension 'colcon_core.shell.bat': Not used on non-Windows systems
[5.918s] INFO:colcon.colcon_core.shell:Skip shell extension 'powershell' for command environment: Not usable outside of PowerShell
[5.918s] DEBUG:colcon.colcon_core.shell:Skip shell extension 'dsv' for command environment
[6.078s] INFO:colcon.colcon_ros.task.ament_cmake.build:Building ROS package in '/home/orin_nano/demo/src/joy' with build type 'ament_cmake'
[6.078s] INFO:colcon.colcon_cmake.task.cmake.build:Building CMake package in '/home/orin_nano/demo/src/joy'
[6.159s] INFO:colcon.colcon_core.shell:Skip shell extension 'powershell' for command environment: Not usable outside of PowerShell
[6.159s] DEBUG:colcon.colcon_core.shell:Skip shell extension 'dsv' for command environment
[6.326s] DEBUG:colcon.colcon_core.event_handler.log_command:Invoking command in '/home/orin_nano/demo/build/vesc_msgs': CMAKE_PREFIX_PATH=/opt/ros/foxy /usr/bin/cmake --build /home/orin_nano/demo/build/vesc_msgs -- -j6 -l6
[6.341s] DEBUG:colcon.colcon_core.event_handler.log_command:Invoking command in '/home/orin_nano/demo/build/joy': CMAKE_PREFIX_PATH=/opt/ros/foxy /usr/bin/cmake --build /home/orin_nano/demo/build/joy -- -j6 -l6
[6.490s] DEBUG:colcon.colcon_core.event_handler.log_command:Invoked command in '/home/orin_nano/demo/build/joy' returned '0': CMAKE_PREFIX_PATH=/opt/ros/foxy /usr/bin/cmake --build /home/orin_nano/demo/build/joy -- -j6 -l6
[6.566s] DEBUG:colcon.colcon_core.event_handler.log_command:Invoking command in '/home/orin_nano/demo/build/joy': CMAKE_PREFIX_PATH=/opt/ros/foxy /usr/bin/cmake --install /home/orin_nano/demo/build/joy
[6.590s] Level 1:colcon.colcon_core.environment:create_environment_scripts_only(joy)
[6.591s] DEBUG:colcon.colcon_core.event_handler.log_command:Invoked command in '/home/orin_nano/demo/build/joy' returned '0': CMAKE_PREFIX_PATH=/opt/ros/foxy /usr/bin/cmake --install /home/orin_nano/demo/build/joy
[6.713s] Level 1:colcon.colcon_core.environment:checking '/home/orin_nano/demo/install/joy' for CMake module files
[6.715s] Level 1:colcon.colcon_core.environment:checking '/home/orin_nano/demo/install/joy' for CMake config files
[6.716s] Level 1:colcon.colcon_core.shell:create_environment_hook('joy', 'cmake_prefix_path')
[6.794s] INFO:colcon.colcon_core.shell:Creating environment hook '/home/orin_nano/demo/install/joy/share/joy/hook/cmake_prefix_path.ps1'
[6.796s] INFO:colcon.colcon_core.shell:Creating environment descriptor '/home/orin_nano/demo/install/joy/share/joy/hook/cmake_prefix_path.dsv'
[6.797s] INFO:colcon.colcon_core.shell:Creating environment hook '/home/orin_nano/demo/install/joy/share/joy/hook/cmake_prefix_path.sh'
[6.798s] Level 1:colcon.colcon_core.environment:checking '/home/orin_nano/demo/install/joy/lib'
[6.799s] Level 1:colcon.colcon_core.shell:create_environment_hook('joy', 'ld_library_path_lib')
[6.873s] INFO:colcon.colcon_core.shell:Creating environment hook '/home/orin_nano/demo/install/joy/share/joy/hook/ld_library_path_lib.ps1'
[6.874s] INFO:colcon.colcon_core.shell:Creating environment descriptor '/home/orin_nano/demo/install/joy/share/joy/hook/ld_library_path_lib.dsv'
[6.875s] INFO:colcon.colcon_core.shell:Creating environment hook '/home/orin_nano/demo/install/joy/share/joy/hook/ld_library_path_lib.sh'
[6.876s] Level 1:colcon.colcon_core.environment:checking '/home/orin_nano/demo/install/joy/bin'
[6.876s] Level 1:colcon.colcon_core.environment:checking '/home/orin_nano/demo/install/joy/lib/pkgconfig/joy.pc'
[6.876s] Level 1:colcon.colcon_core.environment:checking '/home/orin_nano/demo/install/joy/lib/python3.8/site-packages'
[6.876s] Level 1:colcon.colcon_core.environment:checking '/home/orin_nano/demo/install/joy/bin'
[6.950s] INFO:colcon.colcon_core.shell:Creating package script '/home/orin_nano/demo/install/joy/share/joy/package.ps1'
[6.952s] INFO:colcon.colcon_core.shell:Creating package descriptor '/home/orin_nano/demo/install/joy/share/joy/package.dsv'
[6.953s] INFO:colcon.colcon_core.shell:Creating package script '/home/orin_nano/demo/install/joy/share/joy/package.sh'
[6.954s] INFO:colcon.colcon_core.shell:Creating package script '/home/orin_nano/demo/install/joy/share/joy/package.bash'
[6.956s] INFO:colcon.colcon_core.shell:Creating package script '/home/orin_nano/demo/install/joy/share/joy/package.zsh'
[6.957s] Level 1:colcon.colcon_core.environment:create_file_with_runtime_dependencies(/home/orin_nano/demo/install/joy/share/colcon-core/packages/joy)
[6.966s] DEBUG:colcon.colcon_core.event_handler.log_command:Invoked command in '/home/orin_nano/demo/build/vesc_msgs' returned '0': CMAKE_PREFIX_PATH=/opt/ros/foxy /usr/bin/cmake --build /home/orin_nano/demo/build/vesc_msgs -- -j6 -l6
[7.089s] Level 1:colcon.colcon_core.environment:create_environment_scripts_only(joy)
[7.163s] Level 1:colcon.colcon_core.environment:checking '/home/orin_nano/demo/install/joy' for CMake module files
[7.164s] Level 1:colcon.colcon_core.environment:checking '/home/orin_nano/demo/install/joy' for CMake config files
[7.165s] Level 1:colcon.colcon_core.shell:create_environment_hook('joy', 'cmake_prefix_path')
[7.238s] INFO:colcon.colcon_core.shell:Creating environment hook '/home/orin_nano/demo/install/joy/share/joy/hook/cmake_prefix_path.ps1'
[7.239s] INFO:colcon.colcon_core.shell:Creating environment descriptor '/home/orin_nano/demo/install/joy/share/joy/hook/cmake_prefix_path.dsv'
[7.240s] INFO:colcon.colcon_core.shell:Creating environment hook '/home/orin_nano/demo/install/joy/share/joy/hook/cmake_prefix_path.sh'
[7.241s] Level 1:colcon.colcon_core.environment:checking '/home/orin_nano/demo/install/joy/lib'
[7.241s] Level 1:colcon.colcon_core.shell:create_environment_hook('joy', 'ld_library_path_lib')
[7.316s] INFO:colcon.colcon_core.shell:Creating environment hook '/home/orin_nano/demo/install/joy/share/joy/hook/ld_library_path_lib.ps1'
[7.317s] INFO:colcon.colcon_core.shell:Creating environment descriptor '/home/orin_nano/demo/install/joy/share/joy/hook/ld_library_path_lib.dsv'
[7.317s] INFO:colcon.colcon_core.shell:Creating environment hook '/home/orin_nano/demo/install/joy/share/joy/hook/ld_library_path_lib.sh'
[7.318s] Level 1:colcon.colcon_core.environment:checking '/home/orin_nano/demo/install/joy/bin'
[7.318s] Level 1:colcon.colcon_core.environment:checking '/home/orin_nano/demo/install/joy/lib/pkgconfig/joy.pc'
[7.319s] Level 1:colcon.colcon_core.environment:checking '/home/orin_nano/demo/install/joy/lib/python3.8/site-packages'
[7.319s] Level 1:colcon.colcon_core.environment:checking '/home/orin_nano/demo/install/joy/bin'
[7.393s] INFO:colcon.colcon_core.shell:Creating package script '/home/orin_nano/demo/install/joy/share/joy/package.ps1'
[7.395s] INFO:colcon.colcon_core.shell:Creating package descriptor '/home/orin_nano/demo/install/joy/share/joy/package.dsv'
[7.396s] INFO:colcon.colcon_core.shell:Creating package script '/home/orin_nano/demo/install/joy/share/joy/package.sh'
[7.397s] INFO:colcon.colcon_core.shell:Creating package script '/home/orin_nano/demo/install/joy/share/joy/package.bash'
[7.397s] INFO:colcon.colcon_core.shell:Creating package script '/home/orin_nano/demo/install/joy/share/joy/package.zsh'
[7.398s] Level 1:colcon.colcon_core.environment:create_file_with_runtime_dependencies(/home/orin_nano/demo/install/joy/share/colcon-core/packages/joy)
[7.407s] DEBUG:colcon.colcon_core.event_handler.log_command:Invoking command in '/home/orin_nano/demo/build/vesc_msgs': CMAKE_PREFIX_PATH=/opt/ros/foxy /usr/bin/cmake --install /home/orin_nano/demo/build/vesc_msgs
[7.514s] Level 1:colcon.colcon_core.environment:create_environment_scripts_only(vesc_msgs)
[7.515s] DEBUG:colcon.colcon_core.event_handler.log_command:Invoked command in '/home/orin_nano/demo/build/vesc_msgs' returned '0': CMAKE_PREFIX_PATH=/opt/ros/foxy /usr/bin/cmake --install /home/orin_nano/demo/build/vesc_msgs
[7.592s] Level 1:colcon.colcon_core.environment:checking '/home/orin_nano/demo/install/vesc_msgs' for CMake module files
[7.593s] Level 1:colcon.colcon_core.environment:checking '/home/orin_nano/demo/install/vesc_msgs' for CMake config files
[7.594s] Level 1:colcon.colcon_core.shell:create_environment_hook('vesc_msgs', 'cmake_prefix_path')
[7.668s] INFO:colcon.colcon_core.shell:Creating environment hook '/home/orin_nano/demo/install/vesc_msgs/share/vesc_msgs/hook/cmake_prefix_path.ps1'
[7.670s] INFO:colcon.colcon_core.shell:Creating environment descriptor '/home/orin_nano/demo/install/vesc_msgs/share/vesc_msgs/hook/cmake_prefix_path.dsv'
[7.670s] INFO:colcon.colcon_core.shell:Creating environment hook '/home/orin_nano/demo/install/vesc_msgs/share/vesc_msgs/hook/cmake_prefix_path.sh'
[7.672s] Level 1:colcon.colcon_core.environment:checking '/home/orin_nano/demo/install/vesc_msgs/lib'
[7.672s] Level 1:colcon.colcon_core.shell:create_environment_hook('vesc_msgs', 'ld_library_path_lib')
[7.745s] INFO:colcon.colcon_core.shell:Creating environment hook '/home/orin_nano/demo/install/vesc_msgs/share/vesc_msgs/hook/ld_library_path_lib.ps1'
[7.746s] INFO:colcon.colcon_core.shell:Creating environment descriptor '/home/orin_nano/demo/install/vesc_msgs/share/vesc_msgs/hook/ld_library_path_lib.dsv'
[7.747s] INFO:colcon.colcon_core.shell:Creating environment hook '/home/orin_nano/demo/install/vesc_msgs/share/vesc_msgs/hook/ld_library_path_lib.sh'
[7.748s] Level 1:colcon.colcon_core.environment:checking '/home/orin_nano/demo/install/vesc_msgs/bin'
[7.748s] Level 1:colcon.colcon_core.environment:checking '/home/orin_nano/demo/install/vesc_msgs/lib/pkgconfig/vesc_msgs.pc'
[7.748s] Level 1:colcon.colcon_core.environment:checking '/home/orin_nano/demo/install/vesc_msgs/lib/python3.8/site-packages'
[7.748s] Level 1:colcon.colcon_core.shell:create_environment_hook('vesc_msgs', 'pythonpath')
[7.822s] INFO:colcon.colcon_core.shell:Creating environment hook '/home/orin_nano/demo/install/vesc_msgs/share/vesc_msgs/hook/pythonpath.ps1'
[7.823s] INFO:colcon.colcon_core.shell:Creating environment descriptor '/home/orin_nano/demo/install/vesc_msgs/share/vesc_msgs/hook/pythonpath.dsv'
[7.824s] INFO:colcon.colcon_core.shell:Creating environment hook '/home/orin_nano/demo/install/vesc_msgs/share/vesc_msgs/hook/pythonpath.sh'
[7.825s] Level 1:colcon.colcon_core.environment:checking '/home/orin_nano/demo/install/vesc_msgs/bin'
[7.898s] INFO:colcon.colcon_core.shell:Creating package script '/home/orin_nano/demo/install/vesc_msgs/share/vesc_msgs/package.ps1'
[7.899s] INFO:colcon.colcon_core.shell:Creating package descriptor '/home/orin_nano/demo/install/vesc_msgs/share/vesc_msgs/package.dsv'
[7.900s] INFO:colcon.colcon_core.shell:Creating package script '/home/orin_nano/demo/install/vesc_msgs/share/vesc_msgs/package.sh'
[7.901s] INFO:colcon.colcon_core.shell:Creating package script '/home/orin_nano/demo/install/vesc_msgs/share/vesc_msgs/package.bash'
[7.902s] INFO:colcon.colcon_core.shell:Creating package script '/home/orin_nano/demo/install/vesc_msgs/share/vesc_msgs/package.zsh'
[7.902s] Level 1:colcon.colcon_core.environment:create_file_with_runtime_dependencies(/home/orin_nano/demo/install/vesc_msgs/share/colcon-core/packages/vesc_msgs)
[8.139s] Level 1:colcon.colcon_core.environment:create_environment_scripts_only(vesc_msgs)
[8.215s] Level 1:colcon.colcon_core.environment:checking '/home/orin_nano/demo/install/vesc_msgs' for CMake module files
[8.216s] Level 1:colcon.colcon_core.environment:checking '/home/orin_nano/demo/install/vesc_msgs' for CMake config files
[8.217s] Level 1:colcon.colcon_core.shell:create_environment_hook('vesc_msgs', 'cmake_prefix_path')
[8.292s] INFO:colcon.colcon_core.shell:Creating environment hook '/home/orin_nano/demo/install/vesc_msgs/share/vesc_msgs/hook/cmake_prefix_path.ps1'
[8.293s] INFO:colcon.colcon_core.shell:Creating environment descriptor '/home/orin_nano/demo/install/vesc_msgs/share/vesc_msgs/hook/cmake_prefix_path.dsv'
[8.294s] INFO:colcon.colcon_core.shell:Creating environment hook '/home/orin_nano/demo/install/vesc_msgs/share/vesc_msgs/hook/cmake_prefix_path.sh'
[8.295s] Level 1:colcon.colcon_core.environment:checking '/home/orin_nano/demo/install/vesc_msgs/lib'
[8.295s] Level 1:colcon.colcon_core.shell:create_environment_hook('vesc_msgs', 'ld_library_path_lib')
[8.370s] INFO:colcon.colcon_core.shell:Creating environment hook '/home/orin_nano/demo/install/vesc_msgs/share/vesc_msgs/hook/ld_library_path_lib.ps1'
[8.371s] INFO:colcon.colcon_core.shell:Creating environment descriptor '/home/orin_nano/demo/install/vesc_msgs/share/vesc_msgs/hook/ld_library_path_lib.dsv'
[8.371s] INFO:colcon.colcon_core.shell:Creating environment hook '/home/orin_nano/demo/install/vesc_msgs/share/vesc_msgs/hook/ld_library_path_lib.sh'
[8.372s] Level 1:colcon.colcon_core.environment:checking '/home/orin_nano/demo/install/vesc_msgs/bin'
[8.372s] Level 1:colcon.colcon_core.environment:checking '/home/orin_nano/demo/install/vesc_msgs/lib/pkgconfig/vesc_msgs.pc'
[8.373s] Level 1:colcon.colcon_core.environment:checking '/home/orin_nano/demo/install/vesc_msgs/lib/python3.8/site-packages'
[8.373s] Level 1:colcon.colcon_core.shell:create_environment_hook('vesc_msgs', 'pythonpath')
[8.446s] INFO:colcon.colcon_core.shell:Creating environment hook '/home/orin_nano/demo/install/vesc_msgs/share/vesc_msgs/hook/pythonpath.ps1'
[8.448s] INFO:colcon.colcon_core.shell:Creating environment descriptor '/home/orin_nano/demo/install/vesc_msgs/share/vesc_msgs/hook/pythonpath.dsv'
[8.448s] INFO:colcon.colcon_core.shell:Creating environment hook '/home/orin_nano/demo/install/vesc_msgs/share/vesc_msgs/hook/pythonpath.sh'
[8.449s] Level 1:colcon.colcon_core.environment:checking '/home/orin_nano/demo/install/vesc_msgs/bin'
[8.523s] INFO:colcon.colcon_core.shell:Creating package script '/home/orin_nano/demo/install/vesc_msgs/share/vesc_msgs/package.ps1'
[8.525s] INFO:colcon.colcon_core.shell:Creating package descriptor '/home/orin_nano/demo/install/vesc_msgs/share/vesc_msgs/package.dsv'
[8.526s] INFO:colcon.colcon_core.shell:Creating package script '/home/orin_nano/demo/install/vesc_msgs/share/vesc_msgs/package.sh'
[8.527s] INFO:colcon.colcon_core.shell:Creating package script '/home/orin_nano/demo/install/vesc_msgs/share/vesc_msgs/package.bash'
[8.528s] INFO:colcon.colcon_core.shell:Creating package script '/home/orin_nano/demo/install/vesc_msgs/share/vesc_msgs/package.zsh'
[8.528s] Level 1:colcon.colcon_core.environment:create_file_with_runtime_dependencies(/home/orin_nano/demo/install/vesc_msgs/share/colcon-core/packages/vesc_msgs)
[8.529s] INFO:colcon.colcon_ros.task.ament_cmake.build:Building ROS package in '/home/orin_nano/demo/src/vesc_foxy/vesc_ackermann' with build type 'ament_cmake'
[8.530s] INFO:colcon.colcon_cmake.task.cmake.build:Building CMake package in '/home/orin_nano/demo/src/vesc_foxy/vesc_ackermann'
[8.606s] INFO:colcon.colcon_core.shell:Skip shell extension 'powershell' for command environment: Not usable outside of PowerShell
[8.606s] DEBUG:colcon.colcon_core.shell:Skip shell extension 'dsv' for command environment
[8.759s] INFO:colcon.colcon_ros.task.ament_cmake.build:Building ROS package in '/home/orin_nano/demo/src/vesc_foxy/vesc_driver' with build type 'ament_cmake'
[8.760s] INFO:colcon.colcon_cmake.task.cmake.build:Building CMake package in '/home/orin_nano/demo/src/vesc_foxy/vesc_driver'
[8.836s] INFO:colcon.colcon_core.shell:Skip shell extension 'powershell' for command environment: Not usable outside of PowerShell
[8.836s] DEBUG:colcon.colcon_core.shell:Skip shell extension 'dsv' for command environment
[8.999s] DEBUG:colcon.colcon_core.event_handler.log_command:Invoking command in '/home/orin_nano/demo/build/vesc_ackermann': AMENT_PREFIX_PATH=/home/orin_nano/demo/install/vesc_msgs:${AMENT_PREFIX_PATH} CMAKE_PREFIX_PATH=/home/orin_nano/demo/install/vesc_msgs:/opt/ros/foxy LD_LIBRARY_PATH=/home/orin_nano/demo/install/vesc_msgs/lib:/opt/ros/foxy/opt/yaml_cpp_vendor/lib:/opt/ros/foxy/opt/rviz_ogre_vendor/lib:/opt/ros/foxy/lib/aarch64-linux-gnu:/opt/ros/foxy/lib:/usr/local/cuda-11.4/lib64 PYTHONPATH=/home/orin_nano/demo/install/vesc_msgs/lib/python3.8/site-packages:${PYTHONPATH} /usr/bin/cmake --build /home/orin_nano/demo/build/vesc_ackermann -- -j6 -l6
[9.009s] DEBUG:colcon.colcon_core.event_handler.log_command:Invoking command in '/home/orin_nano/demo/build/vesc_driver': AMENT_PREFIX_PATH=/home/orin_nano/demo/install/vesc_msgs:${AMENT_PREFIX_PATH} CMAKE_PREFIX_PATH=/home/orin_nano/demo/install/vesc_msgs:/opt/ros/foxy LD_LIBRARY_PATH=/home/orin_nano/demo/install/vesc_msgs/lib:/opt/ros/foxy/opt/yaml_cpp_vendor/lib:/opt/ros/foxy/opt/rviz_ogre_vendor/lib:/opt/ros/foxy/lib/aarch64-linux-gnu:/opt/ros/foxy/lib:/usr/local/cuda-11.4/lib64 PYTHONPATH=/home/orin_nano/demo/install/vesc_msgs/lib/python3.8/site-packages:${PYTHONPATH} /usr/bin/cmake --build /home/orin_nano/demo/build/vesc_driver -- -j6 -l6
[9.151s] DEBUG:colcon.colcon_core.event_handler.log_command:Invoked command in '/home/orin_nano/demo/build/vesc_ackermann' returned '0': AMENT_PREFIX_PATH=/home/orin_nano/demo/install/vesc_msgs:${AMENT_PREFIX_PATH} CMAKE_PREFIX_PATH=/home/orin_nano/demo/install/vesc_msgs:/opt/ros/foxy LD_LIBRARY_PATH=/home/orin_nano/demo/install/vesc_msgs/lib:/opt/ros/foxy/opt/yaml_cpp_vendor/lib:/opt/ros/foxy/opt/rviz_ogre_vendor/lib:/opt/ros/foxy/lib/aarch64-linux-gnu:/opt/ros/foxy/lib:/usr/local/cuda-11.4/lib64 PYTHONPATH=/home/orin_nano/demo/install/vesc_msgs/lib/python3.8/site-packages:${PYTHONPATH} /usr/bin/cmake --build /home/orin_nano/demo/build/vesc_ackermann -- -j6 -l6
[9.212s] DEBUG:colcon.colcon_core.event_handler.log_command:Invoking command in '/home/orin_nano/demo/build/vesc_ackermann': AMENT_PREFIX_PATH=/home/orin_nano/demo/install/vesc_msgs:${AMENT_PREFIX_PATH} CMAKE_PREFIX_PATH=/home/orin_nano/demo/install/vesc_msgs:/opt/ros/foxy LD_LIBRARY_PATH=/home/orin_nano/demo/install/vesc_msgs/lib:/opt/ros/foxy/opt/yaml_cpp_vendor/lib:/opt/ros/foxy/opt/rviz_ogre_vendor/lib:/opt/ros/foxy/lib/aarch64-linux-gnu:/opt/ros/foxy/lib:/usr/local/cuda-11.4/lib64 PYTHONPATH=/home/orin_nano/demo/install/vesc_msgs/lib/python3.8/site-packages:${PYTHONPATH} /usr/bin/cmake --install /home/orin_nano/demo/build/vesc_ackermann
[9.239s] Level 1:colcon.colcon_core.environment:create_environment_scripts_only(vesc_ackermann)
[9.241s] DEBUG:colcon.colcon_core.event_handler.log_command:Invoked command in '/home/orin_nano/demo/build/vesc_ackermann' returned '0': AMENT_PREFIX_PATH=/home/orin_nano/demo/install/vesc_msgs:${AMENT_PREFIX_PATH} CMAKE_PREFIX_PATH=/home/orin_nano/demo/install/vesc_msgs:/opt/ros/foxy LD_LIBRARY_PATH=/home/orin_nano/demo/install/vesc_msgs/lib:/opt/ros/foxy/opt/yaml_cpp_vendor/lib:/opt/ros/foxy/opt/rviz_ogre_vendor/lib:/opt/ros/foxy/lib/aarch64-linux-gnu:/opt/ros/foxy/lib:/usr/local/cuda-11.4/lib64 PYTHONPATH=/home/orin_nano/demo/install/vesc_msgs/lib/python3.8/site-packages:${PYTHONPATH} /usr/bin/cmake --install /home/orin_nano/demo/build/vesc_ackermann
[9.323s] Level 1:colcon.colcon_core.environment:checking '/home/orin_nano/demo/install/vesc_ackermann' for CMake module files
[9.325s] Level 1:colcon.colcon_core.environment:checking '/home/orin_nano/demo/install/vesc_ackermann' for CMake config files
[9.325s] Level 1:colcon.colcon_core.shell:create_environment_hook('vesc_ackermann', 'cmake_prefix_path')
[9.399s] INFO:colcon.colcon_core.shell:Creating environment hook '/home/orin_nano/demo/install/vesc_ackermann/share/vesc_ackermann/hook/cmake_prefix_path.ps1'
[9.401s] INFO:colcon.colcon_core.shell:Creating environment descriptor '/home/orin_nano/demo/install/vesc_ackermann/share/vesc_ackermann/hook/cmake_prefix_path.dsv'
[9.401s] INFO:colcon.colcon_core.shell:Creating environment hook '/home/orin_nano/demo/install/vesc_ackermann/share/vesc_ackermann/hook/cmake_prefix_path.sh'
[9.402s] Level 1:colcon.colcon_core.environment:checking '/home/orin_nano/demo/install/vesc_ackermann/lib'
[9.403s] Level 1:colcon.colcon_core.shell:create_environment_hook('vesc_ackermann', 'ld_library_path_lib')
[9.476s] INFO:colcon.colcon_core.shell:Creating environment hook '/home/orin_nano/demo/install/vesc_ackermann/share/vesc_ackermann/hook/ld_library_path_lib.ps1'
[9.477s] INFO:colcon.colcon_core.shell:Creating environment descriptor '/home/orin_nano/demo/install/vesc_ackermann/share/vesc_ackermann/hook/ld_library_path_lib.dsv'
[9.478s] INFO:colcon.colcon_core.shell:Creating environment hook '/home/orin_nano/demo/install/vesc_ackermann/share/vesc_ackermann/hook/ld_library_path_lib.sh'
[9.478s] Level 1:colcon.colcon_core.environment:checking '/home/orin_nano/demo/install/vesc_ackermann/bin'
[9.479s] Level 1:colcon.colcon_core.environment:checking '/home/orin_nano/demo/install/vesc_ackermann/lib/pkgconfig/vesc_ackermann.pc'
[9.479s] Level 1:colcon.colcon_core.environment:checking '/home/orin_nano/demo/install/vesc_ackermann/lib/python3.8/site-packages'
[9.479s] Level 1:colcon.colcon_core.environment:checking '/home/orin_nano/demo/install/vesc_ackermann/bin'
[9.553s] INFO:colcon.colcon_core.shell:Creating package script '/home/orin_nano/demo/install/vesc_ackermann/share/vesc_ackermann/package.ps1'
[9.554s] INFO:colcon.colcon_core.shell:Creating package descriptor '/home/orin_nano/demo/install/vesc_ackermann/share/vesc_ackermann/package.dsv'
[9.555s] INFO:colcon.colcon_core.shell:Creating package script '/home/orin_nano/demo/install/vesc_ackermann/share/vesc_ackermann/package.sh'
[9.556s] INFO:colcon.colcon_core.shell:Creating package script '/home/orin_nano/demo/install/vesc_ackermann/share/vesc_ackermann/package.bash'
[9.556s] INFO:colcon.colcon_core.shell:Creating package script '/home/orin_nano/demo/install/vesc_ackermann/share/vesc_ackermann/package.zsh'
[9.557s] Level 1:colcon.colcon_core.environment:create_file_with_runtime_dependencies(/home/orin_nano/demo/install/vesc_ackermann/share/colcon-core/packages/vesc_ackermann)
[9.565s] DEBUG:colcon.colcon_core.event_handler.log_command:Invoked command in '/home/orin_nano/demo/build/vesc_driver' returned '2': AMENT_PREFIX_PATH=/home/orin_nano/demo/install/vesc_msgs:${AMENT_PREFIX_PATH} CMAKE_PREFIX_PATH=/home/orin_nano/demo/install/vesc_msgs:/opt/ros/foxy LD_LIBRARY_PATH=/home/orin_nano/demo/install/vesc_msgs/lib:/opt/ros/foxy/opt/yaml_cpp_vendor/lib:/opt/ros/foxy/opt/rviz_ogre_vendor/lib:/opt/ros/foxy/lib/aarch64-linux-gnu:/opt/ros/foxy/lib:/usr/local/cuda-11.4/lib64 PYTHONPATH=/home/orin_nano/demo/install/vesc_msgs/lib/python3.8/site-packages:${PYTHONPATH} /usr/bin/cmake --build /home/orin_nano/demo/build/vesc_driver -- -j6 -l6
[9.690s] Level 1:colcon.colcon_core.environment:create_environment_scripts_only(vesc_ackermann)
[9.764s] Level 1:colcon.colcon_core.environment:checking '/home/orin_nano/demo/install/vesc_ackermann' for CMake module files
[9.765s] Level 1:colcon.colcon_core.environment:checking '/home/orin_nano/demo/install/vesc_ackermann' for CMake config files
[9.766s] Level 1:colcon.colcon_core.shell:create_environment_hook('vesc_ackermann', 'cmake_prefix_path')
[9.840s] INFO:colcon.colcon_core.shell:Creating environment hook '/home/orin_nano/demo/install/vesc_ackermann/share/vesc_ackermann/hook/cmake_prefix_path.ps1'
[9.841s] INFO:colcon.colcon_core.shell:Creating environment descriptor '/home/orin_nano/demo/install/vesc_ackermann/share/vesc_ackermann/hook/cmake_prefix_path.dsv'
[9.842s] INFO:colcon.colcon_core.shell:Creating environment hook '/home/orin_nano/demo/install/vesc_ackermann/share/vesc_ackermann/hook/cmake_prefix_path.sh'
[9.843s] Level 1:colcon.colcon_core.environment:checking '/home/orin_nano/demo/install/vesc_ackermann/lib'
[9.843s] Level 1:colcon.colcon_core.shell:create_environment_hook('vesc_ackermann', 'ld_library_path_lib')
[9.918s] INFO:colcon.colcon_core.shell:Creating environment hook '/home/orin_nano/demo/install/vesc_ackermann/share/vesc_ackermann/hook/ld_library_path_lib.ps1'
[9.920s] INFO:colcon.colcon_core.shell:Creating environment descriptor '/home/orin_nano/demo/install/vesc_ackermann/share/vesc_ackermann/hook/ld_library_path_lib.dsv'
[9.920s] INFO:colcon.colcon_core.shell:Creating environment hook '/home/orin_nano/demo/install/vesc_ackermann/share/vesc_ackermann/hook/ld_library_path_lib.sh'
[9.921s] Level 1:colcon.colcon_core.environment:checking '/home/orin_nano/demo/install/vesc_ackermann/bin'
[9.921s] Level 1:colcon.colcon_core.environment:checking '/home/orin_nano/demo/install/vesc_ackermann/lib/pkgconfig/vesc_ackermann.pc'
[9.922s] Level 1:colcon.colcon_core.environment:checking '/home/orin_nano/demo/install/vesc_ackermann/lib/python3.8/site-packages'
[9.922s] Level 1:colcon.colcon_core.environment:checking '/home/orin_nano/demo/install/vesc_ackermann/bin'
[9.996s] INFO:colcon.colcon_core.shell:Creating package script '/home/orin_nano/demo/install/vesc_ackermann/share/vesc_ackermann/package.ps1'
[9.997s] INFO:colcon.colcon_core.shell:Creating package descriptor '/home/orin_nano/demo/install/vesc_ackermann/share/vesc_ackermann/package.dsv'
[9.998s] INFO:colcon.colcon_core.shell:Creating package script '/home/orin_nano/demo/install/vesc_ackermann/share/vesc_ackermann/package.sh'
[9.999s] INFO:colcon.colcon_core.shell:Creating package script '/home/orin_nano/demo/install/vesc_ackermann/share/vesc_ackermann/package.bash'
[10.000s] INFO:colcon.colcon_core.shell:Creating package script '/home/orin_nano/demo/install/vesc_ackermann/share/vesc_ackermann/package.zsh'
[10.001s] Level 1:colcon.colcon_core.environment:create_file_with_runtime_dependencies(/home/orin_nano/demo/install/vesc_ackermann/share/colcon-core/packages/vesc_ackermann)
[10.077s] Level 1:colcon.colcon_core.environment:create_environment_scripts_only(vesc_driver)
[10.151s] Level 1:colcon.colcon_core.environment:checking '/home/orin_nano/demo/install/vesc_driver' for CMake module files
[10.152s] Level 1:colcon.colcon_core.environment:checking '/home/orin_nano/demo/install/vesc_driver' for CMake config files
[10.153s] Level 1:colcon.colcon_core.environment:checking '/home/orin_nano/demo/install/vesc_driver/bin'
[10.153s] Level 1:colcon.colcon_core.environment:checking '/home/orin_nano/demo/install/vesc_driver/lib/pkgconfig/vesc_driver.pc'
[10.153s] Level 1:colcon.colcon_core.environment:checking '/home/orin_nano/demo/install/vesc_driver/lib/python3.8/site-packages'
[10.154s] Level 1:colcon.colcon_core.environment:checking '/home/orin_nano/demo/install/vesc_driver/bin'
[10.227s] INFO:colcon.colcon_core.shell:Creating package script '/home/orin_nano/demo/install/vesc_driver/share/vesc_driver/package.ps1'
[10.228s] INFO:colcon.colcon_core.shell:Creating package descriptor '/home/orin_nano/demo/install/vesc_driver/share/vesc_driver/package.dsv'
[10.229s] INFO:colcon.colcon_core.shell:Creating package script '/home/orin_nano/demo/install/vesc_driver/share/vesc_driver/package.sh'
[10.230s] INFO:colcon.colcon_core.shell:Creating package script '/home/orin_nano/demo/install/vesc_driver/share/vesc_driver/package.bash'
[10.231s] INFO:colcon.colcon_core.shell:Creating package script '/home/orin_nano/demo/install/vesc_driver/share/vesc_driver/package.zsh'
[10.232s] Level 1:colcon.colcon_core.environment:create_file_with_runtime_dependencies(/home/orin_nano/demo/install/vesc_driver/share/colcon-core/packages/vesc_driver)
[10.243s] DEBUG:colcon.colcon_parallel_executor.executor.parallel:closing loop
[10.243s] DEBUG:colcon.colcon_parallel_executor.executor.parallel:loop closed
[10.243s] DEBUG:colcon.colcon_parallel_executor.executor.parallel:run_until_complete finished with '2'
[10.243s] DEBUG:colcon.colcon_core.event_reactor:joining thread
[10.328s] INFO:colcon.colcon_core.plugin_system:Skipping extension 'colcon_notification.desktop_notification.terminal_notifier': Not used on non-Darwin systems
[10.328s] INFO:colcon.colcon_core.plugin_system:Skipping extension 'colcon_notification.desktop_notification.win32': Not used on non-Windows systems
[10.328s] INFO:colcon.colcon_notification.desktop_notification:Sending desktop notification using 'notify2'
[10.360s] DEBUG:colcon.colcon_core.event_reactor:joined thread
[10.467s] INFO:colcon.colcon_core.shell:Creating prefix script '/home/orin_nano/demo/install/local_setup.ps1'
[10.469s] INFO:colcon.colcon_core.shell:Creating prefix util module '/home/orin_nano/demo/install/_local_setup_util_ps1.py'
[10.472s] INFO:colcon.colcon_core.shell:Creating prefix chain script '/home/orin_nano/demo/install/setup.ps1'
[10.547s] INFO:colcon.colcon_core.shell:Creating prefix script '/home/orin_nano/demo/install/local_setup.sh'
[10.548s] INFO:colcon.colcon_core.shell:Creating prefix util module '/home/orin_nano/demo/install/_local_setup_util_sh.py'
[10.549s] INFO:colcon.colcon_core.shell:Creating prefix chain script '/home/orin_nano/demo/install/setup.sh'
[10.623s] INFO:colcon.colcon_core.shell:Creating prefix script '/home/orin_nano/demo/install/local_setup.bash'
[10.624s] INFO:colcon.colcon_core.shell:Creating prefix chain script '/home/orin_nano/demo/install/setup.bash'
[10.698s] INFO:colcon.colcon_core.shell:Creating prefix script '/home/orin_nano/demo/install/local_setup.zsh'
[10.699s] INFO:colcon.colcon_core.shell:Creating prefix chain script '/home/orin_nano/demo/install/setup.zsh'
