[0.975s] Invoking command in '/home/orin_nano/demo/build/serial_driver': AMENT_PREFIX_PATH=/home/orin_nano/demo/install/io_context:/home/orin_nano/demo/install/asio_cmake_module:${AMENT_PREFIX_PATH} CMAKE_PREFIX_PATH=/home/orin_nano/demo/install/io_context:/home/orin_nano/demo/install/asio_cmake_module:/opt/ros/foxy LD_LIBRARY_PATH=/home/orin_nano/demo/install/io_context/lib:/opt/ros/foxy/opt/yaml_cpp_vendor/lib:/opt/ros/foxy/opt/rviz_ogre_vendor/lib:/opt/ros/foxy/lib/aarch64-linux-gnu:/opt/ros/foxy/lib:/usr/local/cuda-11.4/lib64 /usr/bin/cmake --build /home/orin_nano/demo/build/serial_driver -- -j6 -l6
[1.117s] [ 13%] Built target gtest_main
[1.119s] [ 26%] Built target gtest
[1.132s] [ 46%] Built target serial_driver
[1.134s] [ 60%] Built target serial_bridge
[1.188s] [ 73%] Built target test_serial_port
[1.201s] [ 86%] Built target test_serial_driver
[1.203s] [100%] Built target serial_driver_nodes
[1.533s] Invoked command in '/home/orin_nano/demo/build/serial_driver' returned '0': AMENT_PREFIX_PATH=/home/orin_nano/demo/install/io_context:/home/orin_nano/demo/install/asio_cmake_module:${AMENT_PREFIX_PATH} CMAKE_PREFIX_PATH=/home/orin_nano/demo/install/io_context:/home/orin_nano/demo/install/asio_cmake_module:/opt/ros/foxy LD_LIBRARY_PATH=/home/orin_nano/demo/install/io_context/lib:/opt/ros/foxy/opt/yaml_cpp_vendor/lib:/opt/ros/foxy/opt/rviz_ogre_vendor/lib:/opt/ros/foxy/lib/aarch64-linux-gnu:/opt/ros/foxy/lib:/usr/local/cuda-11.4/lib64 /usr/bin/cmake --build /home/orin_nano/demo/build/serial_driver -- -j6 -l6
[2.105s] Invoking command in '/home/orin_nano/demo/build/serial_driver': AMENT_PREFIX_PATH=/home/orin_nano/demo/install/io_context:/home/orin_nano/demo/install/asio_cmake_module:${AMENT_PREFIX_PATH} CMAKE_PREFIX_PATH=/home/orin_nano/demo/install/io_context:/home/orin_nano/demo/install/asio_cmake_module:/opt/ros/foxy LD_LIBRARY_PATH=/home/orin_nano/demo/install/io_context/lib:/opt/ros/foxy/opt/yaml_cpp_vendor/lib:/opt/ros/foxy/opt/rviz_ogre_vendor/lib:/opt/ros/foxy/lib/aarch64-linux-gnu:/opt/ros/foxy/lib:/usr/local/cuda-11.4/lib64 /usr/bin/cmake --install /home/orin_nano/demo/build/serial_driver
[2.123s] -- Install configuration: ""
[2.125s] -- Up-to-date: /home/orin_nano/demo/install/serial_driver/lib/serial_driver/serial_bridge
[2.125s] -- Up-to-date: /home/orin_nano/demo/install/serial_driver/include
[2.126s] -- Up-to-date: /home/orin_nano/demo/install/serial_driver/include/serial_driver
[2.126s] -- Up-to-date: /home/orin_nano/demo/install/serial_driver/include/serial_driver/serial_driver.hpp
[2.126s] -- Up-to-date: /home/orin_nano/demo/install/serial_driver/include/serial_driver/serial_port.hpp
[2.127s] -- Up-to-date: /home/orin_nano/demo/install/serial_driver/include/serial_driver/visibility_control.hpp
[2.127s] -- Up-to-date: /home/orin_nano/demo/install/serial_driver/include/serial_driver/serial_bridge_node.hpp
[2.127s] -- Up-to-date: /home/orin_nano/demo/install/serial_driver/share/serial_driver/environment/library_path.sh
[2.128s] -- Up-to-date: /home/orin_nano/demo/install/serial_driver/share/serial_driver/environment/library_path.dsv
[2.128s] -- Up-to-date: /home/orin_nano/demo/install/serial_driver/lib/libserial_driver.so
[2.132s] -- Up-to-date: /home/orin_nano/demo/install/serial_driver/lib/libserial_driver_nodes.so
[2.132s] -- Up-to-date: /home/orin_nano/demo/install/serial_driver/share/serial_driver/launch
[2.132s] -- Up-to-date: /home/orin_nano/demo/install/serial_driver/share/serial_driver/launch/serial_driver_bridge_node.launch.py
[2.132s] -- Up-to-date: /home/orin_nano/demo/install/serial_driver/share/serial_driver/params
[2.132s] -- Up-to-date: /home/orin_nano/demo/install/serial_driver/share/serial_driver/params/example.params.yaml
[2.133s] -- Up-to-date: /home/orin_nano/demo/install/serial_driver/share/ament_index/resource_index/package_run_dependencies/serial_driver
[2.133s] -- Up-to-date: /home/orin_nano/demo/install/serial_driver/share/ament_index/resource_index/parent_prefix_path/serial_driver
[2.133s] -- Up-to-date: /home/orin_nano/demo/install/serial_driver/share/serial_driver/environment/ament_prefix_path.sh
[2.133s] -- Up-to-date: /home/orin_nano/demo/install/serial_driver/share/serial_driver/environment/ament_prefix_path.dsv
[2.134s] -- Up-to-date: /home/orin_nano/demo/install/serial_driver/share/serial_driver/environment/path.sh
[2.134s] -- Up-to-date: /home/orin_nano/demo/install/serial_driver/share/serial_driver/environment/path.dsv
[2.134s] -- Up-to-date: /home/orin_nano/demo/install/serial_driver/share/serial_driver/local_setup.bash
[2.134s] -- Up-to-date: /home/orin_nano/demo/install/serial_driver/share/serial_driver/local_setup.sh
[2.134s] -- Up-to-date: /home/orin_nano/demo/install/serial_driver/share/serial_driver/local_setup.zsh
[2.135s] -- Up-to-date: /home/orin_nano/demo/install/serial_driver/share/serial_driver/local_setup.dsv
[2.135s] -- Installing: /home/orin_nano/demo/install/serial_driver/share/serial_driver/package.dsv
[2.135s] -- Up-to-date: /home/orin_nano/demo/install/serial_driver/share/ament_index/resource_index/packages/serial_driver
[2.135s] -- Up-to-date: /home/orin_nano/demo/install/serial_driver/share/ament_index/resource_index/rclcpp_components/serial_driver
[2.135s] -- Up-to-date: /home/orin_nano/demo/install/serial_driver/share/serial_driver/cmake/ament_cmake_export_dependencies-extras.cmake
[2.136s] -- Up-to-date: /home/orin_nano/demo/install/serial_driver/share/serial_driver/cmake/ament_cmake_export_include_directories-extras.cmake
[2.136s] -- Up-to-date: /home/orin_nano/demo/install/serial_driver/share/serial_driver/cmake/ament_cmake_export_libraries-extras.cmake
[2.136s] -- Up-to-date: /home/orin_nano/demo/install/serial_driver/share/serial_driver/cmake/serial_driverConfig.cmake
[2.136s] -- Up-to-date: /home/orin_nano/demo/install/serial_driver/share/serial_driver/cmake/serial_driverConfig-version.cmake
[2.137s] -- Up-to-date: /home/orin_nano/demo/install/serial_driver/share/serial_driver/package.xml
[2.529s] Invoked command in '/home/orin_nano/demo/build/serial_driver' returned '0': AMENT_PREFIX_PATH=/home/orin_nano/demo/install/io_context:/home/orin_nano/demo/install/asio_cmake_module:${AMENT_PREFIX_PATH} CMAKE_PREFIX_PATH=/home/orin_nano/demo/install/io_context:/home/orin_nano/demo/install/asio_cmake_module:/opt/ros/foxy LD_LIBRARY_PATH=/home/orin_nano/demo/install/io_context/lib:/opt/ros/foxy/opt/yaml_cpp_vendor/lib:/opt/ros/foxy/opt/rviz_ogre_vendor/lib:/opt/ros/foxy/lib/aarch64-linux-gnu:/opt/ros/foxy/lib:/usr/local/cuda-11.4/lib64 /usr/bin/cmake --install /home/orin_nano/demo/build/serial_driver
