[0.967s] Invoking command in '/home/orin_nano/demo/build/asio_cmake_module': CMAKE_PREFIX_PATH=${CMAKE_PREFIX_PATH}:/opt/ros/foxy /usr/bin/cmake /home/orin_nano/demo/transport_drivers/asio_cmake_module -DCMAKE_INSTALL_PREFIX=/home/orin_nano/demo/install/asio_cmake_module
[1.087s] -- The C compiler identification is GNU 9.4.0
[1.206s] -- The CXX compiler identification is GNU 9.4.0
[1.215s] -- Check for working C compiler: /usr/bin/cc
[1.357s] -- Check for working C compiler: /usr/bin/cc -- works
[1.358s] -- Detecting C compiler ABI info
[1.497s] -- Detecting C compiler ABI info - done
[1.515s] -- Detecting C compile features
[1.516s] -- Detecting C compile features - done
[1.520s] -- Check for working CXX compiler: /usr/bin/c++
[1.673s] -- Check for working CXX compiler: /usr/bin/c++ -- works
[1.674s] -- Detecting CXX compiler ABI info
[1.830s] -- Detecting CXX compiler ABI info - done
[1.852s] -- Detecting CXX compile features
[1.852s] -- Detecting CXX compile features - done
[1.858s] -- Found ament_cmake: 0.9.12 (/opt/ros/foxy/share/ament_cmake/cmake)
[1.906s] -- Found PythonInterp: /usr/bin/python3 (found suitable version "3.8.10", minimum required is "3") 
[1.907s] -- Using PYTHON_EXECUTABLE: /usr/bin/python3
[2.316s] -- Found ament_lint_auto: 0.9.8 (/opt/ros/foxy/share/ament_lint_auto/cmake)
[2.475s] -- Added test 'copyright' to check source files copyright and LICENSE
[2.478s] -- Added test 'lint_cmake' to check CMake code style
[2.481s] -- Added test 'xmllint' to check XML markup files
[2.487s] -- Configuring done
[2.490s] -- Generating done
[2.491s] -- Build files have been written to: /home/orin_nano/demo/build/asio_cmake_module
[2.664s] Invoked command in '/home/orin_nano/demo/build/asio_cmake_module' returned '0': CMAKE_PREFIX_PATH=${CMAKE_PREFIX_PATH}:/opt/ros/foxy /usr/bin/cmake /home/orin_nano/demo/transport_drivers/asio_cmake_module -DCMAKE_INSTALL_PREFIX=/home/orin_nano/demo/install/asio_cmake_module
[2.669s] Invoking command in '/home/orin_nano/demo/build/asio_cmake_module': CMAKE_PREFIX_PATH=${CMAKE_PREFIX_PATH}:/opt/ros/foxy /usr/bin/cmake --build /home/orin_nano/demo/build/asio_cmake_module -- -j6 -l6
[2.755s] Invoked command in '/home/orin_nano/demo/build/asio_cmake_module' returned '0': CMAKE_PREFIX_PATH=${CMAKE_PREFIX_PATH}:/opt/ros/foxy /usr/bin/cmake --build /home/orin_nano/demo/build/asio_cmake_module -- -j6 -l6
[2.807s] Invoking command in '/home/orin_nano/demo/build/asio_cmake_module': CMAKE_PREFIX_PATH=${CMAKE_PREFIX_PATH}:/opt/ros/foxy /usr/bin/cmake --install /home/orin_nano/demo/build/asio_cmake_module
[2.827s] -- Install configuration: ""
[2.828s] -- Installing: /home/orin_nano/demo/install/asio_cmake_module/share/ament_index/resource_index/package_run_dependencies/asio_cmake_module
[2.828s] -- Installing: /home/orin_nano/demo/install/asio_cmake_module/share/ament_index/resource_index/parent_prefix_path/asio_cmake_module
[2.829s] -- Installing: /home/orin_nano/demo/install/asio_cmake_module/share/asio_cmake_module/environment/ament_prefix_path.sh
[2.829s] -- Installing: /home/orin_nano/demo/install/asio_cmake_module/share/asio_cmake_module/environment/ament_prefix_path.dsv
[2.829s] -- Installing: /home/orin_nano/demo/install/asio_cmake_module/share/asio_cmake_module/environment/path.sh
[2.829s] -- Installing: /home/orin_nano/demo/install/asio_cmake_module/share/asio_cmake_module/environment/path.dsv
[2.829s] -- Installing: /home/orin_nano/demo/install/asio_cmake_module/share/asio_cmake_module/local_setup.bash
[2.830s] -- Installing: /home/orin_nano/demo/install/asio_cmake_module/share/asio_cmake_module/local_setup.sh
[2.830s] -- Installing: /home/orin_nano/demo/install/asio_cmake_module/share/asio_cmake_module/local_setup.zsh
[2.830s] -- Installing: /home/orin_nano/demo/install/asio_cmake_module/share/asio_cmake_module/local_setup.dsv
[2.830s] -- Installing: /home/orin_nano/demo/install/asio_cmake_module/share/asio_cmake_module/package.dsv
[2.831s] -- Installing: /home/orin_nano/demo/install/asio_cmake_module/share/ament_index/resource_index/packages/asio_cmake_module
[2.831s] -- Installing: /home/orin_nano/demo/install/asio_cmake_module/share/asio_cmake_module/cmake/asio_cmake_module-extras.cmake
[2.831s] -- Installing: /home/orin_nano/demo/install/asio_cmake_module/share/asio_cmake_module/cmake/asio_cmake_moduleConfig.cmake
[2.832s] -- Installing: /home/orin_nano/demo/install/asio_cmake_module/share/asio_cmake_module/cmake/asio_cmake_moduleConfig-version.cmake
[2.832s] -- Installing: /home/orin_nano/demo/install/asio_cmake_module/share/asio_cmake_module/package.xml
[2.832s] -- Up-to-date: /home/orin_nano/demo/install/asio_cmake_module/share/asio_cmake_module/cmake
[2.832s] -- Installing: /home/orin_nano/demo/install/asio_cmake_module/share/asio_cmake_module/cmake/Modules
[2.832s] -- Installing: /home/orin_nano/demo/install/asio_cmake_module/share/asio_cmake_module/cmake/Modules/FindASIO.cmake
[2.837s] Invoked command in '/home/orin_nano/demo/build/asio_cmake_module' returned '0': CMAKE_PREFIX_PATH=${CMAKE_PREFIX_PATH}:/opt/ros/foxy /usr/bin/cmake --install /home/orin_nano/demo/build/asio_cmake_module
