[0.472s] Invoking command in '/home/orin_nano/demo/build/vesc_ackermann': AMENT_PREFIX_PATH=/home/orin_nano/demo/install/vesc_msgs:${AMENT_PREFIX_PATH} CMAKE_PREFIX_PATH=/home/orin_nano/demo/install/vesc_msgs:/opt/ros/foxy LD_LIBRARY_PATH=/home/orin_nano/demo/install/vesc_msgs/lib:/opt/ros/foxy/opt/yaml_cpp_vendor/lib:/opt/ros/foxy/opt/rviz_ogre_vendor/lib:/opt/ros/foxy/lib/aarch64-linux-gnu:/opt/ros/foxy/lib:/usr/local/cuda-11.4/lib64 PYTHONPATH=/home/orin_nano/demo/install/vesc_msgs/lib/python3.8/site-packages:${PYTHONPATH} /usr/bin/cmake --build /home/orin_nano/demo/build/vesc_ackermann -- -j6 -l6
[0.596s] [ 28%] Built target vesc_to_odom_node
[0.596s] [ 57%] Built target ackermann_to_vesc_node
[0.603s] [100%] Built target vesc_ackermann
[0.626s] Invoked command in '/home/orin_nano/demo/build/vesc_ackermann' returned '0': AMENT_PREFIX_PATH=/home/orin_nano/demo/install/vesc_msgs:${AMENT_PREFIX_PATH} CMAKE_PREFIX_PATH=/home/orin_nano/demo/install/vesc_msgs:/opt/ros/foxy LD_LIBRARY_PATH=/home/orin_nano/demo/install/vesc_msgs/lib:/opt/ros/foxy/opt/yaml_cpp_vendor/lib:/opt/ros/foxy/opt/rviz_ogre_vendor/lib:/opt/ros/foxy/lib/aarch64-linux-gnu:/opt/ros/foxy/lib:/usr/local/cuda-11.4/lib64 PYTHONPATH=/home/orin_nano/demo/install/vesc_msgs/lib/python3.8/site-packages:${PYTHONPATH} /usr/bin/cmake --build /home/orin_nano/demo/build/vesc_ackermann -- -j6 -l6
[0.690s] Invoking command in '/home/orin_nano/demo/build/vesc_ackermann': AMENT_PREFIX_PATH=/home/orin_nano/demo/install/vesc_msgs:${AMENT_PREFIX_PATH} CMAKE_PREFIX_PATH=/home/orin_nano/demo/install/vesc_msgs:/opt/ros/foxy LD_LIBRARY_PATH=/home/orin_nano/demo/install/vesc_msgs/lib:/opt/ros/foxy/opt/yaml_cpp_vendor/lib:/opt/ros/foxy/opt/rviz_ogre_vendor/lib:/opt/ros/foxy/lib/aarch64-linux-gnu:/opt/ros/foxy/lib:/usr/local/cuda-11.4/lib64 PYTHONPATH=/home/orin_nano/demo/install/vesc_msgs/lib/python3.8/site-packages:${PYTHONPATH} /usr/bin/cmake --install /home/orin_nano/demo/build/vesc_ackermann
[0.710s] -- Install configuration: ""
[0.710s] -- Installing: /home/orin_nano/demo/install/vesc_ackermann/lib/vesc_ackermann/ackermann_to_vesc_node
[0.712s] -- Set runtime path of "/home/orin_nano/demo/install/vesc_ackermann/lib/vesc_ackermann/ackermann_to_vesc_node" to ""
[0.712s] -- Installing: /home/orin_nano/demo/install/vesc_ackermann/lib/vesc_ackermann/vesc_to_odom_node
[0.713s] -- Set runtime path of "/home/orin_nano/demo/install/vesc_ackermann/lib/vesc_ackermann/vesc_to_odom_node" to ""
[0.714s] -- Installing: /home/orin_nano/demo/install/vesc_ackermann/include
[0.716s] -- Installing: /home/orin_nano/demo/install/vesc_ackermann/include/vesc_ackermann
[0.716s] -- Installing: /home/orin_nano/demo/install/vesc_ackermann/include/vesc_ackermann/vesc_to_odom.hpp
[0.716s] -- Installing: /home/orin_nano/demo/install/vesc_ackermann/include/vesc_ackermann/ackermann_to_vesc.hpp
[0.717s] -- Installing: /home/orin_nano/demo/install/vesc_ackermann/share/vesc_ackermann/environment/library_path.sh
[0.717s] -- Installing: /home/orin_nano/demo/install/vesc_ackermann/share/vesc_ackermann/environment/library_path.dsv
[0.717s] -- Installing: /home/orin_nano/demo/install/vesc_ackermann/lib/libvesc_ackermann.so
[0.729s] -- Set runtime path of "/home/orin_nano/demo/install/vesc_ackermann/lib/libvesc_ackermann.so" to ""
[0.729s] -- Installing: /home/orin_nano/demo/install/vesc_ackermann/share/vesc_ackermann/launch
[0.729s] -- Installing: /home/orin_nano/demo/install/vesc_ackermann/share/vesc_ackermann/launch/vesc_to_odom_node.launch.xml
[0.730s] -- Installing: /home/orin_nano/demo/install/vesc_ackermann/share/vesc_ackermann/launch/ackermann_to_vesc_node.launch.xml
[0.730s] -- Installing: /home/orin_nano/demo/install/vesc_ackermann/share/ament_index/resource_index/package_run_dependencies/vesc_ackermann
[0.731s] -- Installing: /home/orin_nano/demo/install/vesc_ackermann/share/ament_index/resource_index/parent_prefix_path/vesc_ackermann
[0.731s] -- Installing: /home/orin_nano/demo/install/vesc_ackermann/share/vesc_ackermann/environment/ament_prefix_path.sh
[0.733s] -- Installing: /home/orin_nano/demo/install/vesc_ackermann/share/vesc_ackermann/environment/ament_prefix_path.dsv
[0.733s] -- Installing: /home/orin_nano/demo/install/vesc_ackermann/share/vesc_ackermann/environment/path.sh
[0.733s] -- Installing: /home/orin_nano/demo/install/vesc_ackermann/share/vesc_ackermann/environment/path.dsv
[0.733s] -- Installing: /home/orin_nano/demo/install/vesc_ackermann/share/vesc_ackermann/local_setup.bash
[0.733s] -- Installing: /home/orin_nano/demo/install/vesc_ackermann/share/vesc_ackermann/local_setup.sh
[0.733s] -- Installing: /home/orin_nano/demo/install/vesc_ackermann/share/vesc_ackermann/local_setup.zsh
[0.733s] -- Installing: /home/orin_nano/demo/install/vesc_ackermann/share/vesc_ackermann/local_setup.dsv
[0.734s] -- Installing: /home/orin_nano/demo/install/vesc_ackermann/share/vesc_ackermann/package.dsv
[0.734s] -- Installing: /home/orin_nano/demo/install/vesc_ackermann/share/ament_index/resource_index/packages/vesc_ackermann
[0.734s] -- Installing: /home/orin_nano/demo/install/vesc_ackermann/share/ament_index/resource_index/rclcpp_components/vesc_ackermann
[0.734s] -- Installing: /home/orin_nano/demo/install/vesc_ackermann/share/vesc_ackermann/cmake/ament_cmake_export_dependencies-extras.cmake
[0.734s] -- Installing: /home/orin_nano/demo/install/vesc_ackermann/share/vesc_ackermann/cmake/ament_cmake_export_include_directories-extras.cmake
[0.734s] -- Installing: /home/orin_nano/demo/install/vesc_ackermann/share/vesc_ackermann/cmake/ament_cmake_export_libraries-extras.cmake
[0.734s] -- Installing: /home/orin_nano/demo/install/vesc_ackermann/share/vesc_ackermann/cmake/vesc_ackermannConfig.cmake
[0.735s] -- Installing: /home/orin_nano/demo/install/vesc_ackermann/share/vesc_ackermann/cmake/vesc_ackermannConfig-version.cmake
[0.735s] -- Installing: /home/orin_nano/demo/install/vesc_ackermann/share/vesc_ackermann/package.xml
[0.737s] Invoked command in '/home/orin_nano/demo/build/vesc_ackermann' returned '0': AMENT_PREFIX_PATH=/home/orin_nano/demo/install/vesc_msgs:${AMENT_PREFIX_PATH} CMAKE_PREFIX_PATH=/home/orin_nano/demo/install/vesc_msgs:/opt/ros/foxy LD_LIBRARY_PATH=/home/orin_nano/demo/install/vesc_msgs/lib:/opt/ros/foxy/opt/yaml_cpp_vendor/lib:/opt/ros/foxy/opt/rviz_ogre_vendor/lib:/opt/ros/foxy/lib/aarch64-linux-gnu:/opt/ros/foxy/lib:/usr/local/cuda-11.4/lib64 PYTHONPATH=/home/orin_nano/demo/install/vesc_msgs/lib/python3.8/site-packages:${PYTHONPATH} /usr/bin/cmake --install /home/orin_nano/demo/build/vesc_ackermann
