[1.571s] Invoking command in '/home/orin_nano/demo/build/joy': CMAKE_PREFIX_PATH=${CMAKE_PREFIX_PATH}:/opt/ros/foxy /usr/bin/cmake --build /home/orin_nano/demo/build/joy -- -j6 -l6
[1.710s] [ 33%] Built target joy_enumerate_devices
[1.761s] [ 66%] Built target joy_node
[1.778s] [100%] Built target joy
[1.817s] Invoked command in '/home/orin_nano/demo/build/joy' returned '0': CMAKE_PREFIX_PATH=${CMAKE_PREFIX_PATH}:/opt/ros/foxy /usr/bin/cmake --build /home/orin_nano/demo/build/joy -- -j6 -l6
[3.443s] Invoking command in '/home/orin_nano/demo/build/joy': CMAKE_PREFIX_PATH=${CMAKE_PREFIX_PATH}:/opt/ros/foxy /usr/bin/cmake --install /home/orin_nano/demo/build/joy
[3.466s] -- Install configuration: ""
[3.467s] -- Up-to-date: /home/orin_nano/demo/install/joy/lib/libjoy.so
[3.468s] -- Up-to-date: /home/orin_nano/demo/install/joy/lib/joy/joy_node
[3.469s] -- Up-to-date: /home/orin_nano/demo/install/joy/lib/joy/joy_enumerate_devices
[3.470s] -- Up-to-date: /home/orin_nano/demo/install/joy/include/joy
[3.471s] -- Up-to-date: /home/orin_nano/demo/install/joy/include/joy/joy.hpp
[3.471s] -- Up-to-date: /home/orin_nano/demo/install/joy/share/joy/config
[3.473s] -- Up-to-date: /home/orin_nano/demo/install/joy/share/joy/config/joy-params.yaml
[3.473s] -- Up-to-date: /home/orin_nano/demo/install/joy/share/joy/launch
[3.474s] -- Up-to-date: /home/orin_nano/demo/install/joy/share/joy/launch/joy-composed-launch.py
[3.475s] -- Up-to-date: /home/orin_nano/demo/install/joy/share/joy/launch/joy-launch.py
[3.475s] -- Up-to-date: /home/orin_nano/demo/install/joy/share/ament_index/resource_index/package_run_dependencies/joy
[3.476s] -- Up-to-date: /home/orin_nano/demo/install/joy/share/ament_index/resource_index/parent_prefix_path/joy
[3.477s] -- Up-to-date: /home/orin_nano/demo/install/joy/share/joy/environment/ament_prefix_path.sh
[3.478s] -- Up-to-date: /home/orin_nano/demo/install/joy/share/joy/environment/ament_prefix_path.dsv
[3.478s] -- Up-to-date: /home/orin_nano/demo/install/joy/share/joy/environment/path.sh
[3.479s] -- Up-to-date: /home/orin_nano/demo/install/joy/share/joy/environment/path.dsv
[3.479s] -- Up-to-date: /home/orin_nano/demo/install/joy/share/joy/local_setup.bash
[3.479s] -- Up-to-date: /home/orin_nano/demo/install/joy/share/joy/local_setup.sh
[3.480s] -- Up-to-date: /home/orin_nano/demo/install/joy/share/joy/local_setup.zsh
[3.481s] -- Up-to-date: /home/orin_nano/demo/install/joy/share/joy/local_setup.dsv
[3.481s] -- Installing: /home/orin_nano/demo/install/joy/share/joy/package.dsv
[3.482s] -- Up-to-date: /home/orin_nano/demo/install/joy/share/ament_index/resource_index/packages/joy
[3.482s] -- Up-to-date: /home/orin_nano/demo/install/joy/share/ament_index/resource_index/rclcpp_components/joy
[3.482s] -- Up-to-date: /home/orin_nano/demo/install/joy/share/joy/cmake/joyConfig.cmake
[3.482s] -- Up-to-date: /home/orin_nano/demo/install/joy/share/joy/cmake/joyConfig-version.cmake
[3.482s] -- Up-to-date: /home/orin_nano/demo/install/joy/share/joy/package.xml
[7.018s] Invoked command in '/home/orin_nano/demo/build/joy' returned '0': CMAKE_PREFIX_PATH=${CMAKE_PREFIX_PATH}:/opt/ros/foxy /usr/bin/cmake --install /home/orin_nano/demo/build/joy
