[2.533s] Invoking command in '/home/orin_nano/demo/build/io_context': CMAKE_PREFIX_PATH=/home/orin_nano/demo/install/asio_cmake_module:/home/orin_nano/demo/install/vesc:/home/orin_nano/demo/install/vesc_driver:/home/orin_nano/demo/install/vesc_ackermann:/home/orin_nano/demo/install/vesc_msgs:/home/orin_nano/demo/install/udp_driver:/home/orin_nano/demo/install/serial_driver:/home/orin_nano/demo/install/joy:/home/orin_nano/demo/install/io_context:/home/orin_nano/demo/install/combine_pkg:/home/orin_nano/joyy/install/vesc:/home/orin_nano/joyy/install/vesc_ackermann:/home/orin_nano/joyy/install/vesc_msgs:/home/orin_nano/joyy/install/joy:/home/orin_nano/install/joy:/opt/ros/foxy /usr/bin/cmake --build /home/orin_nano/demo/build/io_context -- -j6 -l6
[2.673s] [ 44%] Built target gtest_main
[2.674s] [ 44%] Built target gtest
[2.682s] [ 77%] Built target io_context
[2.743s] [100%] Built target test_io_context
[4.882s] Invoked command in '/home/orin_nano/demo/build/io_context' returned '0': CMAKE_PREFIX_PATH=/home/orin_nano/demo/install/asio_cmake_module:/home/orin_nano/demo/install/vesc:/home/orin_nano/demo/install/vesc_driver:/home/orin_nano/demo/install/vesc_ackermann:/home/orin_nano/demo/install/vesc_msgs:/home/orin_nano/demo/install/udp_driver:/home/orin_nano/demo/install/serial_driver:/home/orin_nano/demo/install/joy:/home/orin_nano/demo/install/io_context:/home/orin_nano/demo/install/combine_pkg:/home/orin_nano/joyy/install/vesc:/home/orin_nano/joyy/install/vesc_ackermann:/home/orin_nano/joyy/install/vesc_msgs:/home/orin_nano/joyy/install/joy:/home/orin_nano/install/joy:/opt/ros/foxy /usr/bin/cmake --build /home/orin_nano/demo/build/io_context -- -j6 -l6
[7.685s] Invoking command in '/home/orin_nano/demo/build/io_context': CMAKE_PREFIX_PATH=/home/orin_nano/demo/install/asio_cmake_module:/home/orin_nano/demo/install/vesc:/home/orin_nano/demo/install/vesc_driver:/home/orin_nano/demo/install/vesc_ackermann:/home/orin_nano/demo/install/vesc_msgs:/home/orin_nano/demo/install/udp_driver:/home/orin_nano/demo/install/serial_driver:/home/orin_nano/demo/install/joy:/home/orin_nano/demo/install/io_context:/home/orin_nano/demo/install/combine_pkg:/home/orin_nano/joyy/install/vesc:/home/orin_nano/joyy/install/vesc_ackermann:/home/orin_nano/joyy/install/vesc_msgs:/home/orin_nano/joyy/install/joy:/home/orin_nano/install/joy:/opt/ros/foxy /usr/bin/cmake --install /home/orin_nano/demo/build/io_context
[9.179s] -- Install configuration: ""
[9.181s] -- Up-to-date: /home/orin_nano/demo/install/io_context/include
[9.181s] -- Up-to-date: /home/orin_nano/demo/install/io_context/include/msg_converters
[9.182s] -- Up-to-date: /home/orin_nano/demo/install/io_context/include/msg_converters/converters.hpp
[9.182s] -- Up-to-date: /home/orin_nano/demo/install/io_context/include/msg_converters/example_interfaces.hpp
[9.182s] -- Up-to-date: /home/orin_nano/demo/install/io_context/include/msg_converters/udp_msgs.hpp
[9.182s] -- Up-to-date: /home/orin_nano/demo/install/io_context/include/msg_converters/std_msgs.hpp
[9.182s] -- Up-to-date: /home/orin_nano/demo/install/io_context/include/io_context
[9.182s] -- Up-to-date: /home/orin_nano/demo/install/io_context/include/io_context/io_context.hpp
[9.183s] -- Up-to-date: /home/orin_nano/demo/install/io_context/include/io_context/common.hpp
[9.183s] -- Up-to-date: /home/orin_nano/demo/install/io_context/share/io_context/environment/library_path.sh
[9.183s] -- Up-to-date: /home/orin_nano/demo/install/io_context/share/io_context/environment/library_path.dsv
[9.183s] -- Up-to-date: /home/orin_nano/demo/install/io_context/lib/libio_context.so
[9.184s] -- Up-to-date: /home/orin_nano/demo/install/io_context/share/ament_index/resource_index/package_run_dependencies/io_context
[9.184s] -- Up-to-date: /home/orin_nano/demo/install/io_context/share/ament_index/resource_index/parent_prefix_path/io_context
[9.184s] -- Up-to-date: /home/orin_nano/demo/install/io_context/share/io_context/environment/ament_prefix_path.sh
[9.184s] -- Up-to-date: /home/orin_nano/demo/install/io_context/share/io_context/environment/ament_prefix_path.dsv
[9.185s] -- Up-to-date: /home/orin_nano/demo/install/io_context/share/io_context/environment/path.sh
[9.185s] -- Up-to-date: /home/orin_nano/demo/install/io_context/share/io_context/environment/path.dsv
[9.185s] -- Up-to-date: /home/orin_nano/demo/install/io_context/share/io_context/local_setup.bash
[9.185s] -- Up-to-date: /home/orin_nano/demo/install/io_context/share/io_context/local_setup.sh
[9.186s] -- Up-to-date: /home/orin_nano/demo/install/io_context/share/io_context/local_setup.zsh
[9.186s] -- Up-to-date: /home/orin_nano/demo/install/io_context/share/io_context/local_setup.dsv
[9.186s] -- Installing: /home/orin_nano/demo/install/io_context/share/io_context/package.dsv
[9.186s] -- Up-to-date: /home/orin_nano/demo/install/io_context/share/ament_index/resource_index/packages/io_context
[9.186s] -- Up-to-date: /home/orin_nano/demo/install/io_context/share/io_context/cmake/ament_cmake_export_dependencies-extras.cmake
[9.187s] -- Up-to-date: /home/orin_nano/demo/install/io_context/share/io_context/cmake/ament_cmake_export_include_directories-extras.cmake
[9.187s] -- Up-to-date: /home/orin_nano/demo/install/io_context/share/io_context/cmake/ament_cmake_export_libraries-extras.cmake
[9.187s] -- Up-to-date: /home/orin_nano/demo/install/io_context/share/io_context/cmake/io_contextConfig.cmake
[9.187s] -- Up-to-date: /home/orin_nano/demo/install/io_context/share/io_context/cmake/io_contextConfig-version.cmake
[9.187s] -- Up-to-date: /home/orin_nano/demo/install/io_context/share/io_context/package.xml
[9.188s] Invoked command in '/home/orin_nano/demo/build/io_context' returned '0': CMAKE_PREFIX_PATH=/home/orin_nano/demo/install/asio_cmake_module:/home/orin_nano/demo/install/vesc:/home/orin_nano/demo/install/vesc_driver:/home/orin_nano/demo/install/vesc_ackermann:/home/orin_nano/demo/install/vesc_msgs:/home/orin_nano/demo/install/udp_driver:/home/orin_nano/demo/install/serial_driver:/home/orin_nano/demo/install/joy:/home/orin_nano/demo/install/io_context:/home/orin_nano/demo/install/combine_pkg:/home/orin_nano/joyy/install/vesc:/home/orin_nano/joyy/install/vesc_ackermann:/home/orin_nano/joyy/install/vesc_msgs:/home/orin_nano/joyy/install/joy:/home/orin_nano/install/joy:/opt/ros/foxy /usr/bin/cmake --install /home/orin_nano/demo/build/io_context
