[4.048s] Invoking command in '/home/orin_nano/demo/build/io_context': CMAKE_PREFIX_PATH=/home/orin_nano/demo/install/asio_cmake_module:/home/orin_nano/demo/install/vesc:/home/orin_nano/demo/install/vesc_driver:/home/orin_nano/demo/install/vesc_ackermann:/home/orin_nano/demo/install/vesc_msgs:/home/orin_nano/demo/install/udp_driver:/home/orin_nano/demo/install/serial_driver:/home/orin_nano/demo/install/joy:/home/orin_nano/demo/install/io_context:/home/orin_nano/demo/install/combine_pkg:/home/orin_nano/joyy/install/vesc:/home/orin_nano/joyy/install/vesc_ackermann:/home/orin_nano/joyy/install/vesc_msgs:/home/orin_nano/joyy/install/joy:/home/orin_nano/install/joy:/opt/ros/foxy /usr/bin/cmake --build /home/orin_nano/demo/build/io_context -- -j6 -l6
[4.172s] [ 44%] Built target gtest
[4.173s] [ 44%] Built target gtest_main
[4.184s] [ 77%] Built target io_context
[4.242s] [100%] Built target test_io_context
[7.307s] Invoked command in '/home/orin_nano/demo/build/io_context' returned '0': CMAKE_PREFIX_PATH=/home/orin_nano/demo/install/asio_cmake_module:/home/orin_nano/demo/install/vesc:/home/orin_nano/demo/install/vesc_driver:/home/orin_nano/demo/install/vesc_ackermann:/home/orin_nano/demo/install/vesc_msgs:/home/orin_nano/demo/install/udp_driver:/home/orin_nano/demo/install/serial_driver:/home/orin_nano/demo/install/joy:/home/orin_nano/demo/install/io_context:/home/orin_nano/demo/install/combine_pkg:/home/orin_nano/joyy/install/vesc:/home/orin_nano/joyy/install/vesc_ackermann:/home/orin_nano/joyy/install/vesc_msgs:/home/orin_nano/joyy/install/joy:/home/orin_nano/install/joy:/opt/ros/foxy /usr/bin/cmake --build /home/orin_nano/demo/build/io_context -- -j6 -l6
[7.385s] Invoking command in '/home/orin_nano/demo/build/io_context': CMAKE_PREFIX_PATH=/home/orin_nano/demo/install/asio_cmake_module:/home/orin_nano/demo/install/vesc:/home/orin_nano/demo/install/vesc_driver:/home/orin_nano/demo/install/vesc_ackermann:/home/orin_nano/demo/install/vesc_msgs:/home/orin_nano/demo/install/udp_driver:/home/orin_nano/demo/install/serial_driver:/home/orin_nano/demo/install/joy:/home/orin_nano/demo/install/io_context:/home/orin_nano/demo/install/combine_pkg:/home/orin_nano/joyy/install/vesc:/home/orin_nano/joyy/install/vesc_ackermann:/home/orin_nano/joyy/install/vesc_msgs:/home/orin_nano/joyy/install/joy:/home/orin_nano/install/joy:/opt/ros/foxy /usr/bin/cmake --install /home/orin_nano/demo/build/io_context
[7.408s] -- Install configuration: ""
[7.408s] -- Up-to-date: /home/orin_nano/demo/install/io_context/include
[7.409s] -- Up-to-date: /home/orin_nano/demo/install/io_context/include/msg_converters
[7.409s] -- Up-to-date: /home/orin_nano/demo/install/io_context/include/msg_converters/converters.hpp
[7.409s] -- Up-to-date: /home/orin_nano/demo/install/io_context/include/msg_converters/example_interfaces.hpp
[7.409s] -- Up-to-date: /home/orin_nano/demo/install/io_context/include/msg_converters/udp_msgs.hpp
[7.409s] -- Up-to-date: /home/orin_nano/demo/install/io_context/include/msg_converters/std_msgs.hpp
[7.409s] -- Up-to-date: /home/orin_nano/demo/install/io_context/include/io_context
[7.409s] -- Up-to-date: /home/orin_nano/demo/install/io_context/include/io_context/io_context.hpp
[7.410s] -- Up-to-date: /home/orin_nano/demo/install/io_context/include/io_context/common.hpp
[7.411s] -- Up-to-date: /home/orin_nano/demo/install/io_context/share/io_context/environment/library_path.sh
[7.411s] -- Up-to-date: /home/orin_nano/demo/install/io_context/share/io_context/environment/library_path.dsv
[7.411s] -- Up-to-date: /home/orin_nano/demo/install/io_context/lib/libio_context.so
[7.411s] -- Up-to-date: /home/orin_nano/demo/install/io_context/share/ament_index/resource_index/package_run_dependencies/io_context
[7.412s] -- Up-to-date: /home/orin_nano/demo/install/io_context/share/ament_index/resource_index/parent_prefix_path/io_context
[7.412s] -- Up-to-date: /home/orin_nano/demo/install/io_context/share/io_context/environment/ament_prefix_path.sh
[7.412s] -- Up-to-date: /home/orin_nano/demo/install/io_context/share/io_context/environment/ament_prefix_path.dsv
[7.412s] -- Up-to-date: /home/orin_nano/demo/install/io_context/share/io_context/environment/path.sh
[7.412s] -- Up-to-date: /home/orin_nano/demo/install/io_context/share/io_context/environment/path.dsv
[7.412s] -- Up-to-date: /home/orin_nano/demo/install/io_context/share/io_context/local_setup.bash
[7.412s] -- Up-to-date: /home/orin_nano/demo/install/io_context/share/io_context/local_setup.sh
[7.413s] -- Up-to-date: /home/orin_nano/demo/install/io_context/share/io_context/local_setup.zsh
[7.413s] -- Up-to-date: /home/orin_nano/demo/install/io_context/share/io_context/local_setup.dsv
[7.413s] -- Installing: /home/orin_nano/demo/install/io_context/share/io_context/package.dsv
[7.413s] -- Up-to-date: /home/orin_nano/demo/install/io_context/share/ament_index/resource_index/packages/io_context
[7.413s] -- Up-to-date: /home/orin_nano/demo/install/io_context/share/io_context/cmake/ament_cmake_export_dependencies-extras.cmake
[7.413s] -- Up-to-date: /home/orin_nano/demo/install/io_context/share/io_context/cmake/ament_cmake_export_include_directories-extras.cmake
[7.413s] -- Up-to-date: /home/orin_nano/demo/install/io_context/share/io_context/cmake/ament_cmake_export_libraries-extras.cmake
[7.413s] -- Up-to-date: /home/orin_nano/demo/install/io_context/share/io_context/cmake/io_contextConfig.cmake
[7.414s] -- Up-to-date: /home/orin_nano/demo/install/io_context/share/io_context/cmake/io_contextConfig-version.cmake
[7.414s] -- Up-to-date: /home/orin_nano/demo/install/io_context/share/io_context/package.xml
[7.416s] Invoked command in '/home/orin_nano/demo/build/io_context' returned '0': CMAKE_PREFIX_PATH=/home/orin_nano/demo/install/asio_cmake_module:/home/orin_nano/demo/install/vesc:/home/orin_nano/demo/install/vesc_driver:/home/orin_nano/demo/install/vesc_ackermann:/home/orin_nano/demo/install/vesc_msgs:/home/orin_nano/demo/install/udp_driver:/home/orin_nano/demo/install/serial_driver:/home/orin_nano/demo/install/joy:/home/orin_nano/demo/install/io_context:/home/orin_nano/demo/install/combine_pkg:/home/orin_nano/joyy/install/vesc:/home/orin_nano/joyy/install/vesc_ackermann:/home/orin_nano/joyy/install/vesc_msgs:/home/orin_nano/joyy/install/joy:/home/orin_nano/install/joy:/opt/ros/foxy /usr/bin/cmake --install /home/orin_nano/demo/build/io_context
