[4.548s] Invoking command in '/home/orin_nano/demo/build/vesc_msgs': CMAKE_PREFIX_PATH=${CMAKE_PREFIX_PATH}:/opt/ros/foxy /usr/bin/cmake --build /home/orin_nano/demo/build/vesc_msgs -- -j6 -l6
[4.707s] [  1%] Built target vesc_msgs__cpp
[4.726s] [ 12%] Built target vesc_msgs__rosidl_generator_c
[4.785s] [ 23%] Built target vesc_msgs__rosidl_typesupport_cpp
[4.814s] [ 34%] Built target vesc_msgs__rosidl_typesupport_c
[4.817s] [ 45%] Built target vesc_msgs__rosidl_typesupport_introspection_cpp
[4.825s] [ 56%] Built target vesc_msgs__rosidl_typesupport_fastrtps_cpp
[4.826s] [ 67%] Built target vesc_msgs__rosidl_typesupport_introspection_c
[4.895s] [ 78%] Built target vesc_msgs__rosidl_typesupport_fastrtps_c
[4.950s] [ 78%] Built target vesc_msgs
[5.003s] [ 80%] Built target vesc_msgs__py
[5.070s] [ 89%] Built target vesc_msgs__python
[5.134s] [100%] Built target vesc_msgs__rosidl_typesupport_c__pyext
[5.134s] [100%] Built target vesc_msgs__rosidl_typesupport_fastrtps_c__pyext
[5.134s] [100%] Built target vesc_msgs__rosidl_typesupport_introspection_c__pyext
[5.660s] Invoked command in '/home/orin_nano/demo/build/vesc_msgs' returned '0': CMAKE_PREFIX_PATH=${CMAKE_PREFIX_PATH}:/opt/ros/foxy /usr/bin/cmake --build /home/orin_nano/demo/build/vesc_msgs -- -j6 -l6
[7.475s] Invoking command in '/home/orin_nano/demo/build/vesc_msgs': CMAKE_PREFIX_PATH=${CMAKE_PREFIX_PATH}:/opt/ros/foxy /usr/bin/cmake --install /home/orin_nano/demo/build/vesc_msgs
[7.499s] -- Install configuration: ""
[7.500s] -- Up-to-date: /home/orin_nano/demo/install/vesc_msgs/share/ament_index/resource_index/rosidl_interfaces/vesc_msgs
[7.501s] -- Up-to-date: /home/orin_nano/demo/install/vesc_msgs/include/vesc_msgs
[7.502s] -- Up-to-date: /home/orin_nano/demo/install/vesc_msgs/include/vesc_msgs/msg
[7.503s] -- Up-to-date: /home/orin_nano/demo/install/vesc_msgs/include/vesc_msgs/msg/vesc_imu.h
[7.504s] -- Up-to-date: /home/orin_nano/demo/install/vesc_msgs/include/vesc_msgs/msg/detail
[7.504s] -- Up-to-date: /home/orin_nano/demo/install/vesc_msgs/include/vesc_msgs/msg/detail/vesc_imu__functions.h
[7.504s] -- Up-to-date: /home/orin_nano/demo/install/vesc_msgs/include/vesc_msgs/msg/detail/vesc_state_stamped__functions.c
[7.505s] -- Up-to-date: /home/orin_nano/demo/install/vesc_msgs/include/vesc_msgs/msg/detail/vesc_imu_stamped__functions.c
[7.506s] -- Up-to-date: /home/orin_nano/demo/install/vesc_msgs/include/vesc_msgs/msg/detail/vesc_state__functions.c
[7.507s] -- Up-to-date: /home/orin_nano/demo/install/vesc_msgs/include/vesc_msgs/msg/detail/vesc_imu_stamped__type_support.h
[7.508s] -- Up-to-date: /home/orin_nano/demo/install/vesc_msgs/include/vesc_msgs/msg/detail/vesc_state__functions.h
[7.508s] -- Up-to-date: /home/orin_nano/demo/install/vesc_msgs/include/vesc_msgs/msg/detail/vesc_state__struct.h
[7.510s] -- Up-to-date: /home/orin_nano/demo/install/vesc_msgs/include/vesc_msgs/msg/detail/vesc_state__type_support.h
[7.510s] -- Up-to-date: /home/orin_nano/demo/install/vesc_msgs/include/vesc_msgs/msg/detail/vesc_imu_stamped__struct.h
[7.511s] -- Up-to-date: /home/orin_nano/demo/install/vesc_msgs/include/vesc_msgs/msg/detail/vesc_state_stamped__struct.h
[7.512s] -- Up-to-date: /home/orin_nano/demo/install/vesc_msgs/include/vesc_msgs/msg/detail/vesc_imu__type_support.h
[7.512s] -- Up-to-date: /home/orin_nano/demo/install/vesc_msgs/include/vesc_msgs/msg/detail/vesc_state_stamped__type_support.h
[7.513s] -- Up-to-date: /home/orin_nano/demo/install/vesc_msgs/include/vesc_msgs/msg/detail/vesc_imu_stamped__functions.h
[7.513s] -- Up-to-date: /home/orin_nano/demo/install/vesc_msgs/include/vesc_msgs/msg/detail/vesc_imu__struct.h
[7.514s] -- Up-to-date: /home/orin_nano/demo/install/vesc_msgs/include/vesc_msgs/msg/detail/vesc_state_stamped__functions.h
[7.515s] -- Up-to-date: /home/orin_nano/demo/install/vesc_msgs/include/vesc_msgs/msg/detail/vesc_imu__functions.c
[7.515s] -- Up-to-date: /home/orin_nano/demo/install/vesc_msgs/include/vesc_msgs/msg/vesc_imu_stamped.h
[7.516s] -- Up-to-date: /home/orin_nano/demo/install/vesc_msgs/include/vesc_msgs/msg/rosidl_generator_c__visibility_control.h
[7.516s] -- Up-to-date: /home/orin_nano/demo/install/vesc_msgs/include/vesc_msgs/msg/vesc_state_stamped.h
[7.517s] -- Up-to-date: /home/orin_nano/demo/install/vesc_msgs/include/vesc_msgs/msg/vesc_state.h
[7.517s] -- Up-to-date: /home/orin_nano/demo/install/vesc_msgs/share/vesc_msgs/environment/library_path.sh
[7.518s] -- Up-to-date: /home/orin_nano/demo/install/vesc_msgs/share/vesc_msgs/environment/library_path.dsv
[7.518s] -- Up-to-date: /home/orin_nano/demo/install/vesc_msgs/lib/libvesc_msgs__rosidl_generator_c.so
[7.519s] -- Up-to-date: /home/orin_nano/demo/install/vesc_msgs/include/vesc_msgs
[7.519s] -- Up-to-date: /home/orin_nano/demo/install/vesc_msgs/include/vesc_msgs/msg
[7.520s] -- Up-to-date: /home/orin_nano/demo/install/vesc_msgs/include/vesc_msgs/msg/detail
[7.520s] -- Up-to-date: /home/orin_nano/demo/install/vesc_msgs/include/vesc_msgs/msg/detail/vesc_imu_stamped__rosidl_typesupport_fastrtps_c.h
[7.521s] -- Up-to-date: /home/orin_nano/demo/install/vesc_msgs/include/vesc_msgs/msg/detail/vesc_imu__rosidl_typesupport_fastrtps_c.h
[7.522s] -- Up-to-date: /home/orin_nano/demo/install/vesc_msgs/include/vesc_msgs/msg/detail/vesc_state_stamped__rosidl_typesupport_fastrtps_c.h
[7.522s] -- Up-to-date: /home/orin_nano/demo/install/vesc_msgs/include/vesc_msgs/msg/detail/vesc_state__rosidl_typesupport_fastrtps_c.h
[7.523s] -- Up-to-date: /home/orin_nano/demo/install/vesc_msgs/include/vesc_msgs/msg/rosidl_typesupport_fastrtps_c__visibility_control.h
[7.524s] -- Up-to-date: /home/orin_nano/demo/install/vesc_msgs/lib/libvesc_msgs__rosidl_typesupport_fastrtps_c.so
[7.524s] -- Up-to-date: /home/orin_nano/demo/install/vesc_msgs/include/vesc_msgs
[7.525s] -- Up-to-date: /home/orin_nano/demo/install/vesc_msgs/include/vesc_msgs/msg
[7.525s] -- Up-to-date: /home/orin_nano/demo/install/vesc_msgs/include/vesc_msgs/msg/detail
[7.525s] -- Up-to-date: /home/orin_nano/demo/install/vesc_msgs/include/vesc_msgs/msg/detail/dds_fastrtps
[7.526s] -- Up-to-date: /home/orin_nano/demo/install/vesc_msgs/include/vesc_msgs/msg/detail/vesc_imu__rosidl_typesupport_fastrtps_cpp.hpp
[7.527s] -- Up-to-date: /home/orin_nano/demo/install/vesc_msgs/include/vesc_msgs/msg/detail/vesc_imu_stamped__rosidl_typesupport_fastrtps_cpp.hpp
[7.527s] -- Up-to-date: /home/orin_nano/demo/install/vesc_msgs/include/vesc_msgs/msg/detail/vesc_state_stamped__rosidl_typesupport_fastrtps_cpp.hpp
[7.527s] -- Up-to-date: /home/orin_nano/demo/install/vesc_msgs/include/vesc_msgs/msg/detail/vesc_state__rosidl_typesupport_fastrtps_cpp.hpp
[7.528s] -- Up-to-date: /home/orin_nano/demo/install/vesc_msgs/include/vesc_msgs/msg/rosidl_typesupport_fastrtps_cpp__visibility_control.h
[7.528s] -- Up-to-date: /home/orin_nano/demo/install/vesc_msgs/lib/libvesc_msgs__rosidl_typesupport_fastrtps_cpp.so
[7.529s] -- Up-to-date: /home/orin_nano/demo/install/vesc_msgs/include/vesc_msgs
[7.530s] -- Up-to-date: /home/orin_nano/demo/install/vesc_msgs/include/vesc_msgs/msg
[7.530s] -- Up-to-date: /home/orin_nano/demo/install/vesc_msgs/include/vesc_msgs/msg/detail
[7.530s] -- Up-to-date: /home/orin_nano/demo/install/vesc_msgs/include/vesc_msgs/msg/detail/vesc_imu_stamped__rosidl_typesupport_introspection_c.h
[7.531s] -- Up-to-date: /home/orin_nano/demo/install/vesc_msgs/include/vesc_msgs/msg/detail/vesc_state_stamped__rosidl_typesupport_introspection_c.h
[7.531s] -- Up-to-date: /home/orin_nano/demo/install/vesc_msgs/include/vesc_msgs/msg/detail/vesc_state__rosidl_typesupport_introspection_c.h
[7.532s] -- Up-to-date: /home/orin_nano/demo/install/vesc_msgs/include/vesc_msgs/msg/detail/vesc_imu__type_support.c
[7.533s] -- Up-to-date: /home/orin_nano/demo/install/vesc_msgs/include/vesc_msgs/msg/detail/vesc_imu__rosidl_typesupport_introspection_c.h
[7.533s] -- Up-to-date: /home/orin_nano/demo/install/vesc_msgs/include/vesc_msgs/msg/detail/vesc_state_stamped__type_support.c
[7.534s] -- Up-to-date: /home/orin_nano/demo/install/vesc_msgs/include/vesc_msgs/msg/detail/vesc_imu_stamped__type_support.c
[7.534s] -- Up-to-date: /home/orin_nano/demo/install/vesc_msgs/include/vesc_msgs/msg/detail/vesc_state__type_support.c
[7.535s] -- Up-to-date: /home/orin_nano/demo/install/vesc_msgs/include/vesc_msgs/msg/rosidl_typesupport_introspection_c__visibility_control.h
[7.536s] -- Up-to-date: /home/orin_nano/demo/install/vesc_msgs/lib/libvesc_msgs__rosidl_typesupport_introspection_c.so
[7.536s] -- Up-to-date: /home/orin_nano/demo/install/vesc_msgs/lib/libvesc_msgs__rosidl_typesupport_c.so
[7.537s] -- Up-to-date: /home/orin_nano/demo/install/vesc_msgs/include/vesc_msgs
[7.537s] -- Up-to-date: /home/orin_nano/demo/install/vesc_msgs/include/vesc_msgs/msg
[7.538s] -- Up-to-date: /home/orin_nano/demo/install/vesc_msgs/include/vesc_msgs/msg/detail
[7.538s] -- Up-to-date: /home/orin_nano/demo/install/vesc_msgs/include/vesc_msgs/msg/detail/vesc_imu_stamped__traits.hpp
[7.539s] -- Up-to-date: /home/orin_nano/demo/install/vesc_msgs/include/vesc_msgs/msg/detail/vesc_state__traits.hpp
[7.540s] -- Up-to-date: /home/orin_nano/demo/install/vesc_msgs/include/vesc_msgs/msg/detail/vesc_state__builder.hpp
[7.540s] -- Up-to-date: /home/orin_nano/demo/install/vesc_msgs/include/vesc_msgs/msg/detail/vesc_imu_stamped__builder.hpp
[7.541s] -- Up-to-date: /home/orin_nano/demo/install/vesc_msgs/include/vesc_msgs/msg/detail/vesc_imu_stamped__struct.hpp
[7.541s] -- Up-to-date: /home/orin_nano/demo/install/vesc_msgs/include/vesc_msgs/msg/detail/vesc_state__struct.hpp
[7.542s] -- Up-to-date: /home/orin_nano/demo/install/vesc_msgs/include/vesc_msgs/msg/detail/vesc_imu__type_support.hpp
[7.543s] -- Up-to-date: /home/orin_nano/demo/install/vesc_msgs/include/vesc_msgs/msg/detail/vesc_imu__builder.hpp
[7.544s] -- Up-to-date: /home/orin_nano/demo/install/vesc_msgs/include/vesc_msgs/msg/detail/vesc_state_stamped__builder.hpp
[7.544s] -- Up-to-date: /home/orin_nano/demo/install/vesc_msgs/include/vesc_msgs/msg/detail/vesc_state_stamped__type_support.hpp
[7.545s] -- Up-to-date: /home/orin_nano/demo/install/vesc_msgs/include/vesc_msgs/msg/detail/vesc_state_stamped__struct.hpp
[7.545s] -- Up-to-date: /home/orin_nano/demo/install/vesc_msgs/include/vesc_msgs/msg/detail/vesc_state_stamped__traits.hpp
[7.546s] -- Up-to-date: /home/orin_nano/demo/install/vesc_msgs/include/vesc_msgs/msg/detail/vesc_state__type_support.hpp
[7.547s] -- Up-to-date: /home/orin_nano/demo/install/vesc_msgs/include/vesc_msgs/msg/detail/vesc_imu__traits.hpp
[7.547s] -- Up-to-date: /home/orin_nano/demo/install/vesc_msgs/include/vesc_msgs/msg/detail/vesc_imu_stamped__type_support.hpp
[7.548s] -- Up-to-date: /home/orin_nano/demo/install/vesc_msgs/include/vesc_msgs/msg/detail/vesc_imu__struct.hpp
[7.548s] -- Up-to-date: /home/orin_nano/demo/install/vesc_msgs/include/vesc_msgs/msg/vesc_state.hpp
[7.549s] -- Up-to-date: /home/orin_nano/demo/install/vesc_msgs/include/vesc_msgs/msg/rosidl_generator_cpp__visibility_control.hpp
[7.550s] -- Up-to-date: /home/orin_nano/demo/install/vesc_msgs/include/vesc_msgs/msg/vesc_state_stamped.hpp
[7.551s] -- Up-to-date: /home/orin_nano/demo/install/vesc_msgs/include/vesc_msgs/msg/vesc_imu.hpp
[7.551s] -- Up-to-date: /home/orin_nano/demo/install/vesc_msgs/include/vesc_msgs/msg/vesc_imu_stamped.hpp
[7.552s] -- Up-to-date: /home/orin_nano/demo/install/vesc_msgs/include/vesc_msgs
[7.552s] -- Up-to-date: /home/orin_nano/demo/install/vesc_msgs/include/vesc_msgs/msg
[7.553s] -- Up-to-date: /home/orin_nano/demo/install/vesc_msgs/include/vesc_msgs/msg/detail
[7.553s] -- Up-to-date: /home/orin_nano/demo/install/vesc_msgs/include/vesc_msgs/msg/detail/vesc_imu__type_support.cpp
[7.553s] -- Up-to-date: /home/orin_nano/demo/install/vesc_msgs/include/vesc_msgs/msg/detail/vesc_state_stamped__type_support.cpp
[7.554s] -- Up-to-date: /home/orin_nano/demo/install/vesc_msgs/include/vesc_msgs/msg/detail/vesc_imu_stamped__rosidl_typesupport_introspection_cpp.hpp
[7.554s] -- Up-to-date: /home/orin_nano/demo/install/vesc_msgs/include/vesc_msgs/msg/detail/vesc_state__type_support.cpp
[7.554s] -- Up-to-date: /home/orin_nano/demo/install/vesc_msgs/include/vesc_msgs/msg/detail/vesc_state__rosidl_typesupport_introspection_cpp.hpp
[7.554s] -- Up-to-date: /home/orin_nano/demo/install/vesc_msgs/include/vesc_msgs/msg/detail/vesc_imu__rosidl_typesupport_introspection_cpp.hpp
[7.555s] -- Up-to-date: /home/orin_nano/demo/install/vesc_msgs/include/vesc_msgs/msg/detail/vesc_imu_stamped__type_support.cpp
[7.555s] -- Up-to-date: /home/orin_nano/demo/install/vesc_msgs/include/vesc_msgs/msg/detail/vesc_state_stamped__rosidl_typesupport_introspection_cpp.hpp
[7.555s] -- Up-to-date: /home/orin_nano/demo/install/vesc_msgs/lib/libvesc_msgs__rosidl_typesupport_introspection_cpp.so
[7.555s] -- Up-to-date: /home/orin_nano/demo/install/vesc_msgs/lib/libvesc_msgs__rosidl_typesupport_cpp.so
[7.555s] -- Up-to-date: /home/orin_nano/demo/install/vesc_msgs/share/vesc_msgs/environment/pythonpath.sh
[7.556s] -- Up-to-date: /home/orin_nano/demo/install/vesc_msgs/share/vesc_msgs/environment/pythonpath.dsv
[7.556s] -- Up-to-date: /home/orin_nano/demo/install/vesc_msgs/lib/python3.8/site-packages/vesc_msgs/__init__.py
[7.583s] -- Up-to-date: /home/orin_nano/demo/install/vesc_msgs/lib/python3.8/site-packages/vesc_msgs/msg
[7.583s] -- Up-to-date: /home/orin_nano/demo/install/vesc_msgs/lib/python3.8/site-packages/vesc_msgs/msg/_vesc_imu_stamped.py
[7.584s] -- Up-to-date: /home/orin_nano/demo/install/vesc_msgs/lib/python3.8/site-packages/vesc_msgs/msg/_vesc_imu.py
[7.585s] -- Up-to-date: /home/orin_nano/demo/install/vesc_msgs/lib/python3.8/site-packages/vesc_msgs/msg/_vesc_imu_stamped_s.c
[7.586s] -- Up-to-date: /home/orin_nano/demo/install/vesc_msgs/lib/python3.8/site-packages/vesc_msgs/msg/__init__.py
[7.588s] -- Up-to-date: /home/orin_nano/demo/install/vesc_msgs/lib/python3.8/site-packages/vesc_msgs/msg/_vesc_imu_s.c
[7.589s] -- Up-to-date: /home/orin_nano/demo/install/vesc_msgs/lib/python3.8/site-packages/vesc_msgs/msg/_vesc_state_stamped.py
[7.589s] -- Up-to-date: /home/orin_nano/demo/install/vesc_msgs/lib/python3.8/site-packages/vesc_msgs/msg/_vesc_state.py
[7.590s] -- Up-to-date: /home/orin_nano/demo/install/vesc_msgs/lib/python3.8/site-packages/vesc_msgs/msg/_vesc_state_stamped_s.c
[7.591s] -- Up-to-date: /home/orin_nano/demo/install/vesc_msgs/lib/python3.8/site-packages/vesc_msgs/msg/_vesc_state_s.c
[7.592s] -- Up-to-date: /home/orin_nano/demo/install/vesc_msgs/lib/python3.8/site-packages/vesc_msgs/vesc_msgs_s__rosidl_typesupport_fastrtps_c.cpython-38-aarch64-linux-gnu.so
[7.593s] -- Up-to-date: /home/orin_nano/demo/install/vesc_msgs/lib/python3.8/site-packages/vesc_msgs/vesc_msgs_s__rosidl_typesupport_introspection_c.cpython-38-aarch64-linux-gnu.so
[7.594s] -- Up-to-date: /home/orin_nano/demo/install/vesc_msgs/lib/python3.8/site-packages/vesc_msgs/vesc_msgs_s__rosidl_typesupport_c.cpython-38-aarch64-linux-gnu.so
[7.595s] -- Up-to-date: /home/orin_nano/demo/install/vesc_msgs/lib/libvesc_msgs__python.so
[7.596s] -- Up-to-date: /home/orin_nano/demo/install/vesc_msgs/share/vesc_msgs/msg/VescState.idl
[7.597s] -- Up-to-date: /home/orin_nano/demo/install/vesc_msgs/share/vesc_msgs/msg/VescStateStamped.idl
[7.598s] -- Up-to-date: /home/orin_nano/demo/install/vesc_msgs/share/vesc_msgs/msg/VescImu.idl
[7.598s] -- Up-to-date: /home/orin_nano/demo/install/vesc_msgs/share/vesc_msgs/msg/VescImuStamped.idl
[7.599s] -- Up-to-date: /home/orin_nano/demo/install/vesc_msgs/share/vesc_msgs/msg/VescState.msg
[7.599s] -- Up-to-date: /home/orin_nano/demo/install/vesc_msgs/share/vesc_msgs/msg/VescStateStamped.msg
[7.600s] -- Up-to-date: /home/orin_nano/demo/install/vesc_msgs/share/vesc_msgs/msg/VescImu.msg
[7.601s] -- Up-to-date: /home/orin_nano/demo/install/vesc_msgs/share/vesc_msgs/msg/VescImuStamped.msg
[7.602s] -- Up-to-date: /home/orin_nano/demo/install/vesc_msgs/share/ament_index/resource_index/package_run_dependencies/vesc_msgs
[7.602s] -- Up-to-date: /home/orin_nano/demo/install/vesc_msgs/share/ament_index/resource_index/parent_prefix_path/vesc_msgs
[7.603s] -- Up-to-date: /home/orin_nano/demo/install/vesc_msgs/share/vesc_msgs/environment/ament_prefix_path.sh
[7.604s] -- Up-to-date: /home/orin_nano/demo/install/vesc_msgs/share/vesc_msgs/environment/ament_prefix_path.dsv
[7.605s] -- Up-to-date: /home/orin_nano/demo/install/vesc_msgs/share/vesc_msgs/environment/path.sh
[7.605s] -- Up-to-date: /home/orin_nano/demo/install/vesc_msgs/share/vesc_msgs/environment/path.dsv
[7.606s] -- Up-to-date: /home/orin_nano/demo/install/vesc_msgs/share/vesc_msgs/local_setup.bash
[7.608s] -- Up-to-date: /home/orin_nano/demo/install/vesc_msgs/share/vesc_msgs/local_setup.sh
[7.608s] -- Up-to-date: /home/orin_nano/demo/install/vesc_msgs/share/vesc_msgs/local_setup.zsh
[7.609s] -- Up-to-date: /home/orin_nano/demo/install/vesc_msgs/share/vesc_msgs/local_setup.dsv
[7.610s] -- Installing: /home/orin_nano/demo/install/vesc_msgs/share/vesc_msgs/package.dsv
[7.611s] -- Up-to-date: /home/orin_nano/demo/install/vesc_msgs/share/ament_index/resource_index/packages/vesc_msgs
[7.611s] -- Up-to-date: /home/orin_nano/demo/install/vesc_msgs/share/vesc_msgs/cmake/vesc_msgs__rosidl_generator_cExport.cmake
[7.612s] -- Up-to-date: /home/orin_nano/demo/install/vesc_msgs/share/vesc_msgs/cmake/vesc_msgs__rosidl_generator_cExport-noconfig.cmake
[7.612s] -- Up-to-date: /home/orin_nano/demo/install/vesc_msgs/share/vesc_msgs/cmake/vesc_msgs__rosidl_typesupport_introspection_cExport.cmake
[7.613s] -- Up-to-date: /home/orin_nano/demo/install/vesc_msgs/share/vesc_msgs/cmake/vesc_msgs__rosidl_typesupport_introspection_cExport-noconfig.cmake
[7.614s] -- Up-to-date: /home/orin_nano/demo/install/vesc_msgs/share/vesc_msgs/cmake/vesc_msgs__rosidl_typesupport_cExport.cmake
[7.615s] -- Up-to-date: /home/orin_nano/demo/install/vesc_msgs/share/vesc_msgs/cmake/vesc_msgs__rosidl_typesupport_cExport-noconfig.cmake
[7.615s] -- Up-to-date: /home/orin_nano/demo/install/vesc_msgs/share/vesc_msgs/cmake/vesc_msgs__rosidl_generator_cppExport.cmake
[7.616s] -- Up-to-date: /home/orin_nano/demo/install/vesc_msgs/share/vesc_msgs/cmake/vesc_msgs__rosidl_typesupport_introspection_cppExport.cmake
[7.617s] -- Up-to-date: /home/orin_nano/demo/install/vesc_msgs/share/vesc_msgs/cmake/vesc_msgs__rosidl_typesupport_introspection_cppExport-noconfig.cmake
[7.617s] -- Up-to-date: /home/orin_nano/demo/install/vesc_msgs/share/vesc_msgs/cmake/vesc_msgs__rosidl_typesupport_cppExport.cmake
[7.618s] -- Up-to-date: /home/orin_nano/demo/install/vesc_msgs/share/vesc_msgs/cmake/vesc_msgs__rosidl_typesupport_cppExport-noconfig.cmake
[7.619s] -- Up-to-date: /home/orin_nano/demo/install/vesc_msgs/share/vesc_msgs/cmake/rosidl_cmake-extras.cmake
[7.620s] -- Up-to-date: /home/orin_nano/demo/install/vesc_msgs/share/vesc_msgs/cmake/ament_cmake_export_dependencies-extras.cmake
[7.621s] -- Up-to-date: /home/orin_nano/demo/install/vesc_msgs/share/vesc_msgs/cmake/ament_cmake_export_libraries-extras.cmake
[7.621s] -- Up-to-date: /home/orin_nano/demo/install/vesc_msgs/share/vesc_msgs/cmake/ament_cmake_export_targets-extras.cmake
[7.622s] -- Up-to-date: /home/orin_nano/demo/install/vesc_msgs/share/vesc_msgs/cmake/ament_cmake_export_include_directories-extras.cmake
[7.622s] -- Up-to-date: /home/orin_nano/demo/install/vesc_msgs/share/vesc_msgs/cmake/rosidl_cmake_export_typesupport_libraries-extras.cmake
[7.623s] -- Up-to-date: /home/orin_nano/demo/install/vesc_msgs/share/vesc_msgs/cmake/rosidl_cmake_export_typesupport_targets-extras.cmake
[7.624s] -- Up-to-date: /home/orin_nano/demo/install/vesc_msgs/share/vesc_msgs/cmake/vesc_msgsConfig.cmake
[7.625s] -- Up-to-date: /home/orin_nano/demo/install/vesc_msgs/share/vesc_msgs/cmake/vesc_msgsConfig-version.cmake
[7.626s] -- Up-to-date: /home/orin_nano/demo/install/vesc_msgs/share/vesc_msgs/package.xml
[11.025s] Invoked command in '/home/orin_nano/demo/build/vesc_msgs' returned '0': CMAKE_PREFIX_PATH=${CMAKE_PREFIX_PATH}:/opt/ros/foxy /usr/bin/cmake --install /home/orin_nano/demo/build/vesc_msgs
