[1.546s] Invoking command in '/home/orin_nano/demo/build/joy': CMAKE_PREFIX_PATH=${CMAKE_PREFIX_PATH}:/opt/ros/foxy /usr/bin/cmake --build /home/orin_nano/demo/build/joy -- -j6 -l6
[1.685s] [ 33%] Built target joy_enumerate_devices
[1.708s] [ 66%] Built target joy
[1.712s] [100%] Built target joy_node
[1.767s] Invoked command in '/home/orin_nano/demo/build/joy' returned '0': CMAKE_PREFIX_PATH=${CMAKE_PREFIX_PATH}:/opt/ros/foxy /usr/bin/cmake --build /home/orin_nano/demo/build/joy -- -j6 -l6
[3.373s] Invoking command in '/home/orin_nano/demo/build/joy': CMAKE_PREFIX_PATH=${CMAKE_PREFIX_PATH}:/opt/ros/foxy /usr/bin/cmake --install /home/orin_nano/demo/build/joy
[3.396s] -- Install configuration: ""
[3.396s] -- Up-to-date: /home/orin_nano/demo/install/joy/lib/libjoy.so
[3.398s] -- Up-to-date: /home/orin_nano/demo/install/joy/lib/joy/joy_node
[3.400s] -- Up-to-date: /home/orin_nano/demo/install/joy/lib/joy/joy_enumerate_devices
[3.401s] -- Up-to-date: /home/orin_nano/demo/install/joy/include/joy
[3.402s] -- Up-to-date: /home/orin_nano/demo/install/joy/include/joy/joy.hpp
[3.403s] -- Up-to-date: /home/orin_nano/demo/install/joy/share/joy/config
[3.403s] -- Up-to-date: /home/orin_nano/demo/install/joy/share/joy/config/joy-params.yaml
[3.403s] -- Up-to-date: /home/orin_nano/demo/install/joy/share/joy/launch
[3.403s] -- Up-to-date: /home/orin_nano/demo/install/joy/share/joy/launch/joy-composed-launch.py
[3.403s] -- Up-to-date: /home/orin_nano/demo/install/joy/share/joy/launch/joy-launch.py
[3.403s] -- Up-to-date: /home/orin_nano/demo/install/joy/share/ament_index/resource_index/package_run_dependencies/joy
[3.403s] -- Up-to-date: /home/orin_nano/demo/install/joy/share/ament_index/resource_index/parent_prefix_path/joy
[3.404s] -- Up-to-date: /home/orin_nano/demo/install/joy/share/joy/environment/ament_prefix_path.sh
[3.404s] -- Up-to-date: /home/orin_nano/demo/install/joy/share/joy/environment/ament_prefix_path.dsv
[3.404s] -- Up-to-date: /home/orin_nano/demo/install/joy/share/joy/environment/path.sh
[3.404s] -- Up-to-date: /home/orin_nano/demo/install/joy/share/joy/environment/path.dsv
[3.404s] -- Up-to-date: /home/orin_nano/demo/install/joy/share/joy/local_setup.bash
[3.405s] -- Up-to-date: /home/orin_nano/demo/install/joy/share/joy/local_setup.sh
[3.405s] -- Up-to-date: /home/orin_nano/demo/install/joy/share/joy/local_setup.zsh
[3.406s] -- Up-to-date: /home/orin_nano/demo/install/joy/share/joy/local_setup.dsv
[3.407s] -- Installing: /home/orin_nano/demo/install/joy/share/joy/package.dsv
[3.407s] -- Up-to-date: /home/orin_nano/demo/install/joy/share/ament_index/resource_index/packages/joy
[3.408s] -- Up-to-date: /home/orin_nano/demo/install/joy/share/ament_index/resource_index/rclcpp_components/joy
[3.409s] -- Up-to-date: /home/orin_nano/demo/install/joy/share/joy/cmake/joyConfig.cmake
[3.409s] -- Up-to-date: /home/orin_nano/demo/install/joy/share/joy/cmake/joyConfig-version.cmake
[3.410s] -- Up-to-date: /home/orin_nano/demo/install/joy/share/joy/package.xml
[5.980s] Invoked command in '/home/orin_nano/demo/build/joy' returned '0': CMAKE_PREFIX_PATH=${CMAKE_PREFIX_PATH}:/opt/ros/foxy /usr/bin/cmake --install /home/orin_nano/demo/build/joy
