[0.662s] Invoking command in '/home/orin_nano/demo/build/serial_driver': AMENT_PREFIX_PATH=/home/orin_nano/demo/install/io_context:${AMENT_PREFIX_PATH} CMAKE_PREFIX_PATH=/home/orin_nano/demo/install/io_context:/home/orin_nano/demo/install/asio_cmake_module:/home/orin_nano/demo/install/vesc:/home/orin_nano/demo/install/vesc_msgs:/home/orin_nano/demo/install/joy:/opt/ros/foxy LD_LIBRARY_PATH=/home/orin_nano/demo/install/io_context/lib:/home/orin_nano/demo/install/vesc_msgs/lib:/home/orin_nano/demo/install/joy/lib:/opt/ros/foxy/opt/yaml_cpp_vendor/lib:/opt/ros/foxy/opt/rviz_ogre_vendor/lib:/opt/ros/foxy/lib/aarch64-linux-gnu:/opt/ros/foxy/lib:/usr/local/cuda-11.4/lib64 /usr/bin/cmake /home/orin_nano/demo/transport_drivers/serial_driver -DCMAKE_INSTALL_PREFIX=/home/orin_nano/demo/install/serial_driver
[0.776s] -- The C compiler identification is GNU 9.4.0
[0.879s] -- The CXX compiler identification is GNU 9.4.0
[0.888s] -- Check for working C compiler: /usr/bin/cc
[1.030s] -- Check for working C compiler: /usr/bin/cc -- works
[1.032s] -- Detecting C compiler ABI info
[1.173s] -- Detecting C compiler ABI info - done
[1.193s] -- Detecting C compile features
[1.193s] -- Detecting C compile features - done
[1.198s] -- Check for working CXX compiler: /usr/bin/c++
[1.355s] -- Check for working CXX compiler: /usr/bin/c++ -- works
[1.357s] -- Detecting CXX compiler ABI info
[1.515s] -- Detecting CXX compiler ABI info - done
[1.536s] -- Detecting CXX compile features
[1.536s] -- Detecting CXX compile features - done
[1.541s] -- Found ament_cmake_auto: 0.9.12 (/opt/ros/foxy/share/ament_cmake_auto/cmake)
[1.597s] -- Found PythonInterp: /usr/bin/python3 (found suitable version "3.8.10", minimum required is "3") 
[1.597s] -- Using PYTHON_EXECUTABLE: /usr/bin/python3
[2.248s] -- Using all available rosidl_typesupport_c: rosidl_typesupport_fastrtps_c;rosidl_typesupport_introspection_c
[2.263s] -- Found rosidl_adapter: 1.3.1 (/opt/ros/foxy/share/rosidl_adapter/cmake)
[2.439s] -- Found OpenSSL: /usr/lib/aarch64-linux-gnu/libcrypto.so (found version "1.1.1f")  
[2.499s] -- Found FastRTPS: /opt/ros/foxy/include  
[2.662s] -- Using all available rosidl_typesupport_cpp: rosidl_typesupport_fastrtps_cpp;rosidl_typesupport_introspection_cpp
[3.046s] -- Found rmw_implementation_cmake: 1.0.4 (/opt/ros/foxy/share/rmw_implementation_cmake/cmake)
[3.049s] -- Using RMW implementation 'rmw_fastrtps_cpp' as default
[3.051s] -- Looking for pthread.h
[3.213s] -- Looking for pthread.h - found
[3.214s] -- Performing Test CMAKE_HAVE_LIBC_PTHREAD
[3.386s] -- Performing Test CMAKE_HAVE_LIBC_PTHREAD - Failed
[3.387s] -- Looking for pthread_create in pthreads
[3.527s] -- Looking for pthread_create in pthreads - not found
[3.527s] -- Looking for pthread_create in pthread
[3.687s] -- Looking for pthread_create in pthread - found
[3.694s] -- Found Threads: TRUE  
[4.284s] -- Found ASIO: /usr/include  
[4.374s] -- Found ament_lint_auto: 0.9.8 (/opt/ros/foxy/share/ament_lint_auto/cmake)
[4.413s] -- Found gtest sources under '/opt/ros/foxy/src/gtest_vendor': C++ tests using 'Google Test' will be built
[4.420s] -- Check if compiler accepts -pthread
[4.569s] -- Check if compiler accepts -pthread - yes
[4.594s] -- Added test 'copyright' to check source files copyright and LICENSE
[4.597s] -- Added test 'cppcheck' to perform static code analysis on C / C++ code
[4.598s] -- Configured cppcheck include dirs: /home/orin_nano/demo/transport_drivers/serial_driver/include
[4.598s] -- Configured cppcheck exclude dirs and/or files: 
[4.601s] -- Added test 'cpplint' to check C / C++ code against the Google style
[4.601s] -- Configured cpplint exclude dirs and/or files: 
[4.602s] -- Added test 'flake8' to check Python code syntax and style conventions
[4.603s] -- Added test 'lint_cmake' to check CMake code style
[4.605s] -- Added test 'pep257' to check Python code against some of the style conventions in PEP 257
[4.607s] -- Added test 'uncrustify' to check C / C++ code style
[4.607s] -- Configured uncrustify additional arguments: 
[4.608s] -- Added test 'xmllint' to check XML markup files
[4.621s] -- Configuring done
[4.751s] -- Generating done
[4.756s] -- Build files have been written to: /home/orin_nano/demo/build/serial_driver
[4.783s] Invoked command in '/home/orin_nano/demo/build/serial_driver' returned '0': AMENT_PREFIX_PATH=/home/orin_nano/demo/install/io_context:${AMENT_PREFIX_PATH} CMAKE_PREFIX_PATH=/home/orin_nano/demo/install/io_context:/home/orin_nano/demo/install/asio_cmake_module:/home/orin_nano/demo/install/vesc:/home/orin_nano/demo/install/vesc_msgs:/home/orin_nano/demo/install/joy:/opt/ros/foxy LD_LIBRARY_PATH=/home/orin_nano/demo/install/io_context/lib:/home/orin_nano/demo/install/vesc_msgs/lib:/home/orin_nano/demo/install/joy/lib:/opt/ros/foxy/opt/yaml_cpp_vendor/lib:/opt/ros/foxy/opt/rviz_ogre_vendor/lib:/opt/ros/foxy/lib/aarch64-linux-gnu:/opt/ros/foxy/lib:/usr/local/cuda-11.4/lib64 /usr/bin/cmake /home/orin_nano/demo/transport_drivers/serial_driver -DCMAKE_INSTALL_PREFIX=/home/orin_nano/demo/install/serial_driver
[4.789s] Invoking command in '/home/orin_nano/demo/build/serial_driver': AMENT_PREFIX_PATH=/home/orin_nano/demo/install/io_context:${AMENT_PREFIX_PATH} CMAKE_PREFIX_PATH=/home/orin_nano/demo/install/io_context:/home/orin_nano/demo/install/asio_cmake_module:/home/orin_nano/demo/install/vesc:/home/orin_nano/demo/install/vesc_msgs:/home/orin_nano/demo/install/joy:/opt/ros/foxy LD_LIBRARY_PATH=/home/orin_nano/demo/install/io_context/lib:/home/orin_nano/demo/install/vesc_msgs/lib:/home/orin_nano/demo/install/joy/lib:/opt/ros/foxy/opt/yaml_cpp_vendor/lib:/opt/ros/foxy/opt/rviz_ogre_vendor/lib:/opt/ros/foxy/lib/aarch64-linux-gnu:/opt/ros/foxy/lib:/usr/local/cuda-11.4/lib64 /usr/bin/cmake --build /home/orin_nano/demo/build/serial_driver -- -j6 -l6
[4.879s] [35m[1mScanning dependencies of target gtest[0m
[4.879s] [35m[1mScanning dependencies of target gtest_main[0m
[4.879s] [35m[1mScanning dependencies of target serial_driver[0m
[4.879s] [35m[1mScanning dependencies of target serial_bridge[0m
[4.912s] [ 13%] [32mBuilding CXX object gtest/CMakeFiles/gtest.dir/src/gtest-all.cc.o[0m
[4.913s] [ 13%] [32mBuilding CXX object gtest/CMakeFiles/gtest_main.dir/src/gtest_main.cc.o[0m
[4.928s] [ 20%] [32mBuilding CXX object CMakeFiles/serial_driver.dir/src/serial_port.cpp.o[0m
[4.955s] [ 26%] [32mBuilding CXX object CMakeFiles/serial_driver.dir/src/serial_driver.cpp.o[0m
[4.993s] [ 33%] [32mBuilding CXX object CMakeFiles/serial_bridge.dir/rclcpp_components/node_main_serial_bridge.cpp.o[0m
[8.279s] [ 40%] [32m[1mLinking CXX static library libgtest_main.a[0m
[8.498s] [ 40%] Built target gtest_main
[11.156s] [ 46%] [32m[1mLinking CXX shared library libserial_driver.so[0m
[11.635s] [ 46%] Built target serial_driver
[11.702s] [35m[1mScanning dependencies of target serial_driver_nodes[0m
[11.890s] [ 53%] [32mBuilding CXX object CMakeFiles/serial_driver_nodes.dir/src/serial_bridge_node.cpp.o[0m
[14.142s] [ 60%] [32m[1mLinking CXX executable serial_bridge[0m
[14.519s] [ 60%] Built target serial_bridge
[16.168s] [ 66%] [32m[1mLinking CXX static library libgtest.a[0m
[16.306s] [ 66%] Built target gtest
[16.331s] [35m[1mScanning dependencies of target test_serial_driver[0m
[16.341s] [35m[1mScanning dependencies of target test_serial_port[0m
[16.401s] [ 73%] [32mBuilding CXX object CMakeFiles/test_serial_driver.dir/test/test_serial_driver.cpp.o[0m
[16.407s] [ 80%] [32mBuilding CXX object CMakeFiles/test_serial_port.dir/test/test_serial_port.cpp.o[0m
[19.956s] [ 86%] [32m[1mLinking CXX executable test_serial_driver[0m
[20.019s] [ 93%] [32m[1mLinking CXX executable test_serial_port[0m
[20.430s] [ 93%] Built target test_serial_driver
[20.527s] [ 93%] Built target test_serial_port
[27.692s] [100%] [32m[1mLinking CXX shared library libserial_driver_nodes.so[0m
[28.612s] [100%] Built target serial_driver_nodes
[28.668s] Invoked command in '/home/orin_nano/demo/build/serial_driver' returned '0': AMENT_PREFIX_PATH=/home/orin_nano/demo/install/io_context:${AMENT_PREFIX_PATH} CMAKE_PREFIX_PATH=/home/orin_nano/demo/install/io_context:/home/orin_nano/demo/install/asio_cmake_module:/home/orin_nano/demo/install/vesc:/home/orin_nano/demo/install/vesc_msgs:/home/orin_nano/demo/install/joy:/opt/ros/foxy LD_LIBRARY_PATH=/home/orin_nano/demo/install/io_context/lib:/home/orin_nano/demo/install/vesc_msgs/lib:/home/orin_nano/demo/install/joy/lib:/opt/ros/foxy/opt/yaml_cpp_vendor/lib:/opt/ros/foxy/opt/rviz_ogre_vendor/lib:/opt/ros/foxy/lib/aarch64-linux-gnu:/opt/ros/foxy/lib:/usr/local/cuda-11.4/lib64 /usr/bin/cmake --build /home/orin_nano/demo/build/serial_driver -- -j6 -l6
[28.844s] Invoking command in '/home/orin_nano/demo/build/serial_driver': AMENT_PREFIX_PATH=/home/orin_nano/demo/install/io_context:${AMENT_PREFIX_PATH} CMAKE_PREFIX_PATH=/home/orin_nano/demo/install/io_context:/home/orin_nano/demo/install/asio_cmake_module:/home/orin_nano/demo/install/vesc:/home/orin_nano/demo/install/vesc_msgs:/home/orin_nano/demo/install/joy:/opt/ros/foxy LD_LIBRARY_PATH=/home/orin_nano/demo/install/io_context/lib:/home/orin_nano/demo/install/vesc_msgs/lib:/home/orin_nano/demo/install/joy/lib:/opt/ros/foxy/opt/yaml_cpp_vendor/lib:/opt/ros/foxy/opt/rviz_ogre_vendor/lib:/opt/ros/foxy/lib/aarch64-linux-gnu:/opt/ros/foxy/lib:/usr/local/cuda-11.4/lib64 /usr/bin/cmake --install /home/orin_nano/demo/build/serial_driver
[28.882s] -- Install configuration: ""
[28.882s] -- Installing: /home/orin_nano/demo/install/serial_driver/lib/serial_driver/serial_bridge
[28.883s] -- Set runtime path of "/home/orin_nano/demo/install/serial_driver/lib/serial_driver/serial_bridge" to ""
[28.883s] -- Installing: /home/orin_nano/demo/install/serial_driver/include
[28.884s] -- Installing: /home/orin_nano/demo/install/serial_driver/include/serial_driver
[28.884s] -- Installing: /home/orin_nano/demo/install/serial_driver/include/serial_driver/serial_driver.hpp
[28.884s] -- Installing: /home/orin_nano/demo/install/serial_driver/include/serial_driver/serial_port.hpp
[28.884s] -- Installing: /home/orin_nano/demo/install/serial_driver/include/serial_driver/visibility_control.hpp
[28.886s] -- Installing: /home/orin_nano/demo/install/serial_driver/include/serial_driver/serial_bridge_node.hpp
[28.887s] -- Installing: /home/orin_nano/demo/install/serial_driver/share/serial_driver/environment/library_path.sh
[28.887s] -- Installing: /home/orin_nano/demo/install/serial_driver/share/serial_driver/environment/library_path.dsv
[28.887s] -- Installing: /home/orin_nano/demo/install/serial_driver/lib/libserial_driver.so
[28.889s] -- Set runtime path of "/home/orin_nano/demo/install/serial_driver/lib/libserial_driver.so" to ""
[28.889s] -- Installing: /home/orin_nano/demo/install/serial_driver/lib/libserial_driver_nodes.so
[28.906s] -- Set runtime path of "/home/orin_nano/demo/install/serial_driver/lib/libserial_driver_nodes.so" to ""
[28.910s] -- Installing: /home/orin_nano/demo/install/serial_driver/share/serial_driver/launch
[28.910s] -- Installing: /home/orin_nano/demo/install/serial_driver/share/serial_driver/launch/serial_driver_bridge_node.launch.py
[28.917s] -- Installing: /home/orin_nano/demo/install/serial_driver/share/serial_driver/params
[28.917s] -- Installing: /home/orin_nano/demo/install/serial_driver/share/serial_driver/params/example.params.yaml
[28.918s] -- Installing: /home/orin_nano/demo/install/serial_driver/share/ament_index/resource_index/package_run_dependencies/serial_driver
[28.918s] -- Installing: /home/orin_nano/demo/install/serial_driver/share/ament_index/resource_index/parent_prefix_path/serial_driver
[28.918s] -- Installing: /home/orin_nano/demo/install/serial_driver/share/serial_driver/environment/ament_prefix_path.sh
[28.919s] -- Installing: /home/orin_nano/demo/install/serial_driver/share/serial_driver/environment/ament_prefix_path.dsv
[28.919s] -- Installing: /home/orin_nano/demo/install/serial_driver/share/serial_driver/environment/path.sh
[28.919s] -- Installing: /home/orin_nano/demo/install/serial_driver/share/serial_driver/environment/path.dsv
[28.920s] -- Installing: /home/orin_nano/demo/install/serial_driver/share/serial_driver/local_setup.bash
[28.920s] -- Installing: /home/orin_nano/demo/install/serial_driver/share/serial_driver/local_setup.sh
[28.920s] -- Installing: /home/orin_nano/demo/install/serial_driver/share/serial_driver/local_setup.zsh
[28.920s] -- Installing: /home/orin_nano/demo/install/serial_driver/share/serial_driver/local_setup.dsv
[28.921s] -- Installing: /home/orin_nano/demo/install/serial_driver/share/serial_driver/package.dsv
[28.921s] -- Installing: /home/orin_nano/demo/install/serial_driver/share/ament_index/resource_index/packages/serial_driver
[28.921s] -- Installing: /home/orin_nano/demo/install/serial_driver/share/ament_index/resource_index/rclcpp_components/serial_driver
[28.922s] -- Installing: /home/orin_nano/demo/install/serial_driver/share/serial_driver/cmake/ament_cmake_export_dependencies-extras.cmake
[28.927s] -- Installing: /home/orin_nano/demo/install/serial_driver/share/serial_driver/cmake/ament_cmake_export_include_directories-extras.cmake
[28.927s] -- Installing: /home/orin_nano/demo/install/serial_driver/share/serial_driver/cmake/ament_cmake_export_libraries-extras.cmake
[28.928s] -- Installing: /home/orin_nano/demo/install/serial_driver/share/serial_driver/cmake/serial_driverConfig.cmake
[28.928s] -- Installing: /home/orin_nano/demo/install/serial_driver/share/serial_driver/cmake/serial_driverConfig-version.cmake
[28.928s] -- Installing: /home/orin_nano/demo/install/serial_driver/share/serial_driver/package.xml
[28.934s] Invoked command in '/home/orin_nano/demo/build/serial_driver' returned '0': AMENT_PREFIX_PATH=/home/orin_nano/demo/install/io_context:${AMENT_PREFIX_PATH} CMAKE_PREFIX_PATH=/home/orin_nano/demo/install/io_context:/home/orin_nano/demo/install/asio_cmake_module:/home/orin_nano/demo/install/vesc:/home/orin_nano/demo/install/vesc_msgs:/home/orin_nano/demo/install/joy:/opt/ros/foxy LD_LIBRARY_PATH=/home/orin_nano/demo/install/io_context/lib:/home/orin_nano/demo/install/vesc_msgs/lib:/home/orin_nano/demo/install/joy/lib:/opt/ros/foxy/opt/yaml_cpp_vendor/lib:/opt/ros/foxy/opt/rviz_ogre_vendor/lib:/opt/ros/foxy/lib/aarch64-linux-gnu:/opt/ros/foxy/lib:/usr/local/cuda-11.4/lib64 /usr/bin/cmake --install /home/orin_nano/demo/build/serial_driver
