[0.244s] Invoking command in '/home/orin_nano/demo/build/vesc': AMENT_PREFIX_PATH=/home/orin_nano/demo/install/vesc_msgs:${AMENT_PREFIX_PATH} CMAKE_PREFIX_PATH=/home/orin_nano/demo/install/vesc_msgs:/opt/ros/foxy LD_LIBRARY_PATH=/home/orin_nano/demo/install/vesc_msgs/lib:/opt/ros/foxy/opt/yaml_cpp_vendor/lib:/opt/ros/foxy/opt/rviz_ogre_vendor/lib:/opt/ros/foxy/lib/aarch64-linux-gnu:/opt/ros/foxy/lib:/usr/local/cuda-11.4/lib64 PYTHONPATH=/home/orin_nano/demo/install/vesc_msgs/lib/python3.8/site-packages:${PYTHONPATH} /usr/bin/cmake /home/orin_nano/demo/src/vesc_foxy/vesc -DCMAKE_INSTALL_PREFIX=/home/orin_nano/demo/install/vesc
[0.444s] -- The C compiler identification is GNU 9.4.0
[0.558s] -- The CXX compiler identification is GNU 9.4.0
[0.572s] -- Check for working C compiler: /usr/bin/cc
[0.706s] -- Check for working C compiler: /usr/bin/cc -- works
[0.710s] -- Detecting C compiler ABI info
[0.847s] -- Detecting C compiler ABI info - done
[0.881s] -- Detecting C compile features
[0.882s] -- Detecting C compile features - done
[0.889s] -- Check for working CXX compiler: /usr/bin/c++
[1.034s] -- Check for working CXX compiler: /usr/bin/c++ -- works
[1.036s] -- Detecting CXX compiler ABI info
[1.188s] -- Detecting CXX compiler ABI info - done
[1.222s] -- Detecting CXX compile features
[1.224s] -- Detecting CXX compile features - done
[1.229s] -- Found ament_cmake_auto: 0.9.12 (/opt/ros/foxy/share/ament_cmake_auto/cmake)
[1.283s] -- Found PythonInterp: /usr/bin/python3 (found suitable version "3.8.10", minimum required is "3") 
[1.283s] -- Using PYTHON_EXECUTABLE: /usr/bin/python3
[1.825s] -- Configuring done
[1.831s] -- Generating done
[1.834s] -- Build files have been written to: /home/orin_nano/demo/build/vesc
[1.843s] Invoked command in '/home/orin_nano/demo/build/vesc' returned '0': AMENT_PREFIX_PATH=/home/orin_nano/demo/install/vesc_msgs:${AMENT_PREFIX_PATH} CMAKE_PREFIX_PATH=/home/orin_nano/demo/install/vesc_msgs:/opt/ros/foxy LD_LIBRARY_PATH=/home/orin_nano/demo/install/vesc_msgs/lib:/opt/ros/foxy/opt/yaml_cpp_vendor/lib:/opt/ros/foxy/opt/rviz_ogre_vendor/lib:/opt/ros/foxy/lib/aarch64-linux-gnu:/opt/ros/foxy/lib:/usr/local/cuda-11.4/lib64 PYTHONPATH=/home/orin_nano/demo/install/vesc_msgs/lib/python3.8/site-packages:${PYTHONPATH} /usr/bin/cmake /home/orin_nano/demo/src/vesc_foxy/vesc -DCMAKE_INSTALL_PREFIX=/home/orin_nano/demo/install/vesc
[1.849s] Invoking command in '/home/orin_nano/demo/build/vesc': AMENT_PREFIX_PATH=/home/orin_nano/demo/install/vesc_msgs:${AMENT_PREFIX_PATH} CMAKE_PREFIX_PATH=/home/orin_nano/demo/install/vesc_msgs:/opt/ros/foxy LD_LIBRARY_PATH=/home/orin_nano/demo/install/vesc_msgs/lib:/opt/ros/foxy/opt/yaml_cpp_vendor/lib:/opt/ros/foxy/opt/rviz_ogre_vendor/lib:/opt/ros/foxy/lib/aarch64-linux-gnu:/opt/ros/foxy/lib:/usr/local/cuda-11.4/lib64 PYTHONPATH=/home/orin_nano/demo/install/vesc_msgs/lib/python3.8/site-packages:${PYTHONPATH} /usr/bin/cmake --build /home/orin_nano/demo/build/vesc -- -j6 -l6
[1.929s] Invoked command in '/home/orin_nano/demo/build/vesc' returned '0': AMENT_PREFIX_PATH=/home/orin_nano/demo/install/vesc_msgs:${AMENT_PREFIX_PATH} CMAKE_PREFIX_PATH=/home/orin_nano/demo/install/vesc_msgs:/opt/ros/foxy LD_LIBRARY_PATH=/home/orin_nano/demo/install/vesc_msgs/lib:/opt/ros/foxy/opt/yaml_cpp_vendor/lib:/opt/ros/foxy/opt/rviz_ogre_vendor/lib:/opt/ros/foxy/lib/aarch64-linux-gnu:/opt/ros/foxy/lib:/usr/local/cuda-11.4/lib64 PYTHONPATH=/home/orin_nano/demo/install/vesc_msgs/lib/python3.8/site-packages:${PYTHONPATH} /usr/bin/cmake --build /home/orin_nano/demo/build/vesc -- -j6 -l6
[1.974s] Invoking command in '/home/orin_nano/demo/build/vesc': AMENT_PREFIX_PATH=/home/orin_nano/demo/install/vesc_msgs:${AMENT_PREFIX_PATH} CMAKE_PREFIX_PATH=/home/orin_nano/demo/install/vesc_msgs:/opt/ros/foxy LD_LIBRARY_PATH=/home/orin_nano/demo/install/vesc_msgs/lib:/opt/ros/foxy/opt/yaml_cpp_vendor/lib:/opt/ros/foxy/opt/rviz_ogre_vendor/lib:/opt/ros/foxy/lib/aarch64-linux-gnu:/opt/ros/foxy/lib:/usr/local/cuda-11.4/lib64 PYTHONPATH=/home/orin_nano/demo/install/vesc_msgs/lib/python3.8/site-packages:${PYTHONPATH} /usr/bin/cmake --install /home/orin_nano/demo/build/vesc
[1.992s] -- Install configuration: ""
[1.993s] -- Installing: /home/orin_nano/demo/install/vesc/share/ament_index/resource_index/package_run_dependencies/vesc
[1.993s] -- Installing: /home/orin_nano/demo/install/vesc/share/ament_index/resource_index/parent_prefix_path/vesc
[1.994s] -- Installing: /home/orin_nano/demo/install/vesc/share/vesc/environment/ament_prefix_path.sh
[1.994s] -- Installing: /home/orin_nano/demo/install/vesc/share/vesc/environment/ament_prefix_path.dsv
[1.994s] -- Installing: /home/orin_nano/demo/install/vesc/share/vesc/environment/path.sh
[1.994s] -- Installing: /home/orin_nano/demo/install/vesc/share/vesc/environment/path.dsv
[1.995s] -- Installing: /home/orin_nano/demo/install/vesc/share/vesc/local_setup.bash
[1.995s] -- Installing: /home/orin_nano/demo/install/vesc/share/vesc/local_setup.sh
[1.995s] -- Installing: /home/orin_nano/demo/install/vesc/share/vesc/local_setup.zsh
[1.996s] -- Installing: /home/orin_nano/demo/install/vesc/share/vesc/local_setup.dsv
[1.996s] -- Installing: /home/orin_nano/demo/install/vesc/share/vesc/package.dsv
[1.996s] -- Installing: /home/orin_nano/demo/install/vesc/share/ament_index/resource_index/packages/vesc
[1.996s] -- Installing: /home/orin_nano/demo/install/vesc/share/vesc/cmake/vescConfig.cmake
[1.997s] -- Installing: /home/orin_nano/demo/install/vesc/share/vesc/cmake/vescConfig-version.cmake
[1.997s] -- Installing: /home/orin_nano/demo/install/vesc/share/vesc/package.xml
[2.001s] Invoked command in '/home/orin_nano/demo/build/vesc' returned '0': AMENT_PREFIX_PATH=/home/orin_nano/demo/install/vesc_msgs:${AMENT_PREFIX_PATH} CMAKE_PREFIX_PATH=/home/orin_nano/demo/install/vesc_msgs:/opt/ros/foxy LD_LIBRARY_PATH=/home/orin_nano/demo/install/vesc_msgs/lib:/opt/ros/foxy/opt/yaml_cpp_vendor/lib:/opt/ros/foxy/opt/rviz_ogre_vendor/lib:/opt/ros/foxy/lib/aarch64-linux-gnu:/opt/ros/foxy/lib:/usr/local/cuda-11.4/lib64 PYTHONPATH=/home/orin_nano/demo/install/vesc_msgs/lib/python3.8/site-packages:${PYTHONPATH} /usr/bin/cmake --install /home/orin_nano/demo/build/vesc
