[4.527s] Invoking command in '/home/orin_nano/demo/build/vesc_msgs': CMAKE_PREFIX_PATH=${CMAKE_PREFIX_PATH}:/opt/ros/foxy /usr/bin/cmake --build /home/orin_nano/demo/build/vesc_msgs -- -j6 -l6
[4.656s] [  1%] Built target vesc_msgs__cpp
[4.664s] [ 12%] Built target vesc_msgs__rosidl_generator_c
[4.738s] [ 23%] Built target vesc_msgs__rosidl_typesupport_fastrtps_cpp
[4.749s] [ 34%] Built target vesc_msgs__rosidl_typesupport_cpp
[4.751s] [ 45%] Built target vesc_msgs__rosidl_typesupport_introspection_cpp
[4.766s] [ 56%] Built target vesc_msgs__rosidl_typesupport_introspection_c
[4.766s] [ 67%] Built target vesc_msgs__rosidl_typesupport_c
[4.810s] [ 78%] Built target vesc_msgs__rosidl_typesupport_fastrtps_c
[4.864s] [ 78%] Built target vesc_msgs
[4.917s] [ 80%] Built target vesc_msgs__py
[4.981s] [ 89%] Built target vesc_msgs__python
[5.047s] [100%] Built target vesc_msgs__rosidl_typesupport_fastrtps_c__pyext
[5.048s] [100%] Built target vesc_msgs__rosidl_typesupport_c__pyext
[5.048s] [100%] Built target vesc_msgs__rosidl_typesupport_introspection_c__pyext
[6.363s] Invoked command in '/home/orin_nano/demo/build/vesc_msgs' returned '0': CMAKE_PREFIX_PATH=${CMAKE_PREFIX_PATH}:/opt/ros/foxy /usr/bin/cmake --build /home/orin_nano/demo/build/vesc_msgs -- -j6 -l6
[10.949s] Invoking command in '/home/orin_nano/demo/build/vesc_msgs': CMAKE_PREFIX_PATH=${CMAKE_PREFIX_PATH}:/opt/ros/foxy /usr/bin/cmake --install /home/orin_nano/demo/build/vesc_msgs
[10.975s] -- Install configuration: ""
[10.976s] -- Up-to-date: /home/orin_nano/demo/install/vesc_msgs/share/ament_index/resource_index/rosidl_interfaces/vesc_msgs
[10.976s] -- Up-to-date: /home/orin_nano/demo/install/vesc_msgs/include/vesc_msgs
[10.976s] -- Up-to-date: /home/orin_nano/demo/install/vesc_msgs/include/vesc_msgs/msg
[10.976s] -- Up-to-date: /home/orin_nano/demo/install/vesc_msgs/include/vesc_msgs/msg/vesc_imu.h
[10.976s] -- Up-to-date: /home/orin_nano/demo/install/vesc_msgs/include/vesc_msgs/msg/detail
[10.977s] -- Up-to-date: /home/orin_nano/demo/install/vesc_msgs/include/vesc_msgs/msg/detail/vesc_imu__functions.h
[10.977s] -- Up-to-date: /home/orin_nano/demo/install/vesc_msgs/include/vesc_msgs/msg/detail/vesc_state_stamped__functions.c
[10.978s] -- Up-to-date: /home/orin_nano/demo/install/vesc_msgs/include/vesc_msgs/msg/detail/vesc_imu_stamped__functions.c
[10.979s] -- Up-to-date: /home/orin_nano/demo/install/vesc_msgs/include/vesc_msgs/msg/detail/vesc_state__functions.c
[10.980s] -- Up-to-date: /home/orin_nano/demo/install/vesc_msgs/include/vesc_msgs/msg/detail/vesc_imu_stamped__type_support.h
[10.981s] -- Up-to-date: /home/orin_nano/demo/install/vesc_msgs/include/vesc_msgs/msg/detail/vesc_state__functions.h
[10.981s] -- Up-to-date: /home/orin_nano/demo/install/vesc_msgs/include/vesc_msgs/msg/detail/vesc_state__struct.h
[10.982s] -- Up-to-date: /home/orin_nano/demo/install/vesc_msgs/include/vesc_msgs/msg/detail/vesc_state__type_support.h
[10.982s] -- Up-to-date: /home/orin_nano/demo/install/vesc_msgs/include/vesc_msgs/msg/detail/vesc_imu_stamped__struct.h
[10.983s] -- Up-to-date: /home/orin_nano/demo/install/vesc_msgs/include/vesc_msgs/msg/detail/vesc_state_stamped__struct.h
[10.984s] -- Up-to-date: /home/orin_nano/demo/install/vesc_msgs/include/vesc_msgs/msg/detail/vesc_imu__type_support.h
[10.984s] -- Up-to-date: /home/orin_nano/demo/install/vesc_msgs/include/vesc_msgs/msg/detail/vesc_state_stamped__type_support.h
[10.984s] -- Up-to-date: /home/orin_nano/demo/install/vesc_msgs/include/vesc_msgs/msg/detail/vesc_imu_stamped__functions.h
[10.985s] -- Up-to-date: /home/orin_nano/demo/install/vesc_msgs/include/vesc_msgs/msg/detail/vesc_imu__struct.h
[10.986s] -- Up-to-date: /home/orin_nano/demo/install/vesc_msgs/include/vesc_msgs/msg/detail/vesc_state_stamped__functions.h
[10.987s] -- Up-to-date: /home/orin_nano/demo/install/vesc_msgs/include/vesc_msgs/msg/detail/vesc_imu__functions.c
[10.987s] -- Up-to-date: /home/orin_nano/demo/install/vesc_msgs/include/vesc_msgs/msg/vesc_imu_stamped.h
[10.987s] -- Up-to-date: /home/orin_nano/demo/install/vesc_msgs/include/vesc_msgs/msg/rosidl_generator_c__visibility_control.h
[10.988s] -- Up-to-date: /home/orin_nano/demo/install/vesc_msgs/include/vesc_msgs/msg/vesc_state_stamped.h
[10.988s] -- Up-to-date: /home/orin_nano/demo/install/vesc_msgs/include/vesc_msgs/msg/vesc_state.h
[10.988s] -- Up-to-date: /home/orin_nano/demo/install/vesc_msgs/share/vesc_msgs/environment/library_path.sh
[10.989s] -- Up-to-date: /home/orin_nano/demo/install/vesc_msgs/share/vesc_msgs/environment/library_path.dsv
[10.990s] -- Up-to-date: /home/orin_nano/demo/install/vesc_msgs/lib/libvesc_msgs__rosidl_generator_c.so
[10.990s] -- Up-to-date: /home/orin_nano/demo/install/vesc_msgs/include/vesc_msgs
[10.990s] -- Up-to-date: /home/orin_nano/demo/install/vesc_msgs/include/vesc_msgs/msg
[10.990s] -- Up-to-date: /home/orin_nano/demo/install/vesc_msgs/include/vesc_msgs/msg/detail
[10.990s] -- Up-to-date: /home/orin_nano/demo/install/vesc_msgs/include/vesc_msgs/msg/detail/vesc_imu_stamped__rosidl_typesupport_fastrtps_c.h
[10.990s] -- Up-to-date: /home/orin_nano/demo/install/vesc_msgs/include/vesc_msgs/msg/detail/vesc_imu__rosidl_typesupport_fastrtps_c.h
[10.990s] -- Up-to-date: /home/orin_nano/demo/install/vesc_msgs/include/vesc_msgs/msg/detail/vesc_state_stamped__rosidl_typesupport_fastrtps_c.h
[10.991s] -- Up-to-date: /home/orin_nano/demo/install/vesc_msgs/include/vesc_msgs/msg/detail/vesc_state__rosidl_typesupport_fastrtps_c.h
[10.992s] -- Up-to-date: /home/orin_nano/demo/install/vesc_msgs/include/vesc_msgs/msg/rosidl_typesupport_fastrtps_c__visibility_control.h
[10.993s] -- Up-to-date: /home/orin_nano/demo/install/vesc_msgs/lib/libvesc_msgs__rosidl_typesupport_fastrtps_c.so
[10.994s] -- Up-to-date: /home/orin_nano/demo/install/vesc_msgs/include/vesc_msgs
[10.995s] -- Up-to-date: /home/orin_nano/demo/install/vesc_msgs/include/vesc_msgs/msg
[10.995s] -- Up-to-date: /home/orin_nano/demo/install/vesc_msgs/include/vesc_msgs/msg/detail
[10.996s] -- Up-to-date: /home/orin_nano/demo/install/vesc_msgs/include/vesc_msgs/msg/detail/dds_fastrtps
[10.996s] -- Up-to-date: /home/orin_nano/demo/install/vesc_msgs/include/vesc_msgs/msg/detail/vesc_imu__rosidl_typesupport_fastrtps_cpp.hpp
[10.997s] -- Up-to-date: /home/orin_nano/demo/install/vesc_msgs/include/vesc_msgs/msg/detail/vesc_imu_stamped__rosidl_typesupport_fastrtps_cpp.hpp
[10.997s] -- Up-to-date: /home/orin_nano/demo/install/vesc_msgs/include/vesc_msgs/msg/detail/vesc_state_stamped__rosidl_typesupport_fastrtps_cpp.hpp
[10.998s] -- Up-to-date: /home/orin_nano/demo/install/vesc_msgs/include/vesc_msgs/msg/detail/vesc_state__rosidl_typesupport_fastrtps_cpp.hpp
[10.999s] -- Up-to-date: /home/orin_nano/demo/install/vesc_msgs/include/vesc_msgs/msg/rosidl_typesupport_fastrtps_cpp__visibility_control.h
[10.999s] -- Up-to-date: /home/orin_nano/demo/install/vesc_msgs/lib/libvesc_msgs__rosidl_typesupport_fastrtps_cpp.so
[11.000s] -- Up-to-date: /home/orin_nano/demo/install/vesc_msgs/include/vesc_msgs
[11.001s] -- Up-to-date: /home/orin_nano/demo/install/vesc_msgs/include/vesc_msgs/msg
[11.002s] -- Up-to-date: /home/orin_nano/demo/install/vesc_msgs/include/vesc_msgs/msg/detail
[11.003s] -- Up-to-date: /home/orin_nano/demo/install/vesc_msgs/include/vesc_msgs/msg/detail/vesc_imu_stamped__rosidl_typesupport_introspection_c.h
[11.004s] -- Up-to-date: /home/orin_nano/demo/install/vesc_msgs/include/vesc_msgs/msg/detail/vesc_state_stamped__rosidl_typesupport_introspection_c.h
[11.004s] -- Up-to-date: /home/orin_nano/demo/install/vesc_msgs/include/vesc_msgs/msg/detail/vesc_state__rosidl_typesupport_introspection_c.h
[11.005s] -- Up-to-date: /home/orin_nano/demo/install/vesc_msgs/include/vesc_msgs/msg/detail/vesc_imu__type_support.c
[11.005s] -- Up-to-date: /home/orin_nano/demo/install/vesc_msgs/include/vesc_msgs/msg/detail/vesc_imu__rosidl_typesupport_introspection_c.h
[11.006s] -- Up-to-date: /home/orin_nano/demo/install/vesc_msgs/include/vesc_msgs/msg/detail/vesc_state_stamped__type_support.c
[11.006s] -- Up-to-date: /home/orin_nano/demo/install/vesc_msgs/include/vesc_msgs/msg/detail/vesc_imu_stamped__type_support.c
[11.007s] -- Up-to-date: /home/orin_nano/demo/install/vesc_msgs/include/vesc_msgs/msg/detail/vesc_state__type_support.c
[11.007s] -- Up-to-date: /home/orin_nano/demo/install/vesc_msgs/include/vesc_msgs/msg/rosidl_typesupport_introspection_c__visibility_control.h
[11.007s] -- Up-to-date: /home/orin_nano/demo/install/vesc_msgs/lib/libvesc_msgs__rosidl_typesupport_introspection_c.so
[11.007s] -- Up-to-date: /home/orin_nano/demo/install/vesc_msgs/lib/libvesc_msgs__rosidl_typesupport_c.so
[11.007s] -- Up-to-date: /home/orin_nano/demo/install/vesc_msgs/include/vesc_msgs
[11.008s] -- Up-to-date: /home/orin_nano/demo/install/vesc_msgs/include/vesc_msgs/msg
[11.008s] -- Up-to-date: /home/orin_nano/demo/install/vesc_msgs/include/vesc_msgs/msg/detail
[11.009s] -- Up-to-date: /home/orin_nano/demo/install/vesc_msgs/include/vesc_msgs/msg/detail/vesc_imu_stamped__traits.hpp
[11.010s] -- Up-to-date: /home/orin_nano/demo/install/vesc_msgs/include/vesc_msgs/msg/detail/vesc_state__traits.hpp
[11.010s] -- Up-to-date: /home/orin_nano/demo/install/vesc_msgs/include/vesc_msgs/msg/detail/vesc_state__builder.hpp
[11.011s] -- Up-to-date: /home/orin_nano/demo/install/vesc_msgs/include/vesc_msgs/msg/detail/vesc_imu_stamped__builder.hpp
[11.011s] -- Up-to-date: /home/orin_nano/demo/install/vesc_msgs/include/vesc_msgs/msg/detail/vesc_imu_stamped__struct.hpp
[11.012s] -- Up-to-date: /home/orin_nano/demo/install/vesc_msgs/include/vesc_msgs/msg/detail/vesc_state__struct.hpp
[11.012s] -- Up-to-date: /home/orin_nano/demo/install/vesc_msgs/include/vesc_msgs/msg/detail/vesc_imu__type_support.hpp
[11.012s] -- Up-to-date: /home/orin_nano/demo/install/vesc_msgs/include/vesc_msgs/msg/detail/vesc_imu__builder.hpp
[11.013s] -- Up-to-date: /home/orin_nano/demo/install/vesc_msgs/include/vesc_msgs/msg/detail/vesc_state_stamped__builder.hpp
[11.013s] -- Up-to-date: /home/orin_nano/demo/install/vesc_msgs/include/vesc_msgs/msg/detail/vesc_state_stamped__type_support.hpp
[11.014s] -- Up-to-date: /home/orin_nano/demo/install/vesc_msgs/include/vesc_msgs/msg/detail/vesc_state_stamped__struct.hpp
[11.014s] -- Up-to-date: /home/orin_nano/demo/install/vesc_msgs/include/vesc_msgs/msg/detail/vesc_state_stamped__traits.hpp
[11.015s] -- Up-to-date: /home/orin_nano/demo/install/vesc_msgs/include/vesc_msgs/msg/detail/vesc_state__type_support.hpp
[11.015s] -- Up-to-date: /home/orin_nano/demo/install/vesc_msgs/include/vesc_msgs/msg/detail/vesc_imu__traits.hpp
[11.016s] -- Up-to-date: /home/orin_nano/demo/install/vesc_msgs/include/vesc_msgs/msg/detail/vesc_imu_stamped__type_support.hpp
[11.016s] -- Up-to-date: /home/orin_nano/demo/install/vesc_msgs/include/vesc_msgs/msg/detail/vesc_imu__struct.hpp
[11.017s] -- Up-to-date: /home/orin_nano/demo/install/vesc_msgs/include/vesc_msgs/msg/vesc_state.hpp
[11.017s] -- Up-to-date: /home/orin_nano/demo/install/vesc_msgs/include/vesc_msgs/msg/rosidl_generator_cpp__visibility_control.hpp
[11.018s] -- Up-to-date: /home/orin_nano/demo/install/vesc_msgs/include/vesc_msgs/msg/vesc_state_stamped.hpp
[11.018s] -- Up-to-date: /home/orin_nano/demo/install/vesc_msgs/include/vesc_msgs/msg/vesc_imu.hpp
[11.019s] -- Up-to-date: /home/orin_nano/demo/install/vesc_msgs/include/vesc_msgs/msg/vesc_imu_stamped.hpp
[11.019s] -- Up-to-date: /home/orin_nano/demo/install/vesc_msgs/include/vesc_msgs
[11.020s] -- Up-to-date: /home/orin_nano/demo/install/vesc_msgs/include/vesc_msgs/msg
[11.021s] -- Up-to-date: /home/orin_nano/demo/install/vesc_msgs/include/vesc_msgs/msg/detail
[11.021s] -- Up-to-date: /home/orin_nano/demo/install/vesc_msgs/include/vesc_msgs/msg/detail/vesc_imu__type_support.cpp
[11.022s] -- Up-to-date: /home/orin_nano/demo/install/vesc_msgs/include/vesc_msgs/msg/detail/vesc_state_stamped__type_support.cpp
[11.022s] -- Up-to-date: /home/orin_nano/demo/install/vesc_msgs/include/vesc_msgs/msg/detail/vesc_imu_stamped__rosidl_typesupport_introspection_cpp.hpp
[11.023s] -- Up-to-date: /home/orin_nano/demo/install/vesc_msgs/include/vesc_msgs/msg/detail/vesc_state__type_support.cpp
[11.023s] -- Up-to-date: /home/orin_nano/demo/install/vesc_msgs/include/vesc_msgs/msg/detail/vesc_state__rosidl_typesupport_introspection_cpp.hpp
[11.024s] -- Up-to-date: /home/orin_nano/demo/install/vesc_msgs/include/vesc_msgs/msg/detail/vesc_imu__rosidl_typesupport_introspection_cpp.hpp
[11.025s] -- Up-to-date: /home/orin_nano/demo/install/vesc_msgs/include/vesc_msgs/msg/detail/vesc_imu_stamped__type_support.cpp
[11.026s] -- Up-to-date: /home/orin_nano/demo/install/vesc_msgs/include/vesc_msgs/msg/detail/vesc_state_stamped__rosidl_typesupport_introspection_cpp.hpp
[11.026s] -- Up-to-date: /home/orin_nano/demo/install/vesc_msgs/lib/libvesc_msgs__rosidl_typesupport_introspection_cpp.so
[11.027s] -- Up-to-date: /home/orin_nano/demo/install/vesc_msgs/lib/libvesc_msgs__rosidl_typesupport_cpp.so
[11.028s] -- Up-to-date: /home/orin_nano/demo/install/vesc_msgs/share/vesc_msgs/environment/pythonpath.sh
[11.028s] -- Up-to-date: /home/orin_nano/demo/install/vesc_msgs/share/vesc_msgs/environment/pythonpath.dsv
[11.028s] -- Up-to-date: /home/orin_nano/demo/install/vesc_msgs/lib/python3.8/site-packages/vesc_msgs/__init__.py
[11.057s] -- Up-to-date: /home/orin_nano/demo/install/vesc_msgs/lib/python3.8/site-packages/vesc_msgs/msg
[11.058s] -- Up-to-date: /home/orin_nano/demo/install/vesc_msgs/lib/python3.8/site-packages/vesc_msgs/msg/_vesc_imu_stamped.py
[11.060s] -- Up-to-date: /home/orin_nano/demo/install/vesc_msgs/lib/python3.8/site-packages/vesc_msgs/msg/_vesc_imu.py
[11.061s] -- Up-to-date: /home/orin_nano/demo/install/vesc_msgs/lib/python3.8/site-packages/vesc_msgs/msg/_vesc_imu_stamped_s.c
[11.062s] -- Up-to-date: /home/orin_nano/demo/install/vesc_msgs/lib/python3.8/site-packages/vesc_msgs/msg/__init__.py
[11.062s] -- Up-to-date: /home/orin_nano/demo/install/vesc_msgs/lib/python3.8/site-packages/vesc_msgs/msg/_vesc_imu_s.c
[11.063s] -- Up-to-date: /home/orin_nano/demo/install/vesc_msgs/lib/python3.8/site-packages/vesc_msgs/msg/_vesc_state_stamped.py
[11.063s] -- Up-to-date: /home/orin_nano/demo/install/vesc_msgs/lib/python3.8/site-packages/vesc_msgs/msg/_vesc_state.py
[11.063s] -- Up-to-date: /home/orin_nano/demo/install/vesc_msgs/lib/python3.8/site-packages/vesc_msgs/msg/_vesc_state_stamped_s.c
[11.063s] -- Up-to-date: /home/orin_nano/demo/install/vesc_msgs/lib/python3.8/site-packages/vesc_msgs/msg/_vesc_state_s.c
[11.063s] -- Up-to-date: /home/orin_nano/demo/install/vesc_msgs/lib/python3.8/site-packages/vesc_msgs/vesc_msgs_s__rosidl_typesupport_fastrtps_c.cpython-38-aarch64-linux-gnu.so
[11.063s] -- Up-to-date: /home/orin_nano/demo/install/vesc_msgs/lib/python3.8/site-packages/vesc_msgs/vesc_msgs_s__rosidl_typesupport_introspection_c.cpython-38-aarch64-linux-gnu.so
[11.063s] -- Up-to-date: /home/orin_nano/demo/install/vesc_msgs/lib/python3.8/site-packages/vesc_msgs/vesc_msgs_s__rosidl_typesupport_c.cpython-38-aarch64-linux-gnu.so
[11.064s] -- Up-to-date: /home/orin_nano/demo/install/vesc_msgs/lib/libvesc_msgs__python.so
[11.064s] -- Up-to-date: /home/orin_nano/demo/install/vesc_msgs/share/vesc_msgs/msg/VescState.idl
[11.064s] -- Up-to-date: /home/orin_nano/demo/install/vesc_msgs/share/vesc_msgs/msg/VescStateStamped.idl
[11.064s] -- Up-to-date: /home/orin_nano/demo/install/vesc_msgs/share/vesc_msgs/msg/VescImu.idl
[11.064s] -- Up-to-date: /home/orin_nano/demo/install/vesc_msgs/share/vesc_msgs/msg/VescImuStamped.idl
[11.064s] -- Up-to-date: /home/orin_nano/demo/install/vesc_msgs/share/vesc_msgs/msg/VescState.msg
[11.064s] -- Up-to-date: /home/orin_nano/demo/install/vesc_msgs/share/vesc_msgs/msg/VescStateStamped.msg
[11.064s] -- Up-to-date: /home/orin_nano/demo/install/vesc_msgs/share/vesc_msgs/msg/VescImu.msg
[11.065s] -- Up-to-date: /home/orin_nano/demo/install/vesc_msgs/share/vesc_msgs/msg/VescImuStamped.msg
[11.065s] -- Up-to-date: /home/orin_nano/demo/install/vesc_msgs/share/ament_index/resource_index/package_run_dependencies/vesc_msgs
[11.065s] -- Up-to-date: /home/orin_nano/demo/install/vesc_msgs/share/ament_index/resource_index/parent_prefix_path/vesc_msgs
[11.065s] -- Up-to-date: /home/orin_nano/demo/install/vesc_msgs/share/vesc_msgs/environment/ament_prefix_path.sh
[11.065s] -- Up-to-date: /home/orin_nano/demo/install/vesc_msgs/share/vesc_msgs/environment/ament_prefix_path.dsv
[11.065s] -- Up-to-date: /home/orin_nano/demo/install/vesc_msgs/share/vesc_msgs/environment/path.sh
[11.065s] -- Up-to-date: /home/orin_nano/demo/install/vesc_msgs/share/vesc_msgs/environment/path.dsv
[11.066s] -- Up-to-date: /home/orin_nano/demo/install/vesc_msgs/share/vesc_msgs/local_setup.bash
[11.066s] -- Up-to-date: /home/orin_nano/demo/install/vesc_msgs/share/vesc_msgs/local_setup.sh
[11.066s] -- Up-to-date: /home/orin_nano/demo/install/vesc_msgs/share/vesc_msgs/local_setup.zsh
[11.066s] -- Up-to-date: /home/orin_nano/demo/install/vesc_msgs/share/vesc_msgs/local_setup.dsv
[11.066s] -- Installing: /home/orin_nano/demo/install/vesc_msgs/share/vesc_msgs/package.dsv
[11.066s] -- Up-to-date: /home/orin_nano/demo/install/vesc_msgs/share/ament_index/resource_index/packages/vesc_msgs
[11.068s] -- Up-to-date: /home/orin_nano/demo/install/vesc_msgs/share/vesc_msgs/cmake/vesc_msgs__rosidl_generator_cExport.cmake
[11.068s] -- Up-to-date: /home/orin_nano/demo/install/vesc_msgs/share/vesc_msgs/cmake/vesc_msgs__rosidl_generator_cExport-noconfig.cmake
[11.070s] -- Up-to-date: /home/orin_nano/demo/install/vesc_msgs/share/vesc_msgs/cmake/vesc_msgs__rosidl_typesupport_introspection_cExport.cmake
[11.071s] -- Up-to-date: /home/orin_nano/demo/install/vesc_msgs/share/vesc_msgs/cmake/vesc_msgs__rosidl_typesupport_introspection_cExport-noconfig.cmake
[11.073s] -- Up-to-date: /home/orin_nano/demo/install/vesc_msgs/share/vesc_msgs/cmake/vesc_msgs__rosidl_typesupport_cExport.cmake
[11.075s] -- Up-to-date: /home/orin_nano/demo/install/vesc_msgs/share/vesc_msgs/cmake/vesc_msgs__rosidl_typesupport_cExport-noconfig.cmake
[11.076s] -- Up-to-date: /home/orin_nano/demo/install/vesc_msgs/share/vesc_msgs/cmake/vesc_msgs__rosidl_generator_cppExport.cmake
[11.076s] -- Up-to-date: /home/orin_nano/demo/install/vesc_msgs/share/vesc_msgs/cmake/vesc_msgs__rosidl_typesupport_introspection_cppExport.cmake
[11.077s] -- Up-to-date: /home/orin_nano/demo/install/vesc_msgs/share/vesc_msgs/cmake/vesc_msgs__rosidl_typesupport_introspection_cppExport-noconfig.cmake
[11.078s] -- Up-to-date: /home/orin_nano/demo/install/vesc_msgs/share/vesc_msgs/cmake/vesc_msgs__rosidl_typesupport_cppExport.cmake
[11.079s] -- Up-to-date: /home/orin_nano/demo/install/vesc_msgs/share/vesc_msgs/cmake/vesc_msgs__rosidl_typesupport_cppExport-noconfig.cmake
[11.080s] -- Up-to-date: /home/orin_nano/demo/install/vesc_msgs/share/vesc_msgs/cmake/rosidl_cmake-extras.cmake
[11.081s] -- Up-to-date: /home/orin_nano/demo/install/vesc_msgs/share/vesc_msgs/cmake/ament_cmake_export_dependencies-extras.cmake
[11.082s] -- Up-to-date: /home/orin_nano/demo/install/vesc_msgs/share/vesc_msgs/cmake/ament_cmake_export_libraries-extras.cmake
[11.082s] -- Up-to-date: /home/orin_nano/demo/install/vesc_msgs/share/vesc_msgs/cmake/ament_cmake_export_targets-extras.cmake
[11.083s] -- Up-to-date: /home/orin_nano/demo/install/vesc_msgs/share/vesc_msgs/cmake/ament_cmake_export_include_directories-extras.cmake
[11.084s] -- Up-to-date: /home/orin_nano/demo/install/vesc_msgs/share/vesc_msgs/cmake/rosidl_cmake_export_typesupport_libraries-extras.cmake
[11.084s] -- Up-to-date: /home/orin_nano/demo/install/vesc_msgs/share/vesc_msgs/cmake/rosidl_cmake_export_typesupport_targets-extras.cmake
[11.084s] -- Up-to-date: /home/orin_nano/demo/install/vesc_msgs/share/vesc_msgs/cmake/vesc_msgsConfig.cmake
[11.085s] -- Up-to-date: /home/orin_nano/demo/install/vesc_msgs/share/vesc_msgs/cmake/vesc_msgsConfig-version.cmake
[11.085s] -- Up-to-date: /home/orin_nano/demo/install/vesc_msgs/share/vesc_msgs/package.xml
[12.277s] Invoked command in '/home/orin_nano/demo/build/vesc_msgs' returned '0': CMAKE_PREFIX_PATH=${CMAKE_PREFIX_PATH}:/opt/ros/foxy /usr/bin/cmake --install /home/orin_nano/demo/build/vesc_msgs
