[0.354s] Invoking command in '/home/orin_nano/demo/build/joy': CMAKE_PREFIX_PATH=${CMAKE_PREFIX_PATH}:/opt/ros/foxy /usr/bin/cmake --build /home/orin_nano/demo/build/joy -- -j6 -l6
[0.479s] [ 33%] Built target joy_enumerate_devices
[0.493s] [ 66%] Built target joy
[0.498s] [100%] Built target joy_node
[0.554s] Invoked command in '/home/orin_nano/demo/build/joy' returned '0': CMAKE_PREFIX_PATH=${CMAKE_PREFIX_PATH}:/opt/ros/foxy /usr/bin/cmake --build /home/orin_nano/demo/build/joy -- -j6 -l6
[0.852s] Invoking command in '/home/orin_nano/demo/build/joy': CMAKE_PREFIX_PATH=${CMAKE_PREFIX_PATH}:/opt/ros/foxy /usr/bin/cmake --install /home/orin_nano/demo/build/joy
[0.874s] -- Install configuration: ""
[0.875s] -- Up-to-date: /home/orin_nano/demo/install/joy/lib/libjoy.so
[0.876s] -- Up-to-date: /home/orin_nano/demo/install/joy/lib/joy/joy_node
[0.876s] -- Up-to-date: /home/orin_nano/demo/install/joy/lib/joy/joy_enumerate_devices
[0.877s] -- Up-to-date: /home/orin_nano/demo/install/joy/include/joy
[0.877s] -- Up-to-date: /home/orin_nano/demo/install/joy/include/joy/joy.hpp
[0.877s] -- Up-to-date: /home/orin_nano/demo/install/joy/share/joy/config
[0.877s] -- Up-to-date: /home/orin_nano/demo/install/joy/share/joy/config/joy-params.yaml
[0.878s] -- Up-to-date: /home/orin_nano/demo/install/joy/share/joy/launch
[0.878s] -- Up-to-date: /home/orin_nano/demo/install/joy/share/joy/launch/joy-composed-launch.py
[0.878s] -- Up-to-date: /home/orin_nano/demo/install/joy/share/joy/launch/joy-launch.py
[0.879s] -- Up-to-date: /home/orin_nano/demo/install/joy/share/ament_index/resource_index/package_run_dependencies/joy
[0.879s] -- Up-to-date: /home/orin_nano/demo/install/joy/share/ament_index/resource_index/parent_prefix_path/joy
[0.879s] -- Up-to-date: /home/orin_nano/demo/install/joy/share/joy/environment/ament_prefix_path.sh
[0.879s] -- Up-to-date: /home/orin_nano/demo/install/joy/share/joy/environment/ament_prefix_path.dsv
[0.879s] -- Up-to-date: /home/orin_nano/demo/install/joy/share/joy/environment/path.sh
[0.879s] -- Up-to-date: /home/orin_nano/demo/install/joy/share/joy/environment/path.dsv
[0.880s] -- Up-to-date: /home/orin_nano/demo/install/joy/share/joy/local_setup.bash
[0.880s] -- Up-to-date: /home/orin_nano/demo/install/joy/share/joy/local_setup.sh
[0.880s] -- Up-to-date: /home/orin_nano/demo/install/joy/share/joy/local_setup.zsh
[0.880s] -- Up-to-date: /home/orin_nano/demo/install/joy/share/joy/local_setup.dsv
[0.880s] -- Installing: /home/orin_nano/demo/install/joy/share/joy/package.dsv
[0.880s] -- Up-to-date: /home/orin_nano/demo/install/joy/share/ament_index/resource_index/packages/joy
[0.881s] -- Up-to-date: /home/orin_nano/demo/install/joy/share/ament_index/resource_index/rclcpp_components/joy
[0.881s] -- Up-to-date: /home/orin_nano/demo/install/joy/share/joy/cmake/joyConfig.cmake
[0.881s] -- Up-to-date: /home/orin_nano/demo/install/joy/share/joy/cmake/joyConfig-version.cmake
[0.881s] -- Up-to-date: /home/orin_nano/demo/install/joy/share/joy/package.xml
[0.884s] Invoked command in '/home/orin_nano/demo/build/joy' returned '0': CMAKE_PREFIX_PATH=${CMAKE_PREFIX_PATH}:/opt/ros/foxy /usr/bin/cmake --install /home/orin_nano/demo/build/joy
