[1.538s] Invoking command in '/home/orin_nano/demo/build/joy': CMAKE_PREFIX_PATH=${CMAKE_PREFIX_PATH}:/opt/ros/foxy /usr/bin/cmake --build /home/orin_nano/demo/build/joy -- -j6 -l6
[1.682s] [ 33%] Built target joy_enumerate_devices
[1.701s] [ 66%] Built target joy_node
[1.705s] [100%] Built target joy
[1.740s] Invoked command in '/home/orin_nano/demo/build/joy' returned '0': CMAKE_PREFIX_PATH=${CMAKE_PREFIX_PATH}:/opt/ros/foxy /usr/bin/cmake --build /home/orin_nano/demo/build/joy -- -j6 -l6
[3.331s] Invoking command in '/home/orin_nano/demo/build/joy': CMAKE_PREFIX_PATH=${CMAKE_PREFIX_PATH}:/opt/ros/foxy /usr/bin/cmake --install /home/orin_nano/demo/build/joy
[3.354s] -- Install configuration: ""
[3.356s] -- Up-to-date: /home/orin_nano/demo/install/joy/lib/libjoy.so
[3.356s] -- Up-to-date: /home/orin_nano/demo/install/joy/lib/joy/joy_node
[3.359s] -- Up-to-date: /home/orin_nano/demo/install/joy/lib/joy/joy_enumerate_devices
[3.359s] -- Up-to-date: /home/orin_nano/demo/install/joy/include/joy
[3.360s] -- Up-to-date: /home/orin_nano/demo/install/joy/include/joy/joy.hpp
[3.361s] -- Up-to-date: /home/orin_nano/demo/install/joy/share/joy/config
[3.361s] -- Up-to-date: /home/orin_nano/demo/install/joy/share/joy/config/joy-params.yaml
[3.362s] -- Up-to-date: /home/orin_nano/demo/install/joy/share/joy/launch
[3.362s] -- Up-to-date: /home/orin_nano/demo/install/joy/share/joy/launch/joy-composed-launch.py
[3.362s] -- Up-to-date: /home/orin_nano/demo/install/joy/share/joy/launch/joy-launch.py
[3.362s] -- Up-to-date: /home/orin_nano/demo/install/joy/share/ament_index/resource_index/package_run_dependencies/joy
[3.362s] -- Up-to-date: /home/orin_nano/demo/install/joy/share/ament_index/resource_index/parent_prefix_path/joy
[3.363s] -- Up-to-date: /home/orin_nano/demo/install/joy/share/joy/environment/ament_prefix_path.sh
[3.364s] -- Up-to-date: /home/orin_nano/demo/install/joy/share/joy/environment/ament_prefix_path.dsv
[3.365s] -- Up-to-date: /home/orin_nano/demo/install/joy/share/joy/environment/path.sh
[3.365s] -- Up-to-date: /home/orin_nano/demo/install/joy/share/joy/environment/path.dsv
[3.366s] -- Up-to-date: /home/orin_nano/demo/install/joy/share/joy/local_setup.bash
[3.366s] -- Up-to-date: /home/orin_nano/demo/install/joy/share/joy/local_setup.sh
[3.367s] -- Up-to-date: /home/orin_nano/demo/install/joy/share/joy/local_setup.zsh
[3.367s] -- Up-to-date: /home/orin_nano/demo/install/joy/share/joy/local_setup.dsv
[3.368s] -- Installing: /home/orin_nano/demo/install/joy/share/joy/package.dsv
[3.369s] -- Up-to-date: /home/orin_nano/demo/install/joy/share/ament_index/resource_index/packages/joy
[3.370s] -- Up-to-date: /home/orin_nano/demo/install/joy/share/ament_index/resource_index/rclcpp_components/joy
[3.370s] -- Up-to-date: /home/orin_nano/demo/install/joy/share/joy/cmake/joyConfig.cmake
[3.371s] -- Up-to-date: /home/orin_nano/demo/install/joy/share/joy/cmake/joyConfig-version.cmake
[3.372s] -- Up-to-date: /home/orin_nano/demo/install/joy/share/joy/package.xml
[5.843s] Invoked command in '/home/orin_nano/demo/build/joy' returned '0': CMAKE_PREFIX_PATH=${CMAKE_PREFIX_PATH}:/opt/ros/foxy /usr/bin/cmake --install /home/orin_nano/demo/build/joy
