[6.017s] Invoking command in '/home/orin_nano/demo/build/asio_cmake_module': CMAKE_PREFIX_PATH=${CMAKE_PREFIX_PATH}:/home/orin_nano/demo/install/joy:/opt/ros/foxy /usr/bin/cmake /home/orin_nano/demo/transport_drivers/asio_cmake_module -DCMAKE_INSTALL_PREFIX=/home/orin_nano/demo/install/asio_cmake_module
[6.146s] -- The C compiler identification is GNU 9.4.0
[6.258s] -- The CXX compiler identification is GNU 9.4.0
[6.268s] -- Check for working C compiler: /usr/bin/cc
[6.420s] -- Check for working C compiler: /usr/bin/cc -- works
[6.421s] -- Detecting C compiler ABI info
[6.577s] -- Detecting C compiler ABI info - done
[6.595s] -- Detecting C compile features
[6.596s] -- Detecting C compile features - done
[6.601s] -- Check for working CXX compiler: /usr/bin/c++
[6.772s] -- Check for working CXX compiler: /usr/bin/c++ -- works
[6.772s] -- Detecting CXX compiler ABI info
[6.940s] -- Detecting CXX compiler ABI info - done
[6.962s] -- Detecting CXX compile features
[6.963s] -- Detecting CXX compile features - done
[6.969s] -- Found ament_cmake: 0.9.12 (/opt/ros/foxy/share/ament_cmake/cmake)
[7.021s] -- Found PythonInterp: /usr/bin/python3 (found suitable version "3.8.10", minimum required is "3") 
[7.022s] -- Using PYTHON_EXECUTABLE: /usr/bin/python3
[7.479s] -- Found ament_lint_auto: 0.9.8 (/opt/ros/foxy/share/ament_lint_auto/cmake)
[7.642s] -- Added test 'copyright' to check source files copyright and LICENSE
[7.645s] -- Added test 'lint_cmake' to check CMake code style
[7.647s] -- Added test 'xmllint' to check XML markup files
[7.653s] -- Configuring done
[7.658s] -- Generating done
[7.659s] -- Build files have been written to: /home/orin_nano/demo/build/asio_cmake_module
[7.670s] Invoked command in '/home/orin_nano/demo/build/asio_cmake_module' returned '0': CMAKE_PREFIX_PATH=${CMAKE_PREFIX_PATH}:/home/orin_nano/demo/install/joy:/opt/ros/foxy /usr/bin/cmake /home/orin_nano/demo/transport_drivers/asio_cmake_module -DCMAKE_INSTALL_PREFIX=/home/orin_nano/demo/install/asio_cmake_module
[7.676s] Invoking command in '/home/orin_nano/demo/build/asio_cmake_module': CMAKE_PREFIX_PATH=${CMAKE_PREFIX_PATH}:/home/orin_nano/demo/install/joy:/opt/ros/foxy /usr/bin/cmake --build /home/orin_nano/demo/build/asio_cmake_module -- -j6 -l6
[7.776s] Invoked command in '/home/orin_nano/demo/build/asio_cmake_module' returned '0': CMAKE_PREFIX_PATH=${CMAKE_PREFIX_PATH}:/home/orin_nano/demo/install/joy:/opt/ros/foxy /usr/bin/cmake --build /home/orin_nano/demo/build/asio_cmake_module -- -j6 -l6
[7.859s] Invoking command in '/home/orin_nano/demo/build/asio_cmake_module': CMAKE_PREFIX_PATH=${CMAKE_PREFIX_PATH}:/home/orin_nano/demo/install/joy:/opt/ros/foxy /usr/bin/cmake --install /home/orin_nano/demo/build/asio_cmake_module
[7.881s] -- Install configuration: ""
[7.881s] -- Installing: /home/orin_nano/demo/install/asio_cmake_module/share/ament_index/resource_index/package_run_dependencies/asio_cmake_module
[7.882s] -- Installing: /home/orin_nano/demo/install/asio_cmake_module/share/ament_index/resource_index/parent_prefix_path/asio_cmake_module
[7.882s] -- Installing: /home/orin_nano/demo/install/asio_cmake_module/share/asio_cmake_module/environment/ament_prefix_path.sh
[7.883s] -- Installing: /home/orin_nano/demo/install/asio_cmake_module/share/asio_cmake_module/environment/ament_prefix_path.dsv
[7.883s] -- Installing: /home/orin_nano/demo/install/asio_cmake_module/share/asio_cmake_module/environment/path.sh
[7.883s] -- Installing: /home/orin_nano/demo/install/asio_cmake_module/share/asio_cmake_module/environment/path.dsv
[7.883s] -- Installing: /home/orin_nano/demo/install/asio_cmake_module/share/asio_cmake_module/local_setup.bash
[7.884s] -- Installing: /home/orin_nano/demo/install/asio_cmake_module/share/asio_cmake_module/local_setup.sh
[7.884s] -- Installing: /home/orin_nano/demo/install/asio_cmake_module/share/asio_cmake_module/local_setup.zsh
[7.885s] -- Installing: /home/orin_nano/demo/install/asio_cmake_module/share/asio_cmake_module/local_setup.dsv
[7.885s] -- Installing: /home/orin_nano/demo/install/asio_cmake_module/share/asio_cmake_module/package.dsv
[7.885s] -- Installing: /home/orin_nano/demo/install/asio_cmake_module/share/ament_index/resource_index/packages/asio_cmake_module
[7.886s] -- Installing: /home/orin_nano/demo/install/asio_cmake_module/share/asio_cmake_module/cmake/asio_cmake_module-extras.cmake
[7.886s] -- Installing: /home/orin_nano/demo/install/asio_cmake_module/share/asio_cmake_module/cmake/asio_cmake_moduleConfig.cmake
[7.886s] -- Installing: /home/orin_nano/demo/install/asio_cmake_module/share/asio_cmake_module/cmake/asio_cmake_moduleConfig-version.cmake
[7.886s] -- Installing: /home/orin_nano/demo/install/asio_cmake_module/share/asio_cmake_module/package.xml
[7.887s] -- Up-to-date: /home/orin_nano/demo/install/asio_cmake_module/share/asio_cmake_module/cmake
[7.887s] -- Installing: /home/orin_nano/demo/install/asio_cmake_module/share/asio_cmake_module/cmake/Modules
[7.887s] -- Installing: /home/orin_nano/demo/install/asio_cmake_module/share/asio_cmake_module/cmake/Modules/FindASIO.cmake
[7.895s] Invoked command in '/home/orin_nano/demo/build/asio_cmake_module' returned '0': CMAKE_PREFIX_PATH=${CMAKE_PREFIX_PATH}:/home/orin_nano/demo/install/joy:/opt/ros/foxy /usr/bin/cmake --install /home/orin_nano/demo/build/asio_cmake_module
