[1.540s] Invoking command in '/home/orin_nano/demo/build/joy': CMAKE_PREFIX_PATH=${CMAKE_PREFIX_PATH}:/opt/ros/foxy /usr/bin/cmake --build /home/orin_nano/demo/build/joy -- -j6 -l6
[1.668s] [ 33%] Built target joy_enumerate_devices
[1.714s] [ 66%] Built target joy_node
[1.718s] [100%] Built target joy
[1.756s] Invoked command in '/home/orin_nano/demo/build/joy' returned '0': CMAKE_PREFIX_PATH=${CMAKE_PREFIX_PATH}:/opt/ros/foxy /usr/bin/cmake --build /home/orin_nano/demo/build/joy -- -j6 -l6
[3.313s] Invoking command in '/home/orin_nano/demo/build/joy': CMAKE_PREFIX_PATH=${CMAKE_PREFIX_PATH}:/opt/ros/foxy /usr/bin/cmake --install /home/orin_nano/demo/build/joy
[3.337s] -- Install configuration: ""
[3.337s] -- Up-to-date: /home/orin_nano/demo/install/joy/lib/libjoy.so
[3.338s] -- Up-to-date: /home/orin_nano/demo/install/joy/lib/joy/joy_node
[3.339s] -- Up-to-date: /home/orin_nano/demo/install/joy/lib/joy/joy_enumerate_devices
[3.339s] -- Up-to-date: /home/orin_nano/demo/install/joy/include/joy
[3.340s] -- Up-to-date: /home/orin_nano/demo/install/joy/include/joy/joy.hpp
[3.341s] -- Up-to-date: /home/orin_nano/demo/install/joy/share/joy/config
[3.342s] -- Up-to-date: /home/orin_nano/demo/install/joy/share/joy/config/joy-params.yaml
[3.342s] -- Up-to-date: /home/orin_nano/demo/install/joy/share/joy/launch
[3.343s] -- Up-to-date: /home/orin_nano/demo/install/joy/share/joy/launch/joy-composed-launch.py
[3.343s] -- Up-to-date: /home/orin_nano/demo/install/joy/share/joy/launch/joy-launch.py
[3.344s] -- Up-to-date: /home/orin_nano/demo/install/joy/share/ament_index/resource_index/package_run_dependencies/joy
[3.345s] -- Up-to-date: /home/orin_nano/demo/install/joy/share/ament_index/resource_index/parent_prefix_path/joy
[3.346s] -- Up-to-date: /home/orin_nano/demo/install/joy/share/joy/environment/ament_prefix_path.sh
[3.346s] -- Up-to-date: /home/orin_nano/demo/install/joy/share/joy/environment/ament_prefix_path.dsv
[3.346s] -- Up-to-date: /home/orin_nano/demo/install/joy/share/joy/environment/path.sh
[3.347s] -- Up-to-date: /home/orin_nano/demo/install/joy/share/joy/environment/path.dsv
[3.347s] -- Up-to-date: /home/orin_nano/demo/install/joy/share/joy/local_setup.bash
[3.348s] -- Up-to-date: /home/orin_nano/demo/install/joy/share/joy/local_setup.sh
[3.348s] -- Up-to-date: /home/orin_nano/demo/install/joy/share/joy/local_setup.zsh
[3.349s] -- Up-to-date: /home/orin_nano/demo/install/joy/share/joy/local_setup.dsv
[3.350s] -- Installing: /home/orin_nano/demo/install/joy/share/joy/package.dsv
[3.350s] -- Up-to-date: /home/orin_nano/demo/install/joy/share/ament_index/resource_index/packages/joy
[3.351s] -- Up-to-date: /home/orin_nano/demo/install/joy/share/ament_index/resource_index/rclcpp_components/joy
[3.351s] -- Up-to-date: /home/orin_nano/demo/install/joy/share/joy/cmake/joyConfig.cmake
[3.352s] -- Up-to-date: /home/orin_nano/demo/install/joy/share/joy/cmake/joyConfig-version.cmake
[3.352s] -- Up-to-date: /home/orin_nano/demo/install/joy/share/joy/package.xml
[5.811s] Invoked command in '/home/orin_nano/demo/build/joy' returned '0': CMAKE_PREFIX_PATH=${CMAKE_PREFIX_PATH}:/opt/ros/foxy /usr/bin/cmake --install /home/orin_nano/demo/build/joy
