[1.561s] Invoking command in '/home/orin_nano/demo/build/vesc': CMAKE_PREFIX_PATH=/home/orin_nano/demo/install/vesc_driver:/home/orin_nano/demo/install/serial_driver:/home/orin_nano/demo/install/vesc_ackermann:/home/orin_nano/demo/install/io_context:/home/orin_nano/demo/install/vesc_msgs:/home/orin_nano/demo/install/vesc:/home/orin_nano/demo/install/udp_driver:/home/orin_nano/demo/install/combine_pkg:/home/orin_nano/demo/install/asio_cmake_module:/home/orin_nano/joyy/install/vesc:/home/orin_nano/joyy/install/vesc_ackermann:/home/orin_nano/joyy/install/vesc_msgs:/home/orin_nano/joyy/install/joy:/home/orin_nano/install/joy:/home/orin_nano/demo/install/joy:/opt/ros/foxy LD_LIBRARY_PATH=/home/orin_nano/demo/install/vesc_driver/lib:/home/orin_nano/demo/install/serial_driver/lib:/home/orin_nano/demo/install/vesc_ackermann/lib:/home/orin_nano/demo/install/io_context/lib:/home/orin_nano/demo/install/vesc_msgs/lib:/home/orin_nano/demo/install/udp_driver/lib:/home/orin_nano/joyy/install/vesc_ackermann/lib:/home/orin_nano/joyy/install/vesc_msgs/lib:/home/orin_nano/joyy/install/joy/lib:/home/orin_nano/install/joy/lib:/opt/ros/foxy/opt/yaml_cpp_vendor/lib:/opt/ros/foxy/opt/rviz_ogre_vendor/lib:/opt/ros/foxy/lib/aarch64-linux-gnu:/opt/ros/foxy/lib:/usr/local/cuda-11.4/lib64 /usr/bin/cmake /home/orin_nano/demo/src/vesc_foxy/vesc -DCMAKE_INSTALL_PREFIX=/home/orin_nano/demo/install/vesc
[1.674s] -- The C compiler identification is GNU 9.4.0
[1.774s] -- The CXX compiler identification is GNU 9.4.0
[1.784s] -- Check for working C compiler: /usr/bin/cc
[1.927s] -- Check for working C compiler: /usr/bin/cc -- works
[1.929s] -- Detecting C compiler ABI info
[2.075s] -- Detecting C compiler ABI info - done
[2.107s] -- Detecting C compile features
[2.108s] -- Detecting C compile features - done
[2.114s] -- Check for working CXX compiler: /usr/bin/c++
[2.275s] -- Check for working CXX compiler: /usr/bin/c++ -- works
[2.278s] -- Detecting CXX compiler ABI info
[2.448s] -- Detecting CXX compiler ABI info - done
[2.481s] -- Detecting CXX compile features
[2.482s] -- Detecting CXX compile features - done
[2.489s] -- Found ament_cmake_auto: 0.9.12 (/opt/ros/foxy/share/ament_cmake_auto/cmake)
[2.546s] -- Found PythonInterp: /usr/bin/python3 (found suitable version "3.8.10", minimum required is "3") 
[2.546s] -- Using PYTHON_EXECUTABLE: /usr/bin/python3
[3.116s] -- Configuring done
[3.120s] -- Generating done
[3.121s] -- Build files have been written to: /home/orin_nano/demo/build/vesc
[3.129s] Invoked command in '/home/orin_nano/demo/build/vesc' returned '0': CMAKE_PREFIX_PATH=/home/orin_nano/demo/install/vesc_driver:/home/orin_nano/demo/install/serial_driver:/home/orin_nano/demo/install/vesc_ackermann:/home/orin_nano/demo/install/io_context:/home/orin_nano/demo/install/vesc_msgs:/home/orin_nano/demo/install/vesc:/home/orin_nano/demo/install/udp_driver:/home/orin_nano/demo/install/combine_pkg:/home/orin_nano/demo/install/asio_cmake_module:/home/orin_nano/joyy/install/vesc:/home/orin_nano/joyy/install/vesc_ackermann:/home/orin_nano/joyy/install/vesc_msgs:/home/orin_nano/joyy/install/joy:/home/orin_nano/install/joy:/home/orin_nano/demo/install/joy:/opt/ros/foxy LD_LIBRARY_PATH=/home/orin_nano/demo/install/vesc_driver/lib:/home/orin_nano/demo/install/serial_driver/lib:/home/orin_nano/demo/install/vesc_ackermann/lib:/home/orin_nano/demo/install/io_context/lib:/home/orin_nano/demo/install/vesc_msgs/lib:/home/orin_nano/demo/install/udp_driver/lib:/home/orin_nano/joyy/install/vesc_ackermann/lib:/home/orin_nano/joyy/install/vesc_msgs/lib:/home/orin_nano/joyy/install/joy/lib:/home/orin_nano/install/joy/lib:/opt/ros/foxy/opt/yaml_cpp_vendor/lib:/opt/ros/foxy/opt/rviz_ogre_vendor/lib:/opt/ros/foxy/lib/aarch64-linux-gnu:/opt/ros/foxy/lib:/usr/local/cuda-11.4/lib64 /usr/bin/cmake /home/orin_nano/demo/src/vesc_foxy/vesc -DCMAKE_INSTALL_PREFIX=/home/orin_nano/demo/install/vesc
[3.137s] Invoking command in '/home/orin_nano/demo/build/vesc': CMAKE_PREFIX_PATH=/home/orin_nano/demo/install/vesc_driver:/home/orin_nano/demo/install/serial_driver:/home/orin_nano/demo/install/vesc_ackermann:/home/orin_nano/demo/install/io_context:/home/orin_nano/demo/install/vesc_msgs:/home/orin_nano/demo/install/vesc:/home/orin_nano/demo/install/udp_driver:/home/orin_nano/demo/install/combine_pkg:/home/orin_nano/demo/install/asio_cmake_module:/home/orin_nano/joyy/install/vesc:/home/orin_nano/joyy/install/vesc_ackermann:/home/orin_nano/joyy/install/vesc_msgs:/home/orin_nano/joyy/install/joy:/home/orin_nano/install/joy:/home/orin_nano/demo/install/joy:/opt/ros/foxy LD_LIBRARY_PATH=/home/orin_nano/demo/install/vesc_driver/lib:/home/orin_nano/demo/install/serial_driver/lib:/home/orin_nano/demo/install/vesc_ackermann/lib:/home/orin_nano/demo/install/io_context/lib:/home/orin_nano/demo/install/vesc_msgs/lib:/home/orin_nano/demo/install/udp_driver/lib:/home/orin_nano/joyy/install/vesc_ackermann/lib:/home/orin_nano/joyy/install/vesc_msgs/lib:/home/orin_nano/joyy/install/joy/lib:/home/orin_nano/install/joy/lib:/opt/ros/foxy/opt/yaml_cpp_vendor/lib:/opt/ros/foxy/opt/rviz_ogre_vendor/lib:/opt/ros/foxy/lib/aarch64-linux-gnu:/opt/ros/foxy/lib:/usr/local/cuda-11.4/lib64 /usr/bin/cmake --build /home/orin_nano/demo/build/vesc -- -j6 -l6
[3.228s] Invoked command in '/home/orin_nano/demo/build/vesc' returned '0': CMAKE_PREFIX_PATH=/home/orin_nano/demo/install/vesc_driver:/home/orin_nano/demo/install/serial_driver:/home/orin_nano/demo/install/vesc_ackermann:/home/orin_nano/demo/install/io_context:/home/orin_nano/demo/install/vesc_msgs:/home/orin_nano/demo/install/vesc:/home/orin_nano/demo/install/udp_driver:/home/orin_nano/demo/install/combine_pkg:/home/orin_nano/demo/install/asio_cmake_module:/home/orin_nano/joyy/install/vesc:/home/orin_nano/joyy/install/vesc_ackermann:/home/orin_nano/joyy/install/vesc_msgs:/home/orin_nano/joyy/install/joy:/home/orin_nano/install/joy:/home/orin_nano/demo/install/joy:/opt/ros/foxy LD_LIBRARY_PATH=/home/orin_nano/demo/install/vesc_driver/lib:/home/orin_nano/demo/install/serial_driver/lib:/home/orin_nano/demo/install/vesc_ackermann/lib:/home/orin_nano/demo/install/io_context/lib:/home/orin_nano/demo/install/vesc_msgs/lib:/home/orin_nano/demo/install/udp_driver/lib:/home/orin_nano/joyy/install/vesc_ackermann/lib:/home/orin_nano/joyy/install/vesc_msgs/lib:/home/orin_nano/joyy/install/joy/lib:/home/orin_nano/install/joy/lib:/opt/ros/foxy/opt/yaml_cpp_vendor/lib:/opt/ros/foxy/opt/rviz_ogre_vendor/lib:/opt/ros/foxy/lib/aarch64-linux-gnu:/opt/ros/foxy/lib:/usr/local/cuda-11.4/lib64 /usr/bin/cmake --build /home/orin_nano/demo/build/vesc -- -j6 -l6
[3.286s] Invoking command in '/home/orin_nano/demo/build/vesc': CMAKE_PREFIX_PATH=/home/orin_nano/demo/install/vesc_driver:/home/orin_nano/demo/install/serial_driver:/home/orin_nano/demo/install/vesc_ackermann:/home/orin_nano/demo/install/io_context:/home/orin_nano/demo/install/vesc_msgs:/home/orin_nano/demo/install/vesc:/home/orin_nano/demo/install/udp_driver:/home/orin_nano/demo/install/combine_pkg:/home/orin_nano/demo/install/asio_cmake_module:/home/orin_nano/joyy/install/vesc:/home/orin_nano/joyy/install/vesc_ackermann:/home/orin_nano/joyy/install/vesc_msgs:/home/orin_nano/joyy/install/joy:/home/orin_nano/install/joy:/home/orin_nano/demo/install/joy:/opt/ros/foxy LD_LIBRARY_PATH=/home/orin_nano/demo/install/vesc_driver/lib:/home/orin_nano/demo/install/serial_driver/lib:/home/orin_nano/demo/install/vesc_ackermann/lib:/home/orin_nano/demo/install/io_context/lib:/home/orin_nano/demo/install/vesc_msgs/lib:/home/orin_nano/demo/install/udp_driver/lib:/home/orin_nano/joyy/install/vesc_ackermann/lib:/home/orin_nano/joyy/install/vesc_msgs/lib:/home/orin_nano/joyy/install/joy/lib:/home/orin_nano/install/joy/lib:/opt/ros/foxy/opt/yaml_cpp_vendor/lib:/opt/ros/foxy/opt/rviz_ogre_vendor/lib:/opt/ros/foxy/lib/aarch64-linux-gnu:/opt/ros/foxy/lib:/usr/local/cuda-11.4/lib64 /usr/bin/cmake --install /home/orin_nano/demo/build/vesc
[3.307s] -- Install configuration: ""
[3.308s] -- Installing: /home/orin_nano/demo/install/vesc/share/ament_index/resource_index/package_run_dependencies/vesc
[3.308s] -- Installing: /home/orin_nano/demo/install/vesc/share/ament_index/resource_index/parent_prefix_path/vesc
[3.309s] -- Installing: /home/orin_nano/demo/install/vesc/share/vesc/environment/ament_prefix_path.sh
[3.309s] -- Installing: /home/orin_nano/demo/install/vesc/share/vesc/environment/ament_prefix_path.dsv
[3.309s] -- Installing: /home/orin_nano/demo/install/vesc/share/vesc/environment/path.sh
[3.309s] -- Installing: /home/orin_nano/demo/install/vesc/share/vesc/environment/path.dsv
[3.310s] -- Installing: /home/orin_nano/demo/install/vesc/share/vesc/local_setup.bash
[3.310s] -- Installing: /home/orin_nano/demo/install/vesc/share/vesc/local_setup.sh
[3.310s] -- Installing: /home/orin_nano/demo/install/vesc/share/vesc/local_setup.zsh
[3.311s] -- Installing: /home/orin_nano/demo/install/vesc/share/vesc/local_setup.dsv
[3.311s] -- Installing: /home/orin_nano/demo/install/vesc/share/vesc/package.dsv
[3.311s] -- Installing: /home/orin_nano/demo/install/vesc/share/ament_index/resource_index/packages/vesc
[3.311s] -- Installing: /home/orin_nano/demo/install/vesc/share/vesc/cmake/vescConfig.cmake
[3.312s] -- Installing: /home/orin_nano/demo/install/vesc/share/vesc/cmake/vescConfig-version.cmake
[3.312s] -- Installing: /home/orin_nano/demo/install/vesc/share/vesc/package.xml
[3.316s] Invoked command in '/home/orin_nano/demo/build/vesc' returned '0': CMAKE_PREFIX_PATH=/home/orin_nano/demo/install/vesc_driver:/home/orin_nano/demo/install/serial_driver:/home/orin_nano/demo/install/vesc_ackermann:/home/orin_nano/demo/install/io_context:/home/orin_nano/demo/install/vesc_msgs:/home/orin_nano/demo/install/vesc:/home/orin_nano/demo/install/udp_driver:/home/orin_nano/demo/install/combine_pkg:/home/orin_nano/demo/install/asio_cmake_module:/home/orin_nano/joyy/install/vesc:/home/orin_nano/joyy/install/vesc_ackermann:/home/orin_nano/joyy/install/vesc_msgs:/home/orin_nano/joyy/install/joy:/home/orin_nano/install/joy:/home/orin_nano/demo/install/joy:/opt/ros/foxy LD_LIBRARY_PATH=/home/orin_nano/demo/install/vesc_driver/lib:/home/orin_nano/demo/install/serial_driver/lib:/home/orin_nano/demo/install/vesc_ackermann/lib:/home/orin_nano/demo/install/io_context/lib:/home/orin_nano/demo/install/vesc_msgs/lib:/home/orin_nano/demo/install/udp_driver/lib:/home/orin_nano/joyy/install/vesc_ackermann/lib:/home/orin_nano/joyy/install/vesc_msgs/lib:/home/orin_nano/joyy/install/joy/lib:/home/orin_nano/install/joy/lib:/opt/ros/foxy/opt/yaml_cpp_vendor/lib:/opt/ros/foxy/opt/rviz_ogre_vendor/lib:/opt/ros/foxy/lib/aarch64-linux-gnu:/opt/ros/foxy/lib:/usr/local/cuda-11.4/lib64 /usr/bin/cmake --install /home/orin_nano/demo/build/vesc
