[0.338s] Invoking command in '/home/orin_nano/demo/build/joy': CMAKE_PREFIX_PATH=/opt/ros/foxy /usr/bin/cmake --build /home/orin_nano/demo/build/joy -- -j6 -l6
[0.476s] [ 33%] Built target joy_node
[0.476s] [ 66%] Built target joy_enumerate_devices
[0.493s] [100%] Built target joy
[0.858s] Invoked command in '/home/orin_nano/demo/build/joy' returned '0': CMAKE_PREFIX_PATH=/opt/ros/foxy /usr/bin/cmake --build /home/orin_nano/demo/build/joy -- -j6 -l6
[1.626s] Invoking command in '/home/orin_nano/demo/build/joy': CMAKE_PREFIX_PATH=/opt/ros/foxy /usr/bin/cmake --install /home/orin_nano/demo/build/joy
[1.657s] -- Install configuration: ""
[1.659s] -- Up-to-date: /home/orin_nano/demo/install/joy/lib/libjoy.so
[1.659s] -- Up-to-date: /home/orin_nano/demo/install/joy/lib/joy/joy_node
[1.659s] -- Up-to-date: /home/orin_nano/demo/install/joy/lib/joy/joy_enumerate_devices
[1.659s] -- Up-to-date: /home/orin_nano/demo/install/joy/include/joy
[1.660s] -- Up-to-date: /home/orin_nano/demo/install/joy/include/joy/joy.hpp
[1.660s] -- Up-to-date: /home/orin_nano/demo/install/joy/share/joy/config
[1.660s] -- Up-to-date: /home/orin_nano/demo/install/joy/share/joy/config/joy-params.yaml
[1.661s] -- Up-to-date: /home/orin_nano/demo/install/joy/share/joy/launch
[1.661s] -- Up-to-date: /home/orin_nano/demo/install/joy/share/joy/launch/joy-composed-launch.py
[1.661s] -- Up-to-date: /home/orin_nano/demo/install/joy/share/joy/launch/joy-launch.py
[1.661s] -- Up-to-date: /home/orin_nano/demo/install/joy/share/ament_index/resource_index/package_run_dependencies/joy
[1.662s] -- Up-to-date: /home/orin_nano/demo/install/joy/share/ament_index/resource_index/parent_prefix_path/joy
[1.662s] -- Up-to-date: /home/orin_nano/demo/install/joy/share/joy/environment/ament_prefix_path.sh
[1.662s] -- Up-to-date: /home/orin_nano/demo/install/joy/share/joy/environment/ament_prefix_path.dsv
[1.663s] -- Up-to-date: /home/orin_nano/demo/install/joy/share/joy/environment/path.sh
[1.663s] -- Up-to-date: /home/orin_nano/demo/install/joy/share/joy/environment/path.dsv
[1.663s] -- Up-to-date: /home/orin_nano/demo/install/joy/share/joy/local_setup.bash
[1.664s] -- Up-to-date: /home/orin_nano/demo/install/joy/share/joy/local_setup.sh
[1.664s] -- Up-to-date: /home/orin_nano/demo/install/joy/share/joy/local_setup.zsh
[1.664s] -- Up-to-date: /home/orin_nano/demo/install/joy/share/joy/local_setup.dsv
[1.664s] -- Installing: /home/orin_nano/demo/install/joy/share/joy/package.dsv
[1.665s] -- Up-to-date: /home/orin_nano/demo/install/joy/share/ament_index/resource_index/packages/joy
[1.665s] -- Up-to-date: /home/orin_nano/demo/install/joy/share/ament_index/resource_index/rclcpp_components/joy
[1.665s] -- Up-to-date: /home/orin_nano/demo/install/joy/share/joy/cmake/joyConfig.cmake
[1.665s] -- Up-to-date: /home/orin_nano/demo/install/joy/share/joy/cmake/joyConfig-version.cmake
[1.665s] -- Up-to-date: /home/orin_nano/demo/install/joy/share/joy/package.xml
[1.672s] Invoked command in '/home/orin_nano/demo/build/joy' returned '0': CMAKE_PREFIX_PATH=/opt/ros/foxy /usr/bin/cmake --install /home/orin_nano/demo/build/joy
