[1.510s] Invoking command in '/home/orin_nano/demo/build/udp_driver': CMAKE_PREFIX_PATH=/home/orin_nano/demo/install/io_context:/home/orin_nano/demo/install/asio_cmake_module:/home/orin_nano/demo/install/vesc:/home/orin_nano/demo/install/vesc_driver:/home/orin_nano/demo/install/vesc_ackermann:/home/orin_nano/demo/install/vesc_msgs:/home/orin_nano/demo/install/udp_driver:/home/orin_nano/demo/install/serial_driver:/home/orin_nano/demo/install/joy:/home/orin_nano/demo/install/combine_pkg:/home/orin_nano/joyy/install/vesc:/home/orin_nano/joyy/install/vesc_ackermann:/home/orin_nano/joyy/install/vesc_msgs:/home/orin_nano/joyy/install/joy:/home/orin_nano/install/joy:/opt/ros/foxy LD_LIBRARY_PATH=/home/orin_nano/demo/install/io_context/lib:/home/orin_nano/demo/install/vesc_driver/lib:/home/orin_nano/demo/install/vesc_ackermann/lib:/home/orin_nano/demo/install/vesc_msgs/lib:/home/orin_nano/demo/install/udp_driver/lib:/home/orin_nano/demo/install/serial_driver/lib:/home/orin_nano/demo/install/joy/lib:/home/orin_nano/joyy/install/vesc_ackermann/lib:/home/orin_nano/joyy/install/vesc_msgs/lib:/home/orin_nano/joyy/install/joy/lib:/home/orin_nano/install/joy/lib:/opt/ros/foxy/opt/yaml_cpp_vendor/lib:/opt/ros/foxy/opt/rviz_ogre_vendor/lib:/opt/ros/foxy/lib/aarch64-linux-gnu:/opt/ros/foxy/lib:/usr/local/cuda-11.4/lib64 /usr/bin/cmake --build /home/orin_nano/demo/build/udp_driver -- -j6 -l6
[1.656s] [ 16%] Built target gtest
[1.656s] [ 16%] Built target gtest_main
[1.686s] [ 29%] Built target udp_driver
[1.697s] [ 37%] Built target udp_receiver_node_exe
[1.703s] [ 45%] Built target udp_sender_node_exe
[1.780s] [ 58%] Built target udp_driver_nodes
[1.857s] [ 66%] Built target test_udp_socket
[1.861s] [ 79%] Built target udp_bridge_node_exe
[1.861s] [ 83%] Built target test_udp_driver
[1.863s] [ 91%] Built target test_udp_data
[1.880s] [100%] Built target test_udp_driver_nodes
[1.917s] Invoked command in '/home/orin_nano/demo/build/udp_driver' returned '0': CMAKE_PREFIX_PATH=/home/orin_nano/demo/install/io_context:/home/orin_nano/demo/install/asio_cmake_module:/home/orin_nano/demo/install/vesc:/home/orin_nano/demo/install/vesc_driver:/home/orin_nano/demo/install/vesc_ackermann:/home/orin_nano/demo/install/vesc_msgs:/home/orin_nano/demo/install/udp_driver:/home/orin_nano/demo/install/serial_driver:/home/orin_nano/demo/install/joy:/home/orin_nano/demo/install/combine_pkg:/home/orin_nano/joyy/install/vesc:/home/orin_nano/joyy/install/vesc_ackermann:/home/orin_nano/joyy/install/vesc_msgs:/home/orin_nano/joyy/install/joy:/home/orin_nano/install/joy:/opt/ros/foxy LD_LIBRARY_PATH=/home/orin_nano/demo/install/io_context/lib:/home/orin_nano/demo/install/vesc_driver/lib:/home/orin_nano/demo/install/vesc_ackermann/lib:/home/orin_nano/demo/install/vesc_msgs/lib:/home/orin_nano/demo/install/udp_driver/lib:/home/orin_nano/demo/install/serial_driver/lib:/home/orin_nano/demo/install/joy/lib:/home/orin_nano/joyy/install/vesc_ackermann/lib:/home/orin_nano/joyy/install/vesc_msgs/lib:/home/orin_nano/joyy/install/joy/lib:/home/orin_nano/install/joy/lib:/opt/ros/foxy/opt/yaml_cpp_vendor/lib:/opt/ros/foxy/opt/rviz_ogre_vendor/lib:/opt/ros/foxy/lib/aarch64-linux-gnu:/opt/ros/foxy/lib:/usr/local/cuda-11.4/lib64 /usr/bin/cmake --build /home/orin_nano/demo/build/udp_driver -- -j6 -l6
[2.966s] Invoking command in '/home/orin_nano/demo/build/udp_driver': CMAKE_PREFIX_PATH=/home/orin_nano/demo/install/io_context:/home/orin_nano/demo/install/asio_cmake_module:/home/orin_nano/demo/install/vesc:/home/orin_nano/demo/install/vesc_driver:/home/orin_nano/demo/install/vesc_ackermann:/home/orin_nano/demo/install/vesc_msgs:/home/orin_nano/demo/install/udp_driver:/home/orin_nano/demo/install/serial_driver:/home/orin_nano/demo/install/joy:/home/orin_nano/demo/install/combine_pkg:/home/orin_nano/joyy/install/vesc:/home/orin_nano/joyy/install/vesc_ackermann:/home/orin_nano/joyy/install/vesc_msgs:/home/orin_nano/joyy/install/joy:/home/orin_nano/install/joy:/opt/ros/foxy LD_LIBRARY_PATH=/home/orin_nano/demo/install/io_context/lib:/home/orin_nano/demo/install/vesc_driver/lib:/home/orin_nano/demo/install/vesc_ackermann/lib:/home/orin_nano/demo/install/vesc_msgs/lib:/home/orin_nano/demo/install/udp_driver/lib:/home/orin_nano/demo/install/serial_driver/lib:/home/orin_nano/demo/install/joy/lib:/home/orin_nano/joyy/install/vesc_ackermann/lib:/home/orin_nano/joyy/install/vesc_msgs/lib:/home/orin_nano/joyy/install/joy/lib:/home/orin_nano/install/joy/lib:/opt/ros/foxy/opt/yaml_cpp_vendor/lib:/opt/ros/foxy/opt/rviz_ogre_vendor/lib:/opt/ros/foxy/lib/aarch64-linux-gnu:/opt/ros/foxy/lib:/usr/local/cuda-11.4/lib64 /usr/bin/cmake --install /home/orin_nano/demo/build/udp_driver
[2.987s] -- Install configuration: ""
[2.987s] -- Up-to-date: /home/orin_nano/demo/install/udp_driver/lib/udp_driver/udp_receiver_node_exe
[2.987s] -- Up-to-date: /home/orin_nano/demo/install/udp_driver/lib/udp_driver/udp_sender_node_exe
[2.988s] -- Up-to-date: /home/orin_nano/demo/install/udp_driver/include
[2.988s] -- Up-to-date: /home/orin_nano/demo/install/udp_driver/include/udp_driver
[2.988s] -- Up-to-date: /home/orin_nano/demo/install/udp_driver/include/udp_driver/udp_receiver_node.hpp
[2.989s] -- Up-to-date: /home/orin_nano/demo/install/udp_driver/include/udp_driver/udp_sender_node.hpp
[2.989s] -- Up-to-date: /home/orin_nano/demo/install/udp_driver/include/udp_driver/udp_socket.hpp
[2.989s] -- Up-to-date: /home/orin_nano/demo/install/udp_driver/include/udp_driver/visibility_control.hpp
[2.989s] -- Up-to-date: /home/orin_nano/demo/install/udp_driver/include/udp_driver/udp_driver.hpp
[2.989s] -- Up-to-date: /home/orin_nano/demo/install/udp_driver/share/udp_driver/environment/library_path.sh
[2.989s] -- Up-to-date: /home/orin_nano/demo/install/udp_driver/share/udp_driver/environment/library_path.dsv
[2.989s] -- Up-to-date: /home/orin_nano/demo/install/udp_driver/lib/libudp_driver.so
[2.990s] -- Up-to-date: /home/orin_nano/demo/install/udp_driver/lib/libudp_driver_nodes.so
[2.990s] -- Up-to-date: /home/orin_nano/demo/install/udp_driver/lib/udp_driver/udp_bridge_node_exe
[2.990s] -- Up-to-date: /home/orin_nano/demo/install/udp_driver/share/ament_index/resource_index/package_run_dependencies/udp_driver
[2.990s] -- Up-to-date: /home/orin_nano/demo/install/udp_driver/share/ament_index/resource_index/parent_prefix_path/udp_driver
[2.991s] -- Up-to-date: /home/orin_nano/demo/install/udp_driver/share/udp_driver/environment/ament_prefix_path.sh
[2.991s] -- Up-to-date: /home/orin_nano/demo/install/udp_driver/share/udp_driver/environment/ament_prefix_path.dsv
[2.991s] -- Up-to-date: /home/orin_nano/demo/install/udp_driver/share/udp_driver/environment/path.sh
[2.991s] -- Up-to-date: /home/orin_nano/demo/install/udp_driver/share/udp_driver/environment/path.dsv
[2.992s] -- Up-to-date: /home/orin_nano/demo/install/udp_driver/share/udp_driver/local_setup.bash
[2.992s] -- Up-to-date: /home/orin_nano/demo/install/udp_driver/share/udp_driver/local_setup.sh
[2.992s] -- Up-to-date: /home/orin_nano/demo/install/udp_driver/share/udp_driver/local_setup.zsh
[2.992s] -- Up-to-date: /home/orin_nano/demo/install/udp_driver/share/udp_driver/local_setup.dsv
[2.993s] -- Installing: /home/orin_nano/demo/install/udp_driver/share/udp_driver/package.dsv
[2.993s] -- Up-to-date: /home/orin_nano/demo/install/udp_driver/share/ament_index/resource_index/packages/udp_driver
[2.993s] -- Up-to-date: /home/orin_nano/demo/install/udp_driver/share/ament_index/resource_index/rclcpp_components/udp_driver
[2.993s] -- Up-to-date: /home/orin_nano/demo/install/udp_driver/share/udp_driver/cmake/ament_cmake_export_dependencies-extras.cmake
[2.993s] -- Up-to-date: /home/orin_nano/demo/install/udp_driver/share/udp_driver/cmake/ament_cmake_export_include_directories-extras.cmake
[2.993s] -- Up-to-date: /home/orin_nano/demo/install/udp_driver/share/udp_driver/cmake/ament_cmake_export_libraries-extras.cmake
[2.993s] -- Up-to-date: /home/orin_nano/demo/install/udp_driver/share/udp_driver/cmake/udp_driverConfig.cmake
[2.994s] -- Up-to-date: /home/orin_nano/demo/install/udp_driver/share/udp_driver/cmake/udp_driverConfig-version.cmake
[2.994s] -- Up-to-date: /home/orin_nano/demo/install/udp_driver/share/udp_driver/package.xml
[2.997s] Invoked command in '/home/orin_nano/demo/build/udp_driver' returned '0': CMAKE_PREFIX_PATH=/home/orin_nano/demo/install/io_context:/home/orin_nano/demo/install/asio_cmake_module:/home/orin_nano/demo/install/vesc:/home/orin_nano/demo/install/vesc_driver:/home/orin_nano/demo/install/vesc_ackermann:/home/orin_nano/demo/install/vesc_msgs:/home/orin_nano/demo/install/udp_driver:/home/orin_nano/demo/install/serial_driver:/home/orin_nano/demo/install/joy:/home/orin_nano/demo/install/combine_pkg:/home/orin_nano/joyy/install/vesc:/home/orin_nano/joyy/install/vesc_ackermann:/home/orin_nano/joyy/install/vesc_msgs:/home/orin_nano/joyy/install/joy:/home/orin_nano/install/joy:/opt/ros/foxy LD_LIBRARY_PATH=/home/orin_nano/demo/install/io_context/lib:/home/orin_nano/demo/install/vesc_driver/lib:/home/orin_nano/demo/install/vesc_ackermann/lib:/home/orin_nano/demo/install/vesc_msgs/lib:/home/orin_nano/demo/install/udp_driver/lib:/home/orin_nano/demo/install/serial_driver/lib:/home/orin_nano/demo/install/joy/lib:/home/orin_nano/joyy/install/vesc_ackermann/lib:/home/orin_nano/joyy/install/vesc_msgs/lib:/home/orin_nano/joyy/install/joy/lib:/home/orin_nano/install/joy/lib:/opt/ros/foxy/opt/yaml_cpp_vendor/lib:/opt/ros/foxy/opt/rviz_ogre_vendor/lib:/opt/ros/foxy/lib/aarch64-linux-gnu:/opt/ros/foxy/lib:/usr/local/cuda-11.4/lib64 /usr/bin/cmake --install /home/orin_nano/demo/build/udp_driver
