[0.346s] Invoking command in '/home/orin_nano/demo/build/vesc_ackermann': CMAKE_PREFIX_PATH=/home/orin_nano/demo/install/vesc_msgs:/home/orin_nano/demo/install/vesc:/home/orin_nano/demo/install/joy:/home/orin_nano/demo/install/asio_cmake_module:/opt/ros/foxy LD_LIBRARY_PATH=/home/orin_nano/demo/install/vesc_msgs/lib:/home/orin_nano/demo/install/joy/lib:/opt/ros/foxy/opt/yaml_cpp_vendor/lib:/opt/ros/foxy/opt/rviz_ogre_vendor/lib:/opt/ros/foxy/lib/aarch64-linux-gnu:/opt/ros/foxy/lib:/usr/local/cuda-11.4/lib64 /usr/bin/cmake /home/orin_nano/demo/src/vesc_foxy/vesc_ackermann -DCMAKE_INSTALL_PREFIX=/home/orin_nano/demo/install/vesc_ackermann
[0.459s] -- The C compiler identification is GNU 9.4.0
[0.559s] -- The CXX compiler identification is GNU 9.4.0
[0.567s] -- Check for working C compiler: /usr/bin/cc
[0.704s] -- Check for working C compiler: /usr/bin/cc -- works
[0.705s] -- Detecting C compiler ABI info
[0.840s] -- Detecting C compiler ABI info - done
[0.858s] -- Detecting C compile features
[0.858s] -- Detecting C compile features - done
[0.863s] -- Check for working CXX compiler: /usr/bin/c++
[1.014s] -- Check for working CXX compiler: /usr/bin/c++ -- works
[1.016s] -- Detecting CXX compiler ABI info
[1.168s] -- Detecting CXX compiler ABI info - done
[1.188s] -- Detecting CXX compile features
[1.189s] -- Detecting CXX compile features - done
[1.193s] -- Found ament_cmake_auto: 0.9.12 (/opt/ros/foxy/share/ament_cmake_auto/cmake)
[1.247s] -- Found PythonInterp: /usr/bin/python3 (found suitable version "3.8.10", minimum required is "3") 
[1.247s] -- Using PYTHON_EXECUTABLE: /usr/bin/python3
[1.880s] -- Using all available rosidl_typesupport_c: rosidl_typesupport_fastrtps_c;rosidl_typesupport_introspection_c
[1.893s] -- Found rosidl_adapter: 1.3.1 (/opt/ros/foxy/share/rosidl_adapter/cmake)
[2.096s] -- Found OpenSSL: /usr/lib/aarch64-linux-gnu/libcrypto.so (found version "1.1.1f")  
[2.155s] -- Found FastRTPS: /opt/ros/foxy/include  
[2.322s] -- Using all available rosidl_typesupport_cpp: rosidl_typesupport_fastrtps_cpp;rosidl_typesupport_introspection_cpp
[2.820s] -- Found rmw_implementation_cmake: 1.0.4 (/opt/ros/foxy/share/rmw_implementation_cmake/cmake)
[2.825s] -- Using RMW implementation 'rmw_fastrtps_cpp' as default
[2.827s] -- Looking for pthread.h
[3.135s] -- Looking for pthread.h - found
[3.136s] -- Performing Test CMAKE_HAVE_LIBC_PTHREAD
[3.302s] -- Performing Test CMAKE_HAVE_LIBC_PTHREAD - Failed
[3.303s] -- Looking for pthread_create in pthreads
[3.450s] -- Looking for pthread_create in pthreads - not found
[3.451s] -- Looking for pthread_create in pthread
[3.618s] -- Looking for pthread_create in pthread - found
[3.622s] -- Found Threads: TRUE  
[4.777s] -- Found ament_lint_auto: 0.9.8 (/opt/ros/foxy/share/ament_lint_auto/cmake)
[4.822s] -- Added test 'copyright' to check source files copyright and LICENSE
[4.824s] -- Added test 'cppcheck' to perform static code analysis on C / C++ code
[4.825s] -- Configured cppcheck include dirs: /home/orin_nano/demo/src/vesc_foxy/vesc_ackermann/include
[4.825s] -- Configured cppcheck exclude dirs and/or files: 
[4.827s] -- Added test 'cpplint' to check C / C++ code against the Google style
[4.827s] -- Configured cpplint exclude dirs and/or files: 
[4.829s] -- Added test 'lint_cmake' to check CMake code style
[4.831s] -- Added test 'uncrustify' to check C / C++ code style
[4.832s] -- Configured uncrustify additional arguments: 
[4.833s] -- Added test 'xmllint' to check XML markup files
[4.846s] -- Configuring done
[4.893s] -- Generating done
[4.898s] -- Build files have been written to: /home/orin_nano/demo/build/vesc_ackermann
[4.925s] Invoked command in '/home/orin_nano/demo/build/vesc_ackermann' returned '0': CMAKE_PREFIX_PATH=/home/orin_nano/demo/install/vesc_msgs:/home/orin_nano/demo/install/vesc:/home/orin_nano/demo/install/joy:/home/orin_nano/demo/install/asio_cmake_module:/opt/ros/foxy LD_LIBRARY_PATH=/home/orin_nano/demo/install/vesc_msgs/lib:/home/orin_nano/demo/install/joy/lib:/opt/ros/foxy/opt/yaml_cpp_vendor/lib:/opt/ros/foxy/opt/rviz_ogre_vendor/lib:/opt/ros/foxy/lib/aarch64-linux-gnu:/opt/ros/foxy/lib:/usr/local/cuda-11.4/lib64 /usr/bin/cmake /home/orin_nano/demo/src/vesc_foxy/vesc_ackermann -DCMAKE_INSTALL_PREFIX=/home/orin_nano/demo/install/vesc_ackermann
[4.932s] Invoking command in '/home/orin_nano/demo/build/vesc_ackermann': CMAKE_PREFIX_PATH=/home/orin_nano/demo/install/vesc_msgs:/home/orin_nano/demo/install/vesc:/home/orin_nano/demo/install/joy:/home/orin_nano/demo/install/asio_cmake_module:/opt/ros/foxy LD_LIBRARY_PATH=/home/orin_nano/demo/install/vesc_msgs/lib:/home/orin_nano/demo/install/joy/lib:/opt/ros/foxy/opt/yaml_cpp_vendor/lib:/opt/ros/foxy/opt/rviz_ogre_vendor/lib:/opt/ros/foxy/lib/aarch64-linux-gnu:/opt/ros/foxy/lib:/usr/local/cuda-11.4/lib64 /usr/bin/cmake --build /home/orin_nano/demo/build/vesc_ackermann -- -j6 -l6
[5.024s] [35m[1mScanning dependencies of target vesc_to_odom_node[0m
[5.025s] [35m[1mScanning dependencies of target ackermann_to_vesc_node[0m
[5.025s] [35m[1mScanning dependencies of target vesc_ackermann[0m
[5.100s] [ 14%] [32mBuilding CXX object CMakeFiles/vesc_to_odom_node.dir/rclcpp_components/node_main_vesc_to_odom_node.cpp.o[0m
[5.104s] [ 28%] [32mBuilding CXX object CMakeFiles/ackermann_to_vesc_node.dir/rclcpp_components/node_main_ackermann_to_vesc_node.cpp.o[0m
[5.131s] [ 42%] [32mBuilding CXX object CMakeFiles/vesc_ackermann.dir/src/vesc_to_odom.cpp.o[0m
[5.137s] [ 57%] [32mBuilding CXX object CMakeFiles/vesc_ackermann.dir/src/ackermann_to_vesc.cpp.o[0m
[10.411s] [ 71%] [32m[1mLinking CXX executable ackermann_to_vesc_node[0m
[10.684s] [ 71%] Built target ackermann_to_vesc_node
[10.709s] [ 85%] [32m[1mLinking CXX executable vesc_to_odom_node[0m
[10.977s] [ 85%] Built target vesc_to_odom_node
[19.413s] [100%] [32m[1mLinking CXX shared library libvesc_ackermann.so[0m
[22.037s] [100%] Built target vesc_ackermann
[22.069s] Invoked command in '/home/orin_nano/demo/build/vesc_ackermann' returned '0': CMAKE_PREFIX_PATH=/home/orin_nano/demo/install/vesc_msgs:/home/orin_nano/demo/install/vesc:/home/orin_nano/demo/install/joy:/home/orin_nano/demo/install/asio_cmake_module:/opt/ros/foxy LD_LIBRARY_PATH=/home/orin_nano/demo/install/vesc_msgs/lib:/home/orin_nano/demo/install/joy/lib:/opt/ros/foxy/opt/yaml_cpp_vendor/lib:/opt/ros/foxy/opt/rviz_ogre_vendor/lib:/opt/ros/foxy/lib/aarch64-linux-gnu:/opt/ros/foxy/lib:/usr/local/cuda-11.4/lib64 /usr/bin/cmake --build /home/orin_nano/demo/build/vesc_ackermann -- -j6 -l6
[22.633s] Invoking command in '/home/orin_nano/demo/build/vesc_ackermann': CMAKE_PREFIX_PATH=/home/orin_nano/demo/install/vesc_msgs:/home/orin_nano/demo/install/vesc:/home/orin_nano/demo/install/joy:/home/orin_nano/demo/install/asio_cmake_module:/opt/ros/foxy LD_LIBRARY_PATH=/home/orin_nano/demo/install/vesc_msgs/lib:/home/orin_nano/demo/install/joy/lib:/opt/ros/foxy/opt/yaml_cpp_vendor/lib:/opt/ros/foxy/opt/rviz_ogre_vendor/lib:/opt/ros/foxy/lib/aarch64-linux-gnu:/opt/ros/foxy/lib:/usr/local/cuda-11.4/lib64 /usr/bin/cmake --install /home/orin_nano/demo/build/vesc_ackermann
[22.694s] -- Install configuration: ""
[22.697s] -- Installing: /home/orin_nano/demo/install/vesc_ackermann/lib/vesc_ackermann/ackermann_to_vesc_node
[22.698s] -- Set runtime path of "/home/orin_nano/demo/install/vesc_ackermann/lib/vesc_ackermann/ackermann_to_vesc_node" to ""
[22.698s] -- Installing: /home/orin_nano/demo/install/vesc_ackermann/lib/vesc_ackermann/vesc_to_odom_node
[22.704s] -- Set runtime path of "/home/orin_nano/demo/install/vesc_ackermann/lib/vesc_ackermann/vesc_to_odom_node" to ""
[22.705s] -- Installing: /home/orin_nano/demo/install/vesc_ackermann/include
[22.705s] -- Installing: /home/orin_nano/demo/install/vesc_ackermann/include/vesc_ackermann
[22.705s] -- Installing: /home/orin_nano/demo/install/vesc_ackermann/include/vesc_ackermann/vesc_to_odom.hpp
[22.706s] -- Installing: /home/orin_nano/demo/install/vesc_ackermann/include/vesc_ackermann/ackermann_to_vesc.hpp
[22.706s] -- Installing: /home/orin_nano/demo/install/vesc_ackermann/share/vesc_ackermann/environment/library_path.sh
[22.707s] -- Installing: /home/orin_nano/demo/install/vesc_ackermann/share/vesc_ackermann/environment/library_path.dsv
[22.707s] -- Installing: /home/orin_nano/demo/install/vesc_ackermann/lib/libvesc_ackermann.so
[22.728s] -- Set runtime path of "/home/orin_nano/demo/install/vesc_ackermann/lib/libvesc_ackermann.so" to ""
[22.729s] -- Installing: /home/orin_nano/demo/install/vesc_ackermann/share/vesc_ackermann/launch
[22.729s] -- Installing: /home/orin_nano/demo/install/vesc_ackermann/share/vesc_ackermann/launch/vesc_to_odom_node.launch.xml
[22.738s] -- Installing: /home/orin_nano/demo/install/vesc_ackermann/share/vesc_ackermann/launch/ackermann_to_vesc_node.launch.xml
[22.738s] -- Installing: /home/orin_nano/demo/install/vesc_ackermann/share/ament_index/resource_index/package_run_dependencies/vesc_ackermann
[22.739s] -- Installing: /home/orin_nano/demo/install/vesc_ackermann/share/ament_index/resource_index/parent_prefix_path/vesc_ackermann
[22.739s] -- Installing: /home/orin_nano/demo/install/vesc_ackermann/share/vesc_ackermann/environment/ament_prefix_path.sh
[22.740s] -- Installing: /home/orin_nano/demo/install/vesc_ackermann/share/vesc_ackermann/environment/ament_prefix_path.dsv
[22.740s] -- Installing: /home/orin_nano/demo/install/vesc_ackermann/share/vesc_ackermann/environment/path.sh
[22.740s] -- Installing: /home/orin_nano/demo/install/vesc_ackermann/share/vesc_ackermann/environment/path.dsv
[22.741s] -- Installing: /home/orin_nano/demo/install/vesc_ackermann/share/vesc_ackermann/local_setup.bash
[22.741s] -- Installing: /home/orin_nano/demo/install/vesc_ackermann/share/vesc_ackermann/local_setup.sh
[22.741s] -- Installing: /home/orin_nano/demo/install/vesc_ackermann/share/vesc_ackermann/local_setup.zsh
[22.743s] -- Installing: /home/orin_nano/demo/install/vesc_ackermann/share/vesc_ackermann/local_setup.dsv
[22.743s] -- Installing: /home/orin_nano/demo/install/vesc_ackermann/share/vesc_ackermann/package.dsv
[22.743s] -- Installing: /home/orin_nano/demo/install/vesc_ackermann/share/ament_index/resource_index/packages/vesc_ackermann
[22.744s] -- Installing: /home/orin_nano/demo/install/vesc_ackermann/share/ament_index/resource_index/rclcpp_components/vesc_ackermann
[22.744s] -- Installing: /home/orin_nano/demo/install/vesc_ackermann/share/vesc_ackermann/cmake/ament_cmake_export_dependencies-extras.cmake
[22.744s] -- Installing: /home/orin_nano/demo/install/vesc_ackermann/share/vesc_ackermann/cmake/ament_cmake_export_include_directories-extras.cmake
[22.745s] -- Installing: /home/orin_nano/demo/install/vesc_ackermann/share/vesc_ackermann/cmake/ament_cmake_export_libraries-extras.cmake
[22.745s] -- Installing: /home/orin_nano/demo/install/vesc_ackermann/share/vesc_ackermann/cmake/vesc_ackermannConfig.cmake
[22.746s] -- Installing: /home/orin_nano/demo/install/vesc_ackermann/share/vesc_ackermann/cmake/vesc_ackermannConfig-version.cmake
[22.746s] -- Installing: /home/orin_nano/demo/install/vesc_ackermann/share/vesc_ackermann/package.xml
[22.763s] Invoked command in '/home/orin_nano/demo/build/vesc_ackermann' returned '0': CMAKE_PREFIX_PATH=/home/orin_nano/demo/install/vesc_msgs:/home/orin_nano/demo/install/vesc:/home/orin_nano/demo/install/joy:/home/orin_nano/demo/install/asio_cmake_module:/opt/ros/foxy LD_LIBRARY_PATH=/home/orin_nano/demo/install/vesc_msgs/lib:/home/orin_nano/demo/install/joy/lib:/opt/ros/foxy/opt/yaml_cpp_vendor/lib:/opt/ros/foxy/opt/rviz_ogre_vendor/lib:/opt/ros/foxy/lib/aarch64-linux-gnu:/opt/ros/foxy/lib:/usr/local/cuda-11.4/lib64 /usr/bin/cmake --install /home/orin_nano/demo/build/vesc_ackermann
