[1.537s] Invoking command in '/home/orin_nano/demo/build/joy': CMAKE_PREFIX_PATH=${CMAKE_PREFIX_PATH}:/opt/ros/foxy /usr/bin/cmake --build /home/orin_nano/demo/build/joy -- -j6 -l6
[1.668s] [ 33%] Built target joy_enumerate_devices
[1.682s] [ 66%] Built target joy_node
[1.699s] [100%] Built target joy
[1.758s] Invoked command in '/home/orin_nano/demo/build/joy' returned '0': CMAKE_PREFIX_PATH=${CMAKE_PREFIX_PATH}:/opt/ros/foxy /usr/bin/cmake --build /home/orin_nano/demo/build/joy -- -j6 -l6
[3.342s] Invoking command in '/home/orin_nano/demo/build/joy': CMAKE_PREFIX_PATH=${CMAKE_PREFIX_PATH}:/opt/ros/foxy /usr/bin/cmake --install /home/orin_nano/demo/build/joy
[3.366s] -- Install configuration: ""
[3.367s] -- Up-to-date: /home/orin_nano/demo/install/joy/lib/libjoy.so
[3.368s] -- Up-to-date: /home/orin_nano/demo/install/joy/lib/joy/joy_node
[3.369s] -- Up-to-date: /home/orin_nano/demo/install/joy/lib/joy/joy_enumerate_devices
[3.370s] -- Up-to-date: /home/orin_nano/demo/install/joy/include/joy
[3.371s] -- Up-to-date: /home/orin_nano/demo/install/joy/include/joy/joy.hpp
[3.372s] -- Up-to-date: /home/orin_nano/demo/install/joy/share/joy/config
[3.372s] -- Up-to-date: /home/orin_nano/demo/install/joy/share/joy/config/joy-params.yaml
[3.373s] -- Up-to-date: /home/orin_nano/demo/install/joy/share/joy/launch
[3.374s] -- Up-to-date: /home/orin_nano/demo/install/joy/share/joy/launch/joy-composed-launch.py
[3.374s] -- Up-to-date: /home/orin_nano/demo/install/joy/share/joy/launch/joy-launch.py
[3.375s] -- Up-to-date: /home/orin_nano/demo/install/joy/share/ament_index/resource_index/package_run_dependencies/joy
[3.376s] -- Up-to-date: /home/orin_nano/demo/install/joy/share/ament_index/resource_index/parent_prefix_path/joy
[3.377s] -- Up-to-date: /home/orin_nano/demo/install/joy/share/joy/environment/ament_prefix_path.sh
[3.377s] -- Up-to-date: /home/orin_nano/demo/install/joy/share/joy/environment/ament_prefix_path.dsv
[3.377s] -- Up-to-date: /home/orin_nano/demo/install/joy/share/joy/environment/path.sh
[3.378s] -- Up-to-date: /home/orin_nano/demo/install/joy/share/joy/environment/path.dsv
[3.378s] -- Up-to-date: /home/orin_nano/demo/install/joy/share/joy/local_setup.bash
[3.379s] -- Up-to-date: /home/orin_nano/demo/install/joy/share/joy/local_setup.sh
[3.379s] -- Up-to-date: /home/orin_nano/demo/install/joy/share/joy/local_setup.zsh
[3.380s] -- Up-to-date: /home/orin_nano/demo/install/joy/share/joy/local_setup.dsv
[3.381s] -- Installing: /home/orin_nano/demo/install/joy/share/joy/package.dsv
[3.382s] -- Up-to-date: /home/orin_nano/demo/install/joy/share/ament_index/resource_index/packages/joy
[3.383s] -- Up-to-date: /home/orin_nano/demo/install/joy/share/ament_index/resource_index/rclcpp_components/joy
[3.383s] -- Up-to-date: /home/orin_nano/demo/install/joy/share/joy/cmake/joyConfig.cmake
[3.384s] -- Up-to-date: /home/orin_nano/demo/install/joy/share/joy/cmake/joyConfig-version.cmake
[3.385s] -- Up-to-date: /home/orin_nano/demo/install/joy/share/joy/package.xml
[4.366s] Invoked command in '/home/orin_nano/demo/build/joy' returned '0': CMAKE_PREFIX_PATH=${CMAKE_PREFIX_PATH}:/opt/ros/foxy /usr/bin/cmake --install /home/orin_nano/demo/build/joy
