[0.698s] Invoking command in '/home/orin_nano/demo/build/vesc_driver': CMAKE_PREFIX_PATH=/home/orin_nano/demo/install/serial_driver:/home/orin_nano/demo/install/io_context:/home/orin_nano/demo/install/vesc_msgs:/home/orin_nano/demo/install/vesc:/home/orin_nano/demo/install/vesc_driver:/home/orin_nano/demo/install/vesc_ackermann:/home/orin_nano/demo/install/udp_driver:/home/orin_nano/demo/install/joy:/home/orin_nano/demo/install/asio_cmake_module:/opt/ros/foxy LD_LIBRARY_PATH=/home/orin_nano/demo/install/serial_driver/lib:/home/orin_nano/demo/install/io_context/lib:/home/orin_nano/demo/install/vesc_msgs/lib:/home/orin_nano/demo/install/vesc_driver/lib:/home/orin_nano/demo/install/vesc_ackermann/lib:/home/orin_nano/demo/install/udp_driver/lib:/home/orin_nano/demo/install/joy/lib:/opt/ros/foxy/opt/yaml_cpp_vendor/lib:/opt/ros/foxy/opt/rviz_ogre_vendor/lib:/opt/ros/foxy/lib/aarch64-linux-gnu:/opt/ros/foxy/lib:/usr/local/cuda-11.4/lib64 /usr/bin/cmake --build /home/orin_nano/demo/build/vesc_driver -- -j6 -l6
[0.835s] [ 20%] Built target vesc_driver_node
[0.836s] [ 70%] Built target vesc_driver
[0.889s] [100%] Built target vesc_device_namer
[0.914s] Invoked command in '/home/orin_nano/demo/build/vesc_driver' returned '0': CMAKE_PREFIX_PATH=/home/orin_nano/demo/install/serial_driver:/home/orin_nano/demo/install/io_context:/home/orin_nano/demo/install/vesc_msgs:/home/orin_nano/demo/install/vesc:/home/orin_nano/demo/install/vesc_driver:/home/orin_nano/demo/install/vesc_ackermann:/home/orin_nano/demo/install/udp_driver:/home/orin_nano/demo/install/joy:/home/orin_nano/demo/install/asio_cmake_module:/opt/ros/foxy LD_LIBRARY_PATH=/home/orin_nano/demo/install/serial_driver/lib:/home/orin_nano/demo/install/io_context/lib:/home/orin_nano/demo/install/vesc_msgs/lib:/home/orin_nano/demo/install/vesc_driver/lib:/home/orin_nano/demo/install/vesc_ackermann/lib:/home/orin_nano/demo/install/udp_driver/lib:/home/orin_nano/demo/install/joy/lib:/opt/ros/foxy/opt/yaml_cpp_vendor/lib:/opt/ros/foxy/opt/rviz_ogre_vendor/lib:/opt/ros/foxy/lib/aarch64-linux-gnu:/opt/ros/foxy/lib:/usr/local/cuda-11.4/lib64 /usr/bin/cmake --build /home/orin_nano/demo/build/vesc_driver -- -j6 -l6
[1.006s] Invoking command in '/home/orin_nano/demo/build/vesc_driver': CMAKE_PREFIX_PATH=/home/orin_nano/demo/install/serial_driver:/home/orin_nano/demo/install/io_context:/home/orin_nano/demo/install/vesc_msgs:/home/orin_nano/demo/install/vesc:/home/orin_nano/demo/install/vesc_driver:/home/orin_nano/demo/install/vesc_ackermann:/home/orin_nano/demo/install/udp_driver:/home/orin_nano/demo/install/joy:/home/orin_nano/demo/install/asio_cmake_module:/opt/ros/foxy LD_LIBRARY_PATH=/home/orin_nano/demo/install/serial_driver/lib:/home/orin_nano/demo/install/io_context/lib:/home/orin_nano/demo/install/vesc_msgs/lib:/home/orin_nano/demo/install/vesc_driver/lib:/home/orin_nano/demo/install/vesc_ackermann/lib:/home/orin_nano/demo/install/udp_driver/lib:/home/orin_nano/demo/install/joy/lib:/opt/ros/foxy/opt/yaml_cpp_vendor/lib:/opt/ros/foxy/opt/rviz_ogre_vendor/lib:/opt/ros/foxy/lib/aarch64-linux-gnu:/opt/ros/foxy/lib:/usr/local/cuda-11.4/lib64 /usr/bin/cmake --install /home/orin_nano/demo/build/vesc_driver
[1.026s] -- Install configuration: ""
[1.027s] -- Up-to-date: /home/orin_nano/demo/install/vesc_driver/lib/vesc_driver/vesc_driver_node
[1.027s] -- Up-to-date: /home/orin_nano/demo/install/vesc_driver/include
[1.028s] -- Up-to-date: /home/orin_nano/demo/install/vesc_driver/include/vesc_driver
[1.028s] -- Up-to-date: /home/orin_nano/demo/install/vesc_driver/include/vesc_driver/crc.hpp
[1.028s] -- Up-to-date: /home/orin_nano/demo/install/vesc_driver/include/vesc_driver/vesc_device_uuid_lookup.hpp
[1.028s] -- Up-to-date: /home/orin_nano/demo/install/vesc_driver/include/vesc_driver/vesc_packet.hpp
[1.029s] -- Up-to-date: /home/orin_nano/demo/install/vesc_driver/include/vesc_driver/vesc_packet_factory.hpp
[1.029s] -- Up-to-date: /home/orin_nano/demo/install/vesc_driver/include/vesc_driver/vesc_interface.hpp
[1.029s] -- Up-to-date: /home/orin_nano/demo/install/vesc_driver/include/vesc_driver/datatypes.hpp
[1.029s] -- Up-to-date: /home/orin_nano/demo/install/vesc_driver/include/vesc_driver/vesc_driver.hpp
[1.030s] -- Up-to-date: /home/orin_nano/demo/install/vesc_driver/share/vesc_driver/environment/library_path.sh
[1.030s] -- Up-to-date: /home/orin_nano/demo/install/vesc_driver/share/vesc_driver/environment/library_path.dsv
[1.030s] -- Up-to-date: /home/orin_nano/demo/install/vesc_driver/lib/libvesc_driver.so
[1.030s] -- Up-to-date: /home/orin_nano/demo/install/vesc_driver/lib/vesc_driver/vesc_device_namer
[1.030s] -- Up-to-date: /home/orin_nano/demo/install/vesc_driver/share/vesc_driver/launch
[1.030s] -- Up-to-date: /home/orin_nano/demo/install/vesc_driver/share/vesc_driver/launch/vesc_driver_node.launch.py
[1.031s] -- Up-to-date: /home/orin_nano/demo/install/vesc_driver/share/vesc_driver/params
[1.031s] -- Up-to-date: /home/orin_nano/demo/install/vesc_driver/share/vesc_driver/params/vesc_config.yaml
[1.031s] -- Up-to-date: /home/orin_nano/demo/install/vesc_driver/share/ament_index/resource_index/package_run_dependencies/vesc_driver
[1.031s] -- Up-to-date: /home/orin_nano/demo/install/vesc_driver/share/ament_index/resource_index/parent_prefix_path/vesc_driver
[1.032s] -- Up-to-date: /home/orin_nano/demo/install/vesc_driver/share/vesc_driver/environment/ament_prefix_path.sh
[1.032s] -- Up-to-date: /home/orin_nano/demo/install/vesc_driver/share/vesc_driver/environment/ament_prefix_path.dsv
[1.032s] -- Up-to-date: /home/orin_nano/demo/install/vesc_driver/share/vesc_driver/environment/path.sh
[1.032s] -- Up-to-date: /home/orin_nano/demo/install/vesc_driver/share/vesc_driver/environment/path.dsv
[1.032s] -- Up-to-date: /home/orin_nano/demo/install/vesc_driver/share/vesc_driver/local_setup.bash
[1.032s] -- Up-to-date: /home/orin_nano/demo/install/vesc_driver/share/vesc_driver/local_setup.sh
[1.032s] -- Up-to-date: /home/orin_nano/demo/install/vesc_driver/share/vesc_driver/local_setup.zsh
[1.033s] -- Up-to-date: /home/orin_nano/demo/install/vesc_driver/share/vesc_driver/local_setup.dsv
[1.033s] -- Installing: /home/orin_nano/demo/install/vesc_driver/share/vesc_driver/package.dsv
[1.033s] -- Up-to-date: /home/orin_nano/demo/install/vesc_driver/share/ament_index/resource_index/packages/vesc_driver
[1.033s] -- Up-to-date: /home/orin_nano/demo/install/vesc_driver/share/ament_index/resource_index/rclcpp_components/vesc_driver
[1.033s] -- Up-to-date: /home/orin_nano/demo/install/vesc_driver/share/vesc_driver/cmake/ament_cmake_export_dependencies-extras.cmake
[1.033s] -- Up-to-date: /home/orin_nano/demo/install/vesc_driver/share/vesc_driver/cmake/ament_cmake_export_include_directories-extras.cmake
[1.033s] -- Up-to-date: /home/orin_nano/demo/install/vesc_driver/share/vesc_driver/cmake/ament_cmake_export_libraries-extras.cmake
[1.033s] -- Up-to-date: /home/orin_nano/demo/install/vesc_driver/share/vesc_driver/cmake/vesc_driverConfig.cmake
[1.033s] -- Up-to-date: /home/orin_nano/demo/install/vesc_driver/share/vesc_driver/cmake/vesc_driverConfig-version.cmake
[1.034s] -- Up-to-date: /home/orin_nano/demo/install/vesc_driver/share/vesc_driver/package.xml
[1.036s] Invoked command in '/home/orin_nano/demo/build/vesc_driver' returned '0': CMAKE_PREFIX_PATH=/home/orin_nano/demo/install/serial_driver:/home/orin_nano/demo/install/io_context:/home/orin_nano/demo/install/vesc_msgs:/home/orin_nano/demo/install/vesc:/home/orin_nano/demo/install/vesc_driver:/home/orin_nano/demo/install/vesc_ackermann:/home/orin_nano/demo/install/udp_driver:/home/orin_nano/demo/install/joy:/home/orin_nano/demo/install/asio_cmake_module:/opt/ros/foxy LD_LIBRARY_PATH=/home/orin_nano/demo/install/serial_driver/lib:/home/orin_nano/demo/install/io_context/lib:/home/orin_nano/demo/install/vesc_msgs/lib:/home/orin_nano/demo/install/vesc_driver/lib:/home/orin_nano/demo/install/vesc_ackermann/lib:/home/orin_nano/demo/install/udp_driver/lib:/home/orin_nano/demo/install/joy/lib:/opt/ros/foxy/opt/yaml_cpp_vendor/lib:/opt/ros/foxy/opt/rviz_ogre_vendor/lib:/opt/ros/foxy/lib/aarch64-linux-gnu:/opt/ros/foxy/lib:/usr/local/cuda-11.4/lib64 /usr/bin/cmake --install /home/orin_nano/demo/build/vesc_driver
