[1.536s] Invoking command in '/home/orin_nano/demo/build/joy': CMAKE_PREFIX_PATH=${CMAKE_PREFIX_PATH}:/opt/ros/foxy /usr/bin/cmake --build /home/orin_nano/demo/build/joy -- -j6 -l6
[1.674s] [ 33%] Built target joy_enumerate_devices
[1.720s] [ 66%] Built target joy
[1.727s] [100%] Built target joy_node
[1.760s] Invoked command in '/home/orin_nano/demo/build/joy' returned '0': CMAKE_PREFIX_PATH=${CMAKE_PREFIX_PATH}:/opt/ros/foxy /usr/bin/cmake --build /home/orin_nano/demo/build/joy -- -j6 -l6
[3.333s] Invoking command in '/home/orin_nano/demo/build/joy': CMAKE_PREFIX_PATH=${CMAKE_PREFIX_PATH}:/opt/ros/foxy /usr/bin/cmake --install /home/orin_nano/demo/build/joy
[4.347s] -- Install configuration: ""
[4.347s] -- Up-to-date: /home/orin_nano/demo/install/joy/lib/libjoy.so
[4.347s] -- Up-to-date: /home/orin_nano/demo/install/joy/lib/joy/joy_node
[4.348s] -- Up-to-date: /home/orin_nano/demo/install/joy/lib/joy/joy_enumerate_devices
[4.348s] -- Up-to-date: /home/orin_nano/demo/install/joy/include/joy
[4.349s] -- Up-to-date: /home/orin_nano/demo/install/joy/include/joy/joy.hpp
[4.349s] -- Up-to-date: /home/orin_nano/demo/install/joy/share/joy/config
[4.349s] -- Up-to-date: /home/orin_nano/demo/install/joy/share/joy/config/joy-params.yaml
[4.350s] -- Up-to-date: /home/orin_nano/demo/install/joy/share/joy/launch
[4.350s] -- Up-to-date: /home/orin_nano/demo/install/joy/share/joy/launch/joy-composed-launch.py
[4.350s] -- Up-to-date: /home/orin_nano/demo/install/joy/share/joy/launch/joy-launch.py
[4.351s] -- Up-to-date: /home/orin_nano/demo/install/joy/share/ament_index/resource_index/package_run_dependencies/joy
[4.351s] -- Up-to-date: /home/orin_nano/demo/install/joy/share/ament_index/resource_index/parent_prefix_path/joy
[4.351s] -- Up-to-date: /home/orin_nano/demo/install/joy/share/joy/environment/ament_prefix_path.sh
[4.352s] -- Up-to-date: /home/orin_nano/demo/install/joy/share/joy/environment/ament_prefix_path.dsv
[4.352s] -- Up-to-date: /home/orin_nano/demo/install/joy/share/joy/environment/path.sh
[4.352s] -- Up-to-date: /home/orin_nano/demo/install/joy/share/joy/environment/path.dsv
[4.353s] -- Up-to-date: /home/orin_nano/demo/install/joy/share/joy/local_setup.bash
[4.356s] -- Up-to-date: /home/orin_nano/demo/install/joy/share/joy/local_setup.sh
[4.356s] -- Up-to-date: /home/orin_nano/demo/install/joy/share/joy/local_setup.zsh
[4.356s] -- Up-to-date: /home/orin_nano/demo/install/joy/share/joy/local_setup.dsv
[4.357s] -- Installing: /home/orin_nano/demo/install/joy/share/joy/package.dsv
[4.358s] -- Up-to-date: /home/orin_nano/demo/install/joy/share/ament_index/resource_index/packages/joy
[4.359s] -- Up-to-date: /home/orin_nano/demo/install/joy/share/ament_index/resource_index/rclcpp_components/joy
[4.360s] -- Up-to-date: /home/orin_nano/demo/install/joy/share/joy/cmake/joyConfig.cmake
[4.361s] -- Up-to-date: /home/orin_nano/demo/install/joy/share/joy/cmake/joyConfig-version.cmake
[4.362s] -- Up-to-date: /home/orin_nano/demo/install/joy/share/joy/package.xml
[5.846s] Invoked command in '/home/orin_nano/demo/build/joy' returned '0': CMAKE_PREFIX_PATH=${CMAKE_PREFIX_PATH}:/opt/ros/foxy /usr/bin/cmake --install /home/orin_nano/demo/build/joy
