[1.566s] Invoking command in '/home/orin_nano/demo/build/joy': CMAKE_PREFIX_PATH=${CMAKE_PREFIX_PATH}:/opt/ros/foxy /usr/bin/cmake --build /home/orin_nano/demo/build/joy -- -j6 -l6
[1.708s] [ 33%] Built target joy_enumerate_devices
[1.723s] [ 66%] Built target joy_node
[1.747s] [100%] Built target joy
[1.792s] Invoked command in '/home/orin_nano/demo/build/joy' returned '0': CMAKE_PREFIX_PATH=${CMAKE_PREFIX_PATH}:/opt/ros/foxy /usr/bin/cmake --build /home/orin_nano/demo/build/joy -- -j6 -l6
[3.401s] Invoking command in '/home/orin_nano/demo/build/joy': CMAKE_PREFIX_PATH=${CMAKE_PREFIX_PATH}:/opt/ros/foxy /usr/bin/cmake --install /home/orin_nano/demo/build/joy
[3.423s] -- Install configuration: ""
[3.423s] -- Up-to-date: /home/orin_nano/demo/install/joy/lib/libjoy.so
[3.424s] -- Up-to-date: /home/orin_nano/demo/install/joy/lib/joy/joy_node
[3.425s] -- Up-to-date: /home/orin_nano/demo/install/joy/lib/joy/joy_enumerate_devices
[3.426s] -- Up-to-date: /home/orin_nano/demo/install/joy/include/joy
[3.427s] -- Up-to-date: /home/orin_nano/demo/install/joy/include/joy/joy.hpp
[3.427s] -- Up-to-date: /home/orin_nano/demo/install/joy/share/joy/config
[3.428s] -- Up-to-date: /home/orin_nano/demo/install/joy/share/joy/config/joy-params.yaml
[3.429s] -- Up-to-date: /home/orin_nano/demo/install/joy/share/joy/launch
[3.429s] -- Up-to-date: /home/orin_nano/demo/install/joy/share/joy/launch/joy-composed-launch.py
[3.430s] -- Up-to-date: /home/orin_nano/demo/install/joy/share/joy/launch/joy-launch.py
[3.430s] -- Up-to-date: /home/orin_nano/demo/install/joy/share/ament_index/resource_index/package_run_dependencies/joy
[3.431s] -- Up-to-date: /home/orin_nano/demo/install/joy/share/ament_index/resource_index/parent_prefix_path/joy
[3.431s] -- Up-to-date: /home/orin_nano/demo/install/joy/share/joy/environment/ament_prefix_path.sh
[3.432s] -- Up-to-date: /home/orin_nano/demo/install/joy/share/joy/environment/ament_prefix_path.dsv
[3.432s] -- Up-to-date: /home/orin_nano/demo/install/joy/share/joy/environment/path.sh
[3.433s] -- Up-to-date: /home/orin_nano/demo/install/joy/share/joy/environment/path.dsv
[3.433s] -- Up-to-date: /home/orin_nano/demo/install/joy/share/joy/local_setup.bash
[3.434s] -- Up-to-date: /home/orin_nano/demo/install/joy/share/joy/local_setup.sh
[3.434s] -- Up-to-date: /home/orin_nano/demo/install/joy/share/joy/local_setup.zsh
[3.435s] -- Up-to-date: /home/orin_nano/demo/install/joy/share/joy/local_setup.dsv
[3.436s] -- Installing: /home/orin_nano/demo/install/joy/share/joy/package.dsv
[3.437s] -- Up-to-date: /home/orin_nano/demo/install/joy/share/ament_index/resource_index/packages/joy
[3.437s] -- Up-to-date: /home/orin_nano/demo/install/joy/share/ament_index/resource_index/rclcpp_components/joy
[3.438s] -- Up-to-date: /home/orin_nano/demo/install/joy/share/joy/cmake/joyConfig.cmake
[3.438s] -- Up-to-date: /home/orin_nano/demo/install/joy/share/joy/cmake/joyConfig-version.cmake
[3.439s] -- Up-to-date: /home/orin_nano/demo/install/joy/share/joy/package.xml
[5.963s] Invoked command in '/home/orin_nano/demo/build/joy' returned '0': CMAKE_PREFIX_PATH=${CMAKE_PREFIX_PATH}:/opt/ros/foxy /usr/bin/cmake --install /home/orin_nano/demo/build/joy
