[0.259s] Invoking command in '/home/orin_nano/demo/build/vesc': AMENT_PREFIX_PATH=/home/orin_nano/demo/install/vesc_msgs:${AMENT_PREFIX_PATH} CMAKE_PREFIX_PATH=/home/orin_nano/demo/install/vesc_msgs:/opt/ros/foxy LD_LIBRARY_PATH=/home/orin_nano/demo/install/vesc_msgs/lib:/opt/ros/foxy/opt/yaml_cpp_vendor/lib:/opt/ros/foxy/opt/rviz_ogre_vendor/lib:/opt/ros/foxy/lib/aarch64-linux-gnu:/opt/ros/foxy/lib:/usr/local/cuda-11.4/lib64 PYTHONPATH=/home/orin_nano/demo/install/vesc_msgs/lib/python3.8/site-packages:${PYTHONPATH} /usr/bin/cmake --build /home/orin_nano/demo/build/vesc -- -j6 -l6
[0.334s] Invoked command in '/home/orin_nano/demo/build/vesc' returned '0': AMENT_PREFIX_PATH=/home/orin_nano/demo/install/vesc_msgs:${AMENT_PREFIX_PATH} CMAKE_PREFIX_PATH=/home/orin_nano/demo/install/vesc_msgs:/opt/ros/foxy LD_LIBRARY_PATH=/home/orin_nano/demo/install/vesc_msgs/lib:/opt/ros/foxy/opt/yaml_cpp_vendor/lib:/opt/ros/foxy/opt/rviz_ogre_vendor/lib:/opt/ros/foxy/lib/aarch64-linux-gnu:/opt/ros/foxy/lib:/usr/local/cuda-11.4/lib64 PYTHONPATH=/home/orin_nano/demo/install/vesc_msgs/lib/python3.8/site-packages:${PYTHONPATH} /usr/bin/cmake --build /home/orin_nano/demo/build/vesc -- -j6 -l6
[0.380s] Invoking command in '/home/orin_nano/demo/build/vesc': AMENT_PREFIX_PATH=/home/orin_nano/demo/install/vesc_msgs:${AMENT_PREFIX_PATH} CMAKE_PREFIX_PATH=/home/orin_nano/demo/install/vesc_msgs:/opt/ros/foxy LD_LIBRARY_PATH=/home/orin_nano/demo/install/vesc_msgs/lib:/opt/ros/foxy/opt/yaml_cpp_vendor/lib:/opt/ros/foxy/opt/rviz_ogre_vendor/lib:/opt/ros/foxy/lib/aarch64-linux-gnu:/opt/ros/foxy/lib:/usr/local/cuda-11.4/lib64 PYTHONPATH=/home/orin_nano/demo/install/vesc_msgs/lib/python3.8/site-packages:${PYTHONPATH} /usr/bin/cmake --install /home/orin_nano/demo/build/vesc
[0.397s] -- Install configuration: ""
[0.398s] -- Up-to-date: /home/orin_nano/demo/install/vesc/share/ament_index/resource_index/package_run_dependencies/vesc
[0.398s] -- Up-to-date: /home/orin_nano/demo/install/vesc/share/ament_index/resource_index/parent_prefix_path/vesc
[0.398s] -- Up-to-date: /home/orin_nano/demo/install/vesc/share/vesc/environment/ament_prefix_path.sh
[0.398s] -- Up-to-date: /home/orin_nano/demo/install/vesc/share/vesc/environment/ament_prefix_path.dsv
[0.399s] -- Up-to-date: /home/orin_nano/demo/install/vesc/share/vesc/environment/path.sh
[0.399s] -- Up-to-date: /home/orin_nano/demo/install/vesc/share/vesc/environment/path.dsv
[0.399s] -- Up-to-date: /home/orin_nano/demo/install/vesc/share/vesc/local_setup.bash
[0.399s] -- Up-to-date: /home/orin_nano/demo/install/vesc/share/vesc/local_setup.sh
[0.399s] -- Up-to-date: /home/orin_nano/demo/install/vesc/share/vesc/local_setup.zsh
[0.399s] -- Up-to-date: /home/orin_nano/demo/install/vesc/share/vesc/local_setup.dsv
[0.399s] -- Up-to-date: /home/orin_nano/demo/install/vesc/share/vesc/package.dsv
[0.400s] -- Up-to-date: /home/orin_nano/demo/install/vesc/share/ament_index/resource_index/packages/vesc
[0.400s] -- Up-to-date: /home/orin_nano/demo/install/vesc/share/vesc/cmake/vescConfig.cmake
[0.400s] -- Up-to-date: /home/orin_nano/demo/install/vesc/share/vesc/cmake/vescConfig-version.cmake
[0.400s] -- Up-to-date: /home/orin_nano/demo/install/vesc/share/vesc/package.xml
[0.403s] Invoked command in '/home/orin_nano/demo/build/vesc' returned '0': AMENT_PREFIX_PATH=/home/orin_nano/demo/install/vesc_msgs:${AMENT_PREFIX_PATH} CMAKE_PREFIX_PATH=/home/orin_nano/demo/install/vesc_msgs:/opt/ros/foxy LD_LIBRARY_PATH=/home/orin_nano/demo/install/vesc_msgs/lib:/opt/ros/foxy/opt/yaml_cpp_vendor/lib:/opt/ros/foxy/opt/rviz_ogre_vendor/lib:/opt/ros/foxy/lib/aarch64-linux-gnu:/opt/ros/foxy/lib:/usr/local/cuda-11.4/lib64 PYTHONPATH=/home/orin_nano/demo/install/vesc_msgs/lib/python3.8/site-packages:${PYTHONPATH} /usr/bin/cmake --install /home/orin_nano/demo/build/vesc
