[0.312s] Invoking command in '/home/orin_nano/demo/build/io_context': AMENT_PREFIX_PATH=/home/orin_nano/demo/install/asio_cmake_module:${AMENT_PREFIX_PATH} CMAKE_PREFIX_PATH=/home/orin_nano/demo/install/asio_cmake_module:/home/orin_nano/demo/install/vesc:/home/orin_nano/demo/install/vesc_ackermann:/home/orin_nano/demo/install/vesc_msgs:/home/orin_nano/demo/install/joy:/opt/ros/foxy /usr/bin/cmake /home/orin_nano/demo/transport_drivers/io_context -DCMAKE_INSTALL_PREFIX=/home/orin_nano/demo/install/io_context
[0.422s] -- The C compiler identification is GNU 9.4.0
[0.521s] -- The CXX compiler identification is GNU 9.4.0
[0.530s] -- Check for working C compiler: /usr/bin/cc
[0.668s] -- Check for working C compiler: /usr/bin/cc -- works
[0.669s] -- Detecting C compiler ABI info
[0.812s] -- Detecting C compiler ABI info - done
[0.845s] -- Detecting C compile features
[0.846s] -- Detecting C compile features - done
[0.851s] -- Check for working CXX compiler: /usr/bin/c++
[1.001s] -- Check for working CXX compiler: /usr/bin/c++ -- works
[1.003s] -- Detecting CXX compiler ABI info
[1.167s] -- Detecting CXX compiler ABI info - done
[1.200s] -- Detecting CXX compile features
[1.201s] -- Detecting CXX compile features - done
[1.206s] -- Found ament_cmake_auto: 0.9.12 (/opt/ros/foxy/share/ament_cmake_auto/cmake)
[1.257s] -- Found PythonInterp: /usr/bin/python3 (found suitable version "3.8.10", minimum required is "3") 
[1.258s] -- Using PYTHON_EXECUTABLE: /usr/bin/python3
[1.871s] -- Using all available rosidl_typesupport_c: rosidl_typesupport_fastrtps_c;rosidl_typesupport_introspection_c
[1.886s] -- Found rosidl_adapter: 1.3.1 (/opt/ros/foxy/share/rosidl_adapter/cmake)
[2.067s] -- Found OpenSSL: /usr/lib/aarch64-linux-gnu/libcrypto.so (found version "1.1.1f")  
[2.124s] -- Found FastRTPS: /opt/ros/foxy/include  
[2.282s] -- Using all available rosidl_typesupport_cpp: rosidl_typesupport_fastrtps_cpp;rosidl_typesupport_introspection_cpp
[2.627s] -- Found rmw_implementation_cmake: 1.0.4 (/opt/ros/foxy/share/rmw_implementation_cmake/cmake)
[2.631s] -- Using RMW implementation 'rmw_fastrtps_cpp' as default
[2.633s] -- Looking for pthread.h
[2.776s] -- Looking for pthread.h - found
[2.776s] -- Performing Test CMAKE_HAVE_LIBC_PTHREAD
[2.923s] -- Performing Test CMAKE_HAVE_LIBC_PTHREAD - Failed
[2.923s] -- Looking for pthread_create in pthreads
[3.058s] -- Looking for pthread_create in pthreads - not found
[3.058s] -- Looking for pthread_create in pthread
[3.200s] -- Looking for pthread_create in pthread - found
[3.203s] -- Found Threads: TRUE  
[3.536s] CMake Error at /usr/share/cmake-3.16/Modules/FindPackageHandleStandardArgs.cmake:146 (message):
[3.537s]   Could NOT find ASIO (missing: ASIO_INCLUDE_DIRS)
[3.537s] Call Stack (most recent call first):
[3.537s]   /usr/share/cmake-3.16/Modules/FindPackageHandleStandardArgs.cmake:393 (_FPHSA_FAILURE_MESSAGE)
[3.537s]   /home/orin_nano/demo/install/asio_cmake_module/share/asio_cmake_module/cmake/Modules/FindASIO.cmake:19 (find_package_handle_standard_args)
[3.537s]   CMakeLists.txt:34 (find_package)
[3.537s] 
[3.537s] 
[3.540s] -- Configuring incomplete, errors occurred!
[3.541s] See also "/home/orin_nano/demo/build/io_context/CMakeFiles/CMakeOutput.log".
[3.541s] See also "/home/orin_nano/demo/build/io_context/CMakeFiles/CMakeError.log".
[3.561s] Invoked command in '/home/orin_nano/demo/build/io_context' returned '1': AMENT_PREFIX_PATH=/home/orin_nano/demo/install/asio_cmake_module:${AMENT_PREFIX_PATH} CMAKE_PREFIX_PATH=/home/orin_nano/demo/install/asio_cmake_module:/home/orin_nano/demo/install/vesc:/home/orin_nano/demo/install/vesc_ackermann:/home/orin_nano/demo/install/vesc_msgs:/home/orin_nano/demo/install/joy:/opt/ros/foxy /usr/bin/cmake /home/orin_nano/demo/transport_drivers/io_context -DCMAKE_INSTALL_PREFIX=/home/orin_nano/demo/install/io_context
