[1.406s] Invoking command in '/home/orin_nano/demo/build/asio_cmake_module': CMAKE_PREFIX_PATH=${CMAKE_PREFIX_PATH}:/opt/ros/foxy /usr/bin/cmake --build /home/orin_nano/demo/build/asio_cmake_module -- -j6 -l6
[1.502s] Invoked command in '/home/orin_nano/demo/build/asio_cmake_module' returned '0': CMAKE_PREFIX_PATH=${CMAKE_PREFIX_PATH}:/opt/ros/foxy /usr/bin/cmake --build /home/orin_nano/demo/build/asio_cmake_module -- -j6 -l6
[1.598s] Invoking command in '/home/orin_nano/demo/build/asio_cmake_module': CMAKE_PREFIX_PATH=${CMAKE_PREFIX_PATH}:/opt/ros/foxy /usr/bin/cmake --install /home/orin_nano/demo/build/asio_cmake_module
[1.631s] -- Install configuration: ""
[1.632s] -- Up-to-date: /home/orin_nano/demo/install/asio_cmake_module/share/ament_index/resource_index/package_run_dependencies/asio_cmake_module
[1.632s] -- Up-to-date: /home/orin_nano/demo/install/asio_cmake_module/share/ament_index/resource_index/parent_prefix_path/asio_cmake_module
[1.633s] -- Up-to-date: /home/orin_nano/demo/install/asio_cmake_module/share/asio_cmake_module/environment/ament_prefix_path.sh
[1.633s] -- Up-to-date: /home/orin_nano/demo/install/asio_cmake_module/share/asio_cmake_module/environment/ament_prefix_path.dsv
[1.634s] -- Up-to-date: /home/orin_nano/demo/install/asio_cmake_module/share/asio_cmake_module/environment/path.sh
[1.634s] -- Up-to-date: /home/orin_nano/demo/install/asio_cmake_module/share/asio_cmake_module/environment/path.dsv
[1.634s] -- Up-to-date: /home/orin_nano/demo/install/asio_cmake_module/share/asio_cmake_module/local_setup.bash
[1.634s] -- Up-to-date: /home/orin_nano/demo/install/asio_cmake_module/share/asio_cmake_module/local_setup.sh
[1.634s] -- Up-to-date: /home/orin_nano/demo/install/asio_cmake_module/share/asio_cmake_module/local_setup.zsh
[1.634s] -- Up-to-date: /home/orin_nano/demo/install/asio_cmake_module/share/asio_cmake_module/local_setup.dsv
[1.634s] -- Installing: /home/orin_nano/demo/install/asio_cmake_module/share/asio_cmake_module/package.dsv
[1.635s] -- Up-to-date: /home/orin_nano/demo/install/asio_cmake_module/share/ament_index/resource_index/packages/asio_cmake_module
[1.635s] -- Up-to-date: /home/orin_nano/demo/install/asio_cmake_module/share/asio_cmake_module/cmake/asio_cmake_module-extras.cmake
[1.635s] -- Up-to-date: /home/orin_nano/demo/install/asio_cmake_module/share/asio_cmake_module/cmake/asio_cmake_moduleConfig.cmake
[1.636s] -- Up-to-date: /home/orin_nano/demo/install/asio_cmake_module/share/asio_cmake_module/cmake/asio_cmake_moduleConfig-version.cmake
[1.641s] -- Up-to-date: /home/orin_nano/demo/install/asio_cmake_module/share/asio_cmake_module/package.xml
[1.642s] -- Up-to-date: /home/orin_nano/demo/install/asio_cmake_module/share/asio_cmake_module/cmake
[1.643s] -- Up-to-date: /home/orin_nano/demo/install/asio_cmake_module/share/asio_cmake_module/cmake/Modules
[1.645s] -- Up-to-date: /home/orin_nano/demo/install/asio_cmake_module/share/asio_cmake_module/cmake/Modules/FindASIO.cmake
[1.645s] Invoked command in '/home/orin_nano/demo/build/asio_cmake_module' returned '0': CMAKE_PREFIX_PATH=${CMAKE_PREFIX_PATH}:/opt/ros/foxy /usr/bin/cmake --install /home/orin_nano/demo/build/asio_cmake_module
