[4.881s] Invoking command in '/home/orin_nano/demo/build/io_context': CMAKE_PREFIX_PATH=/home/orin_nano/demo/install/asio_cmake_module:/home/orin_nano/demo/install/vesc:/home/orin_nano/demo/install/vesc_driver:/home/orin_nano/demo/install/vesc_ackermann:/home/orin_nano/demo/install/vesc_msgs:/home/orin_nano/demo/install/udp_driver:/home/orin_nano/demo/install/serial_driver:/home/orin_nano/demo/install/joy:/home/orin_nano/demo/install/io_context:/home/orin_nano/demo/install/combine_pkg:/home/orin_nano/joyy/install/vesc:/home/orin_nano/joyy/install/vesc_ackermann:/home/orin_nano/joyy/install/vesc_msgs:/home/orin_nano/joyy/install/joy:/home/orin_nano/install/joy:/opt/ros/foxy /usr/bin/cmake --build /home/orin_nano/demo/build/io_context -- -j6 -l6
[6.167s] [ 22%] Built target gtest_main
[6.167s] [ 44%] Built target gtest
[6.168s] [ 77%] Built target io_context
[6.171s] [100%] Built target test_io_context
[6.172s] Invoked command in '/home/orin_nano/demo/build/io_context' returned '0': CMAKE_PREFIX_PATH=/home/orin_nano/demo/install/asio_cmake_module:/home/orin_nano/demo/install/vesc:/home/orin_nano/demo/install/vesc_driver:/home/orin_nano/demo/install/vesc_ackermann:/home/orin_nano/demo/install/vesc_msgs:/home/orin_nano/demo/install/udp_driver:/home/orin_nano/demo/install/serial_driver:/home/orin_nano/demo/install/joy:/home/orin_nano/demo/install/io_context:/home/orin_nano/demo/install/combine_pkg:/home/orin_nano/joyy/install/vesc:/home/orin_nano/joyy/install/vesc_ackermann:/home/orin_nano/joyy/install/vesc_msgs:/home/orin_nano/joyy/install/joy:/home/orin_nano/install/joy:/opt/ros/foxy /usr/bin/cmake --build /home/orin_nano/demo/build/io_context -- -j6 -l6
[9.240s] Invoking command in '/home/orin_nano/demo/build/io_context': CMAKE_PREFIX_PATH=/home/orin_nano/demo/install/asio_cmake_module:/home/orin_nano/demo/install/vesc:/home/orin_nano/demo/install/vesc_driver:/home/orin_nano/demo/install/vesc_ackermann:/home/orin_nano/demo/install/vesc_msgs:/home/orin_nano/demo/install/udp_driver:/home/orin_nano/demo/install/serial_driver:/home/orin_nano/demo/install/joy:/home/orin_nano/demo/install/io_context:/home/orin_nano/demo/install/combine_pkg:/home/orin_nano/joyy/install/vesc:/home/orin_nano/joyy/install/vesc_ackermann:/home/orin_nano/joyy/install/vesc_msgs:/home/orin_nano/joyy/install/joy:/home/orin_nano/install/joy:/opt/ros/foxy /usr/bin/cmake --install /home/orin_nano/demo/build/io_context
[9.263s] -- Install configuration: ""
[9.263s] -- Up-to-date: /home/orin_nano/demo/install/io_context/include
[9.263s] -- Up-to-date: /home/orin_nano/demo/install/io_context/include/msg_converters
[9.264s] -- Up-to-date: /home/orin_nano/demo/install/io_context/include/msg_converters/converters.hpp
[9.264s] -- Up-to-date: /home/orin_nano/demo/install/io_context/include/msg_converters/example_interfaces.hpp
[9.264s] -- Up-to-date: /home/orin_nano/demo/install/io_context/include/msg_converters/udp_msgs.hpp
[9.264s] -- Up-to-date: /home/orin_nano/demo/install/io_context/include/msg_converters/std_msgs.hpp
[9.264s] -- Up-to-date: /home/orin_nano/demo/install/io_context/include/io_context
[9.265s] -- Up-to-date: /home/orin_nano/demo/install/io_context/include/io_context/io_context.hpp
[9.265s] -- Up-to-date: /home/orin_nano/demo/install/io_context/include/io_context/common.hpp
[9.265s] -- Up-to-date: /home/orin_nano/demo/install/io_context/share/io_context/environment/library_path.sh
[9.265s] -- Up-to-date: /home/orin_nano/demo/install/io_context/share/io_context/environment/library_path.dsv
[9.265s] -- Up-to-date: /home/orin_nano/demo/install/io_context/lib/libio_context.so
[9.266s] -- Up-to-date: /home/orin_nano/demo/install/io_context/share/ament_index/resource_index/package_run_dependencies/io_context
[9.266s] -- Up-to-date: /home/orin_nano/demo/install/io_context/share/ament_index/resource_index/parent_prefix_path/io_context
[9.266s] -- Up-to-date: /home/orin_nano/demo/install/io_context/share/io_context/environment/ament_prefix_path.sh
[9.266s] -- Up-to-date: /home/orin_nano/demo/install/io_context/share/io_context/environment/ament_prefix_path.dsv
[9.266s] -- Up-to-date: /home/orin_nano/demo/install/io_context/share/io_context/environment/path.sh
[9.266s] -- Up-to-date: /home/orin_nano/demo/install/io_context/share/io_context/environment/path.dsv
[9.267s] -- Up-to-date: /home/orin_nano/demo/install/io_context/share/io_context/local_setup.bash
[9.267s] -- Up-to-date: /home/orin_nano/demo/install/io_context/share/io_context/local_setup.sh
[9.267s] -- Up-to-date: /home/orin_nano/demo/install/io_context/share/io_context/local_setup.zsh
[9.267s] -- Up-to-date: /home/orin_nano/demo/install/io_context/share/io_context/local_setup.dsv
[9.267s] -- Installing: /home/orin_nano/demo/install/io_context/share/io_context/package.dsv
[9.267s] -- Up-to-date: /home/orin_nano/demo/install/io_context/share/ament_index/resource_index/packages/io_context
[9.267s] -- Up-to-date: /home/orin_nano/demo/install/io_context/share/io_context/cmake/ament_cmake_export_dependencies-extras.cmake
[9.268s] -- Up-to-date: /home/orin_nano/demo/install/io_context/share/io_context/cmake/ament_cmake_export_include_directories-extras.cmake
[9.268s] -- Up-to-date: /home/orin_nano/demo/install/io_context/share/io_context/cmake/ament_cmake_export_libraries-extras.cmake
[9.268s] -- Up-to-date: /home/orin_nano/demo/install/io_context/share/io_context/cmake/io_contextConfig.cmake
[9.268s] -- Up-to-date: /home/orin_nano/demo/install/io_context/share/io_context/cmake/io_contextConfig-version.cmake
[9.268s] -- Up-to-date: /home/orin_nano/demo/install/io_context/share/io_context/package.xml
[9.271s] Invoked command in '/home/orin_nano/demo/build/io_context' returned '0': CMAKE_PREFIX_PATH=/home/orin_nano/demo/install/asio_cmake_module:/home/orin_nano/demo/install/vesc:/home/orin_nano/demo/install/vesc_driver:/home/orin_nano/demo/install/vesc_ackermann:/home/orin_nano/demo/install/vesc_msgs:/home/orin_nano/demo/install/udp_driver:/home/orin_nano/demo/install/serial_driver:/home/orin_nano/demo/install/joy:/home/orin_nano/demo/install/io_context:/home/orin_nano/demo/install/combine_pkg:/home/orin_nano/joyy/install/vesc:/home/orin_nano/joyy/install/vesc_ackermann:/home/orin_nano/joyy/install/vesc_msgs:/home/orin_nano/joyy/install/joy:/home/orin_nano/install/joy:/opt/ros/foxy /usr/bin/cmake --install /home/orin_nano/demo/build/io_context
