[1.569s] Invoking command in '/home/orin_nano/demo/build/udp_driver': CMAKE_PREFIX_PATH=/home/orin_nano/demo/install/io_context:/home/orin_nano/demo/install/asio_cmake_module:/home/orin_nano/demo/install/vesc:/home/orin_nano/demo/install/vesc_driver:/home/orin_nano/demo/install/vesc_ackermann:/home/orin_nano/demo/install/vesc_msgs:/home/orin_nano/demo/install/udp_driver:/home/orin_nano/demo/install/serial_driver:/home/orin_nano/demo/install/joy:/home/orin_nano/demo/install/combine_pkg:/home/orin_nano/joyy/install/vesc:/home/orin_nano/joyy/install/vesc_ackermann:/home/orin_nano/joyy/install/vesc_msgs:/home/orin_nano/joyy/install/joy:/home/orin_nano/install/joy:/opt/ros/foxy LD_LIBRARY_PATH=/home/orin_nano/demo/install/io_context/lib:/home/orin_nano/demo/install/vesc_driver/lib:/home/orin_nano/demo/install/vesc_ackermann/lib:/home/orin_nano/demo/install/vesc_msgs/lib:/home/orin_nano/demo/install/udp_driver/lib:/home/orin_nano/demo/install/serial_driver/lib:/home/orin_nano/demo/install/joy/lib:/home/orin_nano/joyy/install/vesc_ackermann/lib:/home/orin_nano/joyy/install/vesc_msgs/lib:/home/orin_nano/joyy/install/joy/lib:/home/orin_nano/install/joy/lib:/opt/ros/foxy/opt/yaml_cpp_vendor/lib:/opt/ros/foxy/opt/rviz_ogre_vendor/lib:/opt/ros/foxy/lib/aarch64-linux-gnu:/opt/ros/foxy/lib:/usr/local/cuda-11.4/lib64 /usr/bin/cmake --build /home/orin_nano/demo/build/udp_driver -- -j6 -l6
[1.744s] [ 12%] Built target udp_driver
[1.744s] [ 20%] Built target gtest_main
[1.753s] [ 29%] Built target gtest
[1.768s] [ 37%] Built target udp_sender_node_exe
[1.783s] [ 45%] Built target udp_receiver_node_exe
[1.848s] [ 58%] Built target udp_driver_nodes
[1.950s] [ 83%] Built target test_udp_data
[1.950s] [ 83%] Built target test_udp_driver
[1.950s] [ 83%] Built target udp_bridge_node_exe
[1.965s] [ 91%] Built target test_udp_socket
[1.978s] [100%] Built target test_udp_driver_nodes
[2.842s] Invoked command in '/home/orin_nano/demo/build/udp_driver' returned '0': CMAKE_PREFIX_PATH=/home/orin_nano/demo/install/io_context:/home/orin_nano/demo/install/asio_cmake_module:/home/orin_nano/demo/install/vesc:/home/orin_nano/demo/install/vesc_driver:/home/orin_nano/demo/install/vesc_ackermann:/home/orin_nano/demo/install/vesc_msgs:/home/orin_nano/demo/install/udp_driver:/home/orin_nano/demo/install/serial_driver:/home/orin_nano/demo/install/joy:/home/orin_nano/demo/install/combine_pkg:/home/orin_nano/joyy/install/vesc:/home/orin_nano/joyy/install/vesc_ackermann:/home/orin_nano/joyy/install/vesc_msgs:/home/orin_nano/joyy/install/joy:/home/orin_nano/install/joy:/opt/ros/foxy LD_LIBRARY_PATH=/home/orin_nano/demo/install/io_context/lib:/home/orin_nano/demo/install/vesc_driver/lib:/home/orin_nano/demo/install/vesc_ackermann/lib:/home/orin_nano/demo/install/vesc_msgs/lib:/home/orin_nano/demo/install/udp_driver/lib:/home/orin_nano/demo/install/serial_driver/lib:/home/orin_nano/demo/install/joy/lib:/home/orin_nano/joyy/install/vesc_ackermann/lib:/home/orin_nano/joyy/install/vesc_msgs/lib:/home/orin_nano/joyy/install/joy/lib:/home/orin_nano/install/joy/lib:/opt/ros/foxy/opt/yaml_cpp_vendor/lib:/opt/ros/foxy/opt/rviz_ogre_vendor/lib:/opt/ros/foxy/lib/aarch64-linux-gnu:/opt/ros/foxy/lib:/usr/local/cuda-11.4/lib64 /usr/bin/cmake --build /home/orin_nano/demo/build/udp_driver -- -j6 -l6
[4.193s] Invoking command in '/home/orin_nano/demo/build/udp_driver': CMAKE_PREFIX_PATH=/home/orin_nano/demo/install/io_context:/home/orin_nano/demo/install/asio_cmake_module:/home/orin_nano/demo/install/vesc:/home/orin_nano/demo/install/vesc_driver:/home/orin_nano/demo/install/vesc_ackermann:/home/orin_nano/demo/install/vesc_msgs:/home/orin_nano/demo/install/udp_driver:/home/orin_nano/demo/install/serial_driver:/home/orin_nano/demo/install/joy:/home/orin_nano/demo/install/combine_pkg:/home/orin_nano/joyy/install/vesc:/home/orin_nano/joyy/install/vesc_ackermann:/home/orin_nano/joyy/install/vesc_msgs:/home/orin_nano/joyy/install/joy:/home/orin_nano/install/joy:/opt/ros/foxy LD_LIBRARY_PATH=/home/orin_nano/demo/install/io_context/lib:/home/orin_nano/demo/install/vesc_driver/lib:/home/orin_nano/demo/install/vesc_ackermann/lib:/home/orin_nano/demo/install/vesc_msgs/lib:/home/orin_nano/demo/install/udp_driver/lib:/home/orin_nano/demo/install/serial_driver/lib:/home/orin_nano/demo/install/joy/lib:/home/orin_nano/joyy/install/vesc_ackermann/lib:/home/orin_nano/joyy/install/vesc_msgs/lib:/home/orin_nano/joyy/install/joy/lib:/home/orin_nano/install/joy/lib:/opt/ros/foxy/opt/yaml_cpp_vendor/lib:/opt/ros/foxy/opt/rviz_ogre_vendor/lib:/opt/ros/foxy/lib/aarch64-linux-gnu:/opt/ros/foxy/lib:/usr/local/cuda-11.4/lib64 /usr/bin/cmake --install /home/orin_nano/demo/build/udp_driver
[4.214s] -- Install configuration: ""
[4.215s] -- Up-to-date: /home/orin_nano/demo/install/udp_driver/lib/udp_driver/udp_receiver_node_exe
[4.215s] -- Up-to-date: /home/orin_nano/demo/install/udp_driver/lib/udp_driver/udp_sender_node_exe
[4.216s] -- Up-to-date: /home/orin_nano/demo/install/udp_driver/include
[4.216s] -- Up-to-date: /home/orin_nano/demo/install/udp_driver/include/udp_driver
[4.216s] -- Up-to-date: /home/orin_nano/demo/install/udp_driver/include/udp_driver/udp_receiver_node.hpp
[4.216s] -- Up-to-date: /home/orin_nano/demo/install/udp_driver/include/udp_driver/udp_sender_node.hpp
[4.216s] -- Up-to-date: /home/orin_nano/demo/install/udp_driver/include/udp_driver/udp_socket.hpp
[4.216s] -- Up-to-date: /home/orin_nano/demo/install/udp_driver/include/udp_driver/visibility_control.hpp
[4.217s] -- Up-to-date: /home/orin_nano/demo/install/udp_driver/include/udp_driver/udp_driver.hpp
[4.217s] -- Up-to-date: /home/orin_nano/demo/install/udp_driver/share/udp_driver/environment/library_path.sh
[4.217s] -- Up-to-date: /home/orin_nano/demo/install/udp_driver/share/udp_driver/environment/library_path.dsv
[4.217s] -- Up-to-date: /home/orin_nano/demo/install/udp_driver/lib/libudp_driver.so
[4.217s] -- Up-to-date: /home/orin_nano/demo/install/udp_driver/lib/libudp_driver_nodes.so
[4.218s] -- Up-to-date: /home/orin_nano/demo/install/udp_driver/lib/udp_driver/udp_bridge_node_exe
[4.218s] -- Up-to-date: /home/orin_nano/demo/install/udp_driver/share/ament_index/resource_index/package_run_dependencies/udp_driver
[4.218s] -- Up-to-date: /home/orin_nano/demo/install/udp_driver/share/ament_index/resource_index/parent_prefix_path/udp_driver
[4.218s] -- Up-to-date: /home/orin_nano/demo/install/udp_driver/share/udp_driver/environment/ament_prefix_path.sh
[4.219s] -- Up-to-date: /home/orin_nano/demo/install/udp_driver/share/udp_driver/environment/ament_prefix_path.dsv
[4.219s] -- Up-to-date: /home/orin_nano/demo/install/udp_driver/share/udp_driver/environment/path.sh
[4.219s] -- Up-to-date: /home/orin_nano/demo/install/udp_driver/share/udp_driver/environment/path.dsv
[4.220s] -- Up-to-date: /home/orin_nano/demo/install/udp_driver/share/udp_driver/local_setup.bash
[4.220s] -- Up-to-date: /home/orin_nano/demo/install/udp_driver/share/udp_driver/local_setup.sh
[4.220s] -- Up-to-date: /home/orin_nano/demo/install/udp_driver/share/udp_driver/local_setup.zsh
[4.220s] -- Up-to-date: /home/orin_nano/demo/install/udp_driver/share/udp_driver/local_setup.dsv
[4.220s] -- Installing: /home/orin_nano/demo/install/udp_driver/share/udp_driver/package.dsv
[4.221s] -- Up-to-date: /home/orin_nano/demo/install/udp_driver/share/ament_index/resource_index/packages/udp_driver
[4.221s] -- Up-to-date: /home/orin_nano/demo/install/udp_driver/share/ament_index/resource_index/rclcpp_components/udp_driver
[4.221s] -- Up-to-date: /home/orin_nano/demo/install/udp_driver/share/udp_driver/cmake/ament_cmake_export_dependencies-extras.cmake
[4.221s] -- Up-to-date: /home/orin_nano/demo/install/udp_driver/share/udp_driver/cmake/ament_cmake_export_include_directories-extras.cmake
[4.221s] -- Up-to-date: /home/orin_nano/demo/install/udp_driver/share/udp_driver/cmake/ament_cmake_export_libraries-extras.cmake
[4.222s] -- Up-to-date: /home/orin_nano/demo/install/udp_driver/share/udp_driver/cmake/udp_driverConfig.cmake
[4.222s] -- Up-to-date: /home/orin_nano/demo/install/udp_driver/share/udp_driver/cmake/udp_driverConfig-version.cmake
[4.222s] -- Up-to-date: /home/orin_nano/demo/install/udp_driver/share/udp_driver/package.xml
[4.231s] Invoked command in '/home/orin_nano/demo/build/udp_driver' returned '0': CMAKE_PREFIX_PATH=/home/orin_nano/demo/install/io_context:/home/orin_nano/demo/install/asio_cmake_module:/home/orin_nano/demo/install/vesc:/home/orin_nano/demo/install/vesc_driver:/home/orin_nano/demo/install/vesc_ackermann:/home/orin_nano/demo/install/vesc_msgs:/home/orin_nano/demo/install/udp_driver:/home/orin_nano/demo/install/serial_driver:/home/orin_nano/demo/install/joy:/home/orin_nano/demo/install/combine_pkg:/home/orin_nano/joyy/install/vesc:/home/orin_nano/joyy/install/vesc_ackermann:/home/orin_nano/joyy/install/vesc_msgs:/home/orin_nano/joyy/install/joy:/home/orin_nano/install/joy:/opt/ros/foxy LD_LIBRARY_PATH=/home/orin_nano/demo/install/io_context/lib:/home/orin_nano/demo/install/vesc_driver/lib:/home/orin_nano/demo/install/vesc_ackermann/lib:/home/orin_nano/demo/install/vesc_msgs/lib:/home/orin_nano/demo/install/udp_driver/lib:/home/orin_nano/demo/install/serial_driver/lib:/home/orin_nano/demo/install/joy/lib:/home/orin_nano/joyy/install/vesc_ackermann/lib:/home/orin_nano/joyy/install/vesc_msgs/lib:/home/orin_nano/joyy/install/joy/lib:/home/orin_nano/install/joy/lib:/opt/ros/foxy/opt/yaml_cpp_vendor/lib:/opt/ros/foxy/opt/rviz_ogre_vendor/lib:/opt/ros/foxy/lib/aarch64-linux-gnu:/opt/ros/foxy/lib:/usr/local/cuda-11.4/lib64 /usr/bin/cmake --install /home/orin_nano/demo/build/udp_driver
