[0.506s] Invoking command in '/home/orin_nano/demo/build/joy': CMAKE_PREFIX_PATH=${CMAKE_PREFIX_PATH}:/opt/ros/foxy /usr/bin/cmake --build /home/orin_nano/demo/build/joy -- -j6 -l6
[0.645s] [ 33%] Built target joy_enumerate_devices
[0.655s] [ 66%] Built target joy
[0.671s] [100%] Built target joy_node
[0.698s] Invoked command in '/home/orin_nano/demo/build/joy' returned '0': CMAKE_PREFIX_PATH=${CMAKE_PREFIX_PATH}:/opt/ros/foxy /usr/bin/cmake --build /home/orin_nano/demo/build/joy -- -j6 -l6
[1.043s] Invoking command in '/home/orin_nano/demo/build/joy': CMAKE_PREFIX_PATH=${CMAKE_PREFIX_PATH}:/opt/ros/foxy /usr/bin/cmake --install /home/orin_nano/demo/build/joy
[1.064s] -- Install configuration: ""
[1.065s] -- Up-to-date: /home/orin_nano/demo/install/joy/lib/libjoy.so
[1.065s] -- Up-to-date: /home/orin_nano/demo/install/joy/lib/joy/joy_node
[1.065s] -- Up-to-date: /home/orin_nano/demo/install/joy/lib/joy/joy_enumerate_devices
[1.065s] -- Up-to-date: /home/orin_nano/demo/install/joy/include/joy
[1.066s] -- Up-to-date: /home/orin_nano/demo/install/joy/include/joy/joy.hpp
[1.066s] -- Up-to-date: /home/orin_nano/demo/install/joy/share/joy/config
[1.066s] -- Up-to-date: /home/orin_nano/demo/install/joy/share/joy/config/joy-params.yaml
[1.067s] -- Up-to-date: /home/orin_nano/demo/install/joy/share/joy/launch
[1.067s] -- Up-to-date: /home/orin_nano/demo/install/joy/share/joy/launch/joy-composed-launch.py
[1.067s] -- Up-to-date: /home/orin_nano/demo/install/joy/share/joy/launch/joy-launch.py
[1.067s] -- Up-to-date: /home/orin_nano/demo/install/joy/share/ament_index/resource_index/package_run_dependencies/joy
[1.068s] -- Up-to-date: /home/orin_nano/demo/install/joy/share/ament_index/resource_index/parent_prefix_path/joy
[1.069s] -- Up-to-date: /home/orin_nano/demo/install/joy/share/joy/environment/ament_prefix_path.sh
[1.069s] -- Up-to-date: /home/orin_nano/demo/install/joy/share/joy/environment/ament_prefix_path.dsv
[1.069s] -- Up-to-date: /home/orin_nano/demo/install/joy/share/joy/environment/path.sh
[1.069s] -- Up-to-date: /home/orin_nano/demo/install/joy/share/joy/environment/path.dsv
[1.069s] -- Up-to-date: /home/orin_nano/demo/install/joy/share/joy/local_setup.bash
[1.069s] -- Up-to-date: /home/orin_nano/demo/install/joy/share/joy/local_setup.sh
[1.070s] -- Up-to-date: /home/orin_nano/demo/install/joy/share/joy/local_setup.zsh
[1.070s] -- Up-to-date: /home/orin_nano/demo/install/joy/share/joy/local_setup.dsv
[1.070s] -- Installing: /home/orin_nano/demo/install/joy/share/joy/package.dsv
[1.070s] -- Up-to-date: /home/orin_nano/demo/install/joy/share/ament_index/resource_index/packages/joy
[1.070s] -- Up-to-date: /home/orin_nano/demo/install/joy/share/ament_index/resource_index/rclcpp_components/joy
[1.070s] -- Up-to-date: /home/orin_nano/demo/install/joy/share/joy/cmake/joyConfig.cmake
[1.070s] -- Up-to-date: /home/orin_nano/demo/install/joy/share/joy/cmake/joyConfig-version.cmake
[1.071s] -- Up-to-date: /home/orin_nano/demo/install/joy/share/joy/package.xml
[1.073s] Invoked command in '/home/orin_nano/demo/build/joy' returned '0': CMAKE_PREFIX_PATH=${CMAKE_PREFIX_PATH}:/opt/ros/foxy /usr/bin/cmake --install /home/orin_nano/demo/build/joy
