[0.945s] Invoking command in '/home/orin_nano/demo/build/serial_driver': CMAKE_PREFIX_PATH=/home/orin_nano/demo/install/io_context:/home/orin_nano/demo/install/asio_cmake_module:/home/orin_nano/joyy/install/vesc:/home/orin_nano/joyy/install/vesc_ackermann:/home/orin_nano/joyy/install/vesc_msgs:/home/orin_nano/joyy/install/joy:/home/orin_nano/demo/install/vesc:/home/orin_nano/demo/install/vesc_driver:/home/orin_nano/demo/install/vesc_ackermann:/home/orin_nano/demo/install/vesc_msgs:/home/orin_nano/demo/install/udp_driver:/home/orin_nano/demo/install/serial_driver:/home/orin_nano/demo/install/joy:/home/orin_nano/demo/install/combine_pkg:/opt/ros/foxy LD_LIBRARY_PATH=/home/orin_nano/demo/install/io_context/lib:/home/orin_nano/joyy/install/vesc_ackermann/lib:/home/orin_nano/joyy/install/vesc_msgs/lib:/home/orin_nano/joyy/install/joy/lib:/home/orin_nano/demo/install/vesc_driver/lib:/home/orin_nano/demo/install/vesc_ackermann/lib:/home/orin_nano/demo/install/vesc_msgs/lib:/home/orin_nano/demo/install/udp_driver/lib:/home/orin_nano/demo/install/serial_driver/lib:/home/orin_nano/demo/install/joy/lib:/opt/ros/foxy/opt/yaml_cpp_vendor/lib:/opt/ros/foxy/opt/rviz_ogre_vendor/lib:/opt/ros/foxy/lib/aarch64-linux-gnu:/opt/ros/foxy/lib:/usr/local/cuda-11.4/lib64 /usr/bin/cmake --build /home/orin_nano/demo/build/serial_driver -- -j6 -l6
[1.076s] [ 13%] Built target gtest_main
[1.098s] [ 26%] Built target gtest
[1.108s] [ 46%] Built target serial_driver
[1.111s] [ 60%] Built target serial_bridge
[1.185s] [ 73%] Built target test_serial_port
[1.189s] [ 86%] Built target test_serial_driver
[1.216s] [100%] Built target serial_driver_nodes
[1.430s] Invoked command in '/home/orin_nano/demo/build/serial_driver' returned '0': CMAKE_PREFIX_PATH=/home/orin_nano/demo/install/io_context:/home/orin_nano/demo/install/asio_cmake_module:/home/orin_nano/joyy/install/vesc:/home/orin_nano/joyy/install/vesc_ackermann:/home/orin_nano/joyy/install/vesc_msgs:/home/orin_nano/joyy/install/joy:/home/orin_nano/demo/install/vesc:/home/orin_nano/demo/install/vesc_driver:/home/orin_nano/demo/install/vesc_ackermann:/home/orin_nano/demo/install/vesc_msgs:/home/orin_nano/demo/install/udp_driver:/home/orin_nano/demo/install/serial_driver:/home/orin_nano/demo/install/joy:/home/orin_nano/demo/install/combine_pkg:/opt/ros/foxy LD_LIBRARY_PATH=/home/orin_nano/demo/install/io_context/lib:/home/orin_nano/joyy/install/vesc_ackermann/lib:/home/orin_nano/joyy/install/vesc_msgs/lib:/home/orin_nano/joyy/install/joy/lib:/home/orin_nano/demo/install/vesc_driver/lib:/home/orin_nano/demo/install/vesc_ackermann/lib:/home/orin_nano/demo/install/vesc_msgs/lib:/home/orin_nano/demo/install/udp_driver/lib:/home/orin_nano/demo/install/serial_driver/lib:/home/orin_nano/demo/install/joy/lib:/opt/ros/foxy/opt/yaml_cpp_vendor/lib:/opt/ros/foxy/opt/rviz_ogre_vendor/lib:/opt/ros/foxy/lib/aarch64-linux-gnu:/opt/ros/foxy/lib:/usr/local/cuda-11.4/lib64 /usr/bin/cmake --build /home/orin_nano/demo/build/serial_driver -- -j6 -l6
[1.971s] Invoking command in '/home/orin_nano/demo/build/serial_driver': CMAKE_PREFIX_PATH=/home/orin_nano/demo/install/io_context:/home/orin_nano/demo/install/asio_cmake_module:/home/orin_nano/joyy/install/vesc:/home/orin_nano/joyy/install/vesc_ackermann:/home/orin_nano/joyy/install/vesc_msgs:/home/orin_nano/joyy/install/joy:/home/orin_nano/demo/install/vesc:/home/orin_nano/demo/install/vesc_driver:/home/orin_nano/demo/install/vesc_ackermann:/home/orin_nano/demo/install/vesc_msgs:/home/orin_nano/demo/install/udp_driver:/home/orin_nano/demo/install/serial_driver:/home/orin_nano/demo/install/joy:/home/orin_nano/demo/install/combine_pkg:/opt/ros/foxy LD_LIBRARY_PATH=/home/orin_nano/demo/install/io_context/lib:/home/orin_nano/joyy/install/vesc_ackermann/lib:/home/orin_nano/joyy/install/vesc_msgs/lib:/home/orin_nano/joyy/install/joy/lib:/home/orin_nano/demo/install/vesc_driver/lib:/home/orin_nano/demo/install/vesc_ackermann/lib:/home/orin_nano/demo/install/vesc_msgs/lib:/home/orin_nano/demo/install/udp_driver/lib:/home/orin_nano/demo/install/serial_driver/lib:/home/orin_nano/demo/install/joy/lib:/opt/ros/foxy/opt/yaml_cpp_vendor/lib:/opt/ros/foxy/opt/rviz_ogre_vendor/lib:/opt/ros/foxy/lib/aarch64-linux-gnu:/opt/ros/foxy/lib:/usr/local/cuda-11.4/lib64 /usr/bin/cmake --install /home/orin_nano/demo/build/serial_driver
[1.993s] -- Install configuration: ""
[1.994s] -- Up-to-date: /home/orin_nano/demo/install/serial_driver/lib/serial_driver/serial_bridge
[1.994s] -- Up-to-date: /home/orin_nano/demo/install/serial_driver/include
[1.994s] -- Up-to-date: /home/orin_nano/demo/install/serial_driver/include/serial_driver
[1.994s] -- Up-to-date: /home/orin_nano/demo/install/serial_driver/include/serial_driver/serial_driver.hpp
[1.995s] -- Up-to-date: /home/orin_nano/demo/install/serial_driver/include/serial_driver/serial_port.hpp
[1.995s] -- Up-to-date: /home/orin_nano/demo/install/serial_driver/include/serial_driver/visibility_control.hpp
[1.995s] -- Up-to-date: /home/orin_nano/demo/install/serial_driver/include/serial_driver/serial_bridge_node.hpp
[1.995s] -- Up-to-date: /home/orin_nano/demo/install/serial_driver/share/serial_driver/environment/library_path.sh
[1.996s] -- Up-to-date: /home/orin_nano/demo/install/serial_driver/share/serial_driver/environment/library_path.dsv
[1.996s] -- Up-to-date: /home/orin_nano/demo/install/serial_driver/lib/libserial_driver.so
[1.996s] -- Up-to-date: /home/orin_nano/demo/install/serial_driver/lib/libserial_driver_nodes.so
[1.997s] -- Up-to-date: /home/orin_nano/demo/install/serial_driver/share/serial_driver/launch
[1.997s] -- Up-to-date: /home/orin_nano/demo/install/serial_driver/share/serial_driver/launch/serial_driver_bridge_node.launch.py
[1.997s] -- Up-to-date: /home/orin_nano/demo/install/serial_driver/share/serial_driver/params
[1.997s] -- Up-to-date: /home/orin_nano/demo/install/serial_driver/share/serial_driver/params/example.params.yaml
[1.998s] -- Up-to-date: /home/orin_nano/demo/install/serial_driver/share/ament_index/resource_index/package_run_dependencies/serial_driver
[1.998s] -- Up-to-date: /home/orin_nano/demo/install/serial_driver/share/ament_index/resource_index/parent_prefix_path/serial_driver
[1.998s] -- Up-to-date: /home/orin_nano/demo/install/serial_driver/share/serial_driver/environment/ament_prefix_path.sh
[1.998s] -- Up-to-date: /home/orin_nano/demo/install/serial_driver/share/serial_driver/environment/ament_prefix_path.dsv
[1.998s] -- Up-to-date: /home/orin_nano/demo/install/serial_driver/share/serial_driver/environment/path.sh
[1.999s] -- Up-to-date: /home/orin_nano/demo/install/serial_driver/share/serial_driver/environment/path.dsv
[1.999s] -- Up-to-date: /home/orin_nano/demo/install/serial_driver/share/serial_driver/local_setup.bash
[1.999s] -- Up-to-date: /home/orin_nano/demo/install/serial_driver/share/serial_driver/local_setup.sh
[1.999s] -- Up-to-date: /home/orin_nano/demo/install/serial_driver/share/serial_driver/local_setup.zsh
[1.999s] -- Up-to-date: /home/orin_nano/demo/install/serial_driver/share/serial_driver/local_setup.dsv
[1.999s] -- Installing: /home/orin_nano/demo/install/serial_driver/share/serial_driver/package.dsv
[1.999s] -- Up-to-date: /home/orin_nano/demo/install/serial_driver/share/ament_index/resource_index/packages/serial_driver
[1.999s] -- Up-to-date: /home/orin_nano/demo/install/serial_driver/share/ament_index/resource_index/rclcpp_components/serial_driver
[2.000s] -- Up-to-date: /home/orin_nano/demo/install/serial_driver/share/serial_driver/cmake/ament_cmake_export_dependencies-extras.cmake
[2.000s] -- Up-to-date: /home/orin_nano/demo/install/serial_driver/share/serial_driver/cmake/ament_cmake_export_include_directories-extras.cmake
[2.000s] -- Up-to-date: /home/orin_nano/demo/install/serial_driver/share/serial_driver/cmake/ament_cmake_export_libraries-extras.cmake
[2.000s] -- Up-to-date: /home/orin_nano/demo/install/serial_driver/share/serial_driver/cmake/serial_driverConfig.cmake
[2.000s] -- Up-to-date: /home/orin_nano/demo/install/serial_driver/share/serial_driver/cmake/serial_driverConfig-version.cmake
[2.001s] -- Up-to-date: /home/orin_nano/demo/install/serial_driver/share/serial_driver/package.xml
[2.007s] Invoked command in '/home/orin_nano/demo/build/serial_driver' returned '0': CMAKE_PREFIX_PATH=/home/orin_nano/demo/install/io_context:/home/orin_nano/demo/install/asio_cmake_module:/home/orin_nano/joyy/install/vesc:/home/orin_nano/joyy/install/vesc_ackermann:/home/orin_nano/joyy/install/vesc_msgs:/home/orin_nano/joyy/install/joy:/home/orin_nano/demo/install/vesc:/home/orin_nano/demo/install/vesc_driver:/home/orin_nano/demo/install/vesc_ackermann:/home/orin_nano/demo/install/vesc_msgs:/home/orin_nano/demo/install/udp_driver:/home/orin_nano/demo/install/serial_driver:/home/orin_nano/demo/install/joy:/home/orin_nano/demo/install/combine_pkg:/opt/ros/foxy LD_LIBRARY_PATH=/home/orin_nano/demo/install/io_context/lib:/home/orin_nano/joyy/install/vesc_ackermann/lib:/home/orin_nano/joyy/install/vesc_msgs/lib:/home/orin_nano/joyy/install/joy/lib:/home/orin_nano/demo/install/vesc_driver/lib:/home/orin_nano/demo/install/vesc_ackermann/lib:/home/orin_nano/demo/install/vesc_msgs/lib:/home/orin_nano/demo/install/udp_driver/lib:/home/orin_nano/demo/install/serial_driver/lib:/home/orin_nano/demo/install/joy/lib:/opt/ros/foxy/opt/yaml_cpp_vendor/lib:/opt/ros/foxy/opt/rviz_ogre_vendor/lib:/opt/ros/foxy/lib/aarch64-linux-gnu:/opt/ros/foxy/lib:/usr/local/cuda-11.4/lib64 /usr/bin/cmake --install /home/orin_nano/demo/build/serial_driver
