[3.055s] Invoking command in '/home/orin_nano/demo/build/serial_driver': CMAKE_PREFIX_PATH=/home/orin_nano/demo/install/io_context:/home/orin_nano/demo/install/asio_cmake_module:/home/orin_nano/demo/install/vesc:/home/orin_nano/demo/install/vesc_driver:/home/orin_nano/demo/install/vesc_ackermann:/home/orin_nano/demo/install/vesc_msgs:/home/orin_nano/demo/install/udp_driver:/home/orin_nano/demo/install/serial_driver:/home/orin_nano/demo/install/joy:/home/orin_nano/demo/install/combine_pkg:/home/orin_nano/joyy/install/vesc:/home/orin_nano/joyy/install/vesc_ackermann:/home/orin_nano/joyy/install/vesc_msgs:/home/orin_nano/joyy/install/joy:/home/orin_nano/install/joy:/opt/ros/foxy LD_LIBRARY_PATH=/home/orin_nano/demo/install/io_context/lib:/home/orin_nano/demo/install/vesc_driver/lib:/home/orin_nano/demo/install/vesc_ackermann/lib:/home/orin_nano/demo/install/vesc_msgs/lib:/home/orin_nano/demo/install/udp_driver/lib:/home/orin_nano/demo/install/serial_driver/lib:/home/orin_nano/demo/install/joy/lib:/home/orin_nano/joyy/install/vesc_ackermann/lib:/home/orin_nano/joyy/install/vesc_msgs/lib:/home/orin_nano/joyy/install/joy/lib:/home/orin_nano/install/joy/lib:/opt/ros/foxy/opt/yaml_cpp_vendor/lib:/opt/ros/foxy/opt/rviz_ogre_vendor/lib:/opt/ros/foxy/lib/aarch64-linux-gnu:/opt/ros/foxy/lib:/usr/local/cuda-11.4/lib64 /usr/bin/cmake --build /home/orin_nano/demo/build/serial_driver -- -j6 -l6
[3.199s] [ 20%] Built target serial_driver
[3.209s] [ 33%] Built target gtest
[3.212s] [ 46%] Built target gtest_main
[3.270s] [ 60%] Built target serial_bridge
[3.294s] [ 73%] Built target test_serial_driver
[3.312s] [ 86%] Built target serial_driver_nodes
[3.318s] [100%] Built target test_serial_port
[3.346s] Invoked command in '/home/orin_nano/demo/build/serial_driver' returned '0': CMAKE_PREFIX_PATH=/home/orin_nano/demo/install/io_context:/home/orin_nano/demo/install/asio_cmake_module:/home/orin_nano/demo/install/vesc:/home/orin_nano/demo/install/vesc_driver:/home/orin_nano/demo/install/vesc_ackermann:/home/orin_nano/demo/install/vesc_msgs:/home/orin_nano/demo/install/udp_driver:/home/orin_nano/demo/install/serial_driver:/home/orin_nano/demo/install/joy:/home/orin_nano/demo/install/combine_pkg:/home/orin_nano/joyy/install/vesc:/home/orin_nano/joyy/install/vesc_ackermann:/home/orin_nano/joyy/install/vesc_msgs:/home/orin_nano/joyy/install/joy:/home/orin_nano/install/joy:/opt/ros/foxy LD_LIBRARY_PATH=/home/orin_nano/demo/install/io_context/lib:/home/orin_nano/demo/install/vesc_driver/lib:/home/orin_nano/demo/install/vesc_ackermann/lib:/home/orin_nano/demo/install/vesc_msgs/lib:/home/orin_nano/demo/install/udp_driver/lib:/home/orin_nano/demo/install/serial_driver/lib:/home/orin_nano/demo/install/joy/lib:/home/orin_nano/joyy/install/vesc_ackermann/lib:/home/orin_nano/joyy/install/vesc_msgs/lib:/home/orin_nano/joyy/install/joy/lib:/home/orin_nano/install/joy/lib:/opt/ros/foxy/opt/yaml_cpp_vendor/lib:/opt/ros/foxy/opt/rviz_ogre_vendor/lib:/opt/ros/foxy/lib/aarch64-linux-gnu:/opt/ros/foxy/lib:/usr/local/cuda-11.4/lib64 /usr/bin/cmake --build /home/orin_nano/demo/build/serial_driver -- -j6 -l6
[3.487s] Invoking command in '/home/orin_nano/demo/build/serial_driver': CMAKE_PREFIX_PATH=/home/orin_nano/demo/install/io_context:/home/orin_nano/demo/install/asio_cmake_module:/home/orin_nano/demo/install/vesc:/home/orin_nano/demo/install/vesc_driver:/home/orin_nano/demo/install/vesc_ackermann:/home/orin_nano/demo/install/vesc_msgs:/home/orin_nano/demo/install/udp_driver:/home/orin_nano/demo/install/serial_driver:/home/orin_nano/demo/install/joy:/home/orin_nano/demo/install/combine_pkg:/home/orin_nano/joyy/install/vesc:/home/orin_nano/joyy/install/vesc_ackermann:/home/orin_nano/joyy/install/vesc_msgs:/home/orin_nano/joyy/install/joy:/home/orin_nano/install/joy:/opt/ros/foxy LD_LIBRARY_PATH=/home/orin_nano/demo/install/io_context/lib:/home/orin_nano/demo/install/vesc_driver/lib:/home/orin_nano/demo/install/vesc_ackermann/lib:/home/orin_nano/demo/install/vesc_msgs/lib:/home/orin_nano/demo/install/udp_driver/lib:/home/orin_nano/demo/install/serial_driver/lib:/home/orin_nano/demo/install/joy/lib:/home/orin_nano/joyy/install/vesc_ackermann/lib:/home/orin_nano/joyy/install/vesc_msgs/lib:/home/orin_nano/joyy/install/joy/lib:/home/orin_nano/install/joy/lib:/opt/ros/foxy/opt/yaml_cpp_vendor/lib:/opt/ros/foxy/opt/rviz_ogre_vendor/lib:/opt/ros/foxy/lib/aarch64-linux-gnu:/opt/ros/foxy/lib:/usr/local/cuda-11.4/lib64 /usr/bin/cmake --install /home/orin_nano/demo/build/serial_driver
[3.509s] -- Install configuration: ""
[3.510s] -- Up-to-date: /home/orin_nano/demo/install/serial_driver/lib/serial_driver/serial_bridge
[3.510s] -- Up-to-date: /home/orin_nano/demo/install/serial_driver/include
[3.510s] -- Up-to-date: /home/orin_nano/demo/install/serial_driver/include/serial_driver
[3.511s] -- Up-to-date: /home/orin_nano/demo/install/serial_driver/include/serial_driver/serial_driver.hpp
[3.511s] -- Up-to-date: /home/orin_nano/demo/install/serial_driver/include/serial_driver/serial_port.hpp
[3.511s] -- Up-to-date: /home/orin_nano/demo/install/serial_driver/include/serial_driver/visibility_control.hpp
[3.511s] -- Up-to-date: /home/orin_nano/demo/install/serial_driver/include/serial_driver/serial_bridge_node.hpp
[3.511s] -- Up-to-date: /home/orin_nano/demo/install/serial_driver/share/serial_driver/environment/library_path.sh
[3.512s] -- Up-to-date: /home/orin_nano/demo/install/serial_driver/share/serial_driver/environment/library_path.dsv
[3.512s] -- Up-to-date: /home/orin_nano/demo/install/serial_driver/lib/libserial_driver.so
[3.512s] -- Up-to-date: /home/orin_nano/demo/install/serial_driver/lib/libserial_driver_nodes.so
[3.512s] -- Up-to-date: /home/orin_nano/demo/install/serial_driver/share/serial_driver/launch
[3.513s] -- Up-to-date: /home/orin_nano/demo/install/serial_driver/share/serial_driver/launch/serial_driver_bridge_node.launch.py
[3.513s] -- Up-to-date: /home/orin_nano/demo/install/serial_driver/share/serial_driver/params
[3.513s] -- Up-to-date: /home/orin_nano/demo/install/serial_driver/share/serial_driver/params/example.params.yaml
[3.513s] -- Up-to-date: /home/orin_nano/demo/install/serial_driver/share/ament_index/resource_index/package_run_dependencies/serial_driver
[3.513s] -- Up-to-date: /home/orin_nano/demo/install/serial_driver/share/ament_index/resource_index/parent_prefix_path/serial_driver
[3.513s] -- Up-to-date: /home/orin_nano/demo/install/serial_driver/share/serial_driver/environment/ament_prefix_path.sh
[3.514s] -- Up-to-date: /home/orin_nano/demo/install/serial_driver/share/serial_driver/environment/ament_prefix_path.dsv
[3.514s] -- Up-to-date: /home/orin_nano/demo/install/serial_driver/share/serial_driver/environment/path.sh
[3.514s] -- Up-to-date: /home/orin_nano/demo/install/serial_driver/share/serial_driver/environment/path.dsv
[3.514s] -- Up-to-date: /home/orin_nano/demo/install/serial_driver/share/serial_driver/local_setup.bash
[3.514s] -- Up-to-date: /home/orin_nano/demo/install/serial_driver/share/serial_driver/local_setup.sh
[3.515s] -- Up-to-date: /home/orin_nano/demo/install/serial_driver/share/serial_driver/local_setup.zsh
[3.515s] -- Up-to-date: /home/orin_nano/demo/install/serial_driver/share/serial_driver/local_setup.dsv
[3.515s] -- Installing: /home/orin_nano/demo/install/serial_driver/share/serial_driver/package.dsv
[3.515s] -- Up-to-date: /home/orin_nano/demo/install/serial_driver/share/ament_index/resource_index/packages/serial_driver
[3.515s] -- Up-to-date: /home/orin_nano/demo/install/serial_driver/share/ament_index/resource_index/rclcpp_components/serial_driver
[3.515s] -- Up-to-date: /home/orin_nano/demo/install/serial_driver/share/serial_driver/cmake/ament_cmake_export_dependencies-extras.cmake
[3.515s] -- Up-to-date: /home/orin_nano/demo/install/serial_driver/share/serial_driver/cmake/ament_cmake_export_include_directories-extras.cmake
[3.515s] -- Up-to-date: /home/orin_nano/demo/install/serial_driver/share/serial_driver/cmake/ament_cmake_export_libraries-extras.cmake
[3.516s] -- Up-to-date: /home/orin_nano/demo/install/serial_driver/share/serial_driver/cmake/serial_driverConfig.cmake
[3.516s] -- Up-to-date: /home/orin_nano/demo/install/serial_driver/share/serial_driver/cmake/serial_driverConfig-version.cmake
[3.516s] -- Up-to-date: /home/orin_nano/demo/install/serial_driver/share/serial_driver/package.xml
[3.519s] Invoked command in '/home/orin_nano/demo/build/serial_driver' returned '0': CMAKE_PREFIX_PATH=/home/orin_nano/demo/install/io_context:/home/orin_nano/demo/install/asio_cmake_module:/home/orin_nano/demo/install/vesc:/home/orin_nano/demo/install/vesc_driver:/home/orin_nano/demo/install/vesc_ackermann:/home/orin_nano/demo/install/vesc_msgs:/home/orin_nano/demo/install/udp_driver:/home/orin_nano/demo/install/serial_driver:/home/orin_nano/demo/install/joy:/home/orin_nano/demo/install/combine_pkg:/home/orin_nano/joyy/install/vesc:/home/orin_nano/joyy/install/vesc_ackermann:/home/orin_nano/joyy/install/vesc_msgs:/home/orin_nano/joyy/install/joy:/home/orin_nano/install/joy:/opt/ros/foxy LD_LIBRARY_PATH=/home/orin_nano/demo/install/io_context/lib:/home/orin_nano/demo/install/vesc_driver/lib:/home/orin_nano/demo/install/vesc_ackermann/lib:/home/orin_nano/demo/install/vesc_msgs/lib:/home/orin_nano/demo/install/udp_driver/lib:/home/orin_nano/demo/install/serial_driver/lib:/home/orin_nano/demo/install/joy/lib:/home/orin_nano/joyy/install/vesc_ackermann/lib:/home/orin_nano/joyy/install/vesc_msgs/lib:/home/orin_nano/joyy/install/joy/lib:/home/orin_nano/install/joy/lib:/opt/ros/foxy/opt/yaml_cpp_vendor/lib:/opt/ros/foxy/opt/rviz_ogre_vendor/lib:/opt/ros/foxy/lib/aarch64-linux-gnu:/opt/ros/foxy/lib:/usr/local/cuda-11.4/lib64 /usr/bin/cmake --install /home/orin_nano/demo/build/serial_driver
