[1.186s] Invoking command in '/home/orin_nano/demo/build/asio_cmake_module': CMAKE_PREFIX_PATH=/opt/ros/foxy /usr/bin/cmake --build /home/orin_nano/demo/build/asio_cmake_module -- -j6 -l6
[1.274s] Invoked command in '/home/orin_nano/demo/build/asio_cmake_module' returned '0': CMAKE_PREFIX_PATH=/opt/ros/foxy /usr/bin/cmake --build /home/orin_nano/demo/build/asio_cmake_module -- -j6 -l6
[1.419s] Invoking command in '/home/orin_nano/demo/build/asio_cmake_module': CMAKE_PREFIX_PATH=/opt/ros/foxy /usr/bin/cmake --install /home/orin_nano/demo/build/asio_cmake_module
[1.440s] -- Install configuration: ""
[1.440s] -- Up-to-date: /home/orin_nano/demo/install/asio_cmake_module/share/ament_index/resource_index/package_run_dependencies/asio_cmake_module
[1.440s] -- Up-to-date: /home/orin_nano/demo/install/asio_cmake_module/share/ament_index/resource_index/parent_prefix_path/asio_cmake_module
[1.440s] -- Up-to-date: /home/orin_nano/demo/install/asio_cmake_module/share/asio_cmake_module/environment/ament_prefix_path.sh
[1.441s] -- Up-to-date: /home/orin_nano/demo/install/asio_cmake_module/share/asio_cmake_module/environment/ament_prefix_path.dsv
[1.441s] -- Up-to-date: /home/orin_nano/demo/install/asio_cmake_module/share/asio_cmake_module/environment/path.sh
[1.441s] -- Up-to-date: /home/orin_nano/demo/install/asio_cmake_module/share/asio_cmake_module/environment/path.dsv
[1.441s] -- Up-to-date: /home/orin_nano/demo/install/asio_cmake_module/share/asio_cmake_module/local_setup.bash
[1.441s] -- Up-to-date: /home/orin_nano/demo/install/asio_cmake_module/share/asio_cmake_module/local_setup.sh
[1.441s] -- Up-to-date: /home/orin_nano/demo/install/asio_cmake_module/share/asio_cmake_module/local_setup.zsh
[1.442s] -- Up-to-date: /home/orin_nano/demo/install/asio_cmake_module/share/asio_cmake_module/local_setup.dsv
[1.442s] -- Installing: /home/orin_nano/demo/install/asio_cmake_module/share/asio_cmake_module/package.dsv
[1.442s] -- Up-to-date: /home/orin_nano/demo/install/asio_cmake_module/share/ament_index/resource_index/packages/asio_cmake_module
[1.442s] -- Up-to-date: /home/orin_nano/demo/install/asio_cmake_module/share/asio_cmake_module/cmake/asio_cmake_module-extras.cmake
[1.443s] -- Up-to-date: /home/orin_nano/demo/install/asio_cmake_module/share/asio_cmake_module/cmake/asio_cmake_moduleConfig.cmake
[1.443s] -- Up-to-date: /home/orin_nano/demo/install/asio_cmake_module/share/asio_cmake_module/cmake/asio_cmake_moduleConfig-version.cmake
[1.443s] -- Up-to-date: /home/orin_nano/demo/install/asio_cmake_module/share/asio_cmake_module/package.xml
[1.443s] -- Up-to-date: /home/orin_nano/demo/install/asio_cmake_module/share/asio_cmake_module/cmake
[1.443s] -- Up-to-date: /home/orin_nano/demo/install/asio_cmake_module/share/asio_cmake_module/cmake/Modules
[1.443s] -- Up-to-date: /home/orin_nano/demo/install/asio_cmake_module/share/asio_cmake_module/cmake/Modules/FindASIO.cmake
[1.447s] Invoked command in '/home/orin_nano/demo/build/asio_cmake_module' returned '0': CMAKE_PREFIX_PATH=/opt/ros/foxy /usr/bin/cmake --install /home/orin_nano/demo/build/asio_cmake_module
