[1.542s] Invoking command in '/home/orin_nano/demo/build/joy': CMAKE_PREFIX_PATH=${CMAKE_PREFIX_PATH}:/opt/ros/foxy /usr/bin/cmake --build /home/orin_nano/demo/build/joy -- -j6 -l6
[1.676s] [ 33%] Built target joy_enumerate_devices
[1.701s] [ 66%] Built target joy_node
[1.730s] [100%] Built target joy
[2.551s] Invoked command in '/home/orin_nano/demo/build/joy' returned '0': CMAKE_PREFIX_PATH=${CMAKE_PREFIX_PATH}:/opt/ros/foxy /usr/bin/cmake --build /home/orin_nano/demo/build/joy -- -j6 -l6
[4.344s] Invoking command in '/home/orin_nano/demo/build/joy': CMAKE_PREFIX_PATH=${CMAKE_PREFIX_PATH}:/opt/ros/foxy /usr/bin/cmake --install /home/orin_nano/demo/build/joy
[5.843s] -- Install configuration: ""
[5.843s] -- Up-to-date: /home/orin_nano/demo/install/joy/lib/libjoy.so
[5.843s] -- Up-to-date: /home/orin_nano/demo/install/joy/lib/joy/joy_node
[5.844s] -- Up-to-date: /home/orin_nano/demo/install/joy/lib/joy/joy_enumerate_devices
[5.844s] -- Up-to-date: /home/orin_nano/demo/install/joy/include/joy
[5.844s] -- Up-to-date: /home/orin_nano/demo/install/joy/include/joy/joy.hpp
[5.844s] -- Up-to-date: /home/orin_nano/demo/install/joy/share/joy/config
[5.845s] -- Up-to-date: /home/orin_nano/demo/install/joy/share/joy/config/joy-params.yaml
[5.845s] -- Up-to-date: /home/orin_nano/demo/install/joy/share/joy/launch
[5.845s] -- Up-to-date: /home/orin_nano/demo/install/joy/share/joy/launch/joy-composed-launch.py
[5.845s] -- Up-to-date: /home/orin_nano/demo/install/joy/share/joy/launch/joy-launch.py
[5.845s] -- Up-to-date: /home/orin_nano/demo/install/joy/share/ament_index/resource_index/package_run_dependencies/joy
[5.846s] -- Up-to-date: /home/orin_nano/demo/install/joy/share/ament_index/resource_index/parent_prefix_path/joy
[5.846s] -- Up-to-date: /home/orin_nano/demo/install/joy/share/joy/environment/ament_prefix_path.sh
[5.846s] -- Up-to-date: /home/orin_nano/demo/install/joy/share/joy/environment/ament_prefix_path.dsv
[5.846s] -- Up-to-date: /home/orin_nano/demo/install/joy/share/joy/environment/path.sh
[5.846s] -- Up-to-date: /home/orin_nano/demo/install/joy/share/joy/environment/path.dsv
[5.847s] -- Up-to-date: /home/orin_nano/demo/install/joy/share/joy/local_setup.bash
[5.847s] -- Up-to-date: /home/orin_nano/demo/install/joy/share/joy/local_setup.sh
[5.847s] -- Up-to-date: /home/orin_nano/demo/install/joy/share/joy/local_setup.zsh
[5.847s] -- Up-to-date: /home/orin_nano/demo/install/joy/share/joy/local_setup.dsv
[5.847s] -- Installing: /home/orin_nano/demo/install/joy/share/joy/package.dsv
[5.848s] -- Up-to-date: /home/orin_nano/demo/install/joy/share/ament_index/resource_index/packages/joy
[5.848s] -- Up-to-date: /home/orin_nano/demo/install/joy/share/ament_index/resource_index/rclcpp_components/joy
[5.848s] -- Up-to-date: /home/orin_nano/demo/install/joy/share/joy/cmake/joyConfig.cmake
[5.848s] -- Up-to-date: /home/orin_nano/demo/install/joy/share/joy/cmake/joyConfig-version.cmake
[5.848s] -- Up-to-date: /home/orin_nano/demo/install/joy/share/joy/package.xml
[6.874s] Invoked command in '/home/orin_nano/demo/build/joy' returned '0': CMAKE_PREFIX_PATH=${CMAKE_PREFIX_PATH}:/opt/ros/foxy /usr/bin/cmake --install /home/orin_nano/demo/build/joy
