[1.548s] Invoking command in '/home/orin_nano/demo/build/joy': CMAKE_PREFIX_PATH=${CMAKE_PREFIX_PATH}:/opt/ros/foxy /usr/bin/cmake --build /home/orin_nano/demo/build/joy -- -j6 -l6
[1.687s] [ 33%] Built target joy_enumerate_devices
[1.715s] [ 66%] Built target joy_node
[1.734s] [100%] Built target joy
[1.767s] Invoked command in '/home/orin_nano/demo/build/joy' returned '0': CMAKE_PREFIX_PATH=${CMAKE_PREFIX_PATH}:/opt/ros/foxy /usr/bin/cmake --build /home/orin_nano/demo/build/joy -- -j6 -l6
[3.358s] Invoking command in '/home/orin_nano/demo/build/joy': CMAKE_PREFIX_PATH=${CMAKE_PREFIX_PATH}:/opt/ros/foxy /usr/bin/cmake --install /home/orin_nano/demo/build/joy
[3.381s] -- Install configuration: ""
[3.382s] -- Up-to-date: /home/orin_nano/demo/install/joy/lib/libjoy.so
[3.383s] -- Up-to-date: /home/orin_nano/demo/install/joy/lib/joy/joy_node
[3.384s] -- Up-to-date: /home/orin_nano/demo/install/joy/lib/joy/joy_enumerate_devices
[3.386s] -- Up-to-date: /home/orin_nano/demo/install/joy/include/joy
[3.386s] -- Up-to-date: /home/orin_nano/demo/install/joy/include/joy/joy.hpp
[3.387s] -- Up-to-date: /home/orin_nano/demo/install/joy/share/joy/config
[3.387s] -- Up-to-date: /home/orin_nano/demo/install/joy/share/joy/config/joy-params.yaml
[3.388s] -- Up-to-date: /home/orin_nano/demo/install/joy/share/joy/launch
[3.389s] -- Up-to-date: /home/orin_nano/demo/install/joy/share/joy/launch/joy-composed-launch.py
[3.389s] -- Up-to-date: /home/orin_nano/demo/install/joy/share/joy/launch/joy-launch.py
[3.390s] -- Up-to-date: /home/orin_nano/demo/install/joy/share/ament_index/resource_index/package_run_dependencies/joy
[3.390s] -- Up-to-date: /home/orin_nano/demo/install/joy/share/ament_index/resource_index/parent_prefix_path/joy
[3.391s] -- Up-to-date: /home/orin_nano/demo/install/joy/share/joy/environment/ament_prefix_path.sh
[3.391s] -- Up-to-date: /home/orin_nano/demo/install/joy/share/joy/environment/ament_prefix_path.dsv
[3.392s] -- Up-to-date: /home/orin_nano/demo/install/joy/share/joy/environment/path.sh
[3.392s] -- Up-to-date: /home/orin_nano/demo/install/joy/share/joy/environment/path.dsv
[3.393s] -- Up-to-date: /home/orin_nano/demo/install/joy/share/joy/local_setup.bash
[3.393s] -- Up-to-date: /home/orin_nano/demo/install/joy/share/joy/local_setup.sh
[3.394s] -- Up-to-date: /home/orin_nano/demo/install/joy/share/joy/local_setup.zsh
[3.394s] -- Up-to-date: /home/orin_nano/demo/install/joy/share/joy/local_setup.dsv
[3.395s] -- Installing: /home/orin_nano/demo/install/joy/share/joy/package.dsv
[3.396s] -- Up-to-date: /home/orin_nano/demo/install/joy/share/ament_index/resource_index/packages/joy
[3.397s] -- Up-to-date: /home/orin_nano/demo/install/joy/share/ament_index/resource_index/rclcpp_components/joy
[3.397s] -- Up-to-date: /home/orin_nano/demo/install/joy/share/joy/cmake/joyConfig.cmake
[3.398s] -- Up-to-date: /home/orin_nano/demo/install/joy/share/joy/cmake/joyConfig-version.cmake
[3.398s] -- Up-to-date: /home/orin_nano/demo/install/joy/share/joy/package.xml
[5.886s] Invoked command in '/home/orin_nano/demo/build/joy' returned '0': CMAKE_PREFIX_PATH=${CMAKE_PREFIX_PATH}:/opt/ros/foxy /usr/bin/cmake --install /home/orin_nano/demo/build/joy
