[3.013s] Invoking command in '/home/orin_nano/demo/build/serial_driver': CMAKE_PREFIX_PATH=/home/orin_nano/demo/install/io_context:/home/orin_nano/demo/install/asio_cmake_module:/home/orin_nano/demo/install/vesc:/home/orin_nano/demo/install/vesc_driver:/home/orin_nano/demo/install/vesc_ackermann:/home/orin_nano/demo/install/vesc_msgs:/home/orin_nano/demo/install/udp_driver:/home/orin_nano/demo/install/serial_driver:/home/orin_nano/demo/install/joy:/home/orin_nano/demo/install/combine_pkg:/home/orin_nano/joyy/install/vesc:/home/orin_nano/joyy/install/vesc_ackermann:/home/orin_nano/joyy/install/vesc_msgs:/home/orin_nano/joyy/install/joy:/home/orin_nano/install/joy:/opt/ros/foxy LD_LIBRARY_PATH=/home/orin_nano/demo/install/io_context/lib:/home/orin_nano/demo/install/vesc_driver/lib:/home/orin_nano/demo/install/vesc_ackermann/lib:/home/orin_nano/demo/install/vesc_msgs/lib:/home/orin_nano/demo/install/udp_driver/lib:/home/orin_nano/demo/install/serial_driver/lib:/home/orin_nano/demo/install/joy/lib:/home/orin_nano/joyy/install/vesc_ackermann/lib:/home/orin_nano/joyy/install/vesc_msgs/lib:/home/orin_nano/joyy/install/joy/lib:/home/orin_nano/install/joy/lib:/opt/ros/foxy/opt/yaml_cpp_vendor/lib:/opt/ros/foxy/opt/rviz_ogre_vendor/lib:/opt/ros/foxy/lib/aarch64-linux-gnu:/opt/ros/foxy/lib:/usr/local/cuda-11.4/lib64 /usr/bin/cmake --build /home/orin_nano/demo/build/serial_driver -- -j6 -l6
[3.164s] [ 20%] Built target serial_driver
[3.168s] [ 33%] Built target gtest
[3.187s] [ 46%] Built target gtest_main
[3.191s] [ 60%] Built target serial_bridge
[3.257s] [ 73%] Built target test_serial_driver
[3.262s] [100%] Built target test_serial_port
[3.262s] [100%] Built target serial_driver_nodes
[3.291s] Invoked command in '/home/orin_nano/demo/build/serial_driver' returned '0': CMAKE_PREFIX_PATH=/home/orin_nano/demo/install/io_context:/home/orin_nano/demo/install/asio_cmake_module:/home/orin_nano/demo/install/vesc:/home/orin_nano/demo/install/vesc_driver:/home/orin_nano/demo/install/vesc_ackermann:/home/orin_nano/demo/install/vesc_msgs:/home/orin_nano/demo/install/udp_driver:/home/orin_nano/demo/install/serial_driver:/home/orin_nano/demo/install/joy:/home/orin_nano/demo/install/combine_pkg:/home/orin_nano/joyy/install/vesc:/home/orin_nano/joyy/install/vesc_ackermann:/home/orin_nano/joyy/install/vesc_msgs:/home/orin_nano/joyy/install/joy:/home/orin_nano/install/joy:/opt/ros/foxy LD_LIBRARY_PATH=/home/orin_nano/demo/install/io_context/lib:/home/orin_nano/demo/install/vesc_driver/lib:/home/orin_nano/demo/install/vesc_ackermann/lib:/home/orin_nano/demo/install/vesc_msgs/lib:/home/orin_nano/demo/install/udp_driver/lib:/home/orin_nano/demo/install/serial_driver/lib:/home/orin_nano/demo/install/joy/lib:/home/orin_nano/joyy/install/vesc_ackermann/lib:/home/orin_nano/joyy/install/vesc_msgs/lib:/home/orin_nano/joyy/install/joy/lib:/home/orin_nano/install/joy/lib:/opt/ros/foxy/opt/yaml_cpp_vendor/lib:/opt/ros/foxy/opt/rviz_ogre_vendor/lib:/opt/ros/foxy/lib/aarch64-linux-gnu:/opt/ros/foxy/lib:/usr/local/cuda-11.4/lib64 /usr/bin/cmake --build /home/orin_nano/demo/build/serial_driver -- -j6 -l6
[3.418s] Invoking command in '/home/orin_nano/demo/build/serial_driver': CMAKE_PREFIX_PATH=/home/orin_nano/demo/install/io_context:/home/orin_nano/demo/install/asio_cmake_module:/home/orin_nano/demo/install/vesc:/home/orin_nano/demo/install/vesc_driver:/home/orin_nano/demo/install/vesc_ackermann:/home/orin_nano/demo/install/vesc_msgs:/home/orin_nano/demo/install/udp_driver:/home/orin_nano/demo/install/serial_driver:/home/orin_nano/demo/install/joy:/home/orin_nano/demo/install/combine_pkg:/home/orin_nano/joyy/install/vesc:/home/orin_nano/joyy/install/vesc_ackermann:/home/orin_nano/joyy/install/vesc_msgs:/home/orin_nano/joyy/install/joy:/home/orin_nano/install/joy:/opt/ros/foxy LD_LIBRARY_PATH=/home/orin_nano/demo/install/io_context/lib:/home/orin_nano/demo/install/vesc_driver/lib:/home/orin_nano/demo/install/vesc_ackermann/lib:/home/orin_nano/demo/install/vesc_msgs/lib:/home/orin_nano/demo/install/udp_driver/lib:/home/orin_nano/demo/install/serial_driver/lib:/home/orin_nano/demo/install/joy/lib:/home/orin_nano/joyy/install/vesc_ackermann/lib:/home/orin_nano/joyy/install/vesc_msgs/lib:/home/orin_nano/joyy/install/joy/lib:/home/orin_nano/install/joy/lib:/opt/ros/foxy/opt/yaml_cpp_vendor/lib:/opt/ros/foxy/opt/rviz_ogre_vendor/lib:/opt/ros/foxy/lib/aarch64-linux-gnu:/opt/ros/foxy/lib:/usr/local/cuda-11.4/lib64 /usr/bin/cmake --install /home/orin_nano/demo/build/serial_driver
[3.437s] -- Install configuration: ""
[3.438s] -- Up-to-date: /home/orin_nano/demo/install/serial_driver/lib/serial_driver/serial_bridge
[3.438s] -- Up-to-date: /home/orin_nano/demo/install/serial_driver/include
[3.438s] -- Up-to-date: /home/orin_nano/demo/install/serial_driver/include/serial_driver
[3.438s] -- Up-to-date: /home/orin_nano/demo/install/serial_driver/include/serial_driver/serial_driver.hpp
[3.438s] -- Up-to-date: /home/orin_nano/demo/install/serial_driver/include/serial_driver/serial_port.hpp
[3.439s] -- Up-to-date: /home/orin_nano/demo/install/serial_driver/include/serial_driver/visibility_control.hpp
[3.440s] -- Up-to-date: /home/orin_nano/demo/install/serial_driver/include/serial_driver/serial_bridge_node.hpp
[3.441s] -- Up-to-date: /home/orin_nano/demo/install/serial_driver/share/serial_driver/environment/library_path.sh
[3.442s] -- Up-to-date: /home/orin_nano/demo/install/serial_driver/share/serial_driver/environment/library_path.dsv
[3.443s] -- Up-to-date: /home/orin_nano/demo/install/serial_driver/lib/libserial_driver.so
[3.447s] -- Up-to-date: /home/orin_nano/demo/install/serial_driver/lib/libserial_driver_nodes.so
[3.449s] -- Up-to-date: /home/orin_nano/demo/install/serial_driver/share/serial_driver/launch
[3.449s] -- Up-to-date: /home/orin_nano/demo/install/serial_driver/share/serial_driver/launch/serial_driver_bridge_node.launch.py
[3.449s] -- Up-to-date: /home/orin_nano/demo/install/serial_driver/share/serial_driver/params
[3.449s] -- Up-to-date: /home/orin_nano/demo/install/serial_driver/share/serial_driver/params/example.params.yaml
[3.449s] -- Up-to-date: /home/orin_nano/demo/install/serial_driver/share/ament_index/resource_index/package_run_dependencies/serial_driver
[3.450s] -- Up-to-date: /home/orin_nano/demo/install/serial_driver/share/ament_index/resource_index/parent_prefix_path/serial_driver
[3.451s] -- Up-to-date: /home/orin_nano/demo/install/serial_driver/share/serial_driver/environment/ament_prefix_path.sh
[3.451s] -- Up-to-date: /home/orin_nano/demo/install/serial_driver/share/serial_driver/environment/ament_prefix_path.dsv
[3.453s] -- Up-to-date: /home/orin_nano/demo/install/serial_driver/share/serial_driver/environment/path.sh
[3.454s] -- Up-to-date: /home/orin_nano/demo/install/serial_driver/share/serial_driver/environment/path.dsv
[3.454s] -- Up-to-date: /home/orin_nano/demo/install/serial_driver/share/serial_driver/local_setup.bash
[3.454s] -- Up-to-date: /home/orin_nano/demo/install/serial_driver/share/serial_driver/local_setup.sh
[3.454s] -- Up-to-date: /home/orin_nano/demo/install/serial_driver/share/serial_driver/local_setup.zsh
[3.454s] -- Up-to-date: /home/orin_nano/demo/install/serial_driver/share/serial_driver/local_setup.dsv
[3.454s] -- Installing: /home/orin_nano/demo/install/serial_driver/share/serial_driver/package.dsv
[3.456s] -- Up-to-date: /home/orin_nano/demo/install/serial_driver/share/ament_index/resource_index/packages/serial_driver
[3.456s] -- Up-to-date: /home/orin_nano/demo/install/serial_driver/share/ament_index/resource_index/rclcpp_components/serial_driver
[3.456s] -- Up-to-date: /home/orin_nano/demo/install/serial_driver/share/serial_driver/cmake/ament_cmake_export_dependencies-extras.cmake
[3.456s] -- Up-to-date: /home/orin_nano/demo/install/serial_driver/share/serial_driver/cmake/ament_cmake_export_include_directories-extras.cmake
[3.457s] -- Up-to-date: /home/orin_nano/demo/install/serial_driver/share/serial_driver/cmake/ament_cmake_export_libraries-extras.cmake
[3.457s] -- Up-to-date: /home/orin_nano/demo/install/serial_driver/share/serial_driver/cmake/serial_driverConfig.cmake
[3.457s] -- Up-to-date: /home/orin_nano/demo/install/serial_driver/share/serial_driver/cmake/serial_driverConfig-version.cmake
[3.457s] -- Up-to-date: /home/orin_nano/demo/install/serial_driver/share/serial_driver/package.xml
[3.458s] Invoked command in '/home/orin_nano/demo/build/serial_driver' returned '0': CMAKE_PREFIX_PATH=/home/orin_nano/demo/install/io_context:/home/orin_nano/demo/install/asio_cmake_module:/home/orin_nano/demo/install/vesc:/home/orin_nano/demo/install/vesc_driver:/home/orin_nano/demo/install/vesc_ackermann:/home/orin_nano/demo/install/vesc_msgs:/home/orin_nano/demo/install/udp_driver:/home/orin_nano/demo/install/serial_driver:/home/orin_nano/demo/install/joy:/home/orin_nano/demo/install/combine_pkg:/home/orin_nano/joyy/install/vesc:/home/orin_nano/joyy/install/vesc_ackermann:/home/orin_nano/joyy/install/vesc_msgs:/home/orin_nano/joyy/install/joy:/home/orin_nano/install/joy:/opt/ros/foxy LD_LIBRARY_PATH=/home/orin_nano/demo/install/io_context/lib:/home/orin_nano/demo/install/vesc_driver/lib:/home/orin_nano/demo/install/vesc_ackermann/lib:/home/orin_nano/demo/install/vesc_msgs/lib:/home/orin_nano/demo/install/udp_driver/lib:/home/orin_nano/demo/install/serial_driver/lib:/home/orin_nano/demo/install/joy/lib:/home/orin_nano/joyy/install/vesc_ackermann/lib:/home/orin_nano/joyy/install/vesc_msgs/lib:/home/orin_nano/joyy/install/joy/lib:/home/orin_nano/install/joy/lib:/opt/ros/foxy/opt/yaml_cpp_vendor/lib:/opt/ros/foxy/opt/rviz_ogre_vendor/lib:/opt/ros/foxy/lib/aarch64-linux-gnu:/opt/ros/foxy/lib:/usr/local/cuda-11.4/lib64 /usr/bin/cmake --install /home/orin_nano/demo/build/serial_driver
