[1.680s] Invoking command in '/home/orin_nano/demo/build/joy': CMAKE_PREFIX_PATH=${CMAKE_PREFIX_PATH}:/opt/ros/foxy /usr/bin/cmake --build /home/orin_nano/demo/build/joy -- -j6 -l6
[1.816s] [ 33%] Built target joy_enumerate_devices
[1.839s] [ 66%] Built target joy_node
[1.842s] [100%] Built target joy
[1.909s] Invoked command in '/home/orin_nano/demo/build/joy' returned '0': CMAKE_PREFIX_PATH=${CMAKE_PREFIX_PATH}:/opt/ros/foxy /usr/bin/cmake --build /home/orin_nano/demo/build/joy -- -j6 -l6
[3.505s] Invoking command in '/home/orin_nano/demo/build/joy': CMAKE_PREFIX_PATH=${CMAKE_PREFIX_PATH}:/opt/ros/foxy /usr/bin/cmake --install /home/orin_nano/demo/build/joy
[3.533s] -- Install configuration: ""
[3.534s] -- Up-to-date: /home/orin_nano/demo/install/joy/lib/libjoy.so
[3.535s] -- Up-to-date: /home/orin_nano/demo/install/joy/lib/joy/joy_node
[3.535s] -- Up-to-date: /home/orin_nano/demo/install/joy/lib/joy/joy_enumerate_devices
[3.535s] -- Up-to-date: /home/orin_nano/demo/install/joy/include/joy
[3.536s] -- Up-to-date: /home/orin_nano/demo/install/joy/include/joy/joy.hpp
[3.536s] -- Up-to-date: /home/orin_nano/demo/install/joy/share/joy/config
[3.536s] -- Up-to-date: /home/orin_nano/demo/install/joy/share/joy/config/joy-params.yaml
[3.536s] -- Up-to-date: /home/orin_nano/demo/install/joy/share/joy/launch
[3.536s] -- Up-to-date: /home/orin_nano/demo/install/joy/share/joy/launch/joy-composed-launch.py
[3.537s] -- Up-to-date: /home/orin_nano/demo/install/joy/share/joy/launch/joy-launch.py
[3.537s] -- Up-to-date: /home/orin_nano/demo/install/joy/share/ament_index/resource_index/package_run_dependencies/joy
[3.539s] -- Up-to-date: /home/orin_nano/demo/install/joy/share/ament_index/resource_index/parent_prefix_path/joy
[3.539s] -- Up-to-date: /home/orin_nano/demo/install/joy/share/joy/environment/ament_prefix_path.sh
[3.540s] -- Up-to-date: /home/orin_nano/demo/install/joy/share/joy/environment/ament_prefix_path.dsv
[3.540s] -- Up-to-date: /home/orin_nano/demo/install/joy/share/joy/environment/path.sh
[3.541s] -- Up-to-date: /home/orin_nano/demo/install/joy/share/joy/environment/path.dsv
[3.541s] -- Up-to-date: /home/orin_nano/demo/install/joy/share/joy/local_setup.bash
[3.541s] -- Up-to-date: /home/orin_nano/demo/install/joy/share/joy/local_setup.sh
[3.541s] -- Up-to-date: /home/orin_nano/demo/install/joy/share/joy/local_setup.zsh
[3.541s] -- Up-to-date: /home/orin_nano/demo/install/joy/share/joy/local_setup.dsv
[3.541s] -- Installing: /home/orin_nano/demo/install/joy/share/joy/package.dsv
[3.541s] -- Up-to-date: /home/orin_nano/demo/install/joy/share/ament_index/resource_index/packages/joy
[3.542s] -- Up-to-date: /home/orin_nano/demo/install/joy/share/ament_index/resource_index/rclcpp_components/joy
[3.542s] -- Up-to-date: /home/orin_nano/demo/install/joy/share/joy/cmake/joyConfig.cmake
[3.542s] -- Up-to-date: /home/orin_nano/demo/install/joy/share/joy/cmake/joyConfig-version.cmake
[3.542s] -- Up-to-date: /home/orin_nano/demo/install/joy/share/joy/package.xml
[6.068s] Invoked command in '/home/orin_nano/demo/build/joy' returned '0': CMAKE_PREFIX_PATH=${CMAKE_PREFIX_PATH}:/opt/ros/foxy /usr/bin/cmake --install /home/orin_nano/demo/build/joy
