[1.158s] Invoking command in '/home/orin_nano/demo/build/io_context': CMAKE_PREFIX_PATH=/home/orin_nano/demo/install/asio_cmake_module:/home/orin_nano/demo/install/vesc:/home/orin_nano/demo/install/vesc_msgs:/home/orin_nano/demo/install/joy:/opt/ros/foxy /usr/bin/cmake /home/orin_nano/demo/transport_drivers/io_context -DCMAKE_INSTALL_PREFIX=/home/orin_nano/demo/install/io_context
[1.188s] -- Found ament_cmake_auto: 0.9.12 (/opt/ros/foxy/share/ament_cmake_auto/cmake)
[1.234s] -- Using PYTHON_EXECUTABLE: /usr/bin/python3
[1.790s] -- Using all available rosidl_typesupport_c: rosidl_typesupport_fastrtps_c;rosidl_typesupport_introspection_c
[1.796s] -- Found rosidl_adapter: 1.3.1 (/opt/ros/foxy/share/rosidl_adapter/cmake)
[2.047s] -- Using all available rosidl_typesupport_cpp: rosidl_typesupport_fastrtps_cpp;rosidl_typesupport_introspection_cpp
[2.356s] -- Found rmw_implementation_cmake: 1.0.4 (/opt/ros/foxy/share/rmw_implementation_cmake/cmake)
[2.359s] -- Using RMW implementation 'rmw_fastrtps_cpp' as default
[2.688s] -- Found ASIO: /usr/include  
[2.694s] -- Found ament_lint_auto: 0.9.8 (/opt/ros/foxy/share/ament_lint_auto/cmake)
[2.733s] -- Found gtest sources under '/opt/ros/foxy/src/gtest_vendor': C++ tests using 'Google Test' will be built
[2.739s] -- Check if compiler accepts -pthread
[2.891s] -- Check if compiler accepts -pthread - yes
[2.906s] -- Added test 'copyright' to check source files copyright and LICENSE
[2.908s] -- Added test 'cppcheck' to perform static code analysis on C / C++ code
[2.909s] -- Configured cppcheck include dirs: /home/orin_nano/demo/transport_drivers/io_context/include
[2.909s] -- Configured cppcheck exclude dirs and/or files: 
[2.911s] -- Added test 'cpplint' to check C / C++ code against the Google style
[2.911s] -- Configured cpplint exclude dirs and/or files: 
[2.913s] -- Added test 'lint_cmake' to check CMake code style
[2.916s] -- Added test 'uncrustify' to check C / C++ code style
[2.916s] -- Configured uncrustify additional arguments: 
[2.917s] -- Added test 'xmllint' to check XML markup files
[2.928s] -- Configuring done
[2.963s] -- Generating done
[2.966s] -- Build files have been written to: /home/orin_nano/demo/build/io_context
[2.989s] Invoked command in '/home/orin_nano/demo/build/io_context' returned '0': CMAKE_PREFIX_PATH=/home/orin_nano/demo/install/asio_cmake_module:/home/orin_nano/demo/install/vesc:/home/orin_nano/demo/install/vesc_msgs:/home/orin_nano/demo/install/joy:/opt/ros/foxy /usr/bin/cmake /home/orin_nano/demo/transport_drivers/io_context -DCMAKE_INSTALL_PREFIX=/home/orin_nano/demo/install/io_context
[2.995s] Invoking command in '/home/orin_nano/demo/build/io_context': CMAKE_PREFIX_PATH=/home/orin_nano/demo/install/asio_cmake_module:/home/orin_nano/demo/install/vesc:/home/orin_nano/demo/install/vesc_msgs:/home/orin_nano/demo/install/joy:/opt/ros/foxy /usr/bin/cmake --build /home/orin_nano/demo/build/io_context -- -j6 -l6
[3.088s] [35m[1mScanning dependencies of target gtest_main[0m
[3.089s] [35m[1mScanning dependencies of target io_context[0m
[3.089s] [35m[1mScanning dependencies of target gtest[0m
[3.126s] [ 22%] [32mBuilding CXX object gtest/CMakeFiles/gtest_main.dir/src/gtest_main.cc.o[0m
[3.127s] [ 22%] [32mBuilding CXX object gtest/CMakeFiles/gtest.dir/src/gtest-all.cc.o[0m
[3.140s] [ 33%] [32mBuilding CXX object CMakeFiles/io_context.dir/src/msg_converters/std_msgs.cpp.o[0m
[3.140s] [ 44%] [32mBuilding CXX object CMakeFiles/io_context.dir/src/io_context.cpp.o[0m
[4.858s] [ 55%] [32m[1mLinking CXX static library libgtest_main.a[0m
[4.954s] [ 55%] Built target gtest_main
[6.525s] [ 66%] [32m[1mLinking CXX shared library libio_context.so[0m
[6.789s] [ 66%] Built target io_context
[10.466s] [ 77%] [32m[1mLinking CXX static library libgtest.a[0m
[10.588s] [ 77%] Built target gtest
[10.615s] [35m[1mScanning dependencies of target test_io_context[0m
[10.648s] [ 88%] [32mBuilding CXX object CMakeFiles/test_io_context.dir/test/test_io_context.cpp.o[0m
[14.463s] [100%] [32m[1mLinking CXX executable test_io_context[0m
[14.846s] [100%] Built target test_io_context
[14.874s] Invoked command in '/home/orin_nano/demo/build/io_context' returned '0': CMAKE_PREFIX_PATH=/home/orin_nano/demo/install/asio_cmake_module:/home/orin_nano/demo/install/vesc:/home/orin_nano/demo/install/vesc_msgs:/home/orin_nano/demo/install/joy:/opt/ros/foxy /usr/bin/cmake --build /home/orin_nano/demo/build/io_context -- -j6 -l6
[14.941s] Invoking command in '/home/orin_nano/demo/build/io_context': CMAKE_PREFIX_PATH=/home/orin_nano/demo/install/asio_cmake_module:/home/orin_nano/demo/install/vesc:/home/orin_nano/demo/install/vesc_msgs:/home/orin_nano/demo/install/joy:/opt/ros/foxy /usr/bin/cmake --install /home/orin_nano/demo/build/io_context
[14.963s] -- Install configuration: ""
[14.963s] -- Installing: /home/orin_nano/demo/install/io_context/include
[14.963s] -- Installing: /home/orin_nano/demo/install/io_context/include/msg_converters
[14.964s] -- Installing: /home/orin_nano/demo/install/io_context/include/msg_converters/converters.hpp
[14.964s] -- Installing: /home/orin_nano/demo/install/io_context/include/msg_converters/example_interfaces.hpp
[14.965s] -- Installing: /home/orin_nano/demo/install/io_context/include/msg_converters/udp_msgs.hpp
[14.965s] -- Installing: /home/orin_nano/demo/install/io_context/include/msg_converters/std_msgs.hpp
[14.965s] -- Installing: /home/orin_nano/demo/install/io_context/include/io_context
[14.965s] -- Installing: /home/orin_nano/demo/install/io_context/include/io_context/io_context.hpp
[14.965s] -- Installing: /home/orin_nano/demo/install/io_context/include/io_context/common.hpp
[14.966s] -- Installing: /home/orin_nano/demo/install/io_context/share/io_context/environment/library_path.sh
[14.966s] -- Installing: /home/orin_nano/demo/install/io_context/share/io_context/environment/library_path.dsv
[14.967s] -- Installing: /home/orin_nano/demo/install/io_context/lib/libio_context.so
[14.968s] -- Set runtime path of "/home/orin_nano/demo/install/io_context/lib/libio_context.so" to ""
[14.968s] -- Installing: /home/orin_nano/demo/install/io_context/share/ament_index/resource_index/package_run_dependencies/io_context
[14.969s] -- Installing: /home/orin_nano/demo/install/io_context/share/ament_index/resource_index/parent_prefix_path/io_context
[14.969s] -- Installing: /home/orin_nano/demo/install/io_context/share/io_context/environment/ament_prefix_path.sh
[14.969s] -- Installing: /home/orin_nano/demo/install/io_context/share/io_context/environment/ament_prefix_path.dsv
[14.970s] -- Installing: /home/orin_nano/demo/install/io_context/share/io_context/environment/path.sh
[14.970s] -- Installing: /home/orin_nano/demo/install/io_context/share/io_context/environment/path.dsv
[14.971s] -- Installing: /home/orin_nano/demo/install/io_context/share/io_context/local_setup.bash
[14.971s] -- Installing: /home/orin_nano/demo/install/io_context/share/io_context/local_setup.sh
[14.971s] -- Installing: /home/orin_nano/demo/install/io_context/share/io_context/local_setup.zsh
[14.972s] -- Installing: /home/orin_nano/demo/install/io_context/share/io_context/local_setup.dsv
[14.972s] -- Installing: /home/orin_nano/demo/install/io_context/share/io_context/package.dsv
[14.972s] -- Installing: /home/orin_nano/demo/install/io_context/share/ament_index/resource_index/packages/io_context
[14.972s] -- Installing: /home/orin_nano/demo/install/io_context/share/io_context/cmake/ament_cmake_export_dependencies-extras.cmake
[14.973s] -- Installing: /home/orin_nano/demo/install/io_context/share/io_context/cmake/ament_cmake_export_include_directories-extras.cmake
[14.973s] -- Installing: /home/orin_nano/demo/install/io_context/share/io_context/cmake/ament_cmake_export_libraries-extras.cmake
[14.974s] -- Installing: /home/orin_nano/demo/install/io_context/share/io_context/cmake/io_contextConfig.cmake
[14.974s] -- Installing: /home/orin_nano/demo/install/io_context/share/io_context/cmake/io_contextConfig-version.cmake
[14.974s] -- Installing: /home/orin_nano/demo/install/io_context/share/io_context/package.xml
[14.979s] Invoked command in '/home/orin_nano/demo/build/io_context' returned '0': CMAKE_PREFIX_PATH=/home/orin_nano/demo/install/asio_cmake_module:/home/orin_nano/demo/install/vesc:/home/orin_nano/demo/install/vesc_msgs:/home/orin_nano/demo/install/joy:/opt/ros/foxy /usr/bin/cmake --install /home/orin_nano/demo/build/io_context
