[1.528s] Invoking command in '/home/orin_nano/demo/build/udp_driver': CMAKE_PREFIX_PATH=/home/orin_nano/demo/install/io_context:/home/orin_nano/demo/install/asio_cmake_module:/home/orin_nano/demo/install/vesc:/home/orin_nano/demo/install/vesc_driver:/home/orin_nano/demo/install/vesc_ackermann:/home/orin_nano/demo/install/vesc_msgs:/home/orin_nano/demo/install/udp_driver:/home/orin_nano/demo/install/serial_driver:/home/orin_nano/demo/install/combine_pkg:/home/orin_nano/joyy/install/vesc:/home/orin_nano/joyy/install/vesc_ackermann:/home/orin_nano/joyy/install/vesc_msgs:/home/orin_nano/joyy/install/joy:/home/orin_nano/install/joy:/home/orin_nano/demo/install/joy:/opt/ros/foxy LD_LIBRARY_PATH=/home/orin_nano/demo/install/io_context/lib:/home/orin_nano/demo/install/vesc_driver/lib:/home/orin_nano/demo/install/vesc_ackermann/lib:/home/orin_nano/demo/install/vesc_msgs/lib:/home/orin_nano/demo/install/udp_driver/lib:/home/orin_nano/demo/install/serial_driver/lib:/home/orin_nano/joyy/install/vesc_ackermann/lib:/home/orin_nano/joyy/install/vesc_msgs/lib:/home/orin_nano/joyy/install/joy/lib:/home/orin_nano/install/joy/lib:/opt/ros/foxy/opt/yaml_cpp_vendor/lib:/opt/ros/foxy/opt/rviz_ogre_vendor/lib:/opt/ros/foxy/lib/aarch64-linux-gnu:/opt/ros/foxy/lib:/usr/local/cuda-11.4/lib64 /usr/bin/cmake /home/orin_nano/demo/transport_drivers/udp_driver -DCMAKE_INSTALL_PREFIX=/home/orin_nano/demo/install/udp_driver
[1.645s] -- The C compiler identification is GNU 9.4.0
[1.779s] -- The CXX compiler identification is GNU 9.4.0
[1.790s] -- Check for working C compiler: /usr/bin/cc
[1.968s] -- Check for working C compiler: /usr/bin/cc -- works
[1.970s] -- Detecting C compiler ABI info
[2.164s] -- Detecting C compiler ABI info - done
[2.185s] -- Detecting C compile features
[2.185s] -- Detecting C compile features - done
[2.190s] -- Check for working CXX compiler: /usr/bin/c++
[2.416s] -- Check for working CXX compiler: /usr/bin/c++ -- works
[2.419s] -- Detecting CXX compiler ABI info
[2.629s] -- Detecting CXX compiler ABI info - done
[2.658s] -- Detecting CXX compile features
[2.660s] -- Detecting CXX compile features - done
[2.665s] -- Found ament_cmake_auto: 0.9.12 (/opt/ros/foxy/share/ament_cmake_auto/cmake)
[2.729s] -- Found PythonInterp: /usr/bin/python3 (found suitable version "3.8.10", minimum required is "3") 
[2.730s] -- Using PYTHON_EXECUTABLE: /usr/bin/python3
[3.538s] -- Using all available rosidl_typesupport_c: rosidl_typesupport_fastrtps_c;rosidl_typesupport_introspection_c
[3.556s] -- Found rosidl_adapter: 1.3.1 (/opt/ros/foxy/share/rosidl_adapter/cmake)
[3.777s] -- Found OpenSSL: /usr/lib/aarch64-linux-gnu/libcrypto.so (found version "1.1.1f")  
[3.844s] -- Found FastRTPS: /opt/ros/foxy/include  
[4.026s] -- Using all available rosidl_typesupport_cpp: rosidl_typesupport_fastrtps_cpp;rosidl_typesupport_introspection_cpp
[4.445s] -- Found rmw_implementation_cmake: 1.0.4 (/opt/ros/foxy/share/rmw_implementation_cmake/cmake)
[4.452s] -- Using RMW implementation 'rmw_fastrtps_cpp' as default
[4.455s] -- Looking for pthread.h
[4.626s] -- Looking for pthread.h - found
[4.628s] -- Performing Test CMAKE_HAVE_LIBC_PTHREAD
[4.808s] -- Performing Test CMAKE_HAVE_LIBC_PTHREAD - Failed
[4.809s] -- Looking for pthread_create in pthreads
[4.969s] -- Looking for pthread_create in pthreads - not found
[4.970s] -- Looking for pthread_create in pthread
[5.145s] -- Looking for pthread_create in pthread - found
[5.149s] -- Found Threads: TRUE  
[5.814s] -- Found ASIO: /usr/include  
[5.976s] -- Found ament_lint_auto: 0.9.8 (/opt/ros/foxy/share/ament_lint_auto/cmake)
[6.026s] -- Found gtest sources under '/opt/ros/foxy/src/gtest_vendor': C++ tests using 'Google Test' will be built
[6.032s] -- Check if compiler accepts -pthread
[6.193s] -- Check if compiler accepts -pthread - yes
[6.235s] -- Added test 'copyright' to check source files copyright and LICENSE
[6.240s] -- Added test 'cppcheck' to perform static code analysis on C / C++ code
[6.241s] -- Configured cppcheck include dirs: /home/orin_nano/demo/transport_drivers/udp_driver/include
[6.241s] -- Configured cppcheck exclude dirs and/or files: 
[6.244s] -- Added test 'cpplint' to check C / C++ code against the Google style
[6.244s] -- Configured cpplint exclude dirs and/or files: 
[6.251s] -- Added test 'lint_cmake' to check CMake code style
[6.251s] -- Added test 'uncrustify' to check C / C++ code style
[6.251s] -- Configured uncrustify additional arguments: 
[6.252s] -- Added test 'xmllint' to check XML markup files
[6.265s] -- Configuring done
[6.519s] -- Generating done
[6.524s] -- Build files have been written to: /home/orin_nano/demo/build/udp_driver
[6.566s] Invoked command in '/home/orin_nano/demo/build/udp_driver' returned '0': CMAKE_PREFIX_PATH=/home/orin_nano/demo/install/io_context:/home/orin_nano/demo/install/asio_cmake_module:/home/orin_nano/demo/install/vesc:/home/orin_nano/demo/install/vesc_driver:/home/orin_nano/demo/install/vesc_ackermann:/home/orin_nano/demo/install/vesc_msgs:/home/orin_nano/demo/install/udp_driver:/home/orin_nano/demo/install/serial_driver:/home/orin_nano/demo/install/combine_pkg:/home/orin_nano/joyy/install/vesc:/home/orin_nano/joyy/install/vesc_ackermann:/home/orin_nano/joyy/install/vesc_msgs:/home/orin_nano/joyy/install/joy:/home/orin_nano/install/joy:/home/orin_nano/demo/install/joy:/opt/ros/foxy LD_LIBRARY_PATH=/home/orin_nano/demo/install/io_context/lib:/home/orin_nano/demo/install/vesc_driver/lib:/home/orin_nano/demo/install/vesc_ackermann/lib:/home/orin_nano/demo/install/vesc_msgs/lib:/home/orin_nano/demo/install/udp_driver/lib:/home/orin_nano/demo/install/serial_driver/lib:/home/orin_nano/joyy/install/vesc_ackermann/lib:/home/orin_nano/joyy/install/vesc_msgs/lib:/home/orin_nano/joyy/install/joy/lib:/home/orin_nano/install/joy/lib:/opt/ros/foxy/opt/yaml_cpp_vendor/lib:/opt/ros/foxy/opt/rviz_ogre_vendor/lib:/opt/ros/foxy/lib/aarch64-linux-gnu:/opt/ros/foxy/lib:/usr/local/cuda-11.4/lib64 /usr/bin/cmake /home/orin_nano/demo/transport_drivers/udp_driver -DCMAKE_INSTALL_PREFIX=/home/orin_nano/demo/install/udp_driver
[6.568s] Invoking command in '/home/orin_nano/demo/build/udp_driver': CMAKE_PREFIX_PATH=/home/orin_nano/demo/install/io_context:/home/orin_nano/demo/install/asio_cmake_module:/home/orin_nano/demo/install/vesc:/home/orin_nano/demo/install/vesc_driver:/home/orin_nano/demo/install/vesc_ackermann:/home/orin_nano/demo/install/vesc_msgs:/home/orin_nano/demo/install/udp_driver:/home/orin_nano/demo/install/serial_driver:/home/orin_nano/demo/install/combine_pkg:/home/orin_nano/joyy/install/vesc:/home/orin_nano/joyy/install/vesc_ackermann:/home/orin_nano/joyy/install/vesc_msgs:/home/orin_nano/joyy/install/joy:/home/orin_nano/install/joy:/home/orin_nano/demo/install/joy:/opt/ros/foxy LD_LIBRARY_PATH=/home/orin_nano/demo/install/io_context/lib:/home/orin_nano/demo/install/vesc_driver/lib:/home/orin_nano/demo/install/vesc_ackermann/lib:/home/orin_nano/demo/install/vesc_msgs/lib:/home/orin_nano/demo/install/udp_driver/lib:/home/orin_nano/demo/install/serial_driver/lib:/home/orin_nano/joyy/install/vesc_ackermann/lib:/home/orin_nano/joyy/install/vesc_msgs/lib:/home/orin_nano/joyy/install/joy/lib:/home/orin_nano/install/joy/lib:/opt/ros/foxy/opt/yaml_cpp_vendor/lib:/opt/ros/foxy/opt/rviz_ogre_vendor/lib:/opt/ros/foxy/lib/aarch64-linux-gnu:/opt/ros/foxy/lib:/usr/local/cuda-11.4/lib64 /usr/bin/cmake --build /home/orin_nano/demo/build/udp_driver -- -j6 -l6
[6.776s] [35m[1mScanning dependencies of target gtest[0m
[6.786s] [35m[1mScanning dependencies of target udp_driver[0m
[6.796s] [35m[1mScanning dependencies of target udp_receiver_node_exe[0m
[6.804s] [35m[1mScanning dependencies of target gtest_main[0m
[6.812s] [35m[1mScanning dependencies of target udp_sender_node_exe[0m
[6.891s] [  4%] [32mBuilding CXX object gtest/CMakeFiles/gtest.dir/src/gtest-all.cc.o[0m
[6.907s] [  8%] [32mBuilding CXX object gtest/CMakeFiles/gtest_main.dir/src/gtest_main.cc.o[0m
[6.916s] [ 12%] [32mBuilding CXX object CMakeFiles/udp_driver.dir/src/udp_socket.cpp.o[0m
[6.954s] [ 16%] [32mBuilding CXX object CMakeFiles/udp_driver.dir/src/udp_driver.cpp.o[0m
[6.996s] [ 20%] [32mBuilding CXX object CMakeFiles/udp_sender_node_exe.dir/rclcpp_components/node_main_udp_sender_node_exe.cpp.o[0m
[6.997s] [ 25%] [32mBuilding CXX object CMakeFiles/udp_receiver_node_exe.dir/rclcpp_components/node_main_udp_receiver_node_exe.cpp.o[0m
[10.570s] [ 29%] [32m[1mLinking CXX static library libgtest_main.a[0m
[10.810s] [ 29%] Built target gtest_main
[14.037s] [ 33%] [32m[1mLinking CXX shared library libudp_driver.so[0m
[14.520s] [ 33%] Built target udp_driver
[14.595s] [35m[1mScanning dependencies of target udp_driver_nodes[0m
[14.822s] [ 37%] [32mBuilding CXX object CMakeFiles/udp_driver_nodes.dir/src/udp_receiver_node.cpp.o[0m
[14.828s] [ 41%] [32mBuilding CXX object CMakeFiles/udp_driver_nodes.dir/src/udp_sender_node.cpp.o[0m
[16.958s] [ 45%] [32m[1mLinking CXX executable udp_sender_node_exe[0m
[17.574s] [ 45%] Built target udp_sender_node_exe
[17.656s] [ 50%] [32m[1mLinking CXX executable udp_receiver_node_exe[0m
[18.162s] [ 50%] Built target udp_receiver_node_exe
[18.783s] [ 54%] [32m[1mLinking CXX static library libgtest.a[0m
[19.131s] [ 54%] Built target gtest
[29.639s] [ 58%] [32m[1mLinking CXX shared library libudp_driver_nodes.so[0m
[30.582s] [ 58%] Built target udp_driver_nodes
[30.606s] [35m[1mScanning dependencies of target test_udp_driver_nodes[0m
[30.607s] [35m[1mScanning dependencies of target udp_bridge_node_exe[0m
[30.607s] [35m[1mScanning dependencies of target test_udp_driver[0m
[30.607s] [35m[1mScanning dependencies of target test_udp_data[0m
[30.608s] [35m[1mScanning dependencies of target test_udp_socket[0m
[30.659s] [ 66%] [32mBuilding CXX object CMakeFiles/test_udp_socket.dir/test/test_udp_socket.cpp.o[0m
[30.659s] [ 66%] [32mBuilding CXX object CMakeFiles/test_udp_data.dir/test/test_udp_data.cpp.o[0m
[30.698s] [ 70%] [32mBuilding CXX object CMakeFiles/udp_bridge_node_exe.dir/src/udp_bridge_node.cpp.o[0m
[30.708s] [ 75%] [32mBuilding CXX object CMakeFiles/test_udp_driver.dir/test/test_udp_driver.cpp.o[0m
[30.713s] [ 79%] [32mBuilding CXX object CMakeFiles/test_udp_driver_nodes.dir/test/test_udp_driver_nodes.cpp.o[0m
[34.181s] [ 83%] [32m[1mLinking CXX executable test_udp_socket[0m
[34.599s] [ 87%] [32m[1mLinking CXX executable test_udp_data[0m
[34.649s] [ 87%] Built target test_udp_socket
[35.065s] [ 87%] Built target test_udp_data
[36.905s] [ 91%] [32m[1mLinking CXX executable udp_bridge_node_exe[0m
[37.448s] [ 95%] [32m[1mLinking CXX executable test_udp_driver[0m
[37.498s] [ 95%] Built target udp_bridge_node_exe
[37.886s] [ 95%] Built target test_udp_driver
[45.150s] [100%] [32m[1mLinking CXX executable test_udp_driver_nodes[0m
[46.118s] [100%] Built target test_udp_driver_nodes
