[3.019s] Invoking command in '/home/orin_nano/demo/build/serial_driver': CMAKE_PREFIX_PATH=/home/orin_nano/demo/install/io_context:/home/orin_nano/demo/install/asio_cmake_module:/home/orin_nano/demo/install/vesc:/home/orin_nano/demo/install/vesc_driver:/home/orin_nano/demo/install/vesc_ackermann:/home/orin_nano/demo/install/vesc_msgs:/home/orin_nano/demo/install/udp_driver:/home/orin_nano/demo/install/serial_driver:/home/orin_nano/demo/install/combine_pkg:/home/orin_nano/joyy/install/vesc:/home/orin_nano/joyy/install/vesc_ackermann:/home/orin_nano/joyy/install/vesc_msgs:/home/orin_nano/joyy/install/joy:/home/orin_nano/install/joy:/home/orin_nano/demo/install/joy:/opt/ros/foxy LD_LIBRARY_PATH=/home/orin_nano/demo/install/io_context/lib:/home/orin_nano/demo/install/vesc_driver/lib:/home/orin_nano/demo/install/vesc_ackermann/lib:/home/orin_nano/demo/install/vesc_msgs/lib:/home/orin_nano/demo/install/udp_driver/lib:/home/orin_nano/demo/install/serial_driver/lib:/home/orin_nano/joyy/install/vesc_ackermann/lib:/home/orin_nano/joyy/install/vesc_msgs/lib:/home/orin_nano/joyy/install/joy/lib:/home/orin_nano/install/joy/lib:/opt/ros/foxy/opt/yaml_cpp_vendor/lib:/opt/ros/foxy/opt/rviz_ogre_vendor/lib:/opt/ros/foxy/lib/aarch64-linux-gnu:/opt/ros/foxy/lib:/usr/local/cuda-11.4/lib64 /usr/bin/cmake /home/orin_nano/demo/transport_drivers/serial_driver -DCMAKE_INSTALL_PREFIX=/home/orin_nano/demo/install/serial_driver
[3.136s] -- The C compiler identification is GNU 9.4.0
[3.263s] -- The CXX compiler identification is GNU 9.4.0
[3.273s] -- Check for working C compiler: /usr/bin/cc
[3.480s] -- Check for working C compiler: /usr/bin/cc -- works
[3.483s] -- Detecting C compiler ABI info
[3.690s] -- Detecting C compiler ABI info - done
[3.715s] -- Detecting C compile features
[3.716s] -- Detecting C compile features - done
[3.722s] -- Check for working CXX compiler: /usr/bin/c++
[3.943s] -- Check for working CXX compiler: /usr/bin/c++ -- works
[3.945s] -- Detecting CXX compiler ABI info
[4.138s] -- Detecting CXX compiler ABI info - done
[4.162s] -- Detecting CXX compile features
[4.164s] -- Detecting CXX compile features - done
[4.171s] -- Found ament_cmake_auto: 0.9.12 (/opt/ros/foxy/share/ament_cmake_auto/cmake)
[4.248s] -- Found PythonInterp: /usr/bin/python3 (found suitable version "3.8.10", minimum required is "3") 
[4.248s] -- Using PYTHON_EXECUTABLE: /usr/bin/python3
[5.078s] -- Using all available rosidl_typesupport_c: rosidl_typesupport_fastrtps_c;rosidl_typesupport_introspection_c
[5.096s] -- Found rosidl_adapter: 1.3.1 (/opt/ros/foxy/share/rosidl_adapter/cmake)
[5.329s] -- Found OpenSSL: /usr/lib/aarch64-linux-gnu/libcrypto.so (found version "1.1.1f")  
[5.410s] -- Found FastRTPS: /opt/ros/foxy/include  
[5.603s] -- Using all available rosidl_typesupport_cpp: rosidl_typesupport_fastrtps_cpp;rosidl_typesupport_introspection_cpp
[6.027s] -- Found rmw_implementation_cmake: 1.0.4 (/opt/ros/foxy/share/rmw_implementation_cmake/cmake)
[6.033s] -- Using RMW implementation 'rmw_fastrtps_cpp' as default
[6.036s] -- Looking for pthread.h
[6.216s] -- Looking for pthread.h - found
[6.217s] -- Performing Test CMAKE_HAVE_LIBC_PTHREAD
[6.401s] -- Performing Test CMAKE_HAVE_LIBC_PTHREAD - Failed
[6.404s] -- Looking for pthread_create in pthreads
[6.576s] -- Looking for pthread_create in pthreads - not found
[6.577s] -- Looking for pthread_create in pthread
[6.752s] -- Looking for pthread_create in pthread - found
[6.755s] -- Found Threads: TRUE  
[7.369s] -- Found ASIO: /usr/include  
[7.469s] -- Found ament_lint_auto: 0.9.8 (/opt/ros/foxy/share/ament_lint_auto/cmake)
[7.520s] -- Found gtest sources under '/opt/ros/foxy/src/gtest_vendor': C++ tests using 'Google Test' will be built
[7.525s] -- Check if compiler accepts -pthread
[7.694s] -- Check if compiler accepts -pthread - yes
[7.718s] -- Added test 'copyright' to check source files copyright and LICENSE
[7.722s] -- Added test 'cppcheck' to perform static code analysis on C / C++ code
[7.723s] -- Configured cppcheck include dirs: /home/orin_nano/demo/transport_drivers/serial_driver/include
[7.723s] -- Configured cppcheck exclude dirs and/or files: 
[7.726s] -- Added test 'cpplint' to check C / C++ code against the Google style
[7.726s] -- Configured cpplint exclude dirs and/or files: 
[7.727s] -- Added test 'flake8' to check Python code syntax and style conventions
[7.730s] -- Added test 'lint_cmake' to check CMake code style
[7.730s] -- Added test 'pep257' to check Python code against some of the style conventions in PEP 257
[7.733s] -- Added test 'uncrustify' to check C / C++ code style
[7.733s] -- Configured uncrustify additional arguments: 
[7.734s] -- Added test 'xmllint' to check XML markup files
[7.752s] -- Configuring done
[7.884s] -- Generating done
[7.889s] -- Build files have been written to: /home/orin_nano/demo/build/serial_driver
[7.922s] Invoked command in '/home/orin_nano/demo/build/serial_driver' returned '0': CMAKE_PREFIX_PATH=/home/orin_nano/demo/install/io_context:/home/orin_nano/demo/install/asio_cmake_module:/home/orin_nano/demo/install/vesc:/home/orin_nano/demo/install/vesc_driver:/home/orin_nano/demo/install/vesc_ackermann:/home/orin_nano/demo/install/vesc_msgs:/home/orin_nano/demo/install/udp_driver:/home/orin_nano/demo/install/serial_driver:/home/orin_nano/demo/install/combine_pkg:/home/orin_nano/joyy/install/vesc:/home/orin_nano/joyy/install/vesc_ackermann:/home/orin_nano/joyy/install/vesc_msgs:/home/orin_nano/joyy/install/joy:/home/orin_nano/install/joy:/home/orin_nano/demo/install/joy:/opt/ros/foxy LD_LIBRARY_PATH=/home/orin_nano/demo/install/io_context/lib:/home/orin_nano/demo/install/vesc_driver/lib:/home/orin_nano/demo/install/vesc_ackermann/lib:/home/orin_nano/demo/install/vesc_msgs/lib:/home/orin_nano/demo/install/udp_driver/lib:/home/orin_nano/demo/install/serial_driver/lib:/home/orin_nano/joyy/install/vesc_ackermann/lib:/home/orin_nano/joyy/install/vesc_msgs/lib:/home/orin_nano/joyy/install/joy/lib:/home/orin_nano/install/joy/lib:/opt/ros/foxy/opt/yaml_cpp_vendor/lib:/opt/ros/foxy/opt/rviz_ogre_vendor/lib:/opt/ros/foxy/lib/aarch64-linux-gnu:/opt/ros/foxy/lib:/usr/local/cuda-11.4/lib64 /usr/bin/cmake /home/orin_nano/demo/transport_drivers/serial_driver -DCMAKE_INSTALL_PREFIX=/home/orin_nano/demo/install/serial_driver
[7.931s] Invoking command in '/home/orin_nano/demo/build/serial_driver': CMAKE_PREFIX_PATH=/home/orin_nano/demo/install/io_context:/home/orin_nano/demo/install/asio_cmake_module:/home/orin_nano/demo/install/vesc:/home/orin_nano/demo/install/vesc_driver:/home/orin_nano/demo/install/vesc_ackermann:/home/orin_nano/demo/install/vesc_msgs:/home/orin_nano/demo/install/udp_driver:/home/orin_nano/demo/install/serial_driver:/home/orin_nano/demo/install/combine_pkg:/home/orin_nano/joyy/install/vesc:/home/orin_nano/joyy/install/vesc_ackermann:/home/orin_nano/joyy/install/vesc_msgs:/home/orin_nano/joyy/install/joy:/home/orin_nano/install/joy:/home/orin_nano/demo/install/joy:/opt/ros/foxy LD_LIBRARY_PATH=/home/orin_nano/demo/install/io_context/lib:/home/orin_nano/demo/install/vesc_driver/lib:/home/orin_nano/demo/install/vesc_ackermann/lib:/home/orin_nano/demo/install/vesc_msgs/lib:/home/orin_nano/demo/install/udp_driver/lib:/home/orin_nano/demo/install/serial_driver/lib:/home/orin_nano/joyy/install/vesc_ackermann/lib:/home/orin_nano/joyy/install/vesc_msgs/lib:/home/orin_nano/joyy/install/joy/lib:/home/orin_nano/install/joy/lib:/opt/ros/foxy/opt/yaml_cpp_vendor/lib:/opt/ros/foxy/opt/rviz_ogre_vendor/lib:/opt/ros/foxy/lib/aarch64-linux-gnu:/opt/ros/foxy/lib:/usr/local/cuda-11.4/lib64 /usr/bin/cmake --build /home/orin_nano/demo/build/serial_driver -- -j6 -l6
[8.037s] [35m[1mScanning dependencies of target serial_driver[0m
[8.042s] [35m[1mScanning dependencies of target serial_bridge[0m
[8.057s] [35m[1mScanning dependencies of target gtest[0m
[8.084s] [35m[1mScanning dependencies of target gtest_main[0m
[8.119s] [  6%] [32mBuilding CXX object CMakeFiles/serial_driver.dir/src/serial_port.cpp.o[0m
[8.127s] [ 13%] [32mBuilding CXX object gtest/CMakeFiles/gtest.dir/src/gtest-all.cc.o[0m
[8.129s] [ 20%] [32mBuilding CXX object CMakeFiles/serial_driver.dir/src/serial_driver.cpp.o[0m
[8.156s] [ 26%] [32mBuilding CXX object CMakeFiles/serial_bridge.dir/rclcpp_components/node_main_serial_bridge.cpp.o[0m
[8.158s] [ 33%] [32mBuilding CXX object gtest/CMakeFiles/gtest_main.dir/src/gtest_main.cc.o[0m
[11.836s] [ 40%] [32m[1mLinking CXX static library libgtest_main.a[0m
[12.047s] [ 40%] Built target gtest_main
[15.122s] [ 46%] [32m[1mLinking CXX shared library libserial_driver.so[0m
[15.690s] [ 46%] Built target serial_driver
[15.759s] [35m[1mScanning dependencies of target serial_driver_nodes[0m
[15.948s] [ 53%] [32mBuilding CXX object CMakeFiles/serial_driver_nodes.dir/src/serial_bridge_node.cpp.o[0m
[18.155s] [ 60%] [32m[1mLinking CXX executable serial_bridge[0m
[18.721s] [ 60%] Built target serial_bridge
[19.638s] [ 66%] [32m[1mLinking CXX static library libgtest.a[0m
[19.760s] [ 66%] Built target gtest
[19.790s] [35m[1mScanning dependencies of target test_serial_driver[0m
[19.807s] [35m[1mScanning dependencies of target test_serial_port[0m
[19.860s] [ 73%] [32mBuilding CXX object CMakeFiles/test_serial_driver.dir/test/test_serial_driver.cpp.o[0m
[19.882s] [ 80%] [32mBuilding CXX object CMakeFiles/test_serial_port.dir/test/test_serial_port.cpp.o[0m
[23.354s] [ 86%] [32m[1mLinking CXX executable test_serial_driver[0m
[23.729s] [ 93%] [32m[1mLinking CXX executable test_serial_port[0m
[23.814s] [ 93%] Built target test_serial_driver
[24.193s] [ 93%] Built target test_serial_port
[31.056s] [100%] [32m[1mLinking CXX shared library libserial_driver_nodes.so[0m
[31.935s] [100%] Built target serial_driver_nodes
