[4.418s] DEBUG:colcon:Command line arguments: ['/usr/bin/colcon', 'build']
[4.418s] DEBUG:colcon:Parsed command line arguments: Namespace(allow_overriding=[], ament_cmake_args=None, base_paths=['.'], build_base='build', catkin_cmake_args=None, catkin_skip_building_tests=False, cmake_args=None, cmake_clean_cache=False, cmake_clean_first=False, cmake_force_configure=False, cmake_target=None, cmake_target_skip_unavailable=False, continue_on_error=False, event_handlers=None, executor='parallel', ignore_user_meta=False, install_base='install', log_base=None, log_level=None, main=<bound method BuildVerb.main of <colcon_core.verb.build.BuildVerb object at 0xffff8885f190>>, merge_install=False, metas=['./colcon.meta'], packages_above=None, packages_above_and_dependencies=None, packages_above_depth=None, packages_end=None, packages_ignore=None, packages_ignore_regex=None, packages_select=None, packages_select_build_failed=False, packages_select_by_dep=None, packages_select_regex=None, packages_select_test_failures=False, packages_skip=None, packages_skip_build_finished=False, packages_skip_by_dep=None, packages_skip_regex=None, packages_skip_test_passed=False, packages_skip_up_to=None, packages_start=None, packages_up_to=None, packages_up_to_regex=None, parallel_workers=6, paths=None, symlink_install=False, test_result_base=None, verb_extension=<colcon_core.verb.build.BuildVerb object at 0xffff8885f190>, verb_name='build', verb_parser=<colcon_defaults.argument_parser.defaults.DefaultArgumentsDecorator object at 0xffff8849f2b0>)
[4.604s] Level 1:colcon.colcon_core.package_discovery:discover_packages(colcon_meta) check parameters
[4.605s] Level 1:colcon.colcon_core.package_discovery:discover_packages(recursive) check parameters
[4.605s] Level 1:colcon.colcon_core.package_discovery:discover_packages(ignore) check parameters
[4.605s] Level 1:colcon.colcon_core.package_discovery:discover_packages(path) check parameters
[4.605s] Level 1:colcon.colcon_core.package_discovery:discover_packages(colcon_meta) discover
[4.605s] Level 1:colcon.colcon_core.package_discovery:discover_packages(recursive) discover
[4.605s] INFO:colcon.colcon_core.package_discovery:Crawling recursively for packages in '/home/orin_nano/demo'
[4.605s] Level 1:colcon.colcon_core.package_identification:_identify(.) by extensions ['ignore', 'ignore_ament_install']
[4.606s] Level 1:colcon.colcon_core.package_identification:_identify(.) by extension 'ignore'
[4.606s] Level 1:colcon.colcon_core.package_identification:_identify(.) by extension 'ignore_ament_install'
[4.606s] Level 1:colcon.colcon_core.package_identification:_identify(.) by extensions ['colcon_pkg']
[4.606s] Level 1:colcon.colcon_core.package_identification:_identify(.) by extension 'colcon_pkg'
[4.606s] Level 1:colcon.colcon_core.package_identification:_identify(.) by extensions ['colcon_meta']
[4.606s] Level 1:colcon.colcon_core.package_identification:_identify(.) by extension 'colcon_meta'
[4.606s] Level 1:colcon.colcon_core.package_identification:_identify(.) by extensions ['ros']
[4.606s] Level 1:colcon.colcon_core.package_identification:_identify(.) by extension 'ros'
[4.627s] Level 1:colcon.colcon_core.package_identification:_identify(.) by extensions ['cmake', 'python']
[4.628s] Level 1:colcon.colcon_core.package_identification:_identify(.) by extension 'cmake'
[4.628s] Level 1:colcon.colcon_core.package_identification:_identify(.) by extension 'python'
[4.628s] Level 1:colcon.colcon_core.package_identification:_identify(.) by extensions ['python_setup_py']
[4.628s] Level 1:colcon.colcon_core.package_identification:_identify(.) by extension 'python_setup_py'
[4.628s] Level 1:colcon.colcon_core.package_identification:_identify(build) by extensions ['ignore', 'ignore_ament_install']
[4.628s] Level 1:colcon.colcon_core.package_identification:_identify(build) by extension 'ignore'
[4.629s] Level 1:colcon.colcon_core.package_identification:_identify(build) ignored
[4.629s] Level 1:colcon.colcon_core.package_identification:_identify(install) by extensions ['ignore', 'ignore_ament_install']
[4.629s] Level 1:colcon.colcon_core.package_identification:_identify(install) by extension 'ignore'
[4.629s] Level 1:colcon.colcon_core.package_identification:_identify(install) ignored
[4.629s] Level 1:colcon.colcon_core.package_identification:_identify(log) by extensions ['ignore', 'ignore_ament_install']
[4.630s] Level 1:colcon.colcon_core.package_identification:_identify(log) by extension 'ignore'
[4.630s] Level 1:colcon.colcon_core.package_identification:_identify(log) ignored
[4.630s] Level 1:colcon.colcon_core.package_identification:_identify(src) by extensions ['ignore', 'ignore_ament_install']
[4.630s] Level 1:colcon.colcon_core.package_identification:_identify(src) by extension 'ignore'
[4.630s] Level 1:colcon.colcon_core.package_identification:_identify(src) by extension 'ignore_ament_install'
[4.630s] Level 1:colcon.colcon_core.package_identification:_identify(src) by extensions ['colcon_pkg']
[4.630s] Level 1:colcon.colcon_core.package_identification:_identify(src) by extension 'colcon_pkg'
[4.630s] Level 1:colcon.colcon_core.package_identification:_identify(src) by extensions ['colcon_meta']
[4.631s] Level 1:colcon.colcon_core.package_identification:_identify(src) by extension 'colcon_meta'
[4.631s] Level 1:colcon.colcon_core.package_identification:_identify(src) by extensions ['ros']
[4.631s] Level 1:colcon.colcon_core.package_identification:_identify(src) by extension 'ros'
[4.631s] Level 1:colcon.colcon_core.package_identification:_identify(src) by extensions ['cmake', 'python']
[4.631s] Level 1:colcon.colcon_core.package_identification:_identify(src) by extension 'cmake'
[4.631s] Level 1:colcon.colcon_core.package_identification:_identify(src) by extension 'python'
[4.631s] Level 1:colcon.colcon_core.package_identification:_identify(src) by extensions ['python_setup_py']
[4.631s] Level 1:colcon.colcon_core.package_identification:_identify(src) by extension 'python_setup_py'
[4.631s] Level 1:colcon.colcon_core.package_identification:_identify(src/joy) by extensions ['ignore', 'ignore_ament_install']
[4.632s] Level 1:colcon.colcon_core.package_identification:_identify(src/joy) by extension 'ignore'
[4.632s] Level 1:colcon.colcon_core.package_identification:_identify(src/joy) by extension 'ignore_ament_install'
[4.632s] Level 1:colcon.colcon_core.package_identification:_identify(src/joy) by extensions ['colcon_pkg']
[4.632s] Level 1:colcon.colcon_core.package_identification:_identify(src/joy) by extension 'colcon_pkg'
[4.632s] Level 1:colcon.colcon_core.package_identification:_identify(src/joy) by extensions ['colcon_meta']
[4.632s] Level 1:colcon.colcon_core.package_identification:_identify(src/joy) by extension 'colcon_meta'
[4.632s] Level 1:colcon.colcon_core.package_identification:_identify(src/joy) by extensions ['ros']
[4.632s] Level 1:colcon.colcon_core.package_identification:_identify(src/joy) by extension 'ros'
[4.638s] DEBUG:colcon.colcon_core.package_identification:Package 'src/joy' with type 'ros.ament_cmake' and name 'joy'
[4.638s] Level 1:colcon.colcon_core.package_identification:_identify(src/vesc_foxy) by extensions ['ignore', 'ignore_ament_install']
[4.638s] Level 1:colcon.colcon_core.package_identification:_identify(src/vesc_foxy) by extension 'ignore'
[4.638s] Level 1:colcon.colcon_core.package_identification:_identify(src/vesc_foxy) by extension 'ignore_ament_install'
[4.638s] Level 1:colcon.colcon_core.package_identification:_identify(src/vesc_foxy) by extensions ['colcon_pkg']
[4.638s] Level 1:colcon.colcon_core.package_identification:_identify(src/vesc_foxy) by extension 'colcon_pkg'
[4.639s] Level 1:colcon.colcon_core.package_identification:_identify(src/vesc_foxy) by extensions ['colcon_meta']
[4.639s] Level 1:colcon.colcon_core.package_identification:_identify(src/vesc_foxy) by extension 'colcon_meta'
[4.639s] Level 1:colcon.colcon_core.package_identification:_identify(src/vesc_foxy) by extensions ['ros']
[4.639s] Level 1:colcon.colcon_core.package_identification:_identify(src/vesc_foxy) by extension 'ros'
[4.639s] Level 1:colcon.colcon_core.package_identification:_identify(src/vesc_foxy) by extensions ['cmake', 'python']
[4.639s] Level 1:colcon.colcon_core.package_identification:_identify(src/vesc_foxy) by extension 'cmake'
[4.639s] Level 1:colcon.colcon_core.package_identification:_identify(src/vesc_foxy) by extension 'python'
[4.639s] Level 1:colcon.colcon_core.package_identification:_identify(src/vesc_foxy) by extensions ['python_setup_py']
[4.639s] Level 1:colcon.colcon_core.package_identification:_identify(src/vesc_foxy) by extension 'python_setup_py'
[4.640s] Level 1:colcon.colcon_core.package_identification:_identify(src/vesc_foxy/vesc) by extensions ['ignore', 'ignore_ament_install']
[4.640s] Level 1:colcon.colcon_core.package_identification:_identify(src/vesc_foxy/vesc) by extension 'ignore'
[4.640s] Level 1:colcon.colcon_core.package_identification:_identify(src/vesc_foxy/vesc) by extension 'ignore_ament_install'
[4.640s] Level 1:colcon.colcon_core.package_identification:_identify(src/vesc_foxy/vesc) by extensions ['colcon_pkg']
[4.640s] Level 1:colcon.colcon_core.package_identification:_identify(src/vesc_foxy/vesc) by extension 'colcon_pkg'
[4.640s] Level 1:colcon.colcon_core.package_identification:_identify(src/vesc_foxy/vesc) by extensions ['colcon_meta']
[4.640s] Level 1:colcon.colcon_core.package_identification:_identify(src/vesc_foxy/vesc) by extension 'colcon_meta'
[4.640s] Level 1:colcon.colcon_core.package_identification:_identify(src/vesc_foxy/vesc) by extensions ['ros']
[4.640s] Level 1:colcon.colcon_core.package_identification:_identify(src/vesc_foxy/vesc) by extension 'ros'
[4.641s] DEBUG:colcon.colcon_core.package_identification:Package 'src/vesc_foxy/vesc' with type 'ros.ament_cmake' and name 'vesc'
[4.642s] Level 1:colcon.colcon_core.package_identification:_identify(src/vesc_foxy/vesc_msgs) by extensions ['ignore', 'ignore_ament_install']
[4.642s] Level 1:colcon.colcon_core.package_identification:_identify(src/vesc_foxy/vesc_msgs) by extension 'ignore'
[4.642s] Level 1:colcon.colcon_core.package_identification:_identify(src/vesc_foxy/vesc_msgs) by extension 'ignore_ament_install'
[4.642s] Level 1:colcon.colcon_core.package_identification:_identify(src/vesc_foxy/vesc_msgs) by extensions ['colcon_pkg']
[4.642s] Level 1:colcon.colcon_core.package_identification:_identify(src/vesc_foxy/vesc_msgs) by extension 'colcon_pkg'
[4.642s] Level 1:colcon.colcon_core.package_identification:_identify(src/vesc_foxy/vesc_msgs) by extensions ['colcon_meta']
[4.642s] Level 1:colcon.colcon_core.package_identification:_identify(src/vesc_foxy/vesc_msgs) by extension 'colcon_meta'
[4.643s] Level 1:colcon.colcon_core.package_identification:_identify(src/vesc_foxy/vesc_msgs) by extensions ['ros']
[4.643s] Level 1:colcon.colcon_core.package_identification:_identify(src/vesc_foxy/vesc_msgs) by extension 'ros'
[4.644s] DEBUG:colcon.colcon_core.package_identification:Package 'src/vesc_foxy/vesc_msgs' with type 'ros.ament_cmake' and name 'vesc_msgs'
[4.644s] Level 1:colcon.colcon_core.package_discovery:discover_packages(recursive) using defaults
[4.645s] Level 1:colcon.colcon_core.package_discovery:discover_packages(ignore) discover
[4.645s] Level 1:colcon.colcon_core.package_discovery:discover_packages(ignore) using defaults
[4.645s] Level 1:colcon.colcon_core.package_discovery:discover_packages(path) discover
[4.645s] Level 1:colcon.colcon_core.package_discovery:discover_packages(path) using defaults
[5.035s] Level 1:colcon.colcon_core.package_discovery:discover_packages(prefix_path) check parameters
[5.035s] Level 1:colcon.colcon_core.package_discovery:discover_packages(prefix_path) discover
[5.209s] DEBUG:colcon.colcon_installed_package_information.package_discovery:Found 257 installed packages in /opt/ros/foxy
[5.212s] Level 1:colcon.colcon_core.package_discovery:discover_packages(prefix_path) using defaults
[5.420s] WARNING:colcon.colcon_core.package_selection:Some selected packages are already built in one or more underlay workspaces:
	'joy' is in: /opt/ros/foxy
If a package in a merged underlay workspace is overridden and it installs headers, then all packages in the overlay must sort their include directories by workspace order. Failure to do so may result in build failures or undefined behavior at run time.
If the overridden package is used by another package in any underlay, then the overriding package in the overlay must be API and ABI compatible or undefined behavior at run time may occur.

If you understand the risks and want to override a package anyways, add the following to the command line:
	--allow-overriding joy

This may be promoted to an error in a future release of colcon-override-check.
[5.496s] Level 5:colcon.colcon_core.verb:set package 'joy' build argument 'cmake_args' from command line to 'None'
[5.496s] Level 5:colcon.colcon_core.verb:set package 'joy' build argument 'cmake_target' from command line to 'None'
[5.496s] Level 5:colcon.colcon_core.verb:set package 'joy' build argument 'cmake_target_skip_unavailable' from command line to 'False'
[5.497s] Level 5:colcon.colcon_core.verb:set package 'joy' build argument 'cmake_clean_cache' from command line to 'False'
[5.497s] Level 5:colcon.colcon_core.verb:set package 'joy' build argument 'cmake_clean_first' from command line to 'False'
[5.497s] Level 5:colcon.colcon_core.verb:set package 'joy' build argument 'cmake_force_configure' from command line to 'False'
[5.497s] Level 5:colcon.colcon_core.verb:set package 'joy' build argument 'ament_cmake_args' from command line to 'None'
[5.497s] Level 5:colcon.colcon_core.verb:set package 'joy' build argument 'catkin_cmake_args' from command line to 'None'
[5.497s] Level 5:colcon.colcon_core.verb:set package 'joy' build argument 'catkin_skip_building_tests' from command line to 'False'
[5.497s] DEBUG:colcon.colcon_core.verb:Building package 'joy' with the following arguments: {'ament_cmake_args': None, 'build_base': '/home/orin_nano/demo/build/joy', 'catkin_cmake_args': None, 'catkin_skip_building_tests': False, 'cmake_args': None, 'cmake_clean_cache': False, 'cmake_clean_first': False, 'cmake_force_configure': False, 'cmake_target': None, 'cmake_target_skip_unavailable': False, 'install_base': '/home/orin_nano/demo/install/joy', 'merge_install': False, 'path': '/home/orin_nano/demo/src/joy', 'symlink_install': False, 'test_result_base': None}
[5.568s] Level 5:colcon.colcon_core.verb:set package 'vesc_msgs' build argument 'cmake_args' from command line to 'None'
[5.568s] Level 5:colcon.colcon_core.verb:set package 'vesc_msgs' build argument 'cmake_target' from command line to 'None'
[5.568s] Level 5:colcon.colcon_core.verb:set package 'vesc_msgs' build argument 'cmake_target_skip_unavailable' from command line to 'False'
[5.568s] Level 5:colcon.colcon_core.verb:set package 'vesc_msgs' build argument 'cmake_clean_cache' from command line to 'False'
[5.568s] Level 5:colcon.colcon_core.verb:set package 'vesc_msgs' build argument 'cmake_clean_first' from command line to 'False'
[5.568s] Level 5:colcon.colcon_core.verb:set package 'vesc_msgs' build argument 'cmake_force_configure' from command line to 'False'
[5.568s] Level 5:colcon.colcon_core.verb:set package 'vesc_msgs' build argument 'ament_cmake_args' from command line to 'None'
[5.568s] Level 5:colcon.colcon_core.verb:set package 'vesc_msgs' build argument 'catkin_cmake_args' from command line to 'None'
[5.568s] Level 5:colcon.colcon_core.verb:set package 'vesc_msgs' build argument 'catkin_skip_building_tests' from command line to 'False'
[5.568s] DEBUG:colcon.colcon_core.verb:Building package 'vesc_msgs' with the following arguments: {'ament_cmake_args': None, 'build_base': '/home/orin_nano/demo/build/vesc_msgs', 'catkin_cmake_args': None, 'catkin_skip_building_tests': False, 'cmake_args': None, 'cmake_clean_cache': False, 'cmake_clean_first': False, 'cmake_force_configure': False, 'cmake_target': None, 'cmake_target_skip_unavailable': False, 'install_base': '/home/orin_nano/demo/install/vesc_msgs', 'merge_install': False, 'path': '/home/orin_nano/demo/src/vesc_foxy/vesc_msgs', 'symlink_install': False, 'test_result_base': None}
[5.639s] Level 5:colcon.colcon_core.verb:set package 'vesc' build argument 'cmake_args' from command line to 'None'
[5.639s] Level 5:colcon.colcon_core.verb:set package 'vesc' build argument 'cmake_target' from command line to 'None'
[5.639s] Level 5:colcon.colcon_core.verb:set package 'vesc' build argument 'cmake_target_skip_unavailable' from command line to 'False'
[5.640s] Level 5:colcon.colcon_core.verb:set package 'vesc' build argument 'cmake_clean_cache' from command line to 'False'
[5.640s] Level 5:colcon.colcon_core.verb:set package 'vesc' build argument 'cmake_clean_first' from command line to 'False'
[5.640s] Level 5:colcon.colcon_core.verb:set package 'vesc' build argument 'cmake_force_configure' from command line to 'False'
[5.640s] Level 5:colcon.colcon_core.verb:set package 'vesc' build argument 'ament_cmake_args' from command line to 'None'
[5.640s] Level 5:colcon.colcon_core.verb:set package 'vesc' build argument 'catkin_cmake_args' from command line to 'None'
[5.640s] Level 5:colcon.colcon_core.verb:set package 'vesc' build argument 'catkin_skip_building_tests' from command line to 'False'
[5.640s] DEBUG:colcon.colcon_core.verb:Building package 'vesc' with the following arguments: {'ament_cmake_args': None, 'build_base': '/home/orin_nano/demo/build/vesc', 'catkin_cmake_args': None, 'catkin_skip_building_tests': False, 'cmake_args': None, 'cmake_clean_cache': False, 'cmake_clean_first': False, 'cmake_force_configure': False, 'cmake_target': None, 'cmake_target_skip_unavailable': False, 'install_base': '/home/orin_nano/demo/install/vesc', 'merge_install': False, 'path': '/home/orin_nano/demo/src/vesc_foxy/vesc', 'symlink_install': False, 'test_result_base': None}
[5.711s] INFO:colcon.colcon_core.executor:Executing jobs using 'parallel' executor
[5.785s] DEBUG:colcon.colcon_parallel_executor.executor.parallel:run_until_complete
[5.786s] INFO:colcon.colcon_ros.task.ament_cmake.build:Building ROS package in '/home/orin_nano/demo/src/vesc_foxy/vesc_msgs' with build type 'ament_cmake'
[5.786s] INFO:colcon.colcon_cmake.task.cmake.build:Building CMake package in '/home/orin_nano/demo/src/vesc_foxy/vesc_msgs'
[5.862s] INFO:colcon.colcon_core.plugin_system:Skipping extension 'colcon_core.shell.bat': Not used on non-Windows systems
[5.862s] INFO:colcon.colcon_core.shell:Skip shell extension 'powershell' for command environment: Not usable outside of PowerShell
[5.863s] DEBUG:colcon.colcon_core.shell:Skip shell extension 'dsv' for command environment
[6.020s] INFO:colcon.colcon_ros.task.ament_cmake.build:Building ROS package in '/home/orin_nano/demo/src/joy' with build type 'ament_cmake'
[6.021s] INFO:colcon.colcon_cmake.task.cmake.build:Building CMake package in '/home/orin_nano/demo/src/joy'
[6.097s] INFO:colcon.colcon_core.shell:Skip shell extension 'powershell' for command environment: Not usable outside of PowerShell
[6.098s] DEBUG:colcon.colcon_core.shell:Skip shell extension 'dsv' for command environment
[6.269s] DEBUG:colcon.colcon_core.event_handler.log_command:Invoking command in '/home/orin_nano/demo/build/vesc_msgs': CMAKE_PREFIX_PATH=/opt/ros/foxy /usr/bin/cmake --build /home/orin_nano/demo/build/vesc_msgs -- -j6 -l6
[6.281s] DEBUG:colcon.colcon_core.event_handler.log_command:Invoking command in '/home/orin_nano/demo/build/joy': CMAKE_PREFIX_PATH=/opt/ros/foxy /usr/bin/cmake --build /home/orin_nano/demo/build/joy -- -j6 -l6
[6.426s] DEBUG:colcon.colcon_core.event_handler.log_command:Invoked command in '/home/orin_nano/demo/build/joy' returned '0': CMAKE_PREFIX_PATH=/opt/ros/foxy /usr/bin/cmake --build /home/orin_nano/demo/build/joy -- -j6 -l6
[6.510s] DEBUG:colcon.colcon_core.event_handler.log_command:Invoking command in '/home/orin_nano/demo/build/joy': CMAKE_PREFIX_PATH=/opt/ros/foxy /usr/bin/cmake --install /home/orin_nano/demo/build/joy
[6.536s] Level 1:colcon.colcon_core.environment:create_environment_scripts_only(joy)
[6.537s] DEBUG:colcon.colcon_core.event_handler.log_command:Invoked command in '/home/orin_nano/demo/build/joy' returned '0': CMAKE_PREFIX_PATH=/opt/ros/foxy /usr/bin/cmake --install /home/orin_nano/demo/build/joy
[6.623s] Level 1:colcon.colcon_core.environment:checking '/home/orin_nano/demo/install/joy' for CMake module files
[6.624s] Level 1:colcon.colcon_core.environment:checking '/home/orin_nano/demo/install/joy' for CMake config files
[6.625s] Level 1:colcon.colcon_core.shell:create_environment_hook('joy', 'cmake_prefix_path')
[6.741s] INFO:colcon.colcon_core.shell:Creating environment hook '/home/orin_nano/demo/install/joy/share/joy/hook/cmake_prefix_path.ps1'
[6.743s] INFO:colcon.colcon_core.shell:Creating environment descriptor '/home/orin_nano/demo/install/joy/share/joy/hook/cmake_prefix_path.dsv'
[6.744s] INFO:colcon.colcon_core.shell:Creating environment hook '/home/orin_nano/demo/install/joy/share/joy/hook/cmake_prefix_path.sh'
[6.746s] Level 1:colcon.colcon_core.environment:checking '/home/orin_nano/demo/install/joy/lib'
[6.746s] Level 1:colcon.colcon_core.shell:create_environment_hook('joy', 'ld_library_path_lib')
[6.822s] INFO:colcon.colcon_core.shell:Creating environment hook '/home/orin_nano/demo/install/joy/share/joy/hook/ld_library_path_lib.ps1'
[6.823s] INFO:colcon.colcon_core.shell:Creating environment descriptor '/home/orin_nano/demo/install/joy/share/joy/hook/ld_library_path_lib.dsv'
[6.824s] INFO:colcon.colcon_core.shell:Creating environment hook '/home/orin_nano/demo/install/joy/share/joy/hook/ld_library_path_lib.sh'
[6.824s] Level 1:colcon.colcon_core.environment:checking '/home/orin_nano/demo/install/joy/bin'
[6.825s] Level 1:colcon.colcon_core.environment:checking '/home/orin_nano/demo/install/joy/lib/pkgconfig/joy.pc'
[6.825s] Level 1:colcon.colcon_core.environment:checking '/home/orin_nano/demo/install/joy/lib/python3.8/site-packages'
[6.825s] Level 1:colcon.colcon_core.environment:checking '/home/orin_nano/demo/install/joy/bin'
[6.900s] INFO:colcon.colcon_core.shell:Creating package script '/home/orin_nano/demo/install/joy/share/joy/package.ps1'
[6.902s] INFO:colcon.colcon_core.shell:Creating package descriptor '/home/orin_nano/demo/install/joy/share/joy/package.dsv'
[6.903s] INFO:colcon.colcon_core.shell:Creating package script '/home/orin_nano/demo/install/joy/share/joy/package.sh'
[6.904s] INFO:colcon.colcon_core.shell:Creating package script '/home/orin_nano/demo/install/joy/share/joy/package.bash'
[6.905s] INFO:colcon.colcon_core.shell:Creating package script '/home/orin_nano/demo/install/joy/share/joy/package.zsh'
[6.906s] Level 1:colcon.colcon_core.environment:create_file_with_runtime_dependencies(/home/orin_nano/demo/install/joy/share/colcon-core/packages/joy)
[6.915s] DEBUG:colcon.colcon_core.event_handler.log_command:Invoked command in '/home/orin_nano/demo/build/vesc_msgs' returned '0': CMAKE_PREFIX_PATH=/opt/ros/foxy /usr/bin/cmake --build /home/orin_nano/demo/build/vesc_msgs -- -j6 -l6
[7.040s] Level 1:colcon.colcon_core.environment:create_environment_scripts_only(joy)
[7.116s] Level 1:colcon.colcon_core.environment:checking '/home/orin_nano/demo/install/joy' for CMake module files
[7.117s] Level 1:colcon.colcon_core.environment:checking '/home/orin_nano/demo/install/joy' for CMake config files
[7.118s] Level 1:colcon.colcon_core.shell:create_environment_hook('joy', 'cmake_prefix_path')
[7.193s] INFO:colcon.colcon_core.shell:Creating environment hook '/home/orin_nano/demo/install/joy/share/joy/hook/cmake_prefix_path.ps1'
[7.194s] INFO:colcon.colcon_core.shell:Creating environment descriptor '/home/orin_nano/demo/install/joy/share/joy/hook/cmake_prefix_path.dsv'
[7.195s] INFO:colcon.colcon_core.shell:Creating environment hook '/home/orin_nano/demo/install/joy/share/joy/hook/cmake_prefix_path.sh'
[7.196s] Level 1:colcon.colcon_core.environment:checking '/home/orin_nano/demo/install/joy/lib'
[7.196s] Level 1:colcon.colcon_core.shell:create_environment_hook('joy', 'ld_library_path_lib')
[7.271s] INFO:colcon.colcon_core.shell:Creating environment hook '/home/orin_nano/demo/install/joy/share/joy/hook/ld_library_path_lib.ps1'
[7.272s] INFO:colcon.colcon_core.shell:Creating environment descriptor '/home/orin_nano/demo/install/joy/share/joy/hook/ld_library_path_lib.dsv'
[7.273s] INFO:colcon.colcon_core.shell:Creating environment hook '/home/orin_nano/demo/install/joy/share/joy/hook/ld_library_path_lib.sh'
[7.274s] Level 1:colcon.colcon_core.environment:checking '/home/orin_nano/demo/install/joy/bin'
[7.274s] Level 1:colcon.colcon_core.environment:checking '/home/orin_nano/demo/install/joy/lib/pkgconfig/joy.pc'
[7.274s] Level 1:colcon.colcon_core.environment:checking '/home/orin_nano/demo/install/joy/lib/python3.8/site-packages'
[7.275s] Level 1:colcon.colcon_core.environment:checking '/home/orin_nano/demo/install/joy/bin'
[7.349s] INFO:colcon.colcon_core.shell:Creating package script '/home/orin_nano/demo/install/joy/share/joy/package.ps1'
[7.350s] INFO:colcon.colcon_core.shell:Creating package descriptor '/home/orin_nano/demo/install/joy/share/joy/package.dsv'
[7.351s] INFO:colcon.colcon_core.shell:Creating package script '/home/orin_nano/demo/install/joy/share/joy/package.sh'
[7.353s] INFO:colcon.colcon_core.shell:Creating package script '/home/orin_nano/demo/install/joy/share/joy/package.bash'
[7.354s] INFO:colcon.colcon_core.shell:Creating package script '/home/orin_nano/demo/install/joy/share/joy/package.zsh'
[7.354s] Level 1:colcon.colcon_core.environment:create_file_with_runtime_dependencies(/home/orin_nano/demo/install/joy/share/colcon-core/packages/joy)
[7.362s] DEBUG:colcon.colcon_core.event_handler.log_command:Invoking command in '/home/orin_nano/demo/build/vesc_msgs': CMAKE_PREFIX_PATH=/opt/ros/foxy /usr/bin/cmake --install /home/orin_nano/demo/build/vesc_msgs
[7.470s] Level 1:colcon.colcon_core.environment:create_environment_scripts_only(vesc_msgs)
[7.471s] DEBUG:colcon.colcon_core.event_handler.log_command:Invoked command in '/home/orin_nano/demo/build/vesc_msgs' returned '0': CMAKE_PREFIX_PATH=/opt/ros/foxy /usr/bin/cmake --install /home/orin_nano/demo/build/vesc_msgs
[7.547s] Level 1:colcon.colcon_core.environment:checking '/home/orin_nano/demo/install/vesc_msgs' for CMake module files
[7.548s] Level 1:colcon.colcon_core.environment:checking '/home/orin_nano/demo/install/vesc_msgs' for CMake config files
[7.549s] Level 1:colcon.colcon_core.shell:create_environment_hook('vesc_msgs', 'cmake_prefix_path')
[7.624s] INFO:colcon.colcon_core.shell:Creating environment hook '/home/orin_nano/demo/install/vesc_msgs/share/vesc_msgs/hook/cmake_prefix_path.ps1'
[7.625s] INFO:colcon.colcon_core.shell:Creating environment descriptor '/home/orin_nano/demo/install/vesc_msgs/share/vesc_msgs/hook/cmake_prefix_path.dsv'
[7.626s] INFO:colcon.colcon_core.shell:Creating environment hook '/home/orin_nano/demo/install/vesc_msgs/share/vesc_msgs/hook/cmake_prefix_path.sh'
[7.627s] Level 1:colcon.colcon_core.environment:checking '/home/orin_nano/demo/install/vesc_msgs/lib'
[7.628s] Level 1:colcon.colcon_core.shell:create_environment_hook('vesc_msgs', 'ld_library_path_lib')
[7.702s] INFO:colcon.colcon_core.shell:Creating environment hook '/home/orin_nano/demo/install/vesc_msgs/share/vesc_msgs/hook/ld_library_path_lib.ps1'
[7.703s] INFO:colcon.colcon_core.shell:Creating environment descriptor '/home/orin_nano/demo/install/vesc_msgs/share/vesc_msgs/hook/ld_library_path_lib.dsv'
[7.704s] INFO:colcon.colcon_core.shell:Creating environment hook '/home/orin_nano/demo/install/vesc_msgs/share/vesc_msgs/hook/ld_library_path_lib.sh'
[7.704s] Level 1:colcon.colcon_core.environment:checking '/home/orin_nano/demo/install/vesc_msgs/bin'
[7.704s] Level 1:colcon.colcon_core.environment:checking '/home/orin_nano/demo/install/vesc_msgs/lib/pkgconfig/vesc_msgs.pc'
[7.705s] Level 1:colcon.colcon_core.environment:checking '/home/orin_nano/demo/install/vesc_msgs/lib/python3.8/site-packages'
[7.705s] Level 1:colcon.colcon_core.shell:create_environment_hook('vesc_msgs', 'pythonpath')
[7.780s] INFO:colcon.colcon_core.shell:Creating environment hook '/home/orin_nano/demo/install/vesc_msgs/share/vesc_msgs/hook/pythonpath.ps1'
[7.781s] INFO:colcon.colcon_core.shell:Creating environment descriptor '/home/orin_nano/demo/install/vesc_msgs/share/vesc_msgs/hook/pythonpath.dsv'
[7.781s] INFO:colcon.colcon_core.shell:Creating environment hook '/home/orin_nano/demo/install/vesc_msgs/share/vesc_msgs/hook/pythonpath.sh'
[7.782s] Level 1:colcon.colcon_core.environment:checking '/home/orin_nano/demo/install/vesc_msgs/bin'
[7.857s] INFO:colcon.colcon_core.shell:Creating package script '/home/orin_nano/demo/install/vesc_msgs/share/vesc_msgs/package.ps1'
[7.858s] INFO:colcon.colcon_core.shell:Creating package descriptor '/home/orin_nano/demo/install/vesc_msgs/share/vesc_msgs/package.dsv'
[7.859s] INFO:colcon.colcon_core.shell:Creating package script '/home/orin_nano/demo/install/vesc_msgs/share/vesc_msgs/package.sh'
[7.860s] INFO:colcon.colcon_core.shell:Creating package script '/home/orin_nano/demo/install/vesc_msgs/share/vesc_msgs/package.bash'
[7.861s] INFO:colcon.colcon_core.shell:Creating package script '/home/orin_nano/demo/install/vesc_msgs/share/vesc_msgs/package.zsh'
[7.861s] Level 1:colcon.colcon_core.environment:create_file_with_runtime_dependencies(/home/orin_nano/demo/install/vesc_msgs/share/colcon-core/packages/vesc_msgs)
[8.103s] Level 1:colcon.colcon_core.environment:create_environment_scripts_only(vesc_msgs)
[8.177s] Level 1:colcon.colcon_core.environment:checking '/home/orin_nano/demo/install/vesc_msgs' for CMake module files
[8.178s] Level 1:colcon.colcon_core.environment:checking '/home/orin_nano/demo/install/vesc_msgs' for CMake config files
[8.179s] Level 1:colcon.colcon_core.shell:create_environment_hook('vesc_msgs', 'cmake_prefix_path')
[8.253s] INFO:colcon.colcon_core.shell:Creating environment hook '/home/orin_nano/demo/install/vesc_msgs/share/vesc_msgs/hook/cmake_prefix_path.ps1'
[8.254s] INFO:colcon.colcon_core.shell:Creating environment descriptor '/home/orin_nano/demo/install/vesc_msgs/share/vesc_msgs/hook/cmake_prefix_path.dsv'
[8.255s] INFO:colcon.colcon_core.shell:Creating environment hook '/home/orin_nano/demo/install/vesc_msgs/share/vesc_msgs/hook/cmake_prefix_path.sh'
[8.256s] Level 1:colcon.colcon_core.environment:checking '/home/orin_nano/demo/install/vesc_msgs/lib'
[8.256s] Level 1:colcon.colcon_core.shell:create_environment_hook('vesc_msgs', 'ld_library_path_lib')
[8.330s] INFO:colcon.colcon_core.shell:Creating environment hook '/home/orin_nano/demo/install/vesc_msgs/share/vesc_msgs/hook/ld_library_path_lib.ps1'
[8.331s] INFO:colcon.colcon_core.shell:Creating environment descriptor '/home/orin_nano/demo/install/vesc_msgs/share/vesc_msgs/hook/ld_library_path_lib.dsv'
[8.332s] INFO:colcon.colcon_core.shell:Creating environment hook '/home/orin_nano/demo/install/vesc_msgs/share/vesc_msgs/hook/ld_library_path_lib.sh'
[8.332s] Level 1:colcon.colcon_core.environment:checking '/home/orin_nano/demo/install/vesc_msgs/bin'
[8.333s] Level 1:colcon.colcon_core.environment:checking '/home/orin_nano/demo/install/vesc_msgs/lib/pkgconfig/vesc_msgs.pc'
[8.333s] Level 1:colcon.colcon_core.environment:checking '/home/orin_nano/demo/install/vesc_msgs/lib/python3.8/site-packages'
[8.333s] Level 1:colcon.colcon_core.shell:create_environment_hook('vesc_msgs', 'pythonpath')
[8.407s] INFO:colcon.colcon_core.shell:Creating environment hook '/home/orin_nano/demo/install/vesc_msgs/share/vesc_msgs/hook/pythonpath.ps1'
[8.408s] INFO:colcon.colcon_core.shell:Creating environment descriptor '/home/orin_nano/demo/install/vesc_msgs/share/vesc_msgs/hook/pythonpath.dsv'
[8.408s] INFO:colcon.colcon_core.shell:Creating environment hook '/home/orin_nano/demo/install/vesc_msgs/share/vesc_msgs/hook/pythonpath.sh'
[8.409s] Level 1:colcon.colcon_core.environment:checking '/home/orin_nano/demo/install/vesc_msgs/bin'
[8.483s] INFO:colcon.colcon_core.shell:Creating package script '/home/orin_nano/demo/install/vesc_msgs/share/vesc_msgs/package.ps1'
[8.484s] INFO:colcon.colcon_core.shell:Creating package descriptor '/home/orin_nano/demo/install/vesc_msgs/share/vesc_msgs/package.dsv'
[8.485s] INFO:colcon.colcon_core.shell:Creating package script '/home/orin_nano/demo/install/vesc_msgs/share/vesc_msgs/package.sh'
[8.486s] INFO:colcon.colcon_core.shell:Creating package script '/home/orin_nano/demo/install/vesc_msgs/share/vesc_msgs/package.bash'
[8.487s] INFO:colcon.colcon_core.shell:Creating package script '/home/orin_nano/demo/install/vesc_msgs/share/vesc_msgs/package.zsh'
[8.488s] Level 1:colcon.colcon_core.environment:create_file_with_runtime_dependencies(/home/orin_nano/demo/install/vesc_msgs/share/colcon-core/packages/vesc_msgs)
[8.489s] INFO:colcon.colcon_ros.task.ament_cmake.build:Building ROS package in '/home/orin_nano/demo/src/vesc_foxy/vesc' with build type 'ament_cmake'
[8.489s] INFO:colcon.colcon_cmake.task.cmake.build:Building CMake package in '/home/orin_nano/demo/src/vesc_foxy/vesc'
[8.565s] INFO:colcon.colcon_core.shell:Skip shell extension 'powershell' for command environment: Not usable outside of PowerShell
[8.565s] DEBUG:colcon.colcon_core.shell:Skip shell extension 'dsv' for command environment
[8.735s] DEBUG:colcon.colcon_core.event_handler.log_command:Invoking command in '/home/orin_nano/demo/build/vesc': AMENT_PREFIX_PATH=/home/orin_nano/demo/install/vesc_msgs:${AMENT_PREFIX_PATH} CMAKE_PREFIX_PATH=/home/orin_nano/demo/install/vesc_msgs:/opt/ros/foxy LD_LIBRARY_PATH=/home/orin_nano/demo/install/vesc_msgs/lib:/opt/ros/foxy/opt/yaml_cpp_vendor/lib:/opt/ros/foxy/opt/rviz_ogre_vendor/lib:/opt/ros/foxy/lib/aarch64-linux-gnu:/opt/ros/foxy/lib:/usr/local/cuda-11.4/lib64 PYTHONPATH=/home/orin_nano/demo/install/vesc_msgs/lib/python3.8/site-packages:${PYTHONPATH} /usr/bin/cmake /home/orin_nano/demo/src/vesc_foxy/vesc -DCMAKE_INSTALL_PREFIX=/home/orin_nano/demo/install/vesc
[10.334s] DEBUG:colcon.colcon_core.event_handler.log_command:Invoked command in '/home/orin_nano/demo/build/vesc' returned '0': AMENT_PREFIX_PATH=/home/orin_nano/demo/install/vesc_msgs:${AMENT_PREFIX_PATH} CMAKE_PREFIX_PATH=/home/orin_nano/demo/install/vesc_msgs:/opt/ros/foxy LD_LIBRARY_PATH=/home/orin_nano/demo/install/vesc_msgs/lib:/opt/ros/foxy/opt/yaml_cpp_vendor/lib:/opt/ros/foxy/opt/rviz_ogre_vendor/lib:/opt/ros/foxy/lib/aarch64-linux-gnu:/opt/ros/foxy/lib:/usr/local/cuda-11.4/lib64 PYTHONPATH=/home/orin_nano/demo/install/vesc_msgs/lib/python3.8/site-packages:${PYTHONPATH} /usr/bin/cmake /home/orin_nano/demo/src/vesc_foxy/vesc -DCMAKE_INSTALL_PREFIX=/home/orin_nano/demo/install/vesc
[10.341s] DEBUG:colcon.colcon_core.event_handler.log_command:Invoking command in '/home/orin_nano/demo/build/vesc': AMENT_PREFIX_PATH=/home/orin_nano/demo/install/vesc_msgs:${AMENT_PREFIX_PATH} CMAKE_PREFIX_PATH=/home/orin_nano/demo/install/vesc_msgs:/opt/ros/foxy LD_LIBRARY_PATH=/home/orin_nano/demo/install/vesc_msgs/lib:/opt/ros/foxy/opt/yaml_cpp_vendor/lib:/opt/ros/foxy/opt/rviz_ogre_vendor/lib:/opt/ros/foxy/lib/aarch64-linux-gnu:/opt/ros/foxy/lib:/usr/local/cuda-11.4/lib64 PYTHONPATH=/home/orin_nano/demo/install/vesc_msgs/lib/python3.8/site-packages:${PYTHONPATH} /usr/bin/cmake --build /home/orin_nano/demo/build/vesc -- -j6 -l6
[10.420s] DEBUG:colcon.colcon_core.event_handler.log_command:Invoked command in '/home/orin_nano/demo/build/vesc' returned '0': AMENT_PREFIX_PATH=/home/orin_nano/demo/install/vesc_msgs:${AMENT_PREFIX_PATH} CMAKE_PREFIX_PATH=/home/orin_nano/demo/install/vesc_msgs:/opt/ros/foxy LD_LIBRARY_PATH=/home/orin_nano/demo/install/vesc_msgs/lib:/opt/ros/foxy/opt/yaml_cpp_vendor/lib:/opt/ros/foxy/opt/rviz_ogre_vendor/lib:/opt/ros/foxy/lib/aarch64-linux-gnu:/opt/ros/foxy/lib:/usr/local/cuda-11.4/lib64 PYTHONPATH=/home/orin_nano/demo/install/vesc_msgs/lib/python3.8/site-packages:${PYTHONPATH} /usr/bin/cmake --build /home/orin_nano/demo/build/vesc -- -j6 -l6
[10.465s] DEBUG:colcon.colcon_core.event_handler.log_command:Invoking command in '/home/orin_nano/demo/build/vesc': AMENT_PREFIX_PATH=/home/orin_nano/demo/install/vesc_msgs:${AMENT_PREFIX_PATH} CMAKE_PREFIX_PATH=/home/orin_nano/demo/install/vesc_msgs:/opt/ros/foxy LD_LIBRARY_PATH=/home/orin_nano/demo/install/vesc_msgs/lib:/opt/ros/foxy/opt/yaml_cpp_vendor/lib:/opt/ros/foxy/opt/rviz_ogre_vendor/lib:/opt/ros/foxy/lib/aarch64-linux-gnu:/opt/ros/foxy/lib:/usr/local/cuda-11.4/lib64 PYTHONPATH=/home/orin_nano/demo/install/vesc_msgs/lib/python3.8/site-packages:${PYTHONPATH} /usr/bin/cmake --install /home/orin_nano/demo/build/vesc
[10.490s] Level 1:colcon.colcon_core.environment:create_environment_scripts_only(vesc)
[10.491s] DEBUG:colcon.colcon_core.event_handler.log_command:Invoked command in '/home/orin_nano/demo/build/vesc' returned '0': AMENT_PREFIX_PATH=/home/orin_nano/demo/install/vesc_msgs:${AMENT_PREFIX_PATH} CMAKE_PREFIX_PATH=/home/orin_nano/demo/install/vesc_msgs:/opt/ros/foxy LD_LIBRARY_PATH=/home/orin_nano/demo/install/vesc_msgs/lib:/opt/ros/foxy/opt/yaml_cpp_vendor/lib:/opt/ros/foxy/opt/rviz_ogre_vendor/lib:/opt/ros/foxy/lib/aarch64-linux-gnu:/opt/ros/foxy/lib:/usr/local/cuda-11.4/lib64 PYTHONPATH=/home/orin_nano/demo/install/vesc_msgs/lib/python3.8/site-packages:${PYTHONPATH} /usr/bin/cmake --install /home/orin_nano/demo/build/vesc
[10.582s] Level 1:colcon.colcon_core.environment:checking '/home/orin_nano/demo/install/vesc' for CMake module files
[10.583s] Level 1:colcon.colcon_core.environment:checking '/home/orin_nano/demo/install/vesc' for CMake config files
[10.583s] Level 1:colcon.colcon_core.shell:create_environment_hook('vesc', 'cmake_prefix_path')
[10.658s] INFO:colcon.colcon_core.shell:Creating environment hook '/home/orin_nano/demo/install/vesc/share/vesc/hook/cmake_prefix_path.ps1'
[10.659s] INFO:colcon.colcon_core.shell:Creating environment descriptor '/home/orin_nano/demo/install/vesc/share/vesc/hook/cmake_prefix_path.dsv'
[10.660s] INFO:colcon.colcon_core.shell:Creating environment hook '/home/orin_nano/demo/install/vesc/share/vesc/hook/cmake_prefix_path.sh'
[10.661s] Level 1:colcon.colcon_core.environment:checking '/home/orin_nano/demo/install/vesc/bin'
[10.661s] Level 1:colcon.colcon_core.environment:checking '/home/orin_nano/demo/install/vesc/lib/pkgconfig/vesc.pc'
[10.662s] Level 1:colcon.colcon_core.environment:checking '/home/orin_nano/demo/install/vesc/lib/python3.8/site-packages'
[10.662s] Level 1:colcon.colcon_core.environment:checking '/home/orin_nano/demo/install/vesc/bin'
[10.739s] INFO:colcon.colcon_core.shell:Creating package script '/home/orin_nano/demo/install/vesc/share/vesc/package.ps1'
[10.740s] INFO:colcon.colcon_core.shell:Creating package descriptor '/home/orin_nano/demo/install/vesc/share/vesc/package.dsv'
[10.741s] INFO:colcon.colcon_core.shell:Creating package script '/home/orin_nano/demo/install/vesc/share/vesc/package.sh'
[10.741s] INFO:colcon.colcon_core.shell:Creating package script '/home/orin_nano/demo/install/vesc/share/vesc/package.bash'
[10.742s] INFO:colcon.colcon_core.shell:Creating package script '/home/orin_nano/demo/install/vesc/share/vesc/package.zsh'
[10.743s] Level 1:colcon.colcon_core.environment:create_file_with_runtime_dependencies(/home/orin_nano/demo/install/vesc/share/colcon-core/packages/vesc)
[10.860s] Level 1:colcon.colcon_core.environment:create_environment_scripts_only(vesc)
[10.966s] Level 1:colcon.colcon_core.environment:checking '/home/orin_nano/demo/install/vesc' for CMake module files
[10.967s] Level 1:colcon.colcon_core.environment:checking '/home/orin_nano/demo/install/vesc' for CMake config files
[10.968s] Level 1:colcon.colcon_core.shell:create_environment_hook('vesc', 'cmake_prefix_path')
[11.041s] INFO:colcon.colcon_core.shell:Creating environment hook '/home/orin_nano/demo/install/vesc/share/vesc/hook/cmake_prefix_path.ps1'
[11.043s] INFO:colcon.colcon_core.shell:Creating environment descriptor '/home/orin_nano/demo/install/vesc/share/vesc/hook/cmake_prefix_path.dsv'
[11.043s] INFO:colcon.colcon_core.shell:Creating environment hook '/home/orin_nano/demo/install/vesc/share/vesc/hook/cmake_prefix_path.sh'
[11.044s] Level 1:colcon.colcon_core.environment:checking '/home/orin_nano/demo/install/vesc/bin'
[11.045s] Level 1:colcon.colcon_core.environment:checking '/home/orin_nano/demo/install/vesc/lib/pkgconfig/vesc.pc'
[11.045s] Level 1:colcon.colcon_core.environment:checking '/home/orin_nano/demo/install/vesc/lib/python3.8/site-packages'
[11.045s] Level 1:colcon.colcon_core.environment:checking '/home/orin_nano/demo/install/vesc/bin'
[11.120s] INFO:colcon.colcon_core.shell:Creating package script '/home/orin_nano/demo/install/vesc/share/vesc/package.ps1'
[11.122s] INFO:colcon.colcon_core.shell:Creating package descriptor '/home/orin_nano/demo/install/vesc/share/vesc/package.dsv'
[11.123s] INFO:colcon.colcon_core.shell:Creating package script '/home/orin_nano/demo/install/vesc/share/vesc/package.sh'
[11.124s] INFO:colcon.colcon_core.shell:Creating package script '/home/orin_nano/demo/install/vesc/share/vesc/package.bash'
[11.124s] INFO:colcon.colcon_core.shell:Creating package script '/home/orin_nano/demo/install/vesc/share/vesc/package.zsh'
[11.125s] Level 1:colcon.colcon_core.environment:create_file_with_runtime_dependencies(/home/orin_nano/demo/install/vesc/share/colcon-core/packages/vesc)
[11.126s] DEBUG:colcon.colcon_parallel_executor.executor.parallel:closing loop
[11.126s] DEBUG:colcon.colcon_parallel_executor.executor.parallel:loop closed
[11.127s] DEBUG:colcon.colcon_parallel_executor.executor.parallel:run_until_complete finished with '0'
[11.127s] DEBUG:colcon.colcon_core.event_reactor:joining thread
[11.211s] INFO:colcon.colcon_core.plugin_system:Skipping extension 'colcon_notification.desktop_notification.terminal_notifier': Not used on non-Darwin systems
[11.211s] INFO:colcon.colcon_core.plugin_system:Skipping extension 'colcon_notification.desktop_notification.win32': Not used on non-Windows systems
[11.212s] INFO:colcon.colcon_notification.desktop_notification:Sending desktop notification using 'notify2'
[11.244s] DEBUG:colcon.colcon_core.event_reactor:joined thread
[11.319s] INFO:colcon.colcon_core.shell:Creating prefix script '/home/orin_nano/demo/install/local_setup.ps1'
[11.321s] INFO:colcon.colcon_core.shell:Creating prefix util module '/home/orin_nano/demo/install/_local_setup_util_ps1.py'
[11.324s] INFO:colcon.colcon_core.shell:Creating prefix chain script '/home/orin_nano/demo/install/setup.ps1'
[11.401s] INFO:colcon.colcon_core.shell:Creating prefix script '/home/orin_nano/demo/install/local_setup.sh'
[11.402s] INFO:colcon.colcon_core.shell:Creating prefix util module '/home/orin_nano/demo/install/_local_setup_util_sh.py'
[11.403s] INFO:colcon.colcon_core.shell:Creating prefix chain script '/home/orin_nano/demo/install/setup.sh'
[11.481s] INFO:colcon.colcon_core.shell:Creating prefix script '/home/orin_nano/demo/install/local_setup.bash'
[11.482s] INFO:colcon.colcon_core.shell:Creating prefix chain script '/home/orin_nano/demo/install/setup.bash'
[11.556s] INFO:colcon.colcon_core.shell:Creating prefix script '/home/orin_nano/demo/install/local_setup.zsh'
[11.557s] INFO:colcon.colcon_core.shell:Creating prefix chain script '/home/orin_nano/demo/install/setup.zsh'
