[3.007s] Invoking command in '/home/orin_nano/demo/build/combine_pkg': CMAKE_PREFIX_PATH=${CMAKE_PREFIX_PATH}:/opt/ros/foxy /usr/bin/cmake --build /home/orin_nano/demo/build/combine_pkg -- -j6 -l6
[3.109s] Invoked command in '/home/orin_nano/demo/build/combine_pkg' returned '0': CMAKE_PREFIX_PATH=${CMAKE_PREFIX_PATH}:/opt/ros/foxy /usr/bin/cmake --build /home/orin_nano/demo/build/combine_pkg -- -j6 -l6
[3.213s] Invoking command in '/home/orin_nano/demo/build/combine_pkg': CMAKE_PREFIX_PATH=${CMAKE_PREFIX_PATH}:/opt/ros/foxy /usr/bin/cmake --install /home/orin_nano/demo/build/combine_pkg
[3.240s] -- Install configuration: ""
[3.241s] -- Up-to-date: /home/orin_nano/demo/install/combine_pkg/share/combine_pkg/launch
[3.241s] -- Up-to-date: /home/orin_nano/demo/install/combine_pkg/share/combine_pkg/launch/multi_node.launch.py
[3.241s] -- Up-to-date: /home/orin_nano/demo/install/combine_pkg/share/combine_pkg/launch/.ipynb_checkpoints
[3.242s] -- Up-to-date: /home/orin_nano/demo/install/combine_pkg/share/combine_pkg/launch/.ipynb_checkpoints/multi_node.launch-checkpoint.py
[3.242s] -- Up-to-date: /home/orin_nano/demo/install/combine_pkg/share/ament_index/resource_index/package_run_dependencies/combine_pkg
[3.243s] -- Up-to-date: /home/orin_nano/demo/install/combine_pkg/share/ament_index/resource_index/parent_prefix_path/combine_pkg
[3.245s] -- Up-to-date: /home/orin_nano/demo/install/combine_pkg/share/combine_pkg/environment/ament_prefix_path.sh
[3.245s] -- Up-to-date: /home/orin_nano/demo/install/combine_pkg/share/combine_pkg/environment/ament_prefix_path.dsv
[3.245s] -- Up-to-date: /home/orin_nano/demo/install/combine_pkg/share/combine_pkg/environment/path.sh
[3.245s] -- Up-to-date: /home/orin_nano/demo/install/combine_pkg/share/combine_pkg/environment/path.dsv
[3.245s] -- Up-to-date: /home/orin_nano/demo/install/combine_pkg/share/combine_pkg/local_setup.bash
[3.246s] -- Up-to-date: /home/orin_nano/demo/install/combine_pkg/share/combine_pkg/local_setup.sh
[3.246s] -- Up-to-date: /home/orin_nano/demo/install/combine_pkg/share/combine_pkg/local_setup.zsh
[3.246s] -- Up-to-date: /home/orin_nano/demo/install/combine_pkg/share/combine_pkg/local_setup.dsv
[3.247s] -- Installing: /home/orin_nano/demo/install/combine_pkg/share/combine_pkg/package.dsv
[3.248s] -- Up-to-date: /home/orin_nano/demo/install/combine_pkg/share/ament_index/resource_index/packages/combine_pkg
[3.248s] -- Up-to-date: /home/orin_nano/demo/install/combine_pkg/share/combine_pkg/cmake/combine_pkgConfig.cmake
[3.248s] -- Up-to-date: /home/orin_nano/demo/install/combine_pkg/share/combine_pkg/cmake/combine_pkgConfig-version.cmake
[3.254s] -- Up-to-date: /home/orin_nano/demo/install/combine_pkg/share/combine_pkg/package.xml
[4.029s] Invoked command in '/home/orin_nano/demo/build/combine_pkg' returned '0': CMAKE_PREFIX_PATH=${CMAKE_PREFIX_PATH}:/opt/ros/foxy /usr/bin/cmake --install /home/orin_nano/demo/build/combine_pkg
