[3.016s] Invoking command in '/home/orin_nano/demo/build/combine_pkg': CMAKE_PREFIX_PATH=${CMAKE_PREFIX_PATH}:/home/orin_nano/demo/install/joy:/opt/ros/foxy /usr/bin/cmake /home/orin_nano/demo/src/combine_pkg -DCMAKE_INSTALL_PREFIX=/home/orin_nano/demo/install/combine_pkg
[3.132s] -- The C compiler identification is GNU 9.4.0
[3.239s] -- The CXX compiler identification is GNU 9.4.0
[3.250s] -- Check for working C compiler: /usr/bin/cc
[3.398s] -- Check for working C compiler: /usr/bin/cc -- works
[3.400s] -- Detecting C compiler ABI info
[3.553s] -- Detecting C compiler ABI info - done
[3.572s] -- Detecting C compile features
[3.573s] -- Detecting C compile features - done
[3.578s] -- Check for working CXX compiler: /usr/bin/c++
[3.748s] -- Check for working CXX compiler: /usr/bin/c++ -- works
[3.748s] -- Detecting CXX compiler ABI info
[3.915s] -- Detecting CXX compiler ABI info - done
[3.935s] -- Detecting CXX compile features
[3.936s] -- Detecting CXX compile features - done
[3.941s] -- Found ament_cmake: 0.9.12 (/opt/ros/foxy/share/ament_cmake/cmake)
[3.994s] -- Found PythonInterp: /usr/bin/python3 (found suitable version "3.8.10", minimum required is "3") 
[3.994s] -- Using PYTHON_EXECUTABLE: /usr/bin/python3
[4.458s] -- Found ament_lint_auto: 0.9.8 (/opt/ros/foxy/share/ament_lint_auto/cmake)
[4.618s] -- Added test 'copyright' to check source files copyright and LICENSE
[4.623s] -- Added test 'flake8' to check Python code syntax and style conventions
[4.624s] -- Added test 'lint_cmake' to check CMake code style
[4.625s] -- Added test 'pep257' to check Python code against some of the style conventions in PEP 257
[4.628s] -- Added test 'xmllint' to check XML markup files
[4.632s] -- Configuring done
[4.636s] -- Generating done
[4.638s] -- Build files have been written to: /home/orin_nano/demo/build/combine_pkg
[4.660s] Invoked command in '/home/orin_nano/demo/build/combine_pkg' returned '0': CMAKE_PREFIX_PATH=${CMAKE_PREFIX_PATH}:/home/orin_nano/demo/install/joy:/opt/ros/foxy /usr/bin/cmake /home/orin_nano/demo/src/combine_pkg -DCMAKE_INSTALL_PREFIX=/home/orin_nano/demo/install/combine_pkg
[4.665s] Invoking command in '/home/orin_nano/demo/build/combine_pkg': CMAKE_PREFIX_PATH=${CMAKE_PREFIX_PATH}:/home/orin_nano/demo/install/joy:/opt/ros/foxy /usr/bin/cmake --build /home/orin_nano/demo/build/combine_pkg -- -j6 -l6
[4.758s] Invoked command in '/home/orin_nano/demo/build/combine_pkg' returned '0': CMAKE_PREFIX_PATH=${CMAKE_PREFIX_PATH}:/home/orin_nano/demo/install/joy:/opt/ros/foxy /usr/bin/cmake --build /home/orin_nano/demo/build/combine_pkg -- -j6 -l6
[4.846s] Invoking command in '/home/orin_nano/demo/build/combine_pkg': CMAKE_PREFIX_PATH=${CMAKE_PREFIX_PATH}:/home/orin_nano/demo/install/joy:/opt/ros/foxy /usr/bin/cmake --install /home/orin_nano/demo/build/combine_pkg
[4.868s] -- Install configuration: ""
[4.870s] -- Installing: /home/orin_nano/demo/install/combine_pkg/share/combine_pkg/launch
[4.870s] -- Installing: /home/orin_nano/demo/install/combine_pkg/share/combine_pkg/launch/multi_node.launch.py
[4.871s] -- Installing: /home/orin_nano/demo/install/combine_pkg/share/combine_pkg/launch/.ipynb_checkpoints
[4.871s] -- Installing: /home/orin_nano/demo/install/combine_pkg/share/combine_pkg/launch/.ipynb_checkpoints/multi_node.launch-checkpoint.py
[4.871s] -- Installing: /home/orin_nano/demo/install/combine_pkg/share/ament_index/resource_index/package_run_dependencies/combine_pkg
[4.871s] -- Installing: /home/orin_nano/demo/install/combine_pkg/share/ament_index/resource_index/parent_prefix_path/combine_pkg
[4.872s] -- Installing: /home/orin_nano/demo/install/combine_pkg/share/combine_pkg/environment/ament_prefix_path.sh
[4.873s] -- Installing: /home/orin_nano/demo/install/combine_pkg/share/combine_pkg/environment/ament_prefix_path.dsv
[4.873s] -- Installing: /home/orin_nano/demo/install/combine_pkg/share/combine_pkg/environment/path.sh
[4.873s] -- Installing: /home/orin_nano/demo/install/combine_pkg/share/combine_pkg/environment/path.dsv
[4.873s] -- Installing: /home/orin_nano/demo/install/combine_pkg/share/combine_pkg/local_setup.bash
[4.873s] -- Installing: /home/orin_nano/demo/install/combine_pkg/share/combine_pkg/local_setup.sh
[4.874s] -- Installing: /home/orin_nano/demo/install/combine_pkg/share/combine_pkg/local_setup.zsh
[4.874s] -- Installing: /home/orin_nano/demo/install/combine_pkg/share/combine_pkg/local_setup.dsv
[4.874s] -- Installing: /home/orin_nano/demo/install/combine_pkg/share/combine_pkg/package.dsv
[4.874s] -- Installing: /home/orin_nano/demo/install/combine_pkg/share/ament_index/resource_index/packages/combine_pkg
[4.874s] -- Installing: /home/orin_nano/demo/install/combine_pkg/share/combine_pkg/cmake/combine_pkgConfig.cmake
[4.875s] -- Installing: /home/orin_nano/demo/install/combine_pkg/share/combine_pkg/cmake/combine_pkgConfig-version.cmake
[4.875s] -- Installing: /home/orin_nano/demo/install/combine_pkg/share/combine_pkg/package.xml
[5.689s] Invoked command in '/home/orin_nano/demo/build/combine_pkg' returned '0': CMAKE_PREFIX_PATH=${CMAKE_PREFIX_PATH}:/home/orin_nano/demo/install/joy:/opt/ros/foxy /usr/bin/cmake --install /home/orin_nano/demo/build/combine_pkg
