[6.040s] Invoking command in '/home/orin_nano/demo/build/asio_cmake_module': CMAKE_PREFIX_PATH=${CMAKE_PREFIX_PATH}:/home/orin_nano/demo/install/joy:/opt/ros/foxy /usr/bin/cmake --build /home/orin_nano/demo/build/asio_cmake_module -- -j6 -l6
[6.143s] Invoked command in '/home/orin_nano/demo/build/asio_cmake_module' returned '0': CMAKE_PREFIX_PATH=${CMAKE_PREFIX_PATH}:/home/orin_nano/demo/install/joy:/opt/ros/foxy /usr/bin/cmake --build /home/orin_nano/demo/build/asio_cmake_module -- -j6 -l6
[6.278s] Invoking command in '/home/orin_nano/demo/build/asio_cmake_module': CMAKE_PREFIX_PATH=${CMAKE_PREFIX_PATH}:/home/orin_nano/demo/install/joy:/opt/ros/foxy /usr/bin/cmake --install /home/orin_nano/demo/build/asio_cmake_module
[6.308s] -- Install configuration: ""
[6.308s] -- Up-to-date: /home/orin_nano/demo/install/asio_cmake_module/share/ament_index/resource_index/package_run_dependencies/asio_cmake_module
[6.308s] -- Up-to-date: /home/orin_nano/demo/install/asio_cmake_module/share/ament_index/resource_index/parent_prefix_path/asio_cmake_module
[6.308s] -- Up-to-date: /home/orin_nano/demo/install/asio_cmake_module/share/asio_cmake_module/environment/ament_prefix_path.sh
[6.310s] -- Up-to-date: /home/orin_nano/demo/install/asio_cmake_module/share/asio_cmake_module/environment/ament_prefix_path.dsv
[6.311s] -- Up-to-date: /home/orin_nano/demo/install/asio_cmake_module/share/asio_cmake_module/environment/path.sh
[6.311s] -- Up-to-date: /home/orin_nano/demo/install/asio_cmake_module/share/asio_cmake_module/environment/path.dsv
[6.312s] -- Up-to-date: /home/orin_nano/demo/install/asio_cmake_module/share/asio_cmake_module/local_setup.bash
[6.313s] -- Up-to-date: /home/orin_nano/demo/install/asio_cmake_module/share/asio_cmake_module/local_setup.sh
[6.314s] -- Up-to-date: /home/orin_nano/demo/install/asio_cmake_module/share/asio_cmake_module/local_setup.zsh
[6.314s] -- Up-to-date: /home/orin_nano/demo/install/asio_cmake_module/share/asio_cmake_module/local_setup.dsv
[6.314s] -- Installing: /home/orin_nano/demo/install/asio_cmake_module/share/asio_cmake_module/package.dsv
[6.314s] -- Up-to-date: /home/orin_nano/demo/install/asio_cmake_module/share/ament_index/resource_index/packages/asio_cmake_module
[6.314s] -- Up-to-date: /home/orin_nano/demo/install/asio_cmake_module/share/asio_cmake_module/cmake/asio_cmake_module-extras.cmake
[6.315s] -- Up-to-date: /home/orin_nano/demo/install/asio_cmake_module/share/asio_cmake_module/cmake/asio_cmake_moduleConfig.cmake
[6.315s] -- Up-to-date: /home/orin_nano/demo/install/asio_cmake_module/share/asio_cmake_module/cmake/asio_cmake_moduleConfig-version.cmake
[6.315s] -- Up-to-date: /home/orin_nano/demo/install/asio_cmake_module/share/asio_cmake_module/package.xml
[6.316s] -- Up-to-date: /home/orin_nano/demo/install/asio_cmake_module/share/asio_cmake_module/cmake
[6.316s] -- Up-to-date: /home/orin_nano/demo/install/asio_cmake_module/share/asio_cmake_module/cmake/Modules
[6.316s] -- Up-to-date: /home/orin_nano/demo/install/asio_cmake_module/share/asio_cmake_module/cmake/Modules/FindASIO.cmake
[6.317s] Invoked command in '/home/orin_nano/demo/build/asio_cmake_module' returned '0': CMAKE_PREFIX_PATH=${CMAKE_PREFIX_PATH}:/home/orin_nano/demo/install/joy:/opt/ros/foxy /usr/bin/cmake --install /home/orin_nano/demo/build/asio_cmake_module
