[  8%] Built target gtest
[ 16%] Built target gtest_main
[ 25%] Built target udp_receiver_node_exe
[ 37%] Built target udp_sender_node_exe
[ 45%] Built target udp_driver
[ 58%] Built target udp_driver_nodes
[ 66%] Built target test_udp_socket
[ 75%] Built target udp_bridge_node_exe
[ 91%] Built target test_udp_data
[ 91%] Built target test_udp_driver
[100%] Built target test_udp_driver_nodes
-- Install configuration: ""
-- Installing: /home/orin_nano/demo/install/udp_driver/lib/udp_driver/udp_receiver_node_exe
-- Set runtime path of "/home/orin_nano/demo/install/udp_driver/lib/udp_driver/udp_receiver_node_exe" to ""
-- Installing: /home/orin_nano/demo/install/udp_driver/lib/udp_driver/udp_sender_node_exe
-- Set runtime path of "/home/orin_nano/demo/install/udp_driver/lib/udp_driver/udp_sender_node_exe" to ""
-- Installing: /home/orin_nano/demo/install/udp_driver/include
-- Installing: /home/orin_nano/demo/install/udp_driver/include/udp_driver
-- Installing: /home/orin_nano/demo/install/udp_driver/include/udp_driver/udp_receiver_node.hpp
-- Installing: /home/orin_nano/demo/install/udp_driver/include/udp_driver/udp_sender_node.hpp
-- Installing: /home/orin_nano/demo/install/udp_driver/include/udp_driver/udp_socket.hpp
-- Installing: /home/orin_nano/demo/install/udp_driver/include/udp_driver/visibility_control.hpp
-- Installing: /home/orin_nano/demo/install/udp_driver/include/udp_driver/udp_driver.hpp
-- Installing: /home/orin_nano/demo/install/udp_driver/share/udp_driver/environment/library_path.sh
-- Installing: /home/orin_nano/demo/install/udp_driver/share/udp_driver/environment/library_path.dsv
-- Installing: /home/orin_nano/demo/install/udp_driver/lib/libudp_driver.so
-- Set runtime path of "/home/orin_nano/demo/install/udp_driver/lib/libudp_driver.so" to ""
-- Installing: /home/orin_nano/demo/install/udp_driver/lib/libudp_driver_nodes.so
-- Set runtime path of "/home/orin_nano/demo/install/udp_driver/lib/libudp_driver_nodes.so" to ""
-- Installing: /home/orin_nano/demo/install/udp_driver/lib/udp_driver/udp_bridge_node_exe
-- Set runtime path of "/home/orin_nano/demo/install/udp_driver/lib/udp_driver/udp_bridge_node_exe" to ""
-- Installing: /home/orin_nano/demo/install/udp_driver/share/ament_index/resource_index/package_run_dependencies/udp_driver
-- Installing: /home/orin_nano/demo/install/udp_driver/share/ament_index/resource_index/parent_prefix_path/udp_driver
-- Installing: /home/orin_nano/demo/install/udp_driver/share/udp_driver/environment/ament_prefix_path.sh
-- Installing: /home/orin_nano/demo/install/udp_driver/share/udp_driver/environment/ament_prefix_path.dsv
-- Installing: /home/orin_nano/demo/install/udp_driver/share/udp_driver/environment/path.sh
-- Installing: /home/orin_nano/demo/install/udp_driver/share/udp_driver/environment/path.dsv
-- Installing: /home/orin_nano/demo/install/udp_driver/share/udp_driver/local_setup.bash
-- Installing: /home/orin_nano/demo/install/udp_driver/share/udp_driver/local_setup.sh
-- Installing: /home/orin_nano/demo/install/udp_driver/share/udp_driver/local_setup.zsh
-- Installing: /home/orin_nano/demo/install/udp_driver/share/udp_driver/local_setup.dsv
-- Installing: /home/orin_nano/demo/install/udp_driver/share/udp_driver/package.dsv
-- Installing: /home/orin_nano/demo/install/udp_driver/share/ament_index/resource_index/packages/udp_driver
-- Installing: /home/orin_nano/demo/install/udp_driver/share/ament_index/resource_index/rclcpp_components/udp_driver
-- Installing: /home/orin_nano/demo/install/udp_driver/share/udp_driver/cmake/ament_cmake_export_dependencies-extras.cmake
-- Installing: /home/orin_nano/demo/install/udp_driver/share/udp_driver/cmake/ament_cmake_export_include_directories-extras.cmake
-- Installing: /home/orin_nano/demo/install/udp_driver/share/udp_driver/cmake/ament_cmake_export_libraries-extras.cmake
-- Installing: /home/orin_nano/demo/install/udp_driver/share/udp_driver/cmake/udp_driverConfig.cmake
-- Installing: /home/orin_nano/demo/install/udp_driver/share/udp_driver/cmake/udp_driverConfig-version.cmake
-- Installing: /home/orin_nano/demo/install/udp_driver/share/udp_driver/package.xml
