[0.257s] Invoking command in '/home/orin_nano/demo/build/joy': CMAKE_PREFIX_PATH=/opt/ros/foxy /usr/bin/cmake /home/orin_nano/demo/src/joy -DCMAKE_INSTALL_PREFIX=/home/orin_nano/demo/install/joy
[0.366s] -- The C compiler identification is GNU 9.4.0
[0.466s] -- The CXX compiler identification is GNU 9.4.0
[0.474s] -- Check for working C compiler: /usr/bin/cc
[0.603s] -- Check for working C compiler: /usr/bin/cc -- works
[0.604s] -- Detecting C compiler ABI info
[0.740s] -- Detecting C compiler ABI info - done
[0.768s] -- Detecting C compile features
[0.768s] -- Detecting C compile features - done
[0.773s] -- Check for working CXX compiler: /usr/bin/c++
[0.925s] -- Check for working CXX compiler: /usr/bin/c++ -- works
[0.929s] -- Detecting CXX compiler ABI info
[1.089s] -- Detecting CXX compiler ABI info - done
[1.116s] -- Detecting CXX compile features
[1.117s] -- Detecting CXX compile features - done
[1.121s] -- Found ament_cmake_ros: 0.9.2 (/opt/ros/foxy/share/ament_cmake_ros/cmake)
[1.179s] -- Found PythonInterp: /usr/bin/python3 (found suitable version "3.8.10", minimum required is "3") 
[1.179s] -- Using PYTHON_EXECUTABLE: /usr/bin/python3
[1.591s] -- Found rclcpp: 2.4.3 (/opt/ros/foxy/share/rclcpp/cmake)
[1.668s] -- Using all available rosidl_typesupport_c: rosidl_typesupport_fastrtps_c;rosidl_typesupport_introspection_c
[1.678s] -- Found rosidl_adapter: 1.3.1 (/opt/ros/foxy/share/rosidl_adapter/cmake)
[1.835s] -- Found OpenSSL: /usr/lib/aarch64-linux-gnu/libcrypto.so (found version "1.1.1f")  
[1.888s] -- Found FastRTPS: /opt/ros/foxy/include  
[2.029s] -- Using all available rosidl_typesupport_cpp: rosidl_typesupport_fastrtps_cpp;rosidl_typesupport_introspection_cpp
[2.128s] -- Found rmw_implementation_cmake: 1.0.4 (/opt/ros/foxy/share/rmw_implementation_cmake/cmake)
[2.131s] -- Using RMW implementation 'rmw_fastrtps_cpp' as default
[2.132s] -- Looking for pthread.h
[2.269s] -- Looking for pthread.h - found
[2.269s] -- Performing Test CMAKE_HAVE_LIBC_PTHREAD
[2.414s] -- Performing Test CMAKE_HAVE_LIBC_PTHREAD - Failed
[2.414s] -- Looking for pthread_create in pthreads
[2.531s] -- Looking for pthread_create in pthreads - not found
[2.531s] -- Looking for pthread_create in pthread
[2.664s] -- Looking for pthread_create in pthread - found
[2.666s] -- Found Threads: TRUE  
[2.941s] -- Found rclcpp_components: 2.4.3 (/opt/ros/foxy/share/rclcpp_components/cmake)
[3.049s] -- Found sdl2_vendor: 3.0.1 (/opt/ros/foxy/share/sdl2_vendor/cmake)
[3.053s] -- Found sensor_msgs: 2.0.5 (/opt/ros/foxy/share/sensor_msgs/cmake)
[3.269s] -- Found ament_lint_auto: 0.9.8 (/opt/ros/foxy/share/ament_lint_auto/cmake)
[3.415s] -- Added test 'cppcheck' to perform static code analysis on C / C++ code
[3.416s] -- Configured cppcheck include dirs: /home/orin_nano/demo/src/joy/include
[3.416s] -- Configured cppcheck exclude dirs and/or files: 
[3.419s] -- Added test 'cpplint' to check C / C++ code against the Google style
[3.419s] -- Configured cpplint exclude dirs and/or files: 
[3.420s] -- Added test 'flake8' to check Python code syntax and style conventions
[3.421s] -- Added test 'lint_cmake' to check CMake code style
[3.422s] -- Added test 'pep257' to check Python code against some of the style conventions in PEP 257
[3.424s] -- Added test 'uncrustify' to check C / C++ code style
[3.424s] -- Configured uncrustify additional arguments: 
[3.425s] -- Added test 'xmllint' to check XML markup files
[3.433s] -- Configuring done
[3.459s] -- Generating done
[3.462s] -- Build files have been written to: /home/orin_nano/demo/build/joy
[3.483s] Invoked command in '/home/orin_nano/demo/build/joy' returned '0': CMAKE_PREFIX_PATH=/opt/ros/foxy /usr/bin/cmake /home/orin_nano/demo/src/joy -DCMAKE_INSTALL_PREFIX=/home/orin_nano/demo/install/joy
[3.489s] Invoking command in '/home/orin_nano/demo/build/joy': CMAKE_PREFIX_PATH=/opt/ros/foxy /usr/bin/cmake --build /home/orin_nano/demo/build/joy -- -j6 -l6
[3.574s] [35m[1mScanning dependencies of target joy_enumerate_devices[0m
[3.574s] [35m[1mScanning dependencies of target joy[0m
[3.575s] [35m[1mScanning dependencies of target joy_node[0m
[3.606s] [ 16%] [32mBuilding CXX object CMakeFiles/joy_enumerate_devices.dir/src/joy_enumerate_devices.cpp.o[0m
[3.647s] [ 33%] [32mBuilding CXX object CMakeFiles/joy_node.dir/rclcpp_components/node_main_joy_node.cpp.o[0m
[3.653s] [ 50%] [32mBuilding CXX object CMakeFiles/joy.dir/src/joy.cpp.o[0m
[4.753s] [ 66%] [32m[1mLinking CXX executable joy_enumerate_devices[0m
[4.923s] [ 66%] Built target joy_enumerate_devices
[9.618s] [ 83%] [32m[1mLinking CXX executable joy_node[0m
[9.893s] [ 83%] Built target joy_node
[18.213s] [100%] [32m[1mLinking CXX shared library libjoy.so[0m
[18.801s] [100%] Built target joy
[18.826s] Invoked command in '/home/orin_nano/demo/build/joy' returned '0': CMAKE_PREFIX_PATH=/opt/ros/foxy /usr/bin/cmake --build /home/orin_nano/demo/build/joy -- -j6 -l6
[18.884s] Invoking command in '/home/orin_nano/demo/build/joy': CMAKE_PREFIX_PATH=/opt/ros/foxy /usr/bin/cmake --install /home/orin_nano/demo/build/joy
[18.904s] -- Install configuration: ""
[18.904s] -- Installing: /home/orin_nano/demo/install/joy/lib/libjoy.so
[18.912s] -- Set runtime path of "/home/orin_nano/demo/install/joy/lib/libjoy.so" to ""
[18.912s] -- Installing: /home/orin_nano/demo/install/joy/lib/joy/joy_node
[18.913s] -- Set runtime path of "/home/orin_nano/demo/install/joy/lib/joy/joy_node" to ""
[18.913s] -- Installing: /home/orin_nano/demo/install/joy/lib/joy/joy_enumerate_devices
[18.914s] -- Installing: /home/orin_nano/demo/install/joy/include/joy
[18.914s] -- Installing: /home/orin_nano/demo/install/joy/include/joy/joy.hpp
[18.915s] -- Installing: /home/orin_nano/demo/install/joy/share/joy/config
[18.915s] -- Installing: /home/orin_nano/demo/install/joy/share/joy/config/joy-params.yaml
[18.915s] -- Installing: /home/orin_nano/demo/install/joy/share/joy/launch
[18.915s] -- Installing: /home/orin_nano/demo/install/joy/share/joy/launch/joy-composed-launch.py
[18.915s] -- Installing: /home/orin_nano/demo/install/joy/share/joy/launch/joy-launch.py
[18.916s] -- Installing: /home/orin_nano/demo/install/joy/share/ament_index/resource_index/package_run_dependencies/joy
[18.916s] -- Installing: /home/orin_nano/demo/install/joy/share/ament_index/resource_index/parent_prefix_path/joy
[18.917s] -- Installing: /home/orin_nano/demo/install/joy/share/joy/environment/ament_prefix_path.sh
[18.917s] -- Installing: /home/orin_nano/demo/install/joy/share/joy/environment/ament_prefix_path.dsv
[18.917s] -- Installing: /home/orin_nano/demo/install/joy/share/joy/environment/path.sh
[18.917s] -- Installing: /home/orin_nano/demo/install/joy/share/joy/environment/path.dsv
[18.918s] -- Installing: /home/orin_nano/demo/install/joy/share/joy/local_setup.bash
[18.918s] -- Installing: /home/orin_nano/demo/install/joy/share/joy/local_setup.sh
[18.918s] -- Installing: /home/orin_nano/demo/install/joy/share/joy/local_setup.zsh
[18.919s] -- Installing: /home/orin_nano/demo/install/joy/share/joy/local_setup.dsv
[18.919s] -- Installing: /home/orin_nano/demo/install/joy/share/joy/package.dsv
[18.919s] -- Installing: /home/orin_nano/demo/install/joy/share/ament_index/resource_index/packages/joy
[18.919s] -- Installing: /home/orin_nano/demo/install/joy/share/ament_index/resource_index/rclcpp_components/joy
[18.920s] -- Installing: /home/orin_nano/demo/install/joy/share/joy/cmake/joyConfig.cmake
[18.920s] -- Installing: /home/orin_nano/demo/install/joy/share/joy/cmake/joyConfig-version.cmake
[18.920s] -- Installing: /home/orin_nano/demo/install/joy/share/joy/package.xml
[18.925s] Invoked command in '/home/orin_nano/demo/build/joy' returned '0': CMAKE_PREFIX_PATH=/opt/ros/foxy /usr/bin/cmake --install /home/orin_nano/demo/build/joy
