[1.534s] Invoking command in '/home/orin_nano/demo/build/joy': CMAKE_PREFIX_PATH=${CMAKE_PREFIX_PATH}:/opt/ros/foxy /usr/bin/cmake --build /home/orin_nano/demo/build/joy -- -j6 -l6
[1.663s] [ 33%] Built target joy_enumerate_devices
[1.683s] [ 66%] Built target joy_node
[1.685s] [100%] Built target joy
[1.745s] Invoked command in '/home/orin_nano/demo/build/joy' returned '0': CMAKE_PREFIX_PATH=${CMAKE_PREFIX_PATH}:/opt/ros/foxy /usr/bin/cmake --build /home/orin_nano/demo/build/joy -- -j6 -l6
[3.324s] Invoking command in '/home/orin_nano/demo/build/joy': CMAKE_PREFIX_PATH=${CMAKE_PREFIX_PATH}:/opt/ros/foxy /usr/bin/cmake --install /home/orin_nano/demo/build/joy
[3.347s] -- Install configuration: ""
[3.348s] -- Up-to-date: /home/orin_nano/demo/install/joy/lib/libjoy.so
[3.349s] -- Up-to-date: /home/orin_nano/demo/install/joy/lib/joy/joy_node
[3.351s] -- Up-to-date: /home/orin_nano/demo/install/joy/lib/joy/joy_enumerate_devices
[3.351s] -- Up-to-date: /home/orin_nano/demo/install/joy/include/joy
[3.352s] -- Up-to-date: /home/orin_nano/demo/install/joy/include/joy/joy.hpp
[3.353s] -- Up-to-date: /home/orin_nano/demo/install/joy/share/joy/config
[3.353s] -- Up-to-date: /home/orin_nano/demo/install/joy/share/joy/config/joy-params.yaml
[3.353s] -- Up-to-date: /home/orin_nano/demo/install/joy/share/joy/launch
[3.353s] -- Up-to-date: /home/orin_nano/demo/install/joy/share/joy/launch/joy-composed-launch.py
[3.354s] -- Up-to-date: /home/orin_nano/demo/install/joy/share/joy/launch/joy-launch.py
[3.354s] -- Up-to-date: /home/orin_nano/demo/install/joy/share/ament_index/resource_index/package_run_dependencies/joy
[3.355s] -- Up-to-date: /home/orin_nano/demo/install/joy/share/ament_index/resource_index/parent_prefix_path/joy
[3.355s] -- Up-to-date: /home/orin_nano/demo/install/joy/share/joy/environment/ament_prefix_path.sh
[3.356s] -- Up-to-date: /home/orin_nano/demo/install/joy/share/joy/environment/ament_prefix_path.dsv
[3.356s] -- Up-to-date: /home/orin_nano/demo/install/joy/share/joy/environment/path.sh
[3.357s] -- Up-to-date: /home/orin_nano/demo/install/joy/share/joy/environment/path.dsv
[3.357s] -- Up-to-date: /home/orin_nano/demo/install/joy/share/joy/local_setup.bash
[3.357s] -- Up-to-date: /home/orin_nano/demo/install/joy/share/joy/local_setup.sh
[3.357s] -- Up-to-date: /home/orin_nano/demo/install/joy/share/joy/local_setup.zsh
[3.358s] -- Up-to-date: /home/orin_nano/demo/install/joy/share/joy/local_setup.dsv
[3.358s] -- Installing: /home/orin_nano/demo/install/joy/share/joy/package.dsv
[3.359s] -- Up-to-date: /home/orin_nano/demo/install/joy/share/ament_index/resource_index/packages/joy
[3.360s] -- Up-to-date: /home/orin_nano/demo/install/joy/share/ament_index/resource_index/rclcpp_components/joy
[3.360s] -- Up-to-date: /home/orin_nano/demo/install/joy/share/joy/cmake/joyConfig.cmake
[3.361s] -- Up-to-date: /home/orin_nano/demo/install/joy/share/joy/cmake/joyConfig-version.cmake
[3.361s] -- Up-to-date: /home/orin_nano/demo/install/joy/share/joy/package.xml
[4.342s] Invoked command in '/home/orin_nano/demo/build/joy' returned '0': CMAKE_PREFIX_PATH=${CMAKE_PREFIX_PATH}:/opt/ros/foxy /usr/bin/cmake --install /home/orin_nano/demo/build/joy
