[5.988s] Invoking command in '/home/orin_nano/demo/build/vesc_ackermann': CMAKE_PREFIX_PATH=/home/orin_nano/demo/install/vesc_msgs:/home/orin_nano/demo/install/vesc:/home/orin_nano/demo/install/vesc_driver:/home/orin_nano/demo/install/vesc_ackermann:/home/orin_nano/demo/install/udp_driver:/home/orin_nano/demo/install/serial_driver:/home/orin_nano/demo/install/joy:/home/orin_nano/demo/install/io_context:/home/orin_nano/demo/install/combine_pkg:/home/orin_nano/demo/install/asio_cmake_module:/home/orin_nano/joyy/install/vesc:/home/orin_nano/joyy/install/vesc_ackermann:/home/orin_nano/joyy/install/vesc_msgs:/home/orin_nano/joyy/install/joy:/home/orin_nano/install/joy:/opt/ros/foxy LD_LIBRARY_PATH=/home/orin_nano/demo/install/vesc_msgs/lib:/home/orin_nano/demo/install/vesc_driver/lib:/home/orin_nano/demo/install/vesc_ackermann/lib:/home/orin_nano/demo/install/udp_driver/lib:/home/orin_nano/demo/install/serial_driver/lib:/home/orin_nano/demo/install/joy/lib:/home/orin_nano/demo/install/io_context/lib:/home/orin_nano/joyy/install/vesc_ackermann/lib:/home/orin_nano/joyy/install/vesc_msgs/lib:/home/orin_nano/joyy/install/joy/lib:/home/orin_nano/install/joy/lib:/opt/ros/foxy/opt/yaml_cpp_vendor/lib:/opt/ros/foxy/opt/rviz_ogre_vendor/lib:/opt/ros/foxy/lib/aarch64-linux-gnu:/opt/ros/foxy/lib:/usr/local/cuda-11.4/lib64 /usr/bin/cmake --build /home/orin_nano/demo/build/vesc_ackermann -- -j6 -l6
[6.090s] [35m[1mScanning dependencies of target vesc_ackermann[0m
[6.129s] [ 28%] Built target vesc_to_odom_node
[6.152s] [ 57%] Built target ackermann_to_vesc_node
[6.184s] [ 71%] [32mBuilding CXX object CMakeFiles/vesc_ackermann.dir/src/vesc_to_odom.cpp.o[0m
[19.289s] [ 85%] [32m[1mLinking CXX shared library libvesc_ackermann.so[0m
[20.197s] [100%] Built target vesc_ackermann
[20.224s] Invoked command in '/home/orin_nano/demo/build/vesc_ackermann' returned '0': CMAKE_PREFIX_PATH=/home/orin_nano/demo/install/vesc_msgs:/home/orin_nano/demo/install/vesc:/home/orin_nano/demo/install/vesc_driver:/home/orin_nano/demo/install/vesc_ackermann:/home/orin_nano/demo/install/udp_driver:/home/orin_nano/demo/install/serial_driver:/home/orin_nano/demo/install/joy:/home/orin_nano/demo/install/io_context:/home/orin_nano/demo/install/combine_pkg:/home/orin_nano/demo/install/asio_cmake_module:/home/orin_nano/joyy/install/vesc:/home/orin_nano/joyy/install/vesc_ackermann:/home/orin_nano/joyy/install/vesc_msgs:/home/orin_nano/joyy/install/joy:/home/orin_nano/install/joy:/opt/ros/foxy LD_LIBRARY_PATH=/home/orin_nano/demo/install/vesc_msgs/lib:/home/orin_nano/demo/install/vesc_driver/lib:/home/orin_nano/demo/install/vesc_ackermann/lib:/home/orin_nano/demo/install/udp_driver/lib:/home/orin_nano/demo/install/serial_driver/lib:/home/orin_nano/demo/install/joy/lib:/home/orin_nano/demo/install/io_context/lib:/home/orin_nano/joyy/install/vesc_ackermann/lib:/home/orin_nano/joyy/install/vesc_msgs/lib:/home/orin_nano/joyy/install/joy/lib:/home/orin_nano/install/joy/lib:/opt/ros/foxy/opt/yaml_cpp_vendor/lib:/opt/ros/foxy/opt/rviz_ogre_vendor/lib:/opt/ros/foxy/lib/aarch64-linux-gnu:/opt/ros/foxy/lib:/usr/local/cuda-11.4/lib64 /usr/bin/cmake --build /home/orin_nano/demo/build/vesc_ackermann -- -j6 -l6
[20.304s] Invoking command in '/home/orin_nano/demo/build/vesc_ackermann': CMAKE_PREFIX_PATH=/home/orin_nano/demo/install/vesc_msgs:/home/orin_nano/demo/install/vesc:/home/orin_nano/demo/install/vesc_driver:/home/orin_nano/demo/install/vesc_ackermann:/home/orin_nano/demo/install/udp_driver:/home/orin_nano/demo/install/serial_driver:/home/orin_nano/demo/install/joy:/home/orin_nano/demo/install/io_context:/home/orin_nano/demo/install/combine_pkg:/home/orin_nano/demo/install/asio_cmake_module:/home/orin_nano/joyy/install/vesc:/home/orin_nano/joyy/install/vesc_ackermann:/home/orin_nano/joyy/install/vesc_msgs:/home/orin_nano/joyy/install/joy:/home/orin_nano/install/joy:/opt/ros/foxy LD_LIBRARY_PATH=/home/orin_nano/demo/install/vesc_msgs/lib:/home/orin_nano/demo/install/vesc_driver/lib:/home/orin_nano/demo/install/vesc_ackermann/lib:/home/orin_nano/demo/install/udp_driver/lib:/home/orin_nano/demo/install/serial_driver/lib:/home/orin_nano/demo/install/joy/lib:/home/orin_nano/demo/install/io_context/lib:/home/orin_nano/joyy/install/vesc_ackermann/lib:/home/orin_nano/joyy/install/vesc_msgs/lib:/home/orin_nano/joyy/install/joy/lib:/home/orin_nano/install/joy/lib:/opt/ros/foxy/opt/yaml_cpp_vendor/lib:/opt/ros/foxy/opt/rviz_ogre_vendor/lib:/opt/ros/foxy/lib/aarch64-linux-gnu:/opt/ros/foxy/lib:/usr/local/cuda-11.4/lib64 /usr/bin/cmake --install /home/orin_nano/demo/build/vesc_ackermann
[20.325s] -- Install configuration: ""
[20.325s] -- Up-to-date: /home/orin_nano/demo/install/vesc_ackermann/lib/vesc_ackermann/ackermann_to_vesc_node
[20.326s] -- Up-to-date: /home/orin_nano/demo/install/vesc_ackermann/lib/vesc_ackermann/vesc_to_odom_node
[20.326s] -- Up-to-date: /home/orin_nano/demo/install/vesc_ackermann/include
[20.327s] -- Up-to-date: /home/orin_nano/demo/install/vesc_ackermann/include/vesc_ackermann
[20.327s] -- Up-to-date: /home/orin_nano/demo/install/vesc_ackermann/include/vesc_ackermann/vesc_to_odom.hpp
[20.327s] -- Up-to-date: /home/orin_nano/demo/install/vesc_ackermann/include/vesc_ackermann/.ipynb_checkpoints
[20.327s] -- Up-to-date: /home/orin_nano/demo/install/vesc_ackermann/include/vesc_ackermann/.ipynb_checkpoints/ackermann_to_vesc-checkpoint.hpp
[20.327s] -- Up-to-date: /home/orin_nano/demo/install/vesc_ackermann/include/vesc_ackermann/.ipynb_checkpoints/vesc_to_odom-checkpoint.hpp
[20.327s] -- Up-to-date: /home/orin_nano/demo/install/vesc_ackermann/include/vesc_ackermann/ackermann_to_vesc.hpp
[20.327s] -- Up-to-date: /home/orin_nano/demo/install/vesc_ackermann/share/vesc_ackermann/environment/library_path.sh
[20.328s] -- Up-to-date: /home/orin_nano/demo/install/vesc_ackermann/share/vesc_ackermann/environment/library_path.dsv
[20.328s] -- Installing: /home/orin_nano/demo/install/vesc_ackermann/lib/libvesc_ackermann.so
[20.339s] -- Set runtime path of "/home/orin_nano/demo/install/vesc_ackermann/lib/libvesc_ackermann.so" to ""
[20.340s] -- Up-to-date: /home/orin_nano/demo/install/vesc_ackermann/share/vesc_ackermann/launch
[20.340s] -- Up-to-date: /home/orin_nano/demo/install/vesc_ackermann/share/vesc_ackermann/launch/vesc_to_odom_node.launch.xml
[20.340s] -- Up-to-date: /home/orin_nano/demo/install/vesc_ackermann/share/vesc_ackermann/launch/ackermann_to_vesc_node.launch.xml
[20.340s] -- Up-to-date: /home/orin_nano/demo/install/vesc_ackermann/share/ament_index/resource_index/package_run_dependencies/vesc_ackermann
[20.340s] -- Up-to-date: /home/orin_nano/demo/install/vesc_ackermann/share/ament_index/resource_index/parent_prefix_path/vesc_ackermann
[20.341s] -- Up-to-date: /home/orin_nano/demo/install/vesc_ackermann/share/vesc_ackermann/environment/ament_prefix_path.sh
[20.341s] -- Up-to-date: /home/orin_nano/demo/install/vesc_ackermann/share/vesc_ackermann/environment/ament_prefix_path.dsv
[20.341s] -- Up-to-date: /home/orin_nano/demo/install/vesc_ackermann/share/vesc_ackermann/environment/path.sh
[20.341s] -- Up-to-date: /home/orin_nano/demo/install/vesc_ackermann/share/vesc_ackermann/environment/path.dsv
[20.341s] -- Up-to-date: /home/orin_nano/demo/install/vesc_ackermann/share/vesc_ackermann/local_setup.bash
[20.341s] -- Up-to-date: /home/orin_nano/demo/install/vesc_ackermann/share/vesc_ackermann/local_setup.sh
[20.341s] -- Up-to-date: /home/orin_nano/demo/install/vesc_ackermann/share/vesc_ackermann/local_setup.zsh
[20.342s] -- Up-to-date: /home/orin_nano/demo/install/vesc_ackermann/share/vesc_ackermann/local_setup.dsv
[20.342s] -- Installing: /home/orin_nano/demo/install/vesc_ackermann/share/vesc_ackermann/package.dsv
[20.342s] -- Up-to-date: /home/orin_nano/demo/install/vesc_ackermann/share/ament_index/resource_index/packages/vesc_ackermann
[20.342s] -- Up-to-date: /home/orin_nano/demo/install/vesc_ackermann/share/ament_index/resource_index/rclcpp_components/vesc_ackermann
[20.342s] -- Up-to-date: /home/orin_nano/demo/install/vesc_ackermann/share/vesc_ackermann/cmake/ament_cmake_export_dependencies-extras.cmake
[20.342s] -- Up-to-date: /home/orin_nano/demo/install/vesc_ackermann/share/vesc_ackermann/cmake/ament_cmake_export_include_directories-extras.cmake
[20.342s] -- Up-to-date: /home/orin_nano/demo/install/vesc_ackermann/share/vesc_ackermann/cmake/ament_cmake_export_libraries-extras.cmake
[20.343s] -- Up-to-date: /home/orin_nano/demo/install/vesc_ackermann/share/vesc_ackermann/cmake/vesc_ackermannConfig.cmake
[20.343s] -- Up-to-date: /home/orin_nano/demo/install/vesc_ackermann/share/vesc_ackermann/cmake/vesc_ackermannConfig-version.cmake
[20.343s] -- Up-to-date: /home/orin_nano/demo/install/vesc_ackermann/share/vesc_ackermann/package.xml
[20.347s] Invoked command in '/home/orin_nano/demo/build/vesc_ackermann' returned '0': CMAKE_PREFIX_PATH=/home/orin_nano/demo/install/vesc_msgs:/home/orin_nano/demo/install/vesc:/home/orin_nano/demo/install/vesc_driver:/home/orin_nano/demo/install/vesc_ackermann:/home/orin_nano/demo/install/udp_driver:/home/orin_nano/demo/install/serial_driver:/home/orin_nano/demo/install/joy:/home/orin_nano/demo/install/io_context:/home/orin_nano/demo/install/combine_pkg:/home/orin_nano/demo/install/asio_cmake_module:/home/orin_nano/joyy/install/vesc:/home/orin_nano/joyy/install/vesc_ackermann:/home/orin_nano/joyy/install/vesc_msgs:/home/orin_nano/joyy/install/joy:/home/orin_nano/install/joy:/opt/ros/foxy LD_LIBRARY_PATH=/home/orin_nano/demo/install/vesc_msgs/lib:/home/orin_nano/demo/install/vesc_driver/lib:/home/orin_nano/demo/install/vesc_ackermann/lib:/home/orin_nano/demo/install/udp_driver/lib:/home/orin_nano/demo/install/serial_driver/lib:/home/orin_nano/demo/install/joy/lib:/home/orin_nano/demo/install/io_context/lib:/home/orin_nano/joyy/install/vesc_ackermann/lib:/home/orin_nano/joyy/install/vesc_msgs/lib:/home/orin_nano/joyy/install/joy/lib:/home/orin_nano/install/joy/lib:/opt/ros/foxy/opt/yaml_cpp_vendor/lib:/opt/ros/foxy/opt/rviz_ogre_vendor/lib:/opt/ros/foxy/lib/aarch64-linux-gnu:/opt/ros/foxy/lib:/usr/local/cuda-11.4/lib64 /usr/bin/cmake --install /home/orin_nano/demo/build/vesc_ackermann
