[0.322s] Invoking command in '/home/orin_nano/demo/build/vesc_ackermann': CMAKE_PREFIX_PATH=/home/orin_nano/demo/install/vesc_msgs:/home/orin_nano/demo/install/vesc:/home/orin_nano/demo/install/vesc_driver:/home/orin_nano/demo/install/vesc_ackermann:/home/orin_nano/demo/install/udp_driver:/home/orin_nano/demo/install/serial_driver:/home/orin_nano/demo/install/joy:/home/orin_nano/demo/install/io_context:/home/orin_nano/demo/install/asio_cmake_module:/opt/ros/foxy LD_LIBRARY_PATH=/home/orin_nano/demo/install/vesc_msgs/lib:/home/orin_nano/demo/install/vesc_driver/lib:/home/orin_nano/demo/install/vesc_ackermann/lib:/home/orin_nano/demo/install/udp_driver/lib:/home/orin_nano/demo/install/serial_driver/lib:/home/orin_nano/demo/install/joy/lib:/home/orin_nano/demo/install/io_context/lib:/opt/ros/foxy/opt/yaml_cpp_vendor/lib:/opt/ros/foxy/opt/rviz_ogre_vendor/lib:/opt/ros/foxy/lib/aarch64-linux-gnu:/opt/ros/foxy/lib:/usr/local/cuda-11.4/lib64 /usr/bin/cmake --build /home/orin_nano/demo/build/vesc_ackermann -- -j6 -l6
[0.458s] [ 57%] Built target ackermann_to_vesc_node
[0.459s] [ 57%] Built target vesc_to_odom_node
[0.465s] [100%] Built target vesc_ackermann
[0.759s] Invoked command in '/home/orin_nano/demo/build/vesc_ackermann' returned '0': CMAKE_PREFIX_PATH=/home/orin_nano/demo/install/vesc_msgs:/home/orin_nano/demo/install/vesc:/home/orin_nano/demo/install/vesc_driver:/home/orin_nano/demo/install/vesc_ackermann:/home/orin_nano/demo/install/udp_driver:/home/orin_nano/demo/install/serial_driver:/home/orin_nano/demo/install/joy:/home/orin_nano/demo/install/io_context:/home/orin_nano/demo/install/asio_cmake_module:/opt/ros/foxy LD_LIBRARY_PATH=/home/orin_nano/demo/install/vesc_msgs/lib:/home/orin_nano/demo/install/vesc_driver/lib:/home/orin_nano/demo/install/vesc_ackermann/lib:/home/orin_nano/demo/install/udp_driver/lib:/home/orin_nano/demo/install/serial_driver/lib:/home/orin_nano/demo/install/joy/lib:/home/orin_nano/demo/install/io_context/lib:/opt/ros/foxy/opt/yaml_cpp_vendor/lib:/opt/ros/foxy/opt/rviz_ogre_vendor/lib:/opt/ros/foxy/lib/aarch64-linux-gnu:/opt/ros/foxy/lib:/usr/local/cuda-11.4/lib64 /usr/bin/cmake --build /home/orin_nano/demo/build/vesc_ackermann -- -j6 -l6
[1.850s] Invoking command in '/home/orin_nano/demo/build/vesc_ackermann': CMAKE_PREFIX_PATH=/home/orin_nano/demo/install/vesc_msgs:/home/orin_nano/demo/install/vesc:/home/orin_nano/demo/install/vesc_driver:/home/orin_nano/demo/install/vesc_ackermann:/home/orin_nano/demo/install/udp_driver:/home/orin_nano/demo/install/serial_driver:/home/orin_nano/demo/install/joy:/home/orin_nano/demo/install/io_context:/home/orin_nano/demo/install/asio_cmake_module:/opt/ros/foxy LD_LIBRARY_PATH=/home/orin_nano/demo/install/vesc_msgs/lib:/home/orin_nano/demo/install/vesc_driver/lib:/home/orin_nano/demo/install/vesc_ackermann/lib:/home/orin_nano/demo/install/udp_driver/lib:/home/orin_nano/demo/install/serial_driver/lib:/home/orin_nano/demo/install/joy/lib:/home/orin_nano/demo/install/io_context/lib:/opt/ros/foxy/opt/yaml_cpp_vendor/lib:/opt/ros/foxy/opt/rviz_ogre_vendor/lib:/opt/ros/foxy/lib/aarch64-linux-gnu:/opt/ros/foxy/lib:/usr/local/cuda-11.4/lib64 /usr/bin/cmake --install /home/orin_nano/demo/build/vesc_ackermann
[1.878s] -- Install configuration: ""
[1.878s] -- Up-to-date: /home/orin_nano/demo/install/vesc_ackermann/lib/vesc_ackermann/ackermann_to_vesc_node
[1.878s] -- Up-to-date: /home/orin_nano/demo/install/vesc_ackermann/lib/vesc_ackermann/vesc_to_odom_node
[1.878s] -- Up-to-date: /home/orin_nano/demo/install/vesc_ackermann/include
[1.878s] -- Up-to-date: /home/orin_nano/demo/install/vesc_ackermann/include/vesc_ackermann
[1.879s] -- Up-to-date: /home/orin_nano/demo/install/vesc_ackermann/include/vesc_ackermann/vesc_to_odom.hpp
[1.879s] -- Up-to-date: /home/orin_nano/demo/install/vesc_ackermann/include/vesc_ackermann/ackermann_to_vesc.hpp
[1.879s] -- Up-to-date: /home/orin_nano/demo/install/vesc_ackermann/share/vesc_ackermann/environment/library_path.sh
[1.879s] -- Up-to-date: /home/orin_nano/demo/install/vesc_ackermann/share/vesc_ackermann/environment/library_path.dsv
[1.879s] -- Up-to-date: /home/orin_nano/demo/install/vesc_ackermann/lib/libvesc_ackermann.so
[1.880s] -- Up-to-date: /home/orin_nano/demo/install/vesc_ackermann/share/vesc_ackermann/launch
[1.880s] -- Up-to-date: /home/orin_nano/demo/install/vesc_ackermann/share/vesc_ackermann/launch/vesc_to_odom_node.launch.xml
[1.882s] -- Up-to-date: /home/orin_nano/demo/install/vesc_ackermann/share/vesc_ackermann/launch/ackermann_to_vesc_node.launch.xml
[1.884s] -- Up-to-date: /home/orin_nano/demo/install/vesc_ackermann/share/ament_index/resource_index/package_run_dependencies/vesc_ackermann
[1.884s] -- Up-to-date: /home/orin_nano/demo/install/vesc_ackermann/share/ament_index/resource_index/parent_prefix_path/vesc_ackermann
[1.884s] -- Up-to-date: /home/orin_nano/demo/install/vesc_ackermann/share/vesc_ackermann/environment/ament_prefix_path.sh
[1.884s] -- Up-to-date: /home/orin_nano/demo/install/vesc_ackermann/share/vesc_ackermann/environment/ament_prefix_path.dsv
[1.884s] -- Up-to-date: /home/orin_nano/demo/install/vesc_ackermann/share/vesc_ackermann/environment/path.sh
[1.885s] -- Up-to-date: /home/orin_nano/demo/install/vesc_ackermann/share/vesc_ackermann/environment/path.dsv
[1.885s] -- Up-to-date: /home/orin_nano/demo/install/vesc_ackermann/share/vesc_ackermann/local_setup.bash
[1.885s] -- Up-to-date: /home/orin_nano/demo/install/vesc_ackermann/share/vesc_ackermann/local_setup.sh
[1.885s] -- Up-to-date: /home/orin_nano/demo/install/vesc_ackermann/share/vesc_ackermann/local_setup.zsh
[1.886s] -- Up-to-date: /home/orin_nano/demo/install/vesc_ackermann/share/vesc_ackermann/local_setup.dsv
[1.886s] -- Installing: /home/orin_nano/demo/install/vesc_ackermann/share/vesc_ackermann/package.dsv
[1.886s] -- Up-to-date: /home/orin_nano/demo/install/vesc_ackermann/share/ament_index/resource_index/packages/vesc_ackermann
[1.886s] -- Up-to-date: /home/orin_nano/demo/install/vesc_ackermann/share/ament_index/resource_index/rclcpp_components/vesc_ackermann
[1.886s] -- Up-to-date: /home/orin_nano/demo/install/vesc_ackermann/share/vesc_ackermann/cmake/ament_cmake_export_dependencies-extras.cmake
[1.887s] -- Up-to-date: /home/orin_nano/demo/install/vesc_ackermann/share/vesc_ackermann/cmake/ament_cmake_export_include_directories-extras.cmake
[1.887s] -- Up-to-date: /home/orin_nano/demo/install/vesc_ackermann/share/vesc_ackermann/cmake/ament_cmake_export_libraries-extras.cmake
[1.887s] -- Up-to-date: /home/orin_nano/demo/install/vesc_ackermann/share/vesc_ackermann/cmake/vesc_ackermannConfig.cmake
[1.887s] -- Up-to-date: /home/orin_nano/demo/install/vesc_ackermann/share/vesc_ackermann/cmake/vesc_ackermannConfig-version.cmake
[1.887s] -- Up-to-date: /home/orin_nano/demo/install/vesc_ackermann/share/vesc_ackermann/package.xml
[1.888s] Invoked command in '/home/orin_nano/demo/build/vesc_ackermann' returned '0': CMAKE_PREFIX_PATH=/home/orin_nano/demo/install/vesc_msgs:/home/orin_nano/demo/install/vesc:/home/orin_nano/demo/install/vesc_driver:/home/orin_nano/demo/install/vesc_ackermann:/home/orin_nano/demo/install/udp_driver:/home/orin_nano/demo/install/serial_driver:/home/orin_nano/demo/install/joy:/home/orin_nano/demo/install/io_context:/home/orin_nano/demo/install/asio_cmake_module:/opt/ros/foxy LD_LIBRARY_PATH=/home/orin_nano/demo/install/vesc_msgs/lib:/home/orin_nano/demo/install/vesc_driver/lib:/home/orin_nano/demo/install/vesc_ackermann/lib:/home/orin_nano/demo/install/udp_driver/lib:/home/orin_nano/demo/install/serial_driver/lib:/home/orin_nano/demo/install/joy/lib:/home/orin_nano/demo/install/io_context/lib:/opt/ros/foxy/opt/yaml_cpp_vendor/lib:/opt/ros/foxy/opt/rviz_ogre_vendor/lib:/opt/ros/foxy/lib/aarch64-linux-gnu:/opt/ros/foxy/lib:/usr/local/cuda-11.4/lib64 /usr/bin/cmake --install /home/orin_nano/demo/build/vesc_ackermann
